0.9999
0.028571428571429
0.028571428571429
0.028571428571429
0.028571428571429
0.028571428571429
0.028571428571429
0.028571428571429
0.028571428571429
0.028571428571429
0.028571428571429
0.028571428571429
0.028571428571429
0.028571428571429
0.028571428571429
0.028571428571429
0.028571428571429
0.028571428571429
0.028571428571429
0.028571428571429
0.028571428571429
0.028571428571429
0.028571428571429
0.028571428571429
0.028571428571429
0.028571428571429
0.028571428571429
0.028571428571429
0.028571428571429
0.028571428571429
0.028571428571429
0.028571428571429
0.028571428571429
0.028571428571429
0.028571428571429
0.028571428571429
