0.9999
0.027777777777778
0.027777777777778
0.027777777777778
0.027777777777778
0.027777777777778
0.027777777777778
0.027777777777778
0.027777777777778
0.027777777777778
0.027777777777778
0.027777777777778
0.027777777777778
0.027777777777778
0.027777777777778
0.027777777777778
0.027777777777778
0.027777777777778
0.027777777777778
0.027777777777778
0.027777777777778
0.027777777777778
0.027777777777778
0.027777777777778
0.027777777777778
0.027777777777778
0.027777777777778
0.027777777777778
0.027777777777778
0.027777777777778
0.027777777777778
0.027777777777778
0.027777777777778
0.027777777777778
0.027777777777778
0.027777777777778
0.027777777777778
