0.9999
0.022222222222222
0.022222222222222
0.022222222222222
0.022222222222222
0.022222222222222
0.022222222222222
0.022222222222222
0.022222222222222
0.022222222222222
0.022222222222222
0.022222222222222
0.022222222222222
0.022222222222222
0.022222222222222
0.022222222222222
0.022222222222222
0.022222222222222
0.022222222222222
0.022222222222222
0.022222222222222
0.022222222222222
0.022222222222222
0.022222222222222
0.022222222222222
0.022222222222222
0.022222222222222
0.022222222222222
0.022222222222222
0.022222222222222
0.022222222222222
0.022222222222222
0.022222222222222
0.022222222222222
0.022222222222222
0.022222222222222
0.022222222222222
0.022222222222222
0.022222222222222
0.022222222222222
0.022222222222222
0.022222222222222
0.022222222222222
0.022222222222222
0.022222222222222
0.022222222222222
