0.9999
0.021739130434783
0.021739130434783
0.021739130434783
0.021739130434783
0.021739130434783
0.021739130434783
0.021739130434783
0.021739130434783
0.021739130434783
0.021739130434783
0.021739130434783
0.021739130434783
0.021739130434783
0.021739130434783
0.021739130434783
0.021739130434783
0.021739130434783
0.021739130434783
0.021739130434783
0.021739130434783
0.021739130434783
0.021739130434783
0.021739130434783
0.021739130434783
0.021739130434783
0.021739130434783
0.021739130434783
0.021739130434783
0.021739130434783
0.021739130434783
0.021739130434783
0.021739130434783
0.021739130434783
0.021739130434783
0.021739130434783
0.021739130434783
0.021739130434783
0.021739130434783
0.021739130434783
0.021739130434783
0.021739130434783
0.021739130434783
0.021739130434783
0.021739130434783
0.021739130434783
0.021739130434783
