0.9999
0.013513513513514
0.013513513513514
0.013513513513514
0.013513513513514
0.013513513513514
0.013513513513514
0.013513513513514
0.013513513513514
0.013513513513514
0.013513513513514
0.013513513513514
0.013513513513514
0.013513513513514
0.013513513513514
0.013513513513514
0.013513513513514
0.013513513513514
0.013513513513514
0.013513513513514
0.013513513513514
0.013513513513514
0.013513513513514
0.013513513513514
0.013513513513514
0.013513513513514
0.013513513513514
0.013513513513514
0.013513513513514
0.013513513513514
0.013513513513514
0.013513513513514
0.013513513513514
0.013513513513514
0.013513513513514
0.013513513513514
0.013513513513514
0.013513513513514
0.013513513513514
0.013513513513514
0.013513513513514
0.013513513513514
0.013513513513514
0.013513513513514
0.013513513513514
0.013513513513514
0.013513513513514
0.013513513513514
0.013513513513514
0.013513513513514
0.013513513513514
0.013513513513514
0.013513513513514
0.013513513513514
0.013513513513514
0.013513513513514
0.013513513513514
0.013513513513514
0.013513513513514
0.013513513513514
0.013513513513514
0.013513513513514
0.013513513513514
0.013513513513514
0.013513513513514
0.013513513513514
0.013513513513514
0.013513513513514
0.013513513513514
0.013513513513514
0.013513513513514
0.013513513513514
0.013513513513514
0.013513513513514
0.013513513513514
