0.9999
0.012987012987013
0.012987012987013
0.012987012987013
0.012987012987013
0.012987012987013
0.012987012987013
0.012987012987013
0.012987012987013
0.012987012987013
0.012987012987013
0.012987012987013
0.012987012987013
0.012987012987013
0.012987012987013
0.012987012987013
0.012987012987013
0.012987012987013
0.012987012987013
0.012987012987013
0.012987012987013
0.012987012987013
0.012987012987013
0.012987012987013
0.012987012987013
0.012987012987013
0.012987012987013
0.012987012987013
0.012987012987013
0.012987012987013
0.012987012987013
0.012987012987013
0.012987012987013
0.012987012987013
0.012987012987013
0.012987012987013
0.012987012987013
0.012987012987013
0.012987012987013
0.012987012987013
0.012987012987013
0.012987012987013
0.012987012987013
0.012987012987013
0.012987012987013
0.012987012987013
0.012987012987013
0.012987012987013
0.012987012987013
0.012987012987013
0.012987012987013
0.012987012987013
0.012987012987013
0.012987012987013
0.012987012987013
0.012987012987013
0.012987012987013
0.012987012987013
0.012987012987013
0.012987012987013
0.012987012987013
0.012987012987013
0.012987012987013
0.012987012987013
0.012987012987013
0.012987012987013
0.012987012987013
0.012987012987013
0.012987012987013
0.012987012987013
0.012987012987013
0.012987012987013
0.012987012987013
0.012987012987013
0.012987012987013
0.012987012987013
0.012987012987013
0.012987012987013
