0.9999
0.012500000000000
0.012500000000000
0.012500000000000
0.012500000000000
0.012500000000000
0.012500000000000
0.012500000000000
0.012500000000000
0.012500000000000
0.012500000000000
0.012500000000000
0.012500000000000
0.012500000000000
0.012500000000000
0.012500000000000
0.012500000000000
0.012500000000000
0.012500000000000
0.012500000000000
0.012500000000000
0.012500000000000
0.012500000000000
0.012500000000000
0.012500000000000
0.012500000000000
0.012500000000000
0.012500000000000
0.012500000000000
0.012500000000000
0.012500000000000
0.012500000000000
0.012500000000000
0.012500000000000
0.012500000000000
0.012500000000000
0.012500000000000
0.012500000000000
0.012500000000000
0.012500000000000
0.012500000000000
0.012500000000000
0.012500000000000
0.012500000000000
0.012500000000000
0.012500000000000
0.012500000000000
0.012500000000000
0.012500000000000
0.012500000000000
0.012500000000000
0.012500000000000
0.012500000000000
0.012500000000000
0.012500000000000
0.012500000000000
0.012500000000000
0.012500000000000
0.012500000000000
0.012500000000000
0.012500000000000
0.012500000000000
0.012500000000000
0.012500000000000
0.012500000000000
0.012500000000000
0.012500000000000
0.012500000000000
0.012500000000000
0.012500000000000
0.012500000000000
0.012500000000000
0.012500000000000
0.012500000000000
0.012500000000000
0.012500000000000
0.012500000000000
0.012500000000000
0.012500000000000
0.012500000000000
0.012500000000000
