0.9999
0.012048192771084
0.012048192771084
0.012048192771084
0.012048192771084
0.012048192771084
0.012048192771084
0.012048192771084
0.012048192771084
0.012048192771084
0.012048192771084
0.012048192771084
0.012048192771084
0.012048192771084
0.012048192771084
0.012048192771084
0.012048192771084
0.012048192771084
0.012048192771084
0.012048192771084
0.012048192771084
0.012048192771084
0.012048192771084
0.012048192771084
0.012048192771084
0.012048192771084
0.012048192771084
0.012048192771084
0.012048192771084
0.012048192771084
0.012048192771084
0.012048192771084
0.012048192771084
0.012048192771084
0.012048192771084
0.012048192771084
0.012048192771084
0.012048192771084
0.012048192771084
0.012048192771084
0.012048192771084
0.012048192771084
0.012048192771084
0.012048192771084
0.012048192771084
0.012048192771084
0.012048192771084
0.012048192771084
0.012048192771084
0.012048192771084
0.012048192771084
0.012048192771084
0.012048192771084
0.012048192771084
0.012048192771084
0.012048192771084
0.012048192771084
0.012048192771084
0.012048192771084
0.012048192771084
0.012048192771084
0.012048192771084
0.012048192771084
0.012048192771084
0.012048192771084
0.012048192771084
0.012048192771084
0.012048192771084
0.012048192771084
0.012048192771084
0.012048192771084
0.012048192771084
0.012048192771084
0.012048192771084
0.012048192771084
0.012048192771084
0.012048192771084
0.012048192771084
0.012048192771084
0.012048192771084
0.012048192771084
0.012048192771084
0.012048192771084
0.012048192771084
