0.9999
0.011627906976744
0.011627906976744
0.011627906976744
0.011627906976744
0.011627906976744
0.011627906976744
0.011627906976744
0.011627906976744
0.011627906976744
0.011627906976744
0.011627906976744
0.011627906976744
0.011627906976744
0.011627906976744
0.011627906976744
0.011627906976744
0.011627906976744
0.011627906976744
0.011627906976744
0.011627906976744
0.011627906976744
0.011627906976744
0.011627906976744
0.011627906976744
0.011627906976744
0.011627906976744
0.011627906976744
0.011627906976744
0.011627906976744
0.011627906976744
0.011627906976744
0.011627906976744
0.011627906976744
0.011627906976744
0.011627906976744
0.011627906976744
0.011627906976744
0.011627906976744
0.011627906976744
0.011627906976744
0.011627906976744
0.011627906976744
0.011627906976744
0.011627906976744
0.011627906976744
0.011627906976744
0.011627906976744
0.011627906976744
0.011627906976744
0.011627906976744
0.011627906976744
0.011627906976744
0.011627906976744
0.011627906976744
0.011627906976744
0.011627906976744
0.011627906976744
0.011627906976744
0.011627906976744
0.011627906976744
0.011627906976744
0.011627906976744
0.011627906976744
0.011627906976744
0.011627906976744
0.011627906976744
0.011627906976744
0.011627906976744
0.011627906976744
0.011627906976744
0.011627906976744
0.011627906976744
0.011627906976744
0.011627906976744
0.011627906976744
0.011627906976744
0.011627906976744
0.011627906976744
0.011627906976744
0.011627906976744
0.011627906976744
0.011627906976744
0.011627906976744
0.011627906976744
0.011627906976744
0.011627906976744
