0.9999
0.011111111111111
0.011111111111111
0.011111111111111
0.011111111111111
0.011111111111111
0.011111111111111
0.011111111111111
0.011111111111111
0.011111111111111
0.011111111111111
0.011111111111111
0.011111111111111
0.011111111111111
0.011111111111111
0.011111111111111
0.011111111111111
0.011111111111111
0.011111111111111
0.011111111111111
0.011111111111111
0.011111111111111
0.011111111111111
0.011111111111111
0.011111111111111
0.011111111111111
0.011111111111111
0.011111111111111
0.011111111111111
0.011111111111111
0.011111111111111
0.011111111111111
0.011111111111111
0.011111111111111
0.011111111111111
0.011111111111111
0.011111111111111
0.011111111111111
0.011111111111111
0.011111111111111
0.011111111111111
0.011111111111111
0.011111111111111
0.011111111111111
0.011111111111111
0.011111111111111
0.011111111111111
0.011111111111111
0.011111111111111
0.011111111111111
0.011111111111111
0.011111111111111
0.011111111111111
0.011111111111111
0.011111111111111
0.011111111111111
0.011111111111111
0.011111111111111
0.011111111111111
0.011111111111111
0.011111111111111
0.011111111111111
0.011111111111111
0.011111111111111
0.011111111111111
0.011111111111111
0.011111111111111
0.011111111111111
0.011111111111111
0.011111111111111
0.011111111111111
0.011111111111111
0.011111111111111
0.011111111111111
0.011111111111111
0.011111111111111
0.011111111111111
0.011111111111111
0.011111111111111
0.011111111111111
0.011111111111111
0.011111111111111
0.011111111111111
0.011111111111111
0.011111111111111
0.011111111111111
0.011111111111111
0.011111111111111
0.011111111111111
0.011111111111111
0.011111111111111
