0.9999
0.010869565217391
0.010869565217391
0.010869565217391
0.010869565217391
0.010869565217391
0.010869565217391
0.010869565217391
0.010869565217391
0.010869565217391
0.010869565217391
0.010869565217391
0.010869565217391
0.010869565217391
0.010869565217391
0.010869565217391
0.010869565217391
0.010869565217391
0.010869565217391
0.010869565217391
0.010869565217391
0.010869565217391
0.010869565217391
0.010869565217391
0.010869565217391
0.010869565217391
0.010869565217391
0.010869565217391
0.010869565217391
0.010869565217391
0.010869565217391
0.010869565217391
0.010869565217391
0.010869565217391
0.010869565217391
0.010869565217391
0.010869565217391
0.010869565217391
0.010869565217391
0.010869565217391
0.010869565217391
0.010869565217391
0.010869565217391
0.010869565217391
0.010869565217391
0.010869565217391
0.010869565217391
0.010869565217391
0.010869565217391
0.010869565217391
0.010869565217391
0.010869565217391
0.010869565217391
0.010869565217391
0.010869565217391
0.010869565217391
0.010869565217391
0.010869565217391
0.010869565217391
0.010869565217391
0.010869565217391
0.010869565217391
0.010869565217391
0.010869565217391
0.010869565217391
0.010869565217391
0.010869565217391
0.010869565217391
0.010869565217391
0.010869565217391
0.010869565217391
0.010869565217391
0.010869565217391
0.010869565217391
0.010869565217391
0.010869565217391
0.010869565217391
0.010869565217391
0.010869565217391
0.010869565217391
0.010869565217391
0.010869565217391
0.010869565217391
0.010869565217391
0.010869565217391
0.010869565217391
0.010869565217391
0.010869565217391
0.010869565217391
0.010869565217391
0.010869565217391
0.010869565217391
0.010869565217391
