0.9999
0.010638297872340
0.010638297872340
0.010638297872340
0.010638297872340
0.010638297872340
0.010638297872340
0.010638297872340
0.010638297872340
0.010638297872340
0.010638297872340
0.010638297872340
0.010638297872340
0.010638297872340
0.010638297872340
0.010638297872340
0.010638297872340
0.010638297872340
0.010638297872340
0.010638297872340
0.010638297872340
0.010638297872340
0.010638297872340
0.010638297872340
0.010638297872340
0.010638297872340
0.010638297872340
0.010638297872340
0.010638297872340
0.010638297872340
0.010638297872340
0.010638297872340
0.010638297872340
0.010638297872340
0.010638297872340
0.010638297872340
0.010638297872340
0.010638297872340
0.010638297872340
0.010638297872340
0.010638297872340
0.010638297872340
0.010638297872340
0.010638297872340
0.010638297872340
0.010638297872340
0.010638297872340
0.010638297872340
0.010638297872340
0.010638297872340
0.010638297872340
0.010638297872340
0.010638297872340
0.010638297872340
0.010638297872340
0.010638297872340
0.010638297872340
0.010638297872340
0.010638297872340
0.010638297872340
0.010638297872340
0.010638297872340
0.010638297872340
0.010638297872340
0.010638297872340
0.010638297872340
0.010638297872340
0.010638297872340
0.010638297872340
0.010638297872340
0.010638297872340
0.010638297872340
0.010638297872340
0.010638297872340
0.010638297872340
0.010638297872340
0.010638297872340
0.010638297872340
0.010638297872340
0.010638297872340
0.010638297872340
0.010638297872340
0.010638297872340
0.010638297872340
0.010638297872340
0.010638297872340
0.010638297872340
0.010638297872340
0.010638297872340
0.010638297872340
0.010638297872340
0.010638297872340
0.010638297872340
0.010638297872340
0.010638297872340
