0.9999
0.010526315789474
0.010526315789474
0.010526315789474
0.010526315789474
0.010526315789474
0.010526315789474
0.010526315789474
0.010526315789474
0.010526315789474
0.010526315789474
0.010526315789474
0.010526315789474
0.010526315789474
0.010526315789474
0.010526315789474
0.010526315789474
0.010526315789474
0.010526315789474
0.010526315789474
0.010526315789474
0.010526315789474
0.010526315789474
0.010526315789474
0.010526315789474
0.010526315789474
0.010526315789474
0.010526315789474
0.010526315789474
0.010526315789474
0.010526315789474
0.010526315789474
0.010526315789474
0.010526315789474
0.010526315789474
0.010526315789474
0.010526315789474
0.010526315789474
0.010526315789474
0.010526315789474
0.010526315789474
0.010526315789474
0.010526315789474
0.010526315789474
0.010526315789474
0.010526315789474
0.010526315789474
0.010526315789474
0.010526315789474
0.010526315789474
0.010526315789474
0.010526315789474
0.010526315789474
0.010526315789474
0.010526315789474
0.010526315789474
0.010526315789474
0.010526315789474
0.010526315789474
0.010526315789474
0.010526315789474
0.010526315789474
0.010526315789474
0.010526315789474
0.010526315789474
0.010526315789474
0.010526315789474
0.010526315789474
0.010526315789474
0.010526315789474
0.010526315789474
0.010526315789474
0.010526315789474
0.010526315789474
0.010526315789474
0.010526315789474
0.010526315789474
0.010526315789474
0.010526315789474
0.010526315789474
0.010526315789474
0.010526315789474
0.010526315789474
0.010526315789474
0.010526315789474
0.010526315789474
0.010526315789474
0.010526315789474
0.010526315789474
0.010526315789474
0.010526315789474
0.010526315789474
0.010526315789474
0.010526315789474
0.010526315789474
0.010526315789474
