0.9999
0.010309278350515
0.010309278350515
0.010309278350515
0.010309278350515
0.010309278350515
0.010309278350515
0.010309278350515
0.010309278350515
0.010309278350515
0.010309278350515
0.010309278350515
0.010309278350515
0.010309278350515
0.010309278350515
0.010309278350515
0.010309278350515
0.010309278350515
0.010309278350515
0.010309278350515
0.010309278350515
0.010309278350515
0.010309278350515
0.010309278350515
0.010309278350515
0.010309278350515
0.010309278350515
0.010309278350515
0.010309278350515
0.010309278350515
0.010309278350515
0.010309278350515
0.010309278350515
0.010309278350515
0.010309278350515
0.010309278350515
0.010309278350515
0.010309278350515
0.010309278350515
0.010309278350515
0.010309278350515
0.010309278350515
0.010309278350515
0.010309278350515
0.010309278350515
0.010309278350515
0.010309278350515
0.010309278350515
0.010309278350515
0.010309278350515
0.010309278350515
0.010309278350515
0.010309278350515
0.010309278350515
0.010309278350515
0.010309278350515
0.010309278350515
0.010309278350515
0.010309278350515
0.010309278350515
0.010309278350515
0.010309278350515
0.010309278350515
0.010309278350515
0.010309278350515
0.010309278350515
0.010309278350515
0.010309278350515
0.010309278350515
0.010309278350515
0.010309278350515
0.010309278350515
0.010309278350515
0.010309278350515
0.010309278350515
0.010309278350515
0.010309278350515
0.010309278350515
0.010309278350515
0.010309278350515
0.010309278350515
0.010309278350515
0.010309278350515
0.010309278350515
0.010309278350515
0.010309278350515
0.010309278350515
0.010309278350515
0.010309278350515
0.010309278350515
0.010309278350515
0.010309278350515
0.010309278350515
0.010309278350515
0.010309278350515
0.010309278350515
0.010309278350515
0.010309278350515
