1
0.137524557956778
0.076620825147348
0.007858546168959
0.007858546168959
0.007858546168959
0.007858546168959
0.007858546168959
0.007858546168959
0.007858546168959
0.007858546168959
0.007858546168959
0.007858546168959
0.007858546168959
0.007858546168959
0.007858546168959
0.007858546168959
0.007858546168959
0.007858546168959
0.007858546168959
0.007858546168959
0.007858546168959
0.007858546168959
0.007858546168959
0.007858546168959
0.007858546168959
0.007858546168959
0.007858546168959
0.007858546168959
0.007858546168959
0.007858546168959
0.007858546168959
0.007858546168959
0.007858546168959
0.007858546168959
0.007858546168959
0.007858546168959
0.007858546168959
0.007858546168959
0.007858546168959
0.007858546168959
0.007858546168959
0.007858546168959
0.007858546168959
0.007858546168959
0.007858546168959
0.007858546168959
0.007858546168959
0.007858546168959
0.007858546168959
0.007858546168959
0.007858546168959
0.007858546168959
0.007858546168959
0.007858546168959
0.007858546168959
0.007858546168959
0.007858546168959
0.007858546168959
0.007858546168959
0.007858546168959
0.007858546168959
0.007858546168959
0.007858546168959
0.007858546168959
0.007858546168959
0.007858546168959
0.007858546168959
0.007858546168959
0.007858546168959
0.007858546168959
0.007858546168959
0.007858546168959
0.007858546168959
0.007858546168959
0.007858546168959
0.007858546168959
0.007858546168959
0.007858546168959
0.007858546168959
0.007858546168959
0.007858546168959
0.007858546168959
0.007858546168959
0.007858546168959
0.007858546168959
0.007858546168959
0.007858546168959
0.007858546168959
0.007858546168959
0.007858546168959
0.007858546168959
0.007858546168959
0.007858546168959
0.007858546168959
0.007858546168959
0.007858546168959
0.007858546168959
0.007858546168959
0.007858546168959
0.007858546168959
0.007858546168959
0.007858546168959
