1
0.177858439201452
0.096188747731397
0.007259528130672
0.007259528130672
0.007259528130672
0.007259528130672
0.007259528130672
0.007259528130672
0.007259528130672
0.007259528130672
0.007259528130672
0.007259528130672
0.007259528130672
0.007259528130672
0.007259528130672
0.007259528130672
0.007259528130672
0.007259528130672
0.007259528130672
0.007259528130672
0.007259528130672
0.007259528130672
0.007259528130672
0.007259528130672
0.007259528130672
0.007259528130672
0.007259528130672
0.007259528130672
0.007259528130672
0.007259528130672
0.007259528130672
0.007259528130672
0.007259528130672
0.007259528130672
0.007259528130672
0.007259528130672
0.007259528130672
0.007259528130672
0.007259528130672
0.007259528130672
0.007259528130672
0.007259528130672
0.007259528130672
0.007259528130672
0.007259528130672
0.007259528130672
0.007259528130672
0.007259528130672
0.007259528130672
0.007259528130672
0.007259528130672
0.007259528130672
0.007259528130672
0.007259528130672
0.007259528130672
0.007259528130672
0.007259528130672
0.007259528130672
0.007259528130672
0.007259528130672
0.007259528130672
0.007259528130672
0.007259528130672
0.007259528130672
0.007259528130672
0.007259528130672
0.007259528130672
0.007259528130672
0.007259528130672
0.007259528130672
0.007259528130672
0.007259528130672
0.007259528130672
0.007259528130672
0.007259528130672
0.007259528130672
0.007259528130672
0.007259528130672
0.007259528130672
0.007259528130672
0.007259528130672
0.007259528130672
0.007259528130672
0.007259528130672
0.007259528130672
0.007259528130672
0.007259528130672
0.007259528130672
0.007259528130672
0.007259528130672
0.007259528130672
0.007259528130672
0.007259528130672
0.007259528130672
0.007259528130672
0.007259528130672
0.007259528130672
0.007259528130672
0.007259528130672
0.007259528130672
0.007259528130672
0.007259528130672
