1
0.195804195804196
0.104895104895105
0.006993006993007
0.006993006993007
0.006993006993007
0.006993006993007
0.006993006993007
0.006993006993007
0.006993006993007
0.006993006993007
0.006993006993007
0.006993006993007
0.006993006993007
0.006993006993007
0.006993006993007
0.006993006993007
0.006993006993007
0.006993006993007
0.006993006993007
0.006993006993007
0.006993006993007
0.006993006993007
0.006993006993007
0.006993006993007
0.006993006993007
0.006993006993007
0.006993006993007
0.006993006993007
0.006993006993007
0.006993006993007
0.006993006993007
0.006993006993007
0.006993006993007
0.006993006993007
0.006993006993007
0.006993006993007
0.006993006993007
0.006993006993007
0.006993006993007
0.006993006993007
0.006993006993007
0.006993006993007
0.006993006993007
0.006993006993007
0.006993006993007
0.006993006993007
0.006993006993007
0.006993006993007
0.006993006993007
0.006993006993007
0.006993006993007
0.006993006993007
0.006993006993007
0.006993006993007
0.006993006993007
0.006993006993007
0.006993006993007
0.006993006993007
0.006993006993007
0.006993006993007
0.006993006993007
0.006993006993007
0.006993006993007
0.006993006993007
0.006993006993007
0.006993006993007
0.006993006993007
0.006993006993007
0.006993006993007
0.006993006993007
0.006993006993007
0.006993006993007
0.006993006993007
0.006993006993007
0.006993006993007
0.006993006993007
0.006993006993007
0.006993006993007
0.006993006993007
0.006993006993007
0.006993006993007
0.006993006993007
0.006993006993007
0.006993006993007
0.006993006993007
0.006993006993007
0.006993006993007
0.006993006993007
0.006993006993007
0.006993006993007
0.006993006993007
0.006993006993007
0.006993006993007
0.006993006993007
0.006993006993007
0.006993006993007
0.006993006993007
0.006993006993007
0.006993006993007
0.006993006993007
0.006993006993007
0.006993006993007
