1
0.074725274725275
0.046153846153846
0.008791208791209
0.008791208791209
0.008791208791209
0.008791208791209
0.008791208791209
0.008791208791209
0.008791208791209
0.008791208791209
0.008791208791209
0.008791208791209
0.008791208791209
0.008791208791209
0.008791208791209
0.008791208791209
0.008791208791209
0.008791208791209
0.008791208791209
0.008791208791209
0.008791208791209
0.008791208791209
0.008791208791209
0.008791208791209
0.008791208791209
0.008791208791209
0.008791208791209
0.008791208791209
0.008791208791209
0.008791208791209
0.008791208791209
0.008791208791209
0.008791208791209
0.008791208791209
0.008791208791209
0.008791208791209
0.008791208791209
0.008791208791209
0.008791208791209
0.008791208791209
0.008791208791209
0.008791208791209
0.008791208791209
0.008791208791209
0.008791208791209
0.008791208791209
0.008791208791209
0.008791208791209
0.008791208791209
0.008791208791209
0.008791208791209
0.008791208791209
0.008791208791209
0.008791208791209
0.008791208791209
0.008791208791209
0.008791208791209
0.008791208791209
0.008791208791209
0.008791208791209
0.008791208791209
0.008791208791209
0.008791208791209
0.008791208791209
0.008791208791209
0.008791208791209
0.008791208791209
0.008791208791209
0.008791208791209
0.008791208791209
0.008791208791209
0.008791208791209
0.008791208791209
0.008791208791209
0.008791208791209
0.008791208791209
0.008791208791209
0.008791208791209
0.008791208791209
0.008791208791209
0.008791208791209
0.008791208791209
0.008791208791209
0.008791208791209
0.008791208791209
0.008791208791209
0.008791208791209
0.008791208791209
0.008791208791209
0.008791208791209
0.008791208791209
0.008791208791209
0.008791208791209
0.008791208791209
0.008791208791209
0.008791208791209
0.008791208791209
0.008791208791209
0.008791208791209
0.008791208791209
0.008791208791209
0.008791208791209
