1
0.279136690647482
0.145323741007194
0.005755395683453
0.005755395683453
0.005755395683453
0.005755395683453
0.005755395683453
0.005755395683453
0.005755395683453
0.005755395683453
0.005755395683453
0.005755395683453
0.005755395683453
0.005755395683453
0.005755395683453
0.005755395683453
0.005755395683453
0.005755395683453
0.005755395683453
0.005755395683453
0.005755395683453
0.005755395683453
0.005755395683453
0.005755395683453
0.005755395683453
0.005755395683453
0.005755395683453
0.005755395683453
0.005755395683453
0.005755395683453
0.005755395683453
0.005755395683453
0.005755395683453
0.005755395683453
0.005755395683453
0.005755395683453
0.005755395683453
0.005755395683453
0.005755395683453
0.005755395683453
0.005755395683453
0.005755395683453
0.005755395683453
0.005755395683453
0.005755395683453
0.005755395683453
0.005755395683453
0.005755395683453
0.005755395683453
0.005755395683453
0.005755395683453
0.005755395683453
0.005755395683453
0.005755395683453
0.005755395683453
0.005755395683453
0.005755395683453
0.005755395683453
0.005755395683453
0.005755395683453
0.005755395683453
0.005755395683453
0.005755395683453
0.005755395683453
0.005755395683453
0.005755395683453
0.005755395683453
0.005755395683453
0.005755395683453
0.005755395683453
0.005755395683453
0.005755395683453
0.005755395683453
0.005755395683453
0.005755395683453
0.005755395683453
0.005755395683453
0.005755395683453
0.005755395683453
0.005755395683453
0.005755395683453
0.005755395683453
0.005755395683453
0.005755395683453
0.005755395683453
0.005755395683453
0.005755395683453
0.005755395683453
0.005755395683453
0.005755395683453
0.005755395683453
0.005755395683453
0.005755395683453
0.005755395683453
0.005755395683453
0.005755395683453
0.005755395683453
0.005755395683453
0.005755395683453
0.005755395683453
0.005755395683453
0.005755395683453
