1
0.070796460176991
0.044247787610619
0.008849557522124
0.008849557522124
0.008849557522124
0.008849557522124
0.008849557522124
0.008849557522124
0.008849557522124
0.008849557522124
0.008849557522124
0.008849557522124
0.008849557522124
0.008849557522124
0.008849557522124
0.008849557522124
0.008849557522124
0.008849557522124
0.008849557522124
0.008849557522124
0.008849557522124
0.008849557522124
0.008849557522124
0.008849557522124
0.008849557522124
0.008849557522124
0.008849557522124
0.008849557522124
0.008849557522124
0.008849557522124
0.008849557522124
0.008849557522124
0.008849557522124
0.008849557522124
0.008849557522124
0.008849557522124
0.008849557522124
0.008849557522124
0.008849557522124
0.008849557522124
0.008849557522124
0.008849557522124
0.008849557522124
0.008849557522124
0.008849557522124
0.008849557522124
0.008849557522124
0.008849557522124
0.008849557522124
0.008849557522124
0.008849557522124
0.008849557522124
0.008849557522124
0.008849557522124
0.008849557522124
0.008849557522124
0.008849557522124
0.008849557522124
0.008849557522124
0.008849557522124
0.008849557522124
0.008849557522124
0.008849557522124
0.008849557522124
0.008849557522124
0.008849557522124
0.008849557522124
0.008849557522124
0.008849557522124
0.008849557522124
0.008849557522124
0.008849557522124
0.008849557522124
0.008849557522124
0.008849557522124
0.008849557522124
0.008849557522124
0.008849557522124
0.008849557522124
0.008849557522124
0.008849557522124
0.008849557522124
0.008849557522124
0.008849557522124
0.008849557522124
0.008849557522124
0.008849557522124
0.008849557522124
0.008849557522124
0.008849557522124
0.008849557522124
0.008849557522124
0.008849557522124
0.008849557522124
0.008849557522124
0.008849557522124
0.008849557522124
0.008849557522124
0.008849557522124
0.008849557522124
0.008849557522124
0.008849557522124
