1
0.086206896551724
0.051724137931034
0.008620689655172
0.008620689655172
0.008620689655172
0.008620689655172
0.008620689655172
0.008620689655172
0.008620689655172
0.008620689655172
0.008620689655172
0.008620689655172
0.008620689655172
0.008620689655172
0.008620689655172
0.008620689655172
0.008620689655172
0.008620689655172
0.008620689655172
0.008620689655172
0.008620689655172
0.008620689655172
0.008620689655172
0.008620689655172
0.008620689655172
0.008620689655172
0.008620689655172
0.008620689655172
0.008620689655172
0.008620689655172
0.008620689655172
0.008620689655172
0.008620689655172
0.008620689655172
0.008620689655172
0.008620689655172
0.008620689655172
0.008620689655172
0.008620689655172
0.008620689655172
0.008620689655172
0.008620689655172
0.008620689655172
0.008620689655172
0.008620689655172
0.008620689655172
0.008620689655172
0.008620689655172
0.008620689655172
0.008620689655172
0.008620689655172
0.008620689655172
0.008620689655172
0.008620689655172
0.008620689655172
0.008620689655172
0.008620689655172
0.008620689655172
0.008620689655172
0.008620689655172
0.008620689655172
0.008620689655172
0.008620689655172
0.008620689655172
0.008620689655172
0.008620689655172
0.008620689655172
0.008620689655172
0.008620689655172
0.008620689655172
0.008620689655172
0.008620689655172
0.008620689655172
0.008620689655172
0.008620689655172
0.008620689655172
0.008620689655172
0.008620689655172
0.008620689655172
0.008620689655172
0.008620689655172
0.008620689655172
0.008620689655172
0.008620689655172
0.008620689655172
0.008620689655172
0.008620689655172
0.008620689655172
0.008620689655172
0.008620689655172
0.008620689655172
0.008620689655172
0.008620689655172
0.008620689655172
0.008620689655172
0.008620689655172
0.008620689655172
0.008620689655172
0.008620689655172
0.008620689655172
0.008620689655172
0.008620689655172
