1
0.118126272912424
0.067209775967413
0.008146639511202
0.008146639511202
0.008146639511202
0.008146639511202
0.008146639511202
0.008146639511202
0.008146639511202
0.008146639511202
0.008146639511202
0.008146639511202
0.008146639511202
0.008146639511202
0.008146639511202
0.008146639511202
0.008146639511202
0.008146639511202
0.008146639511202
0.008146639511202
0.008146639511202
0.008146639511202
0.008146639511202
0.008146639511202
0.008146639511202
0.008146639511202
0.008146639511202
0.008146639511202
0.008146639511202
0.008146639511202
0.008146639511202
0.008146639511202
0.008146639511202
0.008146639511202
0.008146639511202
0.008146639511202
0.008146639511202
0.008146639511202
0.008146639511202
0.008146639511202
0.008146639511202
0.008146639511202
0.008146639511202
0.008146639511202
0.008146639511202
0.008146639511202
0.008146639511202
0.008146639511202
0.008146639511202
0.008146639511202
0.008146639511202
0.008146639511202
0.008146639511202
0.008146639511202
0.008146639511202
0.008146639511202
0.008146639511202
0.008146639511202
0.008146639511202
0.008146639511202
0.008146639511202
0.008146639511202
0.008146639511202
0.008146639511202
0.008146639511202
0.008146639511202
0.008146639511202
0.008146639511202
0.008146639511202
0.008146639511202
0.008146639511202
0.008146639511202
0.008146639511202
0.008146639511202
0.008146639511202
0.008146639511202
0.008146639511202
0.008146639511202
0.008146639511202
0.008146639511202
0.008146639511202
0.008146639511202
0.008146639511202
0.008146639511202
0.008146639511202
0.008146639511202
0.008146639511202
0.008146639511202
0.008146639511202
0.008146639511202
0.008146639511202
0.008146639511202
0.008146639511202
0.008146639511202
0.008146639511202
0.008146639511202
0.008146639511202
0.008146639511202
0.008146639511202
0.008146639511202
0.008146639511202
0.008146639511202
