1
0.256097560975610
0.134146341463415
0.006097560975610
0.006097560975610
0.006097560975610
0.006097560975610
0.006097560975610
0.006097560975610
0.006097560975610
0.006097560975610
0.006097560975610
0.006097560975610
0.006097560975610
0.006097560975610
0.006097560975610
0.006097560975610
0.006097560975610
0.006097560975610
0.006097560975610
0.006097560975610
0.006097560975610
0.006097560975610
0.006097560975610
0.006097560975610
0.006097560975610
0.006097560975610
0.006097560975610
0.006097560975610
0.006097560975610
0.006097560975610
0.006097560975610
0.006097560975610
0.006097560975610
0.006097560975610
0.006097560975610
0.006097560975610
0.006097560975610
0.006097560975610
0.006097560975610
0.006097560975610
0.006097560975610
0.006097560975610
0.006097560975610
0.006097560975610
0.006097560975610
0.006097560975610
0.006097560975610
0.006097560975610
0.006097560975610
0.006097560975610
0.006097560975610
0.006097560975610
0.006097560975610
0.006097560975610
0.006097560975610
0.006097560975610
0.006097560975610
0.006097560975610
0.006097560975610
0.006097560975610
0.006097560975610
0.006097560975610
0.006097560975610
0.006097560975610
0.006097560975610
0.006097560975610
0.006097560975610
0.006097560975610
0.006097560975610
0.006097560975610
0.006097560975610
0.006097560975610
0.006097560975610
0.006097560975610
0.006097560975610
0.006097560975610
0.006097560975610
0.006097560975610
0.006097560975610
0.006097560975610
0.006097560975610
0.006097560975610
0.006097560975610
0.006097560975610
0.006097560975610
0.006097560975610
0.006097560975610
0.006097560975610
0.006097560975610
0.006097560975610
0.006097560975610
0.006097560975610
0.006097560975610
0.006097560975610
0.006097560975610
0.006097560975610
0.006097560975610
0.006097560975610
0.006097560975610
0.006097560975610
0.006097560975610
0.006097560975610
