1
0.054545454545455
0.036363636363636
0.009090909090909
0.009090909090909
0.009090909090909
0.009090909090909
0.009090909090909
0.009090909090909
0.009090909090909
0.009090909090909
0.009090909090909
0.009090909090909
0.009090909090909
0.009090909090909
0.009090909090909
0.009090909090909
0.009090909090909
0.009090909090909
0.009090909090909
0.009090909090909
0.009090909090909
0.009090909090909
0.009090909090909
0.009090909090909
0.009090909090909
0.009090909090909
0.009090909090909
0.009090909090909
0.009090909090909
0.009090909090909
0.009090909090909
0.009090909090909
0.009090909090909
0.009090909090909
0.009090909090909
0.009090909090909
0.009090909090909
0.009090909090909
0.009090909090909
0.009090909090909
0.009090909090909
0.009090909090909
0.009090909090909
0.009090909090909
0.009090909090909
0.009090909090909
0.009090909090909
0.009090909090909
0.009090909090909
0.009090909090909
0.009090909090909
0.009090909090909
0.009090909090909
0.009090909090909
0.009090909090909
0.009090909090909
0.009090909090909
0.009090909090909
0.009090909090909
0.009090909090909
0.009090909090909
0.009090909090909
0.009090909090909
0.009090909090909
0.009090909090909
0.009090909090909
0.009090909090909
0.009090909090909
0.009090909090909
0.009090909090909
0.009090909090909
0.009090909090909
0.009090909090909
0.009090909090909
0.009090909090909
0.009090909090909
0.009090909090909
0.009090909090909
0.009090909090909
0.009090909090909
0.009090909090909
0.009090909090909
0.009090909090909
0.009090909090909
0.009090909090909
0.009090909090909
0.009090909090909
0.009090909090909
0.009090909090909
0.009090909090909
0.009090909090909
0.009090909090909
0.009090909090909
0.009090909090909
0.009090909090909
0.009090909090909
0.009090909090909
0.009090909090909
0.009090909090909
0.009090909090909
0.009090909090909
0.009090909090909
