1
0.134387351778656
0.075098814229249
0.007905138339921
0.007905138339921
0.007905138339921
0.007905138339921
0.007905138339921
0.007905138339921
0.007905138339921
0.007905138339921
0.007905138339921
0.007905138339921
0.007905138339921
0.007905138339921
0.007905138339921
0.007905138339921
0.007905138339921
0.007905138339921
0.007905138339921
0.007905138339921
0.007905138339921
0.007905138339921
0.007905138339921
0.007905138339921
0.007905138339921
0.007905138339921
0.007905138339921
0.007905138339921
0.007905138339921
0.007905138339921
0.007905138339921
0.007905138339921
0.007905138339921
0.007905138339921
0.007905138339921
0.007905138339921
0.007905138339921
0.007905138339921
0.007905138339921
0.007905138339921
0.007905138339921
0.007905138339921
0.007905138339921
0.007905138339921
0.007905138339921
0.007905138339921
0.007905138339921
0.007905138339921
0.007905138339921
0.007905138339921
0.007905138339921
0.007905138339921
0.007905138339921
0.007905138339921
0.007905138339921
0.007905138339921
0.007905138339921
0.007905138339921
0.007905138339921
0.007905138339921
0.007905138339921
0.007905138339921
0.007905138339921
0.007905138339921
0.007905138339921
0.007905138339921
0.007905138339921
0.007905138339921
0.007905138339921
0.007905138339921
0.007905138339921
0.007905138339921
0.007905138339921
0.007905138339921
0.007905138339921
0.007905138339921
0.007905138339921
0.007905138339921
0.007905138339921
0.007905138339921
0.007905138339921
0.007905138339921
0.007905138339921
0.007905138339921
0.007905138339921
0.007905138339921
0.007905138339921
0.007905138339921
0.007905138339921
0.007905138339921
0.007905138339921
0.007905138339921
0.007905138339921
0.007905138339921
0.007905138339921
0.007905138339921
0.007905138339921
0.007905138339921
0.007905138339921
0.007905138339921
0.007905138339921
0.007905138339921
