1
0.259818731117825
0.135951661631420
0.006042296072508
0.006042296072508
0.006042296072508
0.006042296072508
0.006042296072508
0.006042296072508
0.006042296072508
0.006042296072508
0.006042296072508
0.006042296072508
0.006042296072508
0.006042296072508
0.006042296072508
0.006042296072508
0.006042296072508
0.006042296072508
0.006042296072508
0.006042296072508
0.006042296072508
0.006042296072508
0.006042296072508
0.006042296072508
0.006042296072508
0.006042296072508
0.006042296072508
0.006042296072508
0.006042296072508
0.006042296072508
0.006042296072508
0.006042296072508
0.006042296072508
0.006042296072508
0.006042296072508
0.006042296072508
0.006042296072508
0.006042296072508
0.006042296072508
0.006042296072508
0.006042296072508
0.006042296072508
0.006042296072508
0.006042296072508
0.006042296072508
0.006042296072508
0.006042296072508
0.006042296072508
0.006042296072508
0.006042296072508
0.006042296072508
0.006042296072508
0.006042296072508
0.006042296072508
0.006042296072508
0.006042296072508
0.006042296072508
0.006042296072508
0.006042296072508
0.006042296072508
0.006042296072508
0.006042296072508
0.006042296072508
0.006042296072508
0.006042296072508
0.006042296072508
0.006042296072508
0.006042296072508
0.006042296072508
0.006042296072508
0.006042296072508
0.006042296072508
0.006042296072508
0.006042296072508
0.006042296072508
0.006042296072508
0.006042296072508
0.006042296072508
0.006042296072508
0.006042296072508
0.006042296072508
0.006042296072508
0.006042296072508
0.006042296072508
0.006042296072508
0.006042296072508
0.006042296072508
0.006042296072508
0.006042296072508
0.006042296072508
0.006042296072508
0.006042296072508
0.006042296072508
0.006042296072508
0.006042296072508
0.006042296072508
0.006042296072508
0.006042296072508
0.006042296072508
0.006042296072508
0.006042296072508
0.006042296072508
