1
0.221487603305785
0.117355371900826
0.006611570247934
0.006611570247934
0.006611570247934
0.006611570247934
0.006611570247934
0.006611570247934
0.006611570247934
0.006611570247934
0.006611570247934
0.006611570247934
0.006611570247934
0.006611570247934
0.006611570247934
0.006611570247934
0.006611570247934
0.006611570247934
0.006611570247934
0.006611570247934
0.006611570247934
0.006611570247934
0.006611570247934
0.006611570247934
0.006611570247934
0.006611570247934
0.006611570247934
0.006611570247934
0.006611570247934
0.006611570247934
0.006611570247934
0.006611570247934
0.006611570247934
0.006611570247934
0.006611570247934
0.006611570247934
0.006611570247934
0.006611570247934
0.006611570247934
0.006611570247934
0.006611570247934
0.006611570247934
0.006611570247934
0.006611570247934
0.006611570247934
0.006611570247934
0.006611570247934
0.006611570247934
0.006611570247934
0.006611570247934
0.006611570247934
0.006611570247934
0.006611570247934
0.006611570247934
0.006611570247934
0.006611570247934
0.006611570247934
0.006611570247934
0.006611570247934
0.006611570247934
0.006611570247934
0.006611570247934
0.006611570247934
0.006611570247934
0.006611570247934
0.006611570247934
0.006611570247934
0.006611570247934
0.006611570247934
0.006611570247934
0.006611570247934
0.006611570247934
0.006611570247934
0.006611570247934
0.006611570247934
0.006611570247934
0.006611570247934
0.006611570247934
0.006611570247934
0.006611570247934
0.006611570247934
0.006611570247934
0.006611570247934
0.006611570247934
0.006611570247934
0.006611570247934
0.006611570247934
0.006611570247934
0.006611570247934
0.006611570247934
0.006611570247934
0.006611570247934
0.006611570247934
0.006611570247934
0.006611570247934
0.006611570247934
0.006611570247934
0.006611570247934
0.006611570247934
0.006611570247934
0.006611570247934
0.006611570247934
