1
0.267062314540059
0.139465875370920
0.005934718100890
0.005934718100890
0.005934718100890
0.005934718100890
0.005934718100890
0.005934718100890
0.005934718100890
0.005934718100890
0.005934718100890
0.005934718100890
0.005934718100890
0.005934718100890
0.005934718100890
0.005934718100890
0.005934718100890
0.005934718100890
0.005934718100890
0.005934718100890
0.005934718100890
0.005934718100890
0.005934718100890
0.005934718100890
0.005934718100890
0.005934718100890
0.005934718100890
0.005934718100890
0.005934718100890
0.005934718100890
0.005934718100890
0.005934718100890
0.005934718100890
0.005934718100890
0.005934718100890
0.005934718100890
0.005934718100890
0.005934718100890
0.005934718100890
0.005934718100890
0.005934718100890
0.005934718100890
0.005934718100890
0.005934718100890
0.005934718100890
0.005934718100890
0.005934718100890
0.005934718100890
0.005934718100890
0.005934718100890
0.005934718100890
0.005934718100890
0.005934718100890
0.005934718100890
0.005934718100890
0.005934718100890
0.005934718100890
0.005934718100890
0.005934718100890
0.005934718100890
0.005934718100890
0.005934718100890
0.005934718100890
0.005934718100890
0.005934718100890
0.005934718100890
0.005934718100890
0.005934718100890
0.005934718100890
0.005934718100890
0.005934718100890
0.005934718100890
0.005934718100890
0.005934718100890
0.005934718100890
0.005934718100890
0.005934718100890
0.005934718100890
0.005934718100890
0.005934718100890
0.005934718100890
0.005934718100890
0.005934718100890
0.005934718100890
0.005934718100890
0.005934718100890
0.005934718100890
0.005934718100890
0.005934718100890
0.005934718100890
0.005934718100890
0.005934718100890
0.005934718100890
0.005934718100890
0.005934718100890
0.005934718100890
0.005934718100890
0.005934718100890
0.005934718100890
0.005934718100890
0.005934718100890
0.005934718100890
