1
0.175182481751825
0.094890510948905
0.007299270072993
0.007299270072993
0.007299270072993
0.007299270072993
0.007299270072993
0.007299270072993
0.007299270072993
0.007299270072993
0.007299270072993
0.007299270072993
0.007299270072993
0.007299270072993
0.007299270072993
0.007299270072993
0.007299270072993
0.007299270072993
0.007299270072993
0.007299270072993
0.007299270072993
0.007299270072993
0.007299270072993
0.007299270072993
0.007299270072993
0.007299270072993
0.007299270072993
0.007299270072993
0.007299270072993
0.007299270072993
0.007299270072993
0.007299270072993
0.007299270072993
0.007299270072993
0.007299270072993
0.007299270072993
0.007299270072993
0.007299270072993
0.007299270072993
0.007299270072993
0.007299270072993
0.007299270072993
0.007299270072993
0.007299270072993
0.007299270072993
0.007299270072993
0.007299270072993
0.007299270072993
0.007299270072993
0.007299270072993
0.007299270072993
0.007299270072993
0.007299270072993
0.007299270072993
0.007299270072993
0.007299270072993
0.007299270072993
0.007299270072993
0.007299270072993
0.007299270072993
0.007299270072993
0.007299270072993
0.007299270072993
0.007299270072993
0.007299270072993
0.007299270072993
0.007299270072993
0.007299270072993
0.007299270072993
0.007299270072993
0.007299270072993
0.007299270072993
0.007299270072993
0.007299270072993
0.007299270072993
0.007299270072993
0.007299270072993
0.007299270072993
0.007299270072993
0.007299270072993
0.007299270072993
0.007299270072993
0.007299270072993
0.007299270072993
0.007299270072993
0.007299270072993
0.007299270072993
0.007299270072993
0.007299270072993
0.007299270072993
0.007299270072993
0.007299270072993
0.007299270072993
0.007299270072993
0.007299270072993
0.007299270072993
0.007299270072993
0.007299270072993
0.007299270072993
0.007299270072993
0.007299270072993
0.007299270072993
