1
0.254211332312404
0.133231240428790
0.006125574272588
0.006125574272588
0.006125574272588
0.006125574272588
0.006125574272588
0.006125574272588
0.006125574272588
0.006125574272588
0.006125574272588
0.006125574272588
0.006125574272588
0.006125574272588
0.006125574272588
0.006125574272588
0.006125574272588
0.006125574272588
0.006125574272588
0.006125574272588
0.006125574272588
0.006125574272588
0.006125574272588
0.006125574272588
0.006125574272588
0.006125574272588
0.006125574272588
0.006125574272588
0.006125574272588
0.006125574272588
0.006125574272588
0.006125574272588
0.006125574272588
0.006125574272588
0.006125574272588
0.006125574272588
0.006125574272588
0.006125574272588
0.006125574272588
0.006125574272588
0.006125574272588
0.006125574272588
0.006125574272588
0.006125574272588
0.006125574272588
0.006125574272588
0.006125574272588
0.006125574272588
0.006125574272588
0.006125574272588
0.006125574272588
0.006125574272588
0.006125574272588
0.006125574272588
0.006125574272588
0.006125574272588
0.006125574272588
0.006125574272588
0.006125574272588
0.006125574272588
0.006125574272588
0.006125574272588
0.006125574272588
0.006125574272588
0.006125574272588
0.006125574272588
0.006125574272588
0.006125574272588
0.006125574272588
0.006125574272588
0.006125574272588
0.006125574272588
0.006125574272588
0.006125574272588
0.006125574272588
0.006125574272588
0.006125574272588
0.006125574272588
0.006125574272588
0.006125574272588
0.006125574272588
0.006125574272588
0.006125574272588
0.006125574272588
0.006125574272588
0.006125574272588
0.006125574272588
0.006125574272588
0.006125574272588
0.006125574272588
0.006125574272588
0.006125574272588
0.006125574272588
0.006125574272588
0.006125574272588
0.006125574272588
0.006125574272588
0.006125574272588
0.006125574272588
0.006125574272588
0.006125574272588
0.006125574272588
