1
0.104384133611691
0.060542797494781
0.008350730688935
0.008350730688935
0.008350730688935
0.008350730688935
0.008350730688935
0.008350730688935
0.008350730688935
0.008350730688935
0.008350730688935
0.008350730688935
0.008350730688935
0.008350730688935
0.008350730688935
0.008350730688935
0.008350730688935
0.008350730688935
0.008350730688935
0.008350730688935
0.008350730688935
0.008350730688935
0.008350730688935
0.008350730688935
0.008350730688935
0.008350730688935
0.008350730688935
0.008350730688935
0.008350730688935
0.008350730688935
0.008350730688935
0.008350730688935
0.008350730688935
0.008350730688935
0.008350730688935
0.008350730688935
0.008350730688935
0.008350730688935
0.008350730688935
0.008350730688935
0.008350730688935
0.008350730688935
0.008350730688935
0.008350730688935
0.008350730688935
0.008350730688935
0.008350730688935
0.008350730688935
0.008350730688935
0.008350730688935
0.008350730688935
0.008350730688935
0.008350730688935
0.008350730688935
0.008350730688935
0.008350730688935
0.008350730688935
0.008350730688935
0.008350730688935
0.008350730688935
0.008350730688935
0.008350730688935
0.008350730688935
0.008350730688935
0.008350730688935
0.008350730688935
0.008350730688935
0.008350730688935
0.008350730688935
0.008350730688935
0.008350730688935
0.008350730688935
0.008350730688935
0.008350730688935
0.008350730688935
0.008350730688935
0.008350730688935
0.008350730688935
0.008350730688935
0.008350730688935
0.008350730688935
0.008350730688935
0.008350730688935
0.008350730688935
0.008350730688935
0.008350730688935
0.008350730688935
0.008350730688935
0.008350730688935
0.008350730688935
0.008350730688935
0.008350730688935
0.008350730688935
0.008350730688935
0.008350730688935
0.008350730688935
0.008350730688935
0.008350730688935
0.008350730688935
0.008350730688935
0.008350730688935
0.008350730688935
