1
0.219269102990033
0.116279069767442
0.006644518272425
0.006644518272425
0.006644518272425
0.006644518272425
0.006644518272425
0.006644518272425
0.006644518272425
0.006644518272425
0.006644518272425
0.006644518272425
0.006644518272425
0.006644518272425
0.006644518272425
0.006644518272425
0.006644518272425
0.006644518272425
0.006644518272425
0.006644518272425
0.006644518272425
0.006644518272425
0.006644518272425
0.006644518272425
0.006644518272425
0.006644518272425
0.006644518272425
0.006644518272425
0.006644518272425
0.006644518272425
0.006644518272425
0.006644518272425
0.006644518272425
0.006644518272425
0.006644518272425
0.006644518272425
0.006644518272425
0.006644518272425
0.006644518272425
0.006644518272425
0.006644518272425
0.006644518272425
0.006644518272425
0.006644518272425
0.006644518272425
0.006644518272425
0.006644518272425
0.006644518272425
0.006644518272425
0.006644518272425
0.006644518272425
0.006644518272425
0.006644518272425
0.006644518272425
0.006644518272425
0.006644518272425
0.006644518272425
0.006644518272425
0.006644518272425
0.006644518272425
0.006644518272425
0.006644518272425
0.006644518272425
0.006644518272425
0.006644518272425
0.006644518272425
0.006644518272425
0.006644518272425
0.006644518272425
0.006644518272425
0.006644518272425
0.006644518272425
0.006644518272425
0.006644518272425
0.006644518272425
0.006644518272425
0.006644518272425
0.006644518272425
0.006644518272425
0.006644518272425
0.006644518272425
0.006644518272425
0.006644518272425
0.006644518272425
0.006644518272425
0.006644518272425
0.006644518272425
0.006644518272425
0.006644518272425
0.006644518272425
0.006644518272425
0.006644518272425
0.006644518272425
0.006644518272425
0.006644518272425
0.006644518272425
0.006644518272425
0.006644518272425
0.006644518272425
0.006644518272425
0.006644518272425
0.006644518272425
