1
0.261654135338346
0.136842105263158
0.006015037593985
0.006015037593985
0.006015037593985
0.006015037593985
0.006015037593985
0.006015037593985
0.006015037593985
0.006015037593985
0.006015037593985
0.006015037593985
0.006015037593985
0.006015037593985
0.006015037593985
0.006015037593985
0.006015037593985
0.006015037593985
0.006015037593985
0.006015037593985
0.006015037593985
0.006015037593985
0.006015037593985
0.006015037593985
0.006015037593985
0.006015037593985
0.006015037593985
0.006015037593985
0.006015037593985
0.006015037593985
0.006015037593985
0.006015037593985
0.006015037593985
0.006015037593985
0.006015037593985
0.006015037593985
0.006015037593985
0.006015037593985
0.006015037593985
0.006015037593985
0.006015037593985
0.006015037593985
0.006015037593985
0.006015037593985
0.006015037593985
0.006015037593985
0.006015037593985
0.006015037593985
0.006015037593985
0.006015037593985
0.006015037593985
0.006015037593985
0.006015037593985
0.006015037593985
0.006015037593985
0.006015037593985
0.006015037593985
0.006015037593985
0.006015037593985
0.006015037593985
0.006015037593985
0.006015037593985
0.006015037593985
0.006015037593985
0.006015037593985
0.006015037593985
0.006015037593985
0.006015037593985
0.006015037593985
0.006015037593985
0.006015037593985
0.006015037593985
0.006015037593985
0.006015037593985
0.006015037593985
0.006015037593985
0.006015037593985
0.006015037593985
0.006015037593985
0.006015037593985
0.006015037593985
0.006015037593985
0.006015037593985
0.006015037593985
0.006015037593985
0.006015037593985
0.006015037593985
0.006015037593985
0.006015037593985
0.006015037593985
0.006015037593985
0.006015037593985
0.006015037593985
0.006015037593985
0.006015037593985
0.006015037593985
0.006015037593985
0.006015037593985
0.006015037593985
0.006015037593985
0.006015037593985
0.006015037593985
