1
0.236421725239617
0.124600638977636
0.006389776357827
0.006389776357827
0.006389776357827
0.006389776357827
0.006389776357827
0.006389776357827
0.006389776357827
0.006389776357827
0.006389776357827
0.006389776357827
0.006389776357827
0.006389776357827
0.006389776357827
0.006389776357827
0.006389776357827
0.006389776357827
0.006389776357827
0.006389776357827
0.006389776357827
0.006389776357827
0.006389776357827
0.006389776357827
0.006389776357827
0.006389776357827
0.006389776357827
0.006389776357827
0.006389776357827
0.006389776357827
0.006389776357827
0.006389776357827
0.006389776357827
0.006389776357827
0.006389776357827
0.006389776357827
0.006389776357827
0.006389776357827
0.006389776357827
0.006389776357827
0.006389776357827
0.006389776357827
0.006389776357827
0.006389776357827
0.006389776357827
0.006389776357827
0.006389776357827
0.006389776357827
0.006389776357827
0.006389776357827
0.006389776357827
0.006389776357827
0.006389776357827
0.006389776357827
0.006389776357827
0.006389776357827
0.006389776357827
0.006389776357827
0.006389776357827
0.006389776357827
0.006389776357827
0.006389776357827
0.006389776357827
0.006389776357827
0.006389776357827
0.006389776357827
0.006389776357827
0.006389776357827
0.006389776357827
0.006389776357827
0.006389776357827
0.006389776357827
0.006389776357827
0.006389776357827
0.006389776357827
0.006389776357827
0.006389776357827
0.006389776357827
0.006389776357827
0.006389776357827
0.006389776357827
0.006389776357827
0.006389776357827
0.006389776357827
0.006389776357827
0.006389776357827
0.006389776357827
0.006389776357827
0.006389776357827
0.006389776357827
0.006389776357827
0.006389776357827
0.006389776357827
0.006389776357827
0.006389776357827
0.006389776357827
0.006389776357827
0.006389776357827
0.006389776357827
0.006389776357827
0.006389776357827
0.006389776357827
