1
0.284090909090909
0.147727272727273
0.005681818181818
0.005681818181818
0.005681818181818
0.005681818181818
0.005681818181818
0.005681818181818
0.005681818181818
0.005681818181818
0.005681818181818
0.005681818181818
0.005681818181818
0.005681818181818
0.005681818181818
0.005681818181818
0.005681818181818
0.005681818181818
0.005681818181818
0.005681818181818
0.005681818181818
0.005681818181818
0.005681818181818
0.005681818181818
0.005681818181818
0.005681818181818
0.005681818181818
0.005681818181818
0.005681818181818
0.005681818181818
0.005681818181818
0.005681818181818
0.005681818181818
0.005681818181818
0.005681818181818
0.005681818181818
0.005681818181818
0.005681818181818
0.005681818181818
0.005681818181818
0.005681818181818
0.005681818181818
0.005681818181818
0.005681818181818
0.005681818181818
0.005681818181818
0.005681818181818
0.005681818181818
0.005681818181818
0.005681818181818
0.005681818181818
0.005681818181818
0.005681818181818
0.005681818181818
0.005681818181818
0.005681818181818
0.005681818181818
0.005681818181818
0.005681818181818
0.005681818181818
0.005681818181818
0.005681818181818
0.005681818181818
0.005681818181818
0.005681818181818
0.005681818181818
0.005681818181818
0.005681818181818
0.005681818181818
0.005681818181818
0.005681818181818
0.005681818181818
0.005681818181818
0.005681818181818
0.005681818181818
0.005681818181818
0.005681818181818
0.005681818181818
0.005681818181818
0.005681818181818
0.005681818181818
0.005681818181818
0.005681818181818
0.005681818181818
0.005681818181818
0.005681818181818
0.005681818181818
0.005681818181818
0.005681818181818
0.005681818181818
0.005681818181818
0.005681818181818
0.005681818181818
0.005681818181818
0.005681818181818
0.005681818181818
0.005681818181818
0.005681818181818
0.005681818181818
0.005681818181818
0.005681818181818
0.005681818181818
