1
0.114754098360656
0.065573770491803
0.008196721311475
0.008196721311475
0.008196721311475
0.008196721311475
0.008196721311475
0.008196721311475
0.008196721311475
0.008196721311475
0.008196721311475
0.008196721311475
0.008196721311475
0.008196721311475
0.008196721311475
0.008196721311475
0.008196721311475
0.008196721311475
0.008196721311475
0.008196721311475
0.008196721311475
0.008196721311475
0.008196721311475
0.008196721311475
0.008196721311475
0.008196721311475
0.008196721311475
0.008196721311475
0.008196721311475
0.008196721311475
0.008196721311475
0.008196721311475
0.008196721311475
0.008196721311475
0.008196721311475
0.008196721311475
0.008196721311475
0.008196721311475
0.008196721311475
0.008196721311475
0.008196721311475
0.008196721311475
0.008196721311475
0.008196721311475
0.008196721311475
0.008196721311475
0.008196721311475
0.008196721311475
0.008196721311475
0.008196721311475
0.008196721311475
0.008196721311475
0.008196721311475
0.008196721311475
0.008196721311475
0.008196721311475
0.008196721311475
0.008196721311475
0.008196721311475
0.008196721311475
0.008196721311475
0.008196721311475
0.008196721311475
0.008196721311475
0.008196721311475
0.008196721311475
0.008196721311475
0.008196721311475
0.008196721311475
0.008196721311475
0.008196721311475
0.008196721311475
0.008196721311475
0.008196721311475
0.008196721311475
0.008196721311475
0.008196721311475
0.008196721311475
0.008196721311475
0.008196721311475
0.008196721311475
0.008196721311475
0.008196721311475
0.008196721311475
0.008196721311475
0.008196721311475
0.008196721311475
0.008196721311475
0.008196721311475
0.008196721311475
0.008196721311475
0.008196721311475
0.008196721311475
0.008196721311475
0.008196721311475
0.008196721311475
0.008196721311475
0.008196721311475
0.008196721311475
0.008196721311475
0.008196721311475
0.008196721311475
