1
0.268833087149188
0.140324963072378
0.005908419497784
0.005908419497784
0.005908419497784
0.005908419497784
0.005908419497784
0.005908419497784
0.005908419497784
0.005908419497784
0.005908419497784
0.005908419497784
0.005908419497784
0.005908419497784
0.005908419497784
0.005908419497784
0.005908419497784
0.005908419497784
0.005908419497784
0.005908419497784
0.005908419497784
0.005908419497784
0.005908419497784
0.005908419497784
0.005908419497784
0.005908419497784
0.005908419497784
0.005908419497784
0.005908419497784
0.005908419497784
0.005908419497784
0.005908419497784
0.005908419497784
0.005908419497784
0.005908419497784
0.005908419497784
0.005908419497784
0.005908419497784
0.005908419497784
0.005908419497784
0.005908419497784
0.005908419497784
0.005908419497784
0.005908419497784
0.005908419497784
0.005908419497784
0.005908419497784
0.005908419497784
0.005908419497784
0.005908419497784
0.005908419497784
0.005908419497784
0.005908419497784
0.005908419497784
0.005908419497784
0.005908419497784
0.005908419497784
0.005908419497784
0.005908419497784
0.005908419497784
0.005908419497784
0.005908419497784
0.005908419497784
0.005908419497784
0.005908419497784
0.005908419497784
0.005908419497784
0.005908419497784
0.005908419497784
0.005908419497784
0.005908419497784
0.005908419497784
0.005908419497784
0.005908419497784
0.005908419497784
0.005908419497784
0.005908419497784
0.005908419497784
0.005908419497784
0.005908419497784
0.005908419497784
0.005908419497784
0.005908419497784
0.005908419497784
0.005908419497784
0.005908419497784
0.005908419497784
0.005908419497784
0.005908419497784
0.005908419497784
0.005908419497784
0.005908419497784
0.005908419497784
0.005908419497784
0.005908419497784
0.005908419497784
0.005908419497784
0.005908419497784
0.005908419497784
0.005908419497784
0.005908419497784
0.005908419497784
