1
0.244514106583072
0.128526645768025
0.006269592476489
0.006269592476489
0.006269592476489
0.006269592476489
0.006269592476489
0.006269592476489
0.006269592476489
0.006269592476489
0.006269592476489
0.006269592476489
0.006269592476489
0.006269592476489
0.006269592476489
0.006269592476489
0.006269592476489
0.006269592476489
0.006269592476489
0.006269592476489
0.006269592476489
0.006269592476489
0.006269592476489
0.006269592476489
0.006269592476489
0.006269592476489
0.006269592476489
0.006269592476489
0.006269592476489
0.006269592476489
0.006269592476489
0.006269592476489
0.006269592476489
0.006269592476489
0.006269592476489
0.006269592476489
0.006269592476489
0.006269592476489
0.006269592476489
0.006269592476489
0.006269592476489
0.006269592476489
0.006269592476489
0.006269592476489
0.006269592476489
0.006269592476489
0.006269592476489
0.006269592476489
0.006269592476489
0.006269592476489
0.006269592476489
0.006269592476489
0.006269592476489
0.006269592476489
0.006269592476489
0.006269592476489
0.006269592476489
0.006269592476489
0.006269592476489
0.006269592476489
0.006269592476489
0.006269592476489
0.006269592476489
0.006269592476489
0.006269592476489
0.006269592476489
0.006269592476489
0.006269592476489
0.006269592476489
0.006269592476489
0.006269592476489
0.006269592476489
0.006269592476489
0.006269592476489
0.006269592476489
0.006269592476489
0.006269592476489
0.006269592476489
0.006269592476489
0.006269592476489
0.006269592476489
0.006269592476489
0.006269592476489
0.006269592476489
0.006269592476489
0.006269592476489
0.006269592476489
0.006269592476489
0.006269592476489
0.006269592476489
0.006269592476489
0.006269592476489
0.006269592476489
0.006269592476489
0.006269592476489
0.006269592476489
0.006269592476489
0.006269592476489
0.006269592476489
0.006269592476489
0.006269592476489
0.006269592476489
