1
0.032941176470588
0.025882352941176
0.009411764705882
0.009411764705882
0.009411764705882
0.009411764705882
0.009411764705882
0.009411764705882
0.009411764705882
0.009411764705882
0.009411764705882
0.009411764705882
0.009411764705882
0.009411764705882
0.009411764705882
0.009411764705882
0.009411764705882
0.009411764705882
0.009411764705882
0.009411764705882
0.009411764705882
0.009411764705882
0.009411764705882
0.009411764705882
0.009411764705882
0.009411764705882
0.009411764705882
0.009411764705882
0.009411764705882
0.009411764705882
0.009411764705882
0.009411764705882
0.009411764705882
0.009411764705882
0.009411764705882
0.009411764705882
0.009411764705882
0.009411764705882
0.009411764705882
0.009411764705882
0.009411764705882
0.009411764705882
0.009411764705882
0.009411764705882
0.009411764705882
0.009411764705882
0.009411764705882
0.009411764705882
0.009411764705882
0.009411764705882
0.009411764705882
0.009411764705882
0.009411764705882
0.009411764705882
0.009411764705882
0.009411764705882
0.009411764705882
0.009411764705882
0.009411764705882
0.009411764705882
0.009411764705882
0.009411764705882
0.009411764705882
0.009411764705882
0.009411764705882
0.009411764705882
0.009411764705882
0.009411764705882
0.009411764705882
0.009411764705882
0.009411764705882
0.009411764705882
0.009411764705882
0.009411764705882
0.009411764705882
0.009411764705882
0.009411764705882
0.009411764705882
0.009411764705882
0.009411764705882
0.009411764705882
0.009411764705882
0.009411764705882
0.009411764705882
0.009411764705882
0.009411764705882
0.009411764705882
0.009411764705882
0.009411764705882
0.009411764705882
0.009411764705882
0.009411764705882
0.009411764705882
0.009411764705882
0.009411764705882
0.009411764705882
0.009411764705882
0.009411764705882
0.009411764705882
0.009411764705882
0.009411764705882
0.009411764705882
