1
0.248447204968944
0.130434782608696
0.006211180124224
0.006211180124224
0.006211180124224
0.006211180124224
0.006211180124224
0.006211180124224
0.006211180124224
0.006211180124224
0.006211180124224
0.006211180124224
0.006211180124224
0.006211180124224
0.006211180124224
0.006211180124224
0.006211180124224
0.006211180124224
0.006211180124224
0.006211180124224
0.006211180124224
0.006211180124224
0.006211180124224
0.006211180124224
0.006211180124224
0.006211180124224
0.006211180124224
0.006211180124224
0.006211180124224
0.006211180124224
0.006211180124224
0.006211180124224
0.006211180124224
0.006211180124224
0.006211180124224
0.006211180124224
0.006211180124224
0.006211180124224
0.006211180124224
0.006211180124224
0.006211180124224
0.006211180124224
0.006211180124224
0.006211180124224
0.006211180124224
0.006211180124224
0.006211180124224
0.006211180124224
0.006211180124224
0.006211180124224
0.006211180124224
0.006211180124224
0.006211180124224
0.006211180124224
0.006211180124224
0.006211180124224
0.006211180124224
0.006211180124224
0.006211180124224
0.006211180124224
0.006211180124224
0.006211180124224
0.006211180124224
0.006211180124224
0.006211180124224
0.006211180124224
0.006211180124224
0.006211180124224
0.006211180124224
0.006211180124224
0.006211180124224
0.006211180124224
0.006211180124224
0.006211180124224
0.006211180124224
0.006211180124224
0.006211180124224
0.006211180124224
0.006211180124224
0.006211180124224
0.006211180124224
0.006211180124224
0.006211180124224
0.006211180124224
0.006211180124224
0.006211180124224
0.006211180124224
0.006211180124224
0.006211180124224
0.006211180124224
0.006211180124224
0.006211180124224
0.006211180124224
0.006211180124224
0.006211180124224
0.006211180124224
0.006211180124224
0.006211180124224
0.006211180124224
0.006211180124224
0.006211180124224
0.006211180124224
