1
0.200692041522491
0.107266435986159
0.006920415224913
0.006920415224913
0.006920415224913
0.006920415224913
0.006920415224913
0.006920415224913
0.006920415224913
0.006920415224913
0.006920415224913
0.006920415224913
0.006920415224913
0.006920415224913
0.006920415224913
0.006920415224913
0.006920415224913
0.006920415224913
0.006920415224913
0.006920415224913
0.006920415224913
0.006920415224913
0.006920415224913
0.006920415224913
0.006920415224913
0.006920415224913
0.006920415224913
0.006920415224913
0.006920415224913
0.006920415224913
0.006920415224913
0.006920415224913
0.006920415224913
0.006920415224913
0.006920415224913
0.006920415224913
0.006920415224913
0.006920415224913
0.006920415224913
0.006920415224913
0.006920415224913
0.006920415224913
0.006920415224913
0.006920415224913
0.006920415224913
0.006920415224913
0.006920415224913
0.006920415224913
0.006920415224913
0.006920415224913
0.006920415224913
0.006920415224913
0.006920415224913
0.006920415224913
0.006920415224913
0.006920415224913
0.006920415224913
0.006920415224913
0.006920415224913
0.006920415224913
0.006920415224913
0.006920415224913
0.006920415224913
0.006920415224913
0.006920415224913
0.006920415224913
0.006920415224913
0.006920415224913
0.006920415224913
0.006920415224913
0.006920415224913
0.006920415224913
0.006920415224913
0.006920415224913
0.006920415224913
0.006920415224913
0.006920415224913
0.006920415224913
0.006920415224913
0.006920415224913
0.006920415224913
0.006920415224913
0.006920415224913
0.006920415224913
0.006920415224913
0.006920415224913
0.006920415224913
0.006920415224913
0.006920415224913
0.006920415224913
0.006920415224913
0.006920415224913
0.006920415224913
0.006920415224913
0.006920415224913
0.006920415224913
0.006920415224913
0.006920415224913
0.006920415224913
0.006920415224913
0.006920415224913
0.006920415224913
