1
0.009756097560976
0.014634146341463
0.009756097560976
0.009756097560976
0.009756097560976
0.009756097560976
0.009756097560976
0.009756097560976
0.009756097560976
0.009756097560976
0.009756097560976
0.009756097560976
0.009756097560976
0.009756097560976
0.009756097560976
0.009756097560976
0.009756097560976
0.009756097560976
0.009756097560976
0.009756097560976
0.009756097560976
0.009756097560976
0.009756097560976
0.009756097560976
0.009756097560976
0.009756097560976
0.009756097560976
0.009756097560976
0.009756097560976
0.009756097560976
0.009756097560976
0.009756097560976
0.009756097560976
0.009756097560976
0.009756097560976
0.009756097560976
0.009756097560976
0.009756097560976
0.009756097560976
0.009756097560976
0.009756097560976
0.009756097560976
0.009756097560976
0.009756097560976
0.009756097560976
0.009756097560976
0.009756097560976
0.009756097560976
0.009756097560976
0.009756097560976
0.009756097560976
0.009756097560976
0.009756097560976
0.009756097560976
0.009756097560976
0.009756097560976
0.009756097560976
0.009756097560976
0.009756097560976
0.009756097560976
0.009756097560976
0.009756097560976
0.009756097560976
0.009756097560976
0.009756097560976
0.009756097560976
0.009756097560976
0.009756097560976
0.009756097560976
0.009756097560976
0.009756097560976
0.009756097560976
0.009756097560976
0.009756097560976
0.009756097560976
0.009756097560976
0.009756097560976
0.009756097560976
0.009756097560976
0.009756097560976
0.009756097560976
0.009756097560976
0.009756097560976
0.009756097560976
0.009756097560976
0.009756097560976
0.009756097560976
0.009756097560976
0.009756097560976
0.009756097560976
0.009756097560976
0.009756097560976
0.009756097560976
0.009756097560976
0.009756097560976
0.009756097560976
0.009756097560976
0.009756097560976
0.009756097560976
0.009756097560976
0.009756097560976
0.009756097560976
