1
0.050343249427918
0.034324942791762
0.009153318077803
0.009153318077803
0.009153318077803
0.009153318077803
0.009153318077803
0.009153318077803
0.009153318077803
0.009153318077803
0.009153318077803
0.009153318077803
0.009153318077803
0.009153318077803
0.009153318077803
0.009153318077803
0.009153318077803
0.009153318077803
0.009153318077803
0.009153318077803
0.009153318077803
0.009153318077803
0.009153318077803
0.009153318077803
0.009153318077803
0.009153318077803
0.009153318077803
0.009153318077803
0.009153318077803
0.009153318077803
0.009153318077803
0.009153318077803
0.009153318077803
0.009153318077803
0.009153318077803
0.009153318077803
0.009153318077803
0.009153318077803
0.009153318077803
0.009153318077803
0.009153318077803
0.009153318077803
0.009153318077803
0.009153318077803
0.009153318077803
0.009153318077803
0.009153318077803
0.009153318077803
0.009153318077803
0.009153318077803
0.009153318077803
0.009153318077803
0.009153318077803
0.009153318077803
0.009153318077803
0.009153318077803
0.009153318077803
0.009153318077803
0.009153318077803
0.009153318077803
0.009153318077803
0.009153318077803
0.009153318077803
0.009153318077803
0.009153318077803
0.009153318077803
0.009153318077803
0.009153318077803
0.009153318077803
0.009153318077803
0.009153318077803
0.009153318077803
0.009153318077803
0.009153318077803
0.009153318077803
0.009153318077803
0.009153318077803
0.009153318077803
0.009153318077803
0.009153318077803
0.009153318077803
0.009153318077803
0.009153318077803
0.009153318077803
0.009153318077803
0.009153318077803
0.009153318077803
0.009153318077803
0.009153318077803
0.009153318077803
0.009153318077803
0.009153318077803
0.009153318077803
0.009153318077803
0.009153318077803
0.009153318077803
0.009153318077803
0.009153318077803
0.009153318077803
0.009153318077803
0.009153318077803
0.009153318077803
