1
0.037383177570093
0.028037383177570
0.009345794392523
0.009345794392523
0.009345794392523
0.009345794392523
0.009345794392523
0.009345794392523
0.009345794392523
0.009345794392523
0.009345794392523
0.009345794392523
0.009345794392523
0.009345794392523
0.009345794392523
0.009345794392523
0.009345794392523
0.009345794392523
0.009345794392523
0.009345794392523
0.009345794392523
0.009345794392523
0.009345794392523
0.009345794392523
0.009345794392523
0.009345794392523
0.009345794392523
0.009345794392523
0.009345794392523
0.009345794392523
0.009345794392523
0.009345794392523
0.009345794392523
0.009345794392523
0.009345794392523
0.009345794392523
0.009345794392523
0.009345794392523
0.009345794392523
0.009345794392523
0.009345794392523
0.009345794392523
0.009345794392523
0.009345794392523
0.009345794392523
0.009345794392523
0.009345794392523
0.009345794392523
0.009345794392523
0.009345794392523
0.009345794392523
0.009345794392523
0.009345794392523
0.009345794392523
0.009345794392523
0.009345794392523
0.009345794392523
0.009345794392523
0.009345794392523
0.009345794392523
0.009345794392523
0.009345794392523
0.009345794392523
0.009345794392523
0.009345794392523
0.009345794392523
0.009345794392523
0.009345794392523
0.009345794392523
0.009345794392523
0.009345794392523
0.009345794392523
0.009345794392523
0.009345794392523
0.009345794392523
0.009345794392523
0.009345794392523
0.009345794392523
0.009345794392523
0.009345794392523
0.009345794392523
0.009345794392523
0.009345794392523
0.009345794392523
0.009345794392523
0.009345794392523
0.009345794392523
0.009345794392523
0.009345794392523
0.009345794392523
0.009345794392523
0.009345794392523
0.009345794392523
0.009345794392523
0.009345794392523
0.009345794392523
0.009345794392523
0.009345794392523
0.009345794392523
0.009345794392523
0.009345794392523
0.009345794392523
