1
0.023866348448687
0.021479713603819
0.009546539379475
0.009546539379475
0.009546539379475
0.009546539379475
0.009546539379475
0.009546539379475
0.009546539379475
0.009546539379475
0.009546539379475
0.009546539379475
0.009546539379475
0.009546539379475
0.009546539379475
0.009546539379475
0.009546539379475
0.009546539379475
0.009546539379475
0.009546539379475
0.009546539379475
0.009546539379475
0.009546539379475
0.009546539379475
0.009546539379475
0.009546539379475
0.009546539379475
0.009546539379475
0.009546539379475
0.009546539379475
0.009546539379475
0.009546539379475
0.009546539379475
0.009546539379475
0.009546539379475
0.009546539379475
0.009546539379475
0.009546539379475
0.009546539379475
0.009546539379475
0.009546539379475
0.009546539379475
0.009546539379475
0.009546539379475
0.009546539379475
0.009546539379475
0.009546539379475
0.009546539379475
0.009546539379475
0.009546539379475
0.009546539379475
0.009546539379475
0.009546539379475
0.009546539379475
0.009546539379475
0.009546539379475
0.009546539379475
0.009546539379475
0.009546539379475
0.009546539379475
0.009546539379475
0.009546539379475
0.009546539379475
0.009546539379475
0.009546539379475
0.009546539379475
0.009546539379475
0.009546539379475
0.009546539379475
0.009546539379475
0.009546539379475
0.009546539379475
0.009546539379475
0.009546539379475
0.009546539379475
0.009546539379475
0.009546539379475
0.009546539379475
0.009546539379475
0.009546539379475
0.009546539379475
0.009546539379475
0.009546539379475
0.009546539379475
0.009546539379475
0.009546539379475
0.009546539379475
0.009546539379475
0.009546539379475
0.009546539379475
0.009546539379475
0.009546539379475
0.009546539379475
0.009546539379475
0.009546539379475
0.009546539379475
0.009546539379475
0.009546539379475
0.009546539379475
0.009546539379475
0.009546539379475
0.009546539379475
