1
0.232258064516129
0.122580645161290
0.006451612903226
0.006451612903226
0.006451612903226
0.006451612903226
0.006451612903226
0.006451612903226
0.006451612903226
0.006451612903226
0.006451612903226
0.006451612903226
0.006451612903226
0.006451612903226
0.006451612903226
0.006451612903226
0.006451612903226
0.006451612903226
0.006451612903226
0.006451612903226
0.006451612903226
0.006451612903226
0.006451612903226
0.006451612903226
0.006451612903226
0.006451612903226
0.006451612903226
0.006451612903226
0.006451612903226
0.006451612903226
0.006451612903226
0.006451612903226
0.006451612903226
0.006451612903226
0.006451612903226
0.006451612903226
0.006451612903226
0.006451612903226
0.006451612903226
0.006451612903226
0.006451612903226
0.006451612903226
0.006451612903226
0.006451612903226
0.006451612903226
0.006451612903226
0.006451612903226
0.006451612903226
0.006451612903226
0.006451612903226
0.006451612903226
0.006451612903226
0.006451612903226
0.006451612903226
0.006451612903226
0.006451612903226
0.006451612903226
0.006451612903226
0.006451612903226
0.006451612903226
0.006451612903226
0.006451612903226
0.006451612903226
0.006451612903226
0.006451612903226
0.006451612903226
0.006451612903226
0.006451612903226
0.006451612903226
0.006451612903226
0.006451612903226
0.006451612903226
0.006451612903226
0.006451612903226
0.006451612903226
0.006451612903226
0.006451612903226
0.006451612903226
0.006451612903226
0.006451612903226
0.006451612903226
0.006451612903226
0.006451612903226
0.006451612903226
0.006451612903226
0.006451612903226
0.006451612903226
0.006451612903226
0.006451612903226
0.006451612903226
0.006451612903226
0.006451612903226
0.006451612903226
0.006451612903226
0.006451612903226
0.006451612903226
0.006451612903226
0.006451612903226
0.006451612903226
0.006451612903226
0.006451612903226
0.006451612903226
