1
0.121457489878543
0.068825910931174
0.008097165991903
0.008097165991903
0.008097165991903
0.008097165991903
0.008097165991903
0.008097165991903
0.008097165991903
0.008097165991903
0.008097165991903
0.008097165991903
0.008097165991903
0.008097165991903
0.008097165991903
0.008097165991903
0.008097165991903
0.008097165991903
0.008097165991903
0.008097165991903
0.008097165991903
0.008097165991903
0.008097165991903
0.008097165991903
0.008097165991903
0.008097165991903
0.008097165991903
0.008097165991903
0.008097165991903
0.008097165991903
0.008097165991903
0.008097165991903
0.008097165991903
0.008097165991903
0.008097165991903
0.008097165991903
0.008097165991903
0.008097165991903
0.008097165991903
0.008097165991903
0.008097165991903
0.008097165991903
0.008097165991903
0.008097165991903
0.008097165991903
0.008097165991903
0.008097165991903
0.008097165991903
0.008097165991903
0.008097165991903
0.008097165991903
0.008097165991903
0.008097165991903
0.008097165991903
0.008097165991903
0.008097165991903
0.008097165991903
0.008097165991903
0.008097165991903
0.008097165991903
0.008097165991903
0.008097165991903
0.008097165991903
0.008097165991903
0.008097165991903
0.008097165991903
0.008097165991903
0.008097165991903
0.008097165991903
0.008097165991903
0.008097165991903
0.008097165991903
0.008097165991903
0.008097165991903
0.008097165991903
0.008097165991903
0.008097165991903
0.008097165991903
0.008097165991903
0.008097165991903
0.008097165991903
0.008097165991903
0.008097165991903
0.008097165991903
0.008097165991903
0.008097165991903
0.008097165991903
0.008097165991903
0.008097165991903
0.008097165991903
0.008097165991903
0.008097165991903
0.008097165991903
0.008097165991903
0.008097165991903
0.008097165991903
0.008097165991903
0.008097165991903
0.008097165991903
0.008097165991903
0.008097165991903
0.008097165991903
