1
0.111340206185567
0.063917525773196
0.008247422680412
0.008247422680412
0.008247422680412
0.008247422680412
0.008247422680412
0.008247422680412
0.008247422680412
0.008247422680412
0.008247422680412
0.008247422680412
0.008247422680412
0.008247422680412
0.008247422680412
0.008247422680412
0.008247422680412
0.008247422680412
0.008247422680412
0.008247422680412
0.008247422680412
0.008247422680412
0.008247422680412
0.008247422680412
0.008247422680412
0.008247422680412
0.008247422680412
0.008247422680412
0.008247422680412
0.008247422680412
0.008247422680412
0.008247422680412
0.008247422680412
0.008247422680412
0.008247422680412
0.008247422680412
0.008247422680412
0.008247422680412
0.008247422680412
0.008247422680412
0.008247422680412
0.008247422680412
0.008247422680412
0.008247422680412
0.008247422680412
0.008247422680412
0.008247422680412
0.008247422680412
0.008247422680412
0.008247422680412
0.008247422680412
0.008247422680412
0.008247422680412
0.008247422680412
0.008247422680412
0.008247422680412
0.008247422680412
0.008247422680412
0.008247422680412
0.008247422680412
0.008247422680412
0.008247422680412
0.008247422680412
0.008247422680412
0.008247422680412
0.008247422680412
0.008247422680412
0.008247422680412
0.008247422680412
0.008247422680412
0.008247422680412
0.008247422680412
0.008247422680412
0.008247422680412
0.008247422680412
0.008247422680412
0.008247422680412
0.008247422680412
0.008247422680412
0.008247422680412
0.008247422680412
0.008247422680412
0.008247422680412
0.008247422680412
0.008247422680412
0.008247422680412
0.008247422680412
0.008247422680412
0.008247422680412
0.008247422680412
0.008247422680412
0.008247422680412
0.008247422680412
0.008247422680412
0.008247422680412
0.008247422680412
0.008247422680412
0.008247422680412
0.008247422680412
0.008247422680412
0.008247422680412
0.008247422680412
