1
0.172477064220183
0.093577981651376
0.007339449541284
0.007339449541284
0.007339449541284
0.007339449541284
0.007339449541284
0.007339449541284
0.007339449541284
0.007339449541284
0.007339449541284
0.007339449541284
0.007339449541284
0.007339449541284
0.007339449541284
0.007339449541284
0.007339449541284
0.007339449541284
0.007339449541284
0.007339449541284
0.007339449541284
0.007339449541284
0.007339449541284
0.007339449541284
0.007339449541284
0.007339449541284
0.007339449541284
0.007339449541284
0.007339449541284
0.007339449541284
0.007339449541284
0.007339449541284
0.007339449541284
0.007339449541284
0.007339449541284
0.007339449541284
0.007339449541284
0.007339449541284
0.007339449541284
0.007339449541284
0.007339449541284
0.007339449541284
0.007339449541284
0.007339449541284
0.007339449541284
0.007339449541284
0.007339449541284
0.007339449541284
0.007339449541284
0.007339449541284
0.007339449541284
0.007339449541284
0.007339449541284
0.007339449541284
0.007339449541284
0.007339449541284
0.007339449541284
0.007339449541284
0.007339449541284
0.007339449541284
0.007339449541284
0.007339449541284
0.007339449541284
0.007339449541284
0.007339449541284
0.007339449541284
0.007339449541284
0.007339449541284
0.007339449541284
0.007339449541284
0.007339449541284
0.007339449541284
0.007339449541284
0.007339449541284
0.007339449541284
0.007339449541284
0.007339449541284
0.007339449541284
0.007339449541284
0.007339449541284
0.007339449541284
0.007339449541284
0.007339449541284
0.007339449541284
0.007339449541284
0.007339449541284
0.007339449541284
0.007339449541284
0.007339449541284
0.007339449541284
0.007339449541284
0.007339449541284
0.007339449541284
0.007339449541284
0.007339449541284
0.007339449541284
0.007339449541284
0.007339449541284
0.007339449541284
0.007339449541284
0.007339449541284
0.007339449541284
