1
0.205479452054795
0.109589041095890
0.006849315068493
0.006849315068493
0.006849315068493
0.006849315068493
0.006849315068493
0.006849315068493
0.006849315068493
0.006849315068493
0.006849315068493
0.006849315068493
0.006849315068493
0.006849315068493
0.006849315068493
0.006849315068493
0.006849315068493
0.006849315068493
0.006849315068493
0.006849315068493
0.006849315068493
0.006849315068493
0.006849315068493
0.006849315068493
0.006849315068493
0.006849315068493
0.006849315068493
0.006849315068493
0.006849315068493
0.006849315068493
0.006849315068493
0.006849315068493
0.006849315068493
0.006849315068493
0.006849315068493
0.006849315068493
0.006849315068493
0.006849315068493
0.006849315068493
0.006849315068493
0.006849315068493
0.006849315068493
0.006849315068493
0.006849315068493
0.006849315068493
0.006849315068493
0.006849315068493
0.006849315068493
0.006849315068493
0.006849315068493
0.006849315068493
0.006849315068493
0.006849315068493
0.006849315068493
0.006849315068493
0.006849315068493
0.006849315068493
0.006849315068493
0.006849315068493
0.006849315068493
0.006849315068493
0.006849315068493
0.006849315068493
0.006849315068493
0.006849315068493
0.006849315068493
0.006849315068493
0.006849315068493
0.006849315068493
0.006849315068493
0.006849315068493
0.006849315068493
0.006849315068493
0.006849315068493
0.006849315068493
0.006849315068493
0.006849315068493
0.006849315068493
0.006849315068493
0.006849315068493
0.006849315068493
0.006849315068493
0.006849315068493
0.006849315068493
0.006849315068493
0.006849315068493
0.006849315068493
0.006849315068493
0.006849315068493
0.006849315068493
0.006849315068493
0.006849315068493
0.006849315068493
0.006849315068493
0.006849315068493
0.006849315068493
0.006849315068493
0.006849315068493
0.006849315068493
0.006849315068493
0.006849315068493
0.006849315068493
