1
0.093617021276596
0.055319148936170
0.008510638297872
0.008510638297872
0.008510638297872
0.008510638297872
0.008510638297872
0.008510638297872
0.008510638297872
0.008510638297872
0.008510638297872
0.008510638297872
0.008510638297872
0.008510638297872
0.008510638297872
0.008510638297872
0.008510638297872
0.008510638297872
0.008510638297872
0.008510638297872
0.008510638297872
0.008510638297872
0.008510638297872
0.008510638297872
0.008510638297872
0.008510638297872
0.008510638297872
0.008510638297872
0.008510638297872
0.008510638297872
0.008510638297872
0.008510638297872
0.008510638297872
0.008510638297872
0.008510638297872
0.008510638297872
0.008510638297872
0.008510638297872
0.008510638297872
0.008510638297872
0.008510638297872
0.008510638297872
0.008510638297872
0.008510638297872
0.008510638297872
0.008510638297872
0.008510638297872
0.008510638297872
0.008510638297872
0.008510638297872
0.008510638297872
0.008510638297872
0.008510638297872
0.008510638297872
0.008510638297872
0.008510638297872
0.008510638297872
0.008510638297872
0.008510638297872
0.008510638297872
0.008510638297872
0.008510638297872
0.008510638297872
0.008510638297872
0.008510638297872
0.008510638297872
0.008510638297872
0.008510638297872
0.008510638297872
0.008510638297872
0.008510638297872
0.008510638297872
0.008510638297872
0.008510638297872
0.008510638297872
0.008510638297872
0.008510638297872
0.008510638297872
0.008510638297872
0.008510638297872
0.008510638297872
0.008510638297872
0.008510638297872
0.008510638297872
0.008510638297872
0.008510638297872
0.008510638297872
0.008510638297872
0.008510638297872
0.008510638297872
0.008510638297872
0.008510638297872
0.008510638297872
0.008510638297872
0.008510638297872
0.008510638297872
0.008510638297872
0.008510638297872
0.008510638297872
0.008510638297872
0.008510638297872
0.008510638297872
