1
0.097251585623679
0.057082452431290
0.008456659619450
0.008456659619450
0.008456659619450
0.008456659619450
0.008456659619450
0.008456659619450
0.008456659619450
0.008456659619450
0.008456659619450
0.008456659619450
0.008456659619450
0.008456659619450
0.008456659619450
0.008456659619450
0.008456659619450
0.008456659619450
0.008456659619450
0.008456659619450
0.008456659619450
0.008456659619450
0.008456659619450
0.008456659619450
0.008456659619450
0.008456659619450
0.008456659619450
0.008456659619450
0.008456659619450
0.008456659619450
0.008456659619450
0.008456659619450
0.008456659619450
0.008456659619450
0.008456659619450
0.008456659619450
0.008456659619450
0.008456659619450
0.008456659619450
0.008456659619450
0.008456659619450
0.008456659619450
0.008456659619450
0.008456659619450
0.008456659619450
0.008456659619450
0.008456659619450
0.008456659619450
0.008456659619450
0.008456659619450
0.008456659619450
0.008456659619450
0.008456659619450
0.008456659619450
0.008456659619450
0.008456659619450
0.008456659619450
0.008456659619450
0.008456659619450
0.008456659619450
0.008456659619450
0.008456659619450
0.008456659619450
0.008456659619450
0.008456659619450
0.008456659619450
0.008456659619450
0.008456659619450
0.008456659619450
0.008456659619450
0.008456659619450
0.008456659619450
0.008456659619450
0.008456659619450
0.008456659619450
0.008456659619450
0.008456659619450
0.008456659619450
0.008456659619450
0.008456659619450
0.008456659619450
0.008456659619450
0.008456659619450
0.008456659619450
0.008456659619450
0.008456659619450
0.008456659619450
0.008456659619450
0.008456659619450
0.008456659619450
0.008456659619450
0.008456659619450
0.008456659619450
0.008456659619450
0.008456659619450
0.008456659619450
0.008456659619450
0.008456659619450
0.008456659619450
0.008456659619450
0.008456659619450
0.008456659619450
