1
0.210169491525424
0.111864406779661
0.006779661016949
0.006779661016949
0.006779661016949
0.006779661016949
0.006779661016949
0.006779661016949
0.006779661016949
0.006779661016949
0.006779661016949
0.006779661016949
0.006779661016949
0.006779661016949
0.006779661016949
0.006779661016949
0.006779661016949
0.006779661016949
0.006779661016949
0.006779661016949
0.006779661016949
0.006779661016949
0.006779661016949
0.006779661016949
0.006779661016949
0.006779661016949
0.006779661016949
0.006779661016949
0.006779661016949
0.006779661016949
0.006779661016949
0.006779661016949
0.006779661016949
0.006779661016949
0.006779661016949
0.006779661016949
0.006779661016949
0.006779661016949
0.006779661016949
0.006779661016949
0.006779661016949
0.006779661016949
0.006779661016949
0.006779661016949
0.006779661016949
0.006779661016949
0.006779661016949
0.006779661016949
0.006779661016949
0.006779661016949
0.006779661016949
0.006779661016949
0.006779661016949
0.006779661016949
0.006779661016949
0.006779661016949
0.006779661016949
0.006779661016949
0.006779661016949
0.006779661016949
0.006779661016949
0.006779661016949
0.006779661016949
0.006779661016949
0.006779661016949
0.006779661016949
0.006779661016949
0.006779661016949
0.006779661016949
0.006779661016949
0.006779661016949
0.006779661016949
0.006779661016949
0.006779661016949
0.006779661016949
0.006779661016949
0.006779661016949
0.006779661016949
0.006779661016949
0.006779661016949
0.006779661016949
0.006779661016949
0.006779661016949
0.006779661016949
0.006779661016949
0.006779661016949
0.006779661016949
0.006779661016949
0.006779661016949
0.006779661016949
0.006779661016949
0.006779661016949
0.006779661016949
0.006779661016949
0.006779661016949
0.006779661016949
0.006779661016949
0.006779661016949
0.006779661016949
0.006779661016949
0.006779661016949
0.006779661016949
