1
0.149712092130518
0.082533589251440
0.007677543186180
0.007677543186180
0.007677543186180
0.007677543186180
0.007677543186180
0.007677543186180
0.007677543186180
0.007677543186180
0.007677543186180
0.007677543186180
0.007677543186180
0.007677543186180
0.007677543186180
0.007677543186180
0.007677543186180
0.007677543186180
0.007677543186180
0.007677543186180
0.007677543186180
0.007677543186180
0.007677543186180
0.007677543186180
0.007677543186180
0.007677543186180
0.007677543186180
0.007677543186180
0.007677543186180
0.007677543186180
0.007677543186180
0.007677543186180
0.007677543186180
0.007677543186180
0.007677543186180
0.007677543186180
0.007677543186180
0.007677543186180
0.007677543186180
0.007677543186180
0.007677543186180
0.007677543186180
0.007677543186180
0.007677543186180
0.007677543186180
0.007677543186180
0.007677543186180
0.007677543186180
0.007677543186180
0.007677543186180
0.007677543186180
0.007677543186180
0.007677543186180
0.007677543186180
0.007677543186180
0.007677543186180
0.007677543186180
0.007677543186180
0.007677543186180
0.007677543186180
0.007677543186180
0.007677543186180
0.007677543186180
0.007677543186180
0.007677543186180
0.007677543186180
0.007677543186180
0.007677543186180
0.007677543186180
0.007677543186180
0.007677543186180
0.007677543186180
0.007677543186180
0.007677543186180
0.007677543186180
0.007677543186180
0.007677543186180
0.007677543186180
0.007677543186180
0.007677543186180
0.007677543186180
0.007677543186180
0.007677543186180
0.007677543186180
0.007677543186180
0.007677543186180
0.007677543186180
0.007677543186180
0.007677543186180
0.007677543186180
0.007677543186180
0.007677543186180
0.007677543186180
0.007677543186180
0.007677543186180
0.007677543186180
0.007677543186180
0.007677543186180
0.007677543186180
0.007677543186180
0.007677543186180
0.007677543186180
