1
0.082429501084599
0.049891540130152
0.008676789587852
0.008676789587852
0.008676789587852
0.008676789587852
0.008676789587852
0.008676789587852
0.008676789587852
0.008676789587852
0.008676789587852
0.008676789587852
0.008676789587852
0.008676789587852
0.008676789587852
0.008676789587852
0.008676789587852
0.008676789587852
0.008676789587852
0.008676789587852
0.008676789587852
0.008676789587852
0.008676789587852
0.008676789587852
0.008676789587852
0.008676789587852
0.008676789587852
0.008676789587852
0.008676789587852
0.008676789587852
0.008676789587852
0.008676789587852
0.008676789587852
0.008676789587852
0.008676789587852
0.008676789587852
0.008676789587852
0.008676789587852
0.008676789587852
0.008676789587852
0.008676789587852
0.008676789587852
0.008676789587852
0.008676789587852
0.008676789587852
0.008676789587852
0.008676789587852
0.008676789587852
0.008676789587852
0.008676789587852
0.008676789587852
0.008676789587852
0.008676789587852
0.008676789587852
0.008676789587852
0.008676789587852
0.008676789587852
0.008676789587852
0.008676789587852
0.008676789587852
0.008676789587852
0.008676789587852
0.008676789587852
0.008676789587852
0.008676789587852
0.008676789587852
0.008676789587852
0.008676789587852
0.008676789587852
0.008676789587852
0.008676789587852
0.008676789587852
0.008676789587852
0.008676789587852
0.008676789587852
0.008676789587852
0.008676789587852
0.008676789587852
0.008676789587852
0.008676789587852
0.008676789587852
0.008676789587852
0.008676789587852
0.008676789587852
0.008676789587852
0.008676789587852
0.008676789587852
0.008676789587852
0.008676789587852
0.008676789587852
0.008676789587852
0.008676789587852
0.008676789587852
0.008676789587852
0.008676789587852
0.008676789587852
0.008676789587852
0.008676789587852
0.008676789587852
0.008676789587852
0.008676789587852
0.008676789587852
