1
0.242519685039370
0.127559055118110
0.006299212598425
0.006299212598425
0.006299212598425
0.006299212598425
0.006299212598425
0.006299212598425
0.006299212598425
0.006299212598425
0.006299212598425
0.006299212598425
0.006299212598425
0.006299212598425
0.006299212598425
0.006299212598425
0.006299212598425
0.006299212598425
0.006299212598425
0.006299212598425
0.006299212598425
0.006299212598425
0.006299212598425
0.006299212598425
0.006299212598425
0.006299212598425
0.006299212598425
0.006299212598425
0.006299212598425
0.006299212598425
0.006299212598425
0.006299212598425
0.006299212598425
0.006299212598425
0.006299212598425
0.006299212598425
0.006299212598425
0.006299212598425
0.006299212598425
0.006299212598425
0.006299212598425
0.006299212598425
0.006299212598425
0.006299212598425
0.006299212598425
0.006299212598425
0.006299212598425
0.006299212598425
0.006299212598425
0.006299212598425
0.006299212598425
0.006299212598425
0.006299212598425
0.006299212598425
0.006299212598425
0.006299212598425
0.006299212598425
0.006299212598425
0.006299212598425
0.006299212598425
0.006299212598425
0.006299212598425
0.006299212598425
0.006299212598425
0.006299212598425
0.006299212598425
0.006299212598425
0.006299212598425
0.006299212598425
0.006299212598425
0.006299212598425
0.006299212598425
0.006299212598425
0.006299212598425
0.006299212598425
0.006299212598425
0.006299212598425
0.006299212598425
0.006299212598425
0.006299212598425
0.006299212598425
0.006299212598425
0.006299212598425
0.006299212598425
0.006299212598425
0.006299212598425
0.006299212598425
0.006299212598425
0.006299212598425
0.006299212598425
0.006299212598425
0.006299212598425
0.006299212598425
0.006299212598425
0.006299212598425
0.006299212598425
0.006299212598425
0.006299212598425
0.006299212598425
0.006299212598425
0.006299212598425
0.006299212598425
