1
0.246489859594384
0.129485179407176
0.006240249609984
0.006240249609984
0.006240249609984
0.006240249609984
0.006240249609984
0.006240249609984
0.006240249609984
0.006240249609984
0.006240249609984
0.006240249609984
0.006240249609984
0.006240249609984
0.006240249609984
0.006240249609984
0.006240249609984
0.006240249609984
0.006240249609984
0.006240249609984
0.006240249609984
0.006240249609984
0.006240249609984
0.006240249609984
0.006240249609984
0.006240249609984
0.006240249609984
0.006240249609984
0.006240249609984
0.006240249609984
0.006240249609984
0.006240249609984
0.006240249609984
0.006240249609984
0.006240249609984
0.006240249609984
0.006240249609984
0.006240249609984
0.006240249609984
0.006240249609984
0.006240249609984
0.006240249609984
0.006240249609984
0.006240249609984
0.006240249609984
0.006240249609984
0.006240249609984
0.006240249609984
0.006240249609984
0.006240249609984
0.006240249609984
0.006240249609984
0.006240249609984
0.006240249609984
0.006240249609984
0.006240249609984
0.006240249609984
0.006240249609984
0.006240249609984
0.006240249609984
0.006240249609984
0.006240249609984
0.006240249609984
0.006240249609984
0.006240249609984
0.006240249609984
0.006240249609984
0.006240249609984
0.006240249609984
0.006240249609984
0.006240249609984
0.006240249609984
0.006240249609984
0.006240249609984
0.006240249609984
0.006240249609984
0.006240249609984
0.006240249609984
0.006240249609984
0.006240249609984
0.006240249609984
0.006240249609984
0.006240249609984
0.006240249609984
0.006240249609984
0.006240249609984
0.006240249609984
0.006240249609984
0.006240249609984
0.006240249609984
0.006240249609984
0.006240249609984
0.006240249609984
0.006240249609984
0.006240249609984
0.006240249609984
0.006240249609984
0.006240249609984
0.006240249609984
0.006240249609984
0.006240249609984
0.006240249609984
