1
0.014527845036320
0.016949152542373
0.009685230024213
0.009685230024213
0.009685230024213
0.009685230024213
0.009685230024213
0.009685230024213
0.009685230024213
0.009685230024213
0.009685230024213
0.009685230024213
0.009685230024213
0.009685230024213
0.009685230024213
0.009685230024213
0.009685230024213
0.009685230024213
0.009685230024213
0.009685230024213
0.009685230024213
0.009685230024213
0.009685230024213
0.009685230024213
0.009685230024213
0.009685230024213
0.009685230024213
0.009685230024213
0.009685230024213
0.009685230024213
0.009685230024213
0.009685230024213
0.009685230024213
0.009685230024213
0.009685230024213
0.009685230024213
0.009685230024213
0.009685230024213
0.009685230024213
0.009685230024213
0.009685230024213
0.009685230024213
0.009685230024213
0.009685230024213
0.009685230024213
0.009685230024213
0.009685230024213
0.009685230024213
0.009685230024213
0.009685230024213
0.009685230024213
0.009685230024213
0.009685230024213
0.009685230024213
0.009685230024213
0.009685230024213
0.009685230024213
0.009685230024213
0.009685230024213
0.009685230024213
0.009685230024213
0.009685230024213
0.009685230024213
0.009685230024213
0.009685230024213
0.009685230024213
0.009685230024213
0.009685230024213
0.009685230024213
0.009685230024213
0.009685230024213
0.009685230024213
0.009685230024213
0.009685230024213
0.009685230024213
0.009685230024213
0.009685230024213
0.009685230024213
0.009685230024213
0.009685230024213
0.009685230024213
0.009685230024213
0.009685230024213
0.009685230024213
0.009685230024213
0.009685230024213
0.009685230024213
0.009685230024213
0.009685230024213
0.009685230024213
0.009685230024213
0.009685230024213
0.009685230024213
0.009685230024213
0.009685230024213
0.009685230024213
0.009685230024213
0.009685230024213
0.009685230024213
0.009685230024213
0.009685230024213
0.009685230024213
