1
0.214765100671141
0.114093959731544
0.006711409395973
0.006711409395973
0.006711409395973
0.006711409395973
0.006711409395973
0.006711409395973
0.006711409395973
0.006711409395973
0.006711409395973
0.006711409395973
0.006711409395973
0.006711409395973
0.006711409395973
0.006711409395973
0.006711409395973
0.006711409395973
0.006711409395973
0.006711409395973
0.006711409395973
0.006711409395973
0.006711409395973
0.006711409395973
0.006711409395973
0.006711409395973
0.006711409395973
0.006711409395973
0.006711409395973
0.006711409395973
0.006711409395973
0.006711409395973
0.006711409395973
0.006711409395973
0.006711409395973
0.006711409395973
0.006711409395973
0.006711409395973
0.006711409395973
0.006711409395973
0.006711409395973
0.006711409395973
0.006711409395973
0.006711409395973
0.006711409395973
0.006711409395973
0.006711409395973
0.006711409395973
0.006711409395973
0.006711409395973
0.006711409395973
0.006711409395973
0.006711409395973
0.006711409395973
0.006711409395973
0.006711409395973
0.006711409395973
0.006711409395973
0.006711409395973
0.006711409395973
0.006711409395973
0.006711409395973
0.006711409395973
0.006711409395973
0.006711409395973
0.006711409395973
0.006711409395973
0.006711409395973
0.006711409395973
0.006711409395973
0.006711409395973
0.006711409395973
0.006711409395973
0.006711409395973
0.006711409395973
0.006711409395973
0.006711409395973
0.006711409395973
0.006711409395973
0.006711409395973
0.006711409395973
0.006711409395973
0.006711409395973
0.006711409395973
0.006711409395973
0.006711409395973
0.006711409395973
0.006711409395973
0.006711409395973
0.006711409395973
0.006711409395973
0.006711409395973
0.006711409395973
0.006711409395973
0.006711409395973
0.006711409395973
0.006711409395973
0.006711409395973
0.006711409395973
0.006711409395973
0.006711409395973
0.006711409395973
