1
0.058690744920993
0.038374717832957
0.009029345372460
0.009029345372460
0.009029345372460
0.009029345372460
0.009029345372460
0.009029345372460
0.009029345372460
0.009029345372460
0.009029345372460
0.009029345372460
0.009029345372460
0.009029345372460
0.009029345372460
0.009029345372460
0.009029345372460
0.009029345372460
0.009029345372460
0.009029345372460
0.009029345372460
0.009029345372460
0.009029345372460
0.009029345372460
0.009029345372460
0.009029345372460
0.009029345372460
0.009029345372460
0.009029345372460
0.009029345372460
0.009029345372460
0.009029345372460
0.009029345372460
0.009029345372460
0.009029345372460
0.009029345372460
0.009029345372460
0.009029345372460
0.009029345372460
0.009029345372460
0.009029345372460
0.009029345372460
0.009029345372460
0.009029345372460
0.009029345372460
0.009029345372460
0.009029345372460
0.009029345372460
0.009029345372460
0.009029345372460
0.009029345372460
0.009029345372460
0.009029345372460
0.009029345372460
0.009029345372460
0.009029345372460
0.009029345372460
0.009029345372460
0.009029345372460
0.009029345372460
0.009029345372460
0.009029345372460
0.009029345372460
0.009029345372460
0.009029345372460
0.009029345372460
0.009029345372460
0.009029345372460
0.009029345372460
0.009029345372460
0.009029345372460
0.009029345372460
0.009029345372460
0.009029345372460
0.009029345372460
0.009029345372460
0.009029345372460
0.009029345372460
0.009029345372460
0.009029345372460
0.009029345372460
0.009029345372460
0.009029345372460
0.009029345372460
0.009029345372460
0.009029345372460
0.009029345372460
0.009029345372460
0.009029345372460
0.009029345372460
0.009029345372460
0.009029345372460
0.009029345372460
0.009029345372460
0.009029345372460
0.009029345372460
0.009029345372460
0.009029345372460
0.009029345372460
0.009029345372460
0.009029345372460
0.009029345372460
