1
0.203098106712565
0.108433734939759
0.006884681583477
0.006884681583477
0.006884681583477
0.006884681583477
0.006884681583477
0.006884681583477
0.006884681583477
0.006884681583477
0.006884681583477
0.006884681583477
0.006884681583477
0.006884681583477
0.006884681583477
0.006884681583477
0.006884681583477
0.006884681583477
0.006884681583477
0.006884681583477
0.006884681583477
0.006884681583477
0.006884681583477
0.006884681583477
0.006884681583477
0.006884681583477
0.006884681583477
0.006884681583477
0.006884681583477
0.006884681583477
0.006884681583477
0.006884681583477
0.006884681583477
0.006884681583477
0.006884681583477
0.006884681583477
0.006884681583477
0.006884681583477
0.006884681583477
0.006884681583477
0.006884681583477
0.006884681583477
0.006884681583477
0.006884681583477
0.006884681583477
0.006884681583477
0.006884681583477
0.006884681583477
0.006884681583477
0.006884681583477
0.006884681583477
0.006884681583477
0.006884681583477
0.006884681583477
0.006884681583477
0.006884681583477
0.006884681583477
0.006884681583477
0.006884681583477
0.006884681583477
0.006884681583477
0.006884681583477
0.006884681583477
0.006884681583477
0.006884681583477
0.006884681583477
0.006884681583477
0.006884681583477
0.006884681583477
0.006884681583477
0.006884681583477
0.006884681583477
0.006884681583477
0.006884681583477
0.006884681583477
0.006884681583477
0.006884681583477
0.006884681583477
0.006884681583477
0.006884681583477
0.006884681583477
0.006884681583477
0.006884681583477
0.006884681583477
0.006884681583477
0.006884681583477
0.006884681583477
0.006884681583477
0.006884681583477
0.006884681583477
0.006884681583477
0.006884681583477
0.006884681583477
0.006884681583477
0.006884681583477
0.006884681583477
0.006884681583477
0.006884681583477
0.006884681583477
0.006884681583477
0.006884681583477
0.006884681583477
