1
0.124748490945674
0.070422535211268
0.008048289738431
0.008048289738431
0.008048289738431
0.008048289738431
0.008048289738431
0.008048289738431
0.008048289738431
0.008048289738431
0.008048289738431
0.008048289738431
0.008048289738431
0.008048289738431
0.008048289738431
0.008048289738431
0.008048289738431
0.008048289738431
0.008048289738431
0.008048289738431
0.008048289738431
0.008048289738431
0.008048289738431
0.008048289738431
0.008048289738431
0.008048289738431
0.008048289738431
0.008048289738431
0.008048289738431
0.008048289738431
0.008048289738431
0.008048289738431
0.008048289738431
0.008048289738431
0.008048289738431
0.008048289738431
0.008048289738431
0.008048289738431
0.008048289738431
0.008048289738431
0.008048289738431
0.008048289738431
0.008048289738431
0.008048289738431
0.008048289738431
0.008048289738431
0.008048289738431
0.008048289738431
0.008048289738431
0.008048289738431
0.008048289738431
0.008048289738431
0.008048289738431
0.008048289738431
0.008048289738431
0.008048289738431
0.008048289738431
0.008048289738431
0.008048289738431
0.008048289738431
0.008048289738431
0.008048289738431
0.008048289738431
0.008048289738431
0.008048289738431
0.008048289738431
0.008048289738431
0.008048289738431
0.008048289738431
0.008048289738431
0.008048289738431
0.008048289738431
0.008048289738431
0.008048289738431
0.008048289738431
0.008048289738431
0.008048289738431
0.008048289738431
0.008048289738431
0.008048289738431
0.008048289738431
0.008048289738431
0.008048289738431
0.008048289738431
0.008048289738431
0.008048289738431
0.008048289738431
0.008048289738431
0.008048289738431
0.008048289738431
0.008048289738431
0.008048289738431
0.008048289738431
0.008048289738431
0.008048289738431
0.008048289738431
0.008048289738431
0.008048289738431
0.008048289738431
0.008048289738431
0.008048289738431
0.008048289738431
