1
0.225859247135843
0.119476268412439
0.006546644844517
0.006546644844517
0.006546644844517
0.006546644844517
0.006546644844517
0.006546644844517
0.006546644844517
0.006546644844517
0.006546644844517
0.006546644844517
0.006546644844517
0.006546644844517
0.006546644844517
0.006546644844517
0.006546644844517
0.006546644844517
0.006546644844517
0.006546644844517
0.006546644844517
0.006546644844517
0.006546644844517
0.006546644844517
0.006546644844517
0.006546644844517
0.006546644844517
0.006546644844517
0.006546644844517
0.006546644844517
0.006546644844517
0.006546644844517
0.006546644844517
0.006546644844517
0.006546644844517
0.006546644844517
0.006546644844517
0.006546644844517
0.006546644844517
0.006546644844517
0.006546644844517
0.006546644844517
0.006546644844517
0.006546644844517
0.006546644844517
0.006546644844517
0.006546644844517
0.006546644844517
0.006546644844517
0.006546644844517
0.006546644844517
0.006546644844517
0.006546644844517
0.006546644844517
0.006546644844517
0.006546644844517
0.006546644844517
0.006546644844517
0.006546644844517
0.006546644844517
0.006546644844517
0.006546644844517
0.006546644844517
0.006546644844517
0.006546644844517
0.006546644844517
0.006546644844517
0.006546644844517
0.006546644844517
0.006546644844517
0.006546644844517
0.006546644844517
0.006546644844517
0.006546644844517
0.006546644844517
0.006546644844517
0.006546644844517
0.006546644844517
0.006546644844517
0.006546644844517
0.006546644844517
0.006546644844517
0.006546644844517
0.006546644844517
0.006546644844517
0.006546644844517
0.006546644844517
0.006546644844517
0.006546644844517
0.006546644844517
0.006546644844517
0.006546644844517
0.006546644844517
0.006546644844517
0.006546644844517
0.006546644844517
0.006546644844517
0.006546644844517
0.006546644844517
0.006546644844517
0.006546644844517
0.006546644844517
