1
0.019230769230769
0.019230769230769
0.009615384615385
0.009615384615385
0.009615384615385
0.009615384615385
0.009615384615385
0.009615384615385
0.009615384615385
0.009615384615385
0.009615384615385
0.009615384615385
0.009615384615385
0.009615384615385
0.009615384615385
0.009615384615385
0.009615384615385
0.009615384615385
0.009615384615385
0.009615384615385
0.009615384615385
0.009615384615385
0.009615384615385
0.009615384615385
0.009615384615385
0.009615384615385
0.009615384615385
0.009615384615385
0.009615384615385
0.009615384615385
0.009615384615385
0.009615384615385
0.009615384615385
0.009615384615385
0.009615384615385
0.009615384615385
0.009615384615385
0.009615384615385
0.009615384615385
0.009615384615385
0.009615384615385
0.009615384615385
0.009615384615385
0.009615384615385
0.009615384615385
0.009615384615385
0.009615384615385
0.009615384615385
0.009615384615385
0.009615384615385
0.009615384615385
0.009615384615385
0.009615384615385
0.009615384615385
0.009615384615385
0.009615384615385
0.009615384615385
0.009615384615385
0.009615384615385
0.009615384615385
0.009615384615385
0.009615384615385
0.009615384615385
0.009615384615385
0.009615384615385
0.009615384615385
0.009615384615385
0.009615384615385
0.009615384615385
0.009615384615385
0.009615384615385
0.009615384615385
0.009615384615385
0.009615384615385
0.009615384615385
0.009615384615385
0.009615384615385
0.009615384615385
0.009615384615385
0.009615384615385
0.009615384615385
0.009615384615385
0.009615384615385
0.009615384615385
0.009615384615385
0.009615384615385
0.009615384615385
0.009615384615385
0.009615384615385
0.009615384615385
0.009615384615385
0.009615384615385
0.009615384615385
0.009615384615385
0.009615384615385
0.009615384615385
0.009615384615385
0.009615384615385
0.009615384615385
0.009615384615385
0.009615384615385
0.009615384615385
