1
0.078602620087336
0.048034934497817
0.008733624454148
0.008733624454148
0.008733624454148
0.008733624454148
0.008733624454148
0.008733624454148
0.008733624454148
0.008733624454148
0.008733624454148
0.008733624454148
0.008733624454148
0.008733624454148
0.008733624454148
0.008733624454148
0.008733624454148
0.008733624454148
0.008733624454148
0.008733624454148
0.008733624454148
0.008733624454148
0.008733624454148
0.008733624454148
0.008733624454148
0.008733624454148
0.008733624454148
0.008733624454148
0.008733624454148
0.008733624454148
0.008733624454148
0.008733624454148
0.008733624454148
0.008733624454148
0.008733624454148
0.008733624454148
0.008733624454148
0.008733624454148
0.008733624454148
0.008733624454148
0.008733624454148
0.008733624454148
0.008733624454148
0.008733624454148
0.008733624454148
0.008733624454148
0.008733624454148
0.008733624454148
0.008733624454148
0.008733624454148
0.008733624454148
0.008733624454148
0.008733624454148
0.008733624454148
0.008733624454148
0.008733624454148
0.008733624454148
0.008733624454148
0.008733624454148
0.008733624454148
0.008733624454148
0.008733624454148
0.008733624454148
0.008733624454148
0.008733624454148
0.008733624454148
0.008733624454148
0.008733624454148
0.008733624454148
0.008733624454148
0.008733624454148
0.008733624454148
0.008733624454148
0.008733624454148
0.008733624454148
0.008733624454148
0.008733624454148
0.008733624454148
0.008733624454148
0.008733624454148
0.008733624454148
0.008733624454148
0.008733624454148
0.008733624454148
0.008733624454148
0.008733624454148
0.008733624454148
0.008733624454148
0.008733624454148
0.008733624454148
0.008733624454148
0.008733624454148
0.008733624454148
0.008733624454148
0.008733624454148
0.008733624454148
0.008733624454148
0.008733624454148
0.008733624454148
0.008733624454148
0.008733624454148
0.008733624454148
