1
0.234349919743178
0.123595505617978
0.006420545746388
0.006420545746388
0.006420545746388
0.006420545746388
0.006420545746388
0.006420545746388
0.006420545746388
0.006420545746388
0.006420545746388
0.006420545746388
0.006420545746388
0.006420545746388
0.006420545746388
0.006420545746388
0.006420545746388
0.006420545746388
0.006420545746388
0.006420545746388
0.006420545746388
0.006420545746388
0.006420545746388
0.006420545746388
0.006420545746388
0.006420545746388
0.006420545746388
0.006420545746388
0.006420545746388
0.006420545746388
0.006420545746388
0.006420545746388
0.006420545746388
0.006420545746388
0.006420545746388
0.006420545746388
0.006420545746388
0.006420545746388
0.006420545746388
0.006420545746388
0.006420545746388
0.006420545746388
0.006420545746388
0.006420545746388
0.006420545746388
0.006420545746388
0.006420545746388
0.006420545746388
0.006420545746388
0.006420545746388
0.006420545746388
0.006420545746388
0.006420545746388
0.006420545746388
0.006420545746388
0.006420545746388
0.006420545746388
0.006420545746388
0.006420545746388
0.006420545746388
0.006420545746388
0.006420545746388
0.006420545746388
0.006420545746388
0.006420545746388
0.006420545746388
0.006420545746388
0.006420545746388
0.006420545746388
0.006420545746388
0.006420545746388
0.006420545746388
0.006420545746388
0.006420545746388
0.006420545746388
0.006420545746388
0.006420545746388
0.006420545746388
0.006420545746388
0.006420545746388
0.006420545746388
0.006420545746388
0.006420545746388
0.006420545746388
0.006420545746388
0.006420545746388
0.006420545746388
0.006420545746388
0.006420545746388
0.006420545746388
0.006420545746388
0.006420545746388
0.006420545746388
0.006420545746388
0.006420545746388
0.006420545746388
0.006420545746388
0.006420545746388
0.006420545746388
0.006420545746388
0.006420545746388
0.006420545746388
