1
0.223684210526316
0.118421052631579
0.006578947368421
0.006578947368421
0.006578947368421
0.006578947368421
0.006578947368421
0.006578947368421
0.006578947368421
0.006578947368421
0.006578947368421
0.006578947368421
0.006578947368421
0.006578947368421
0.006578947368421
0.006578947368421
0.006578947368421
0.006578947368421
0.006578947368421
0.006578947368421
0.006578947368421
0.006578947368421
0.006578947368421
0.006578947368421
0.006578947368421
0.006578947368421
0.006578947368421
0.006578947368421
0.006578947368421
0.006578947368421
0.006578947368421
0.006578947368421
0.006578947368421
0.006578947368421
0.006578947368421
0.006578947368421
0.006578947368421
0.006578947368421
0.006578947368421
0.006578947368421
0.006578947368421
0.006578947368421
0.006578947368421
0.006578947368421
0.006578947368421
0.006578947368421
0.006578947368421
0.006578947368421
0.006578947368421
0.006578947368421
0.006578947368421
0.006578947368421
0.006578947368421
0.006578947368421
0.006578947368421
0.006578947368421
0.006578947368421
0.006578947368421
0.006578947368421
0.006578947368421
0.006578947368421
0.006578947368421
0.006578947368421
0.006578947368421
0.006578947368421
0.006578947368421
0.006578947368421
0.006578947368421
0.006578947368421
0.006578947368421
0.006578947368421
0.006578947368421
0.006578947368421
0.006578947368421
0.006578947368421
0.006578947368421
0.006578947368421
0.006578947368421
0.006578947368421
0.006578947368421
0.006578947368421
0.006578947368421
0.006578947368421
0.006578947368421
0.006578947368421
0.006578947368421
0.006578947368421
0.006578947368421
0.006578947368421
0.006578947368421
0.006578947368421
0.006578947368421
0.006578947368421
0.006578947368421
0.006578947368421
0.006578947368421
0.006578947368421
0.006578947368421
0.006578947368421
0.006578947368421
0.006578947368421
0.006578947368421
