1
0.140625000000000
0.078125000000000
0.007812500000000
0.007812500000000
0.007812500000000
0.007812500000000
0.007812500000000
0.007812500000000
0.007812500000000
0.007812500000000
0.007812500000000
0.007812500000000
0.007812500000000
0.007812500000000
0.007812500000000
0.007812500000000
0.007812500000000
0.007812500000000
0.007812500000000
0.007812500000000
0.007812500000000
0.007812500000000
0.007812500000000
0.007812500000000
0.007812500000000
0.007812500000000
0.007812500000000
0.007812500000000
0.007812500000000
0.007812500000000
0.007812500000000
0.007812500000000
0.007812500000000
0.007812500000000
0.007812500000000
0.007812500000000
0.007812500000000
0.007812500000000
0.007812500000000
0.007812500000000
0.007812500000000
0.007812500000000
0.007812500000000
0.007812500000000
0.007812500000000
0.007812500000000
0.007812500000000
0.007812500000000
0.007812500000000
0.007812500000000
0.007812500000000
0.007812500000000
0.007812500000000
0.007812500000000
0.007812500000000
0.007812500000000
0.007812500000000
0.007812500000000
0.007812500000000
0.007812500000000
0.007812500000000
0.007812500000000
0.007812500000000
0.007812500000000
0.007812500000000
0.007812500000000
0.007812500000000
0.007812500000000
0.007812500000000
0.007812500000000
0.007812500000000
0.007812500000000
0.007812500000000
0.007812500000000
0.007812500000000
0.007812500000000
0.007812500000000
0.007812500000000
0.007812500000000
0.007812500000000
0.007812500000000
0.007812500000000
0.007812500000000
0.007812500000000
0.007812500000000
0.007812500000000
0.007812500000000
0.007812500000000
0.007812500000000
0.007812500000000
0.007812500000000
0.007812500000000
0.007812500000000
0.007812500000000
0.007812500000000
0.007812500000000
0.007812500000000
0.007812500000000
0.007812500000000
0.007812500000000
0.007812500000000
0.007812500000000
