1
0.250386398763524
0.131375579598145
0.006182380216383
0.006182380216383
0.006182380216383
0.006182380216383
0.006182380216383
0.006182380216383
0.006182380216383
0.006182380216383
0.006182380216383
0.006182380216383
0.006182380216383
0.006182380216383
0.006182380216383
0.006182380216383
0.006182380216383
0.006182380216383
0.006182380216383
0.006182380216383
0.006182380216383
0.006182380216383
0.006182380216383
0.006182380216383
0.006182380216383
0.006182380216383
0.006182380216383
0.006182380216383
0.006182380216383
0.006182380216383
0.006182380216383
0.006182380216383
0.006182380216383
0.006182380216383
0.006182380216383
0.006182380216383
0.006182380216383
0.006182380216383
0.006182380216383
0.006182380216383
0.006182380216383
0.006182380216383
0.006182380216383
0.006182380216383
0.006182380216383
0.006182380216383
0.006182380216383
0.006182380216383
0.006182380216383
0.006182380216383
0.006182380216383
0.006182380216383
0.006182380216383
0.006182380216383
0.006182380216383
0.006182380216383
0.006182380216383
0.006182380216383
0.006182380216383
0.006182380216383
0.006182380216383
0.006182380216383
0.006182380216383
0.006182380216383
0.006182380216383
0.006182380216383
0.006182380216383
0.006182380216383
0.006182380216383
0.006182380216383
0.006182380216383
0.006182380216383
0.006182380216383
0.006182380216383
0.006182380216383
0.006182380216383
0.006182380216383
0.006182380216383
0.006182380216383
0.006182380216383
0.006182380216383
0.006182380216383
0.006182380216383
0.006182380216383
0.006182380216383
0.006182380216383
0.006182380216383
0.006182380216383
0.006182380216383
0.006182380216383
0.006182380216383
0.006182380216383
0.006182380216383
0.006182380216383
0.006182380216383
0.006182380216383
0.006182380216383
0.006182380216383
0.006182380216383
0.006182380216383
0.006182380216383
0.006182380216383
