1
0.100840336134454
0.058823529411765
0.008403361344538
0.008403361344538
0.008403361344538
0.008403361344538
0.008403361344538
0.008403361344538
0.008403361344538
0.008403361344538
0.008403361344538
0.008403361344538
0.008403361344538
0.008403361344538
0.008403361344538
0.008403361344538
0.008403361344538
0.008403361344538
0.008403361344538
0.008403361344538
0.008403361344538
0.008403361344538
0.008403361344538
0.008403361344538
0.008403361344538
0.008403361344538
0.008403361344538
0.008403361344538
0.008403361344538
0.008403361344538
0.008403361344538
0.008403361344538
0.008403361344538
0.008403361344538
0.008403361344538
0.008403361344538
0.008403361344538
0.008403361344538
0.008403361344538
0.008403361344538
0.008403361344538
0.008403361344538
0.008403361344538
0.008403361344538
0.008403361344538
0.008403361344538
0.008403361344538
0.008403361344538
0.008403361344538
0.008403361344538
0.008403361344538
0.008403361344538
0.008403361344538
0.008403361344538
0.008403361344538
0.008403361344538
0.008403361344538
0.008403361344538
0.008403361344538
0.008403361344538
0.008403361344538
0.008403361344538
0.008403361344538
0.008403361344538
0.008403361344538
0.008403361344538
0.008403361344538
0.008403361344538
0.008403361344538
0.008403361344538
0.008403361344538
0.008403361344538
0.008403361344538
0.008403361344538
0.008403361344538
0.008403361344538
0.008403361344538
0.008403361344538
0.008403361344538
0.008403361344538
0.008403361344538
0.008403361344538
0.008403361344538
0.008403361344538
0.008403361344538
0.008403361344538
0.008403361344538
0.008403361344538
0.008403361344538
0.008403361344538
0.008403361344538
0.008403361344538
0.008403361344538
0.008403361344538
0.008403361344538
0.008403361344538
0.008403361344538
0.008403361344538
0.008403361344538
0.008403361344538
0.008403361344538
0.008403361344538
