1
0.193321616871705
0.103690685413005
0.007029876977153
0.007029876977153
0.007029876977153
0.007029876977153
0.007029876977153
0.007029876977153
0.007029876977153
0.007029876977153
0.007029876977153
0.007029876977153
0.007029876977153
0.007029876977153
0.007029876977153
0.007029876977153
0.007029876977153
0.007029876977153
0.007029876977153
0.007029876977153
0.007029876977153
0.007029876977153
0.007029876977153
0.007029876977153
0.007029876977153
0.007029876977153
0.007029876977153
0.007029876977153
0.007029876977153
0.007029876977153
0.007029876977153
0.007029876977153
0.007029876977153
0.007029876977153
0.007029876977153
0.007029876977153
0.007029876977153
0.007029876977153
0.007029876977153
0.007029876977153
0.007029876977153
0.007029876977153
0.007029876977153
0.007029876977153
0.007029876977153
0.007029876977153
0.007029876977153
0.007029876977153
0.007029876977153
0.007029876977153
0.007029876977153
0.007029876977153
0.007029876977153
0.007029876977153
0.007029876977153
0.007029876977153
0.007029876977153
0.007029876977153
0.007029876977153
0.007029876977153
0.007029876977153
0.007029876977153
0.007029876977153
0.007029876977153
0.007029876977153
0.007029876977153
0.007029876977153
0.007029876977153
0.007029876977153
0.007029876977153
0.007029876977153
0.007029876977153
0.007029876977153
0.007029876977153
0.007029876977153
0.007029876977153
0.007029876977153
0.007029876977153
0.007029876977153
0.007029876977153
0.007029876977153
0.007029876977153
0.007029876977153
0.007029876977153
0.007029876977153
0.007029876977153
0.007029876977153
0.007029876977153
0.007029876977153
0.007029876977153
0.007029876977153
0.007029876977153
0.007029876977153
0.007029876977153
0.007029876977153
0.007029876977153
0.007029876977153
0.007029876977153
0.007029876977153
0.007029876977153
0.007029876977153
0.007029876977153
