1
0.183123877917415
0.098743267504488
0.007181328545781
0.007181328545781
0.007181328545781
0.007181328545781
0.007181328545781
0.007181328545781
0.007181328545781
0.007181328545781
0.007181328545781
0.007181328545781
0.007181328545781
0.007181328545781
0.007181328545781
0.007181328545781
0.007181328545781
0.007181328545781
0.007181328545781
0.007181328545781
0.007181328545781
0.007181328545781
0.007181328545781
0.007181328545781
0.007181328545781
0.007181328545781
0.007181328545781
0.007181328545781
0.007181328545781
0.007181328545781
0.007181328545781
0.007181328545781
0.007181328545781
0.007181328545781
0.007181328545781
0.007181328545781
0.007181328545781
0.007181328545781
0.007181328545781
0.007181328545781
0.007181328545781
0.007181328545781
0.007181328545781
0.007181328545781
0.007181328545781
0.007181328545781
0.007181328545781
0.007181328545781
0.007181328545781
0.007181328545781
0.007181328545781
0.007181328545781
0.007181328545781
0.007181328545781
0.007181328545781
0.007181328545781
0.007181328545781
0.007181328545781
0.007181328545781
0.007181328545781
0.007181328545781
0.007181328545781
0.007181328545781
0.007181328545781
0.007181328545781
0.007181328545781
0.007181328545781
0.007181328545781
0.007181328545781
0.007181328545781
0.007181328545781
0.007181328545781
0.007181328545781
0.007181328545781
0.007181328545781
0.007181328545781
0.007181328545781
0.007181328545781
0.007181328545781
0.007181328545781
0.007181328545781
0.007181328545781
0.007181328545781
0.007181328545781
0.007181328545781
0.007181328545781
0.007181328545781
0.007181328545781
0.007181328545781
0.007181328545781
0.007181328545781
0.007181328545781
0.007181328545781
0.007181328545781
0.007181328545781
0.007181328545781
0.007181328545781
0.007181328545781
0.007181328545781
0.007181328545781
0.007181328545781
0.007181328545781
