1
0.263473053892216
0.137724550898204
0.005988023952096
0.005988023952096
0.005988023952096
0.005988023952096
0.005988023952096
0.005988023952096
0.005988023952096
0.005988023952096
0.005988023952096
0.005988023952096
0.005988023952096
0.005988023952096
0.005988023952096
0.005988023952096
0.005988023952096
0.005988023952096
0.005988023952096
0.005988023952096
0.005988023952096
0.005988023952096
0.005988023952096
0.005988023952096
0.005988023952096
0.005988023952096
0.005988023952096
0.005988023952096
0.005988023952096
0.005988023952096
0.005988023952096
0.005988023952096
0.005988023952096
0.005988023952096
0.005988023952096
0.005988023952096
0.005988023952096
0.005988023952096
0.005988023952096
0.005988023952096
0.005988023952096
0.005988023952096
0.005988023952096
0.005988023952096
0.005988023952096
0.005988023952096
0.005988023952096
0.005988023952096
0.005988023952096
0.005988023952096
0.005988023952096
0.005988023952096
0.005988023952096
0.005988023952096
0.005988023952096
0.005988023952096
0.005988023952096
0.005988023952096
0.005988023952096
0.005988023952096
0.005988023952096
0.005988023952096
0.005988023952096
0.005988023952096
0.005988023952096
0.005988023952096
0.005988023952096
0.005988023952096
0.005988023952096
0.005988023952096
0.005988023952096
0.005988023952096
0.005988023952096
0.005988023952096
0.005988023952096
0.005988023952096
0.005988023952096
0.005988023952096
0.005988023952096
0.005988023952096
0.005988023952096
0.005988023952096
0.005988023952096
0.005988023952096
0.005988023952096
0.005988023952096
0.005988023952096
0.005988023952096
0.005988023952096
0.005988023952096
0.005988023952096
0.005988023952096
0.005988023952096
0.005988023952096
0.005988023952096
0.005988023952096
0.005988023952096
0.005988023952096
0.005988023952096
0.005988023952096
0.005988023952096
0.005988023952096
