1
0.062780269058296
0.040358744394619
0.008968609865471
0.008968609865471
0.008968609865471
0.008968609865471
0.008968609865471
0.008968609865471
0.008968609865471
0.008968609865471
0.008968609865471
0.008968609865471
0.008968609865471
0.008968609865471
0.008968609865471
0.008968609865471
0.008968609865471
0.008968609865471
0.008968609865471
0.008968609865471
0.008968609865471
0.008968609865471
0.008968609865471
0.008968609865471
0.008968609865471
0.008968609865471
0.008968609865471
0.008968609865471
0.008968609865471
0.008968609865471
0.008968609865471
0.008968609865471
0.008968609865471
0.008968609865471
0.008968609865471
0.008968609865471
0.008968609865471
0.008968609865471
0.008968609865471
0.008968609865471
0.008968609865471
0.008968609865471
0.008968609865471
0.008968609865471
0.008968609865471
0.008968609865471
0.008968609865471
0.008968609865471
0.008968609865471
0.008968609865471
0.008968609865471
0.008968609865471
0.008968609865471
0.008968609865471
0.008968609865471
0.008968609865471
0.008968609865471
0.008968609865471
0.008968609865471
0.008968609865471
0.008968609865471
0.008968609865471
0.008968609865471
0.008968609865471
0.008968609865471
0.008968609865471
0.008968609865471
0.008968609865471
0.008968609865471
0.008968609865471
0.008968609865471
0.008968609865471
0.008968609865471
0.008968609865471
0.008968609865471
0.008968609865471
0.008968609865471
0.008968609865471
0.008968609865471
0.008968609865471
0.008968609865471
0.008968609865471
0.008968609865471
0.008968609865471
0.008968609865471
0.008968609865471
0.008968609865471
0.008968609865471
0.008968609865471
0.008968609865471
0.008968609865471
0.008968609865471
0.008968609865471
0.008968609865471
0.008968609865471
0.008968609865471
0.008968609865471
0.008968609865471
0.008968609865471
0.008968609865471
0.008968609865471
0.008968609865471
