1
0.180505415162455
0.097472924187726
0.007220216606498
0.007220216606498
0.007220216606498
0.007220216606498
0.007220216606498
0.007220216606498
0.007220216606498
0.007220216606498
0.007220216606498
0.007220216606498
0.007220216606498
0.007220216606498
0.007220216606498
0.007220216606498
0.007220216606498
0.007220216606498
0.007220216606498
0.007220216606498
0.007220216606498
0.007220216606498
0.007220216606498
0.007220216606498
0.007220216606498
0.007220216606498
0.007220216606498
0.007220216606498
0.007220216606498
0.007220216606498
0.007220216606498
0.007220216606498
0.007220216606498
0.007220216606498
0.007220216606498
0.007220216606498
0.007220216606498
0.007220216606498
0.007220216606498
0.007220216606498
0.007220216606498
0.007220216606498
0.007220216606498
0.007220216606498
0.007220216606498
0.007220216606498
0.007220216606498
0.007220216606498
0.007220216606498
0.007220216606498
0.007220216606498
0.007220216606498
0.007220216606498
0.007220216606498
0.007220216606498
0.007220216606498
0.007220216606498
0.007220216606498
0.007220216606498
0.007220216606498
0.007220216606498
0.007220216606498
0.007220216606498
0.007220216606498
0.007220216606498
0.007220216606498
0.007220216606498
0.007220216606498
0.007220216606498
0.007220216606498
0.007220216606498
0.007220216606498
0.007220216606498
0.007220216606498
0.007220216606498
0.007220216606498
0.007220216606498
0.007220216606498
0.007220216606498
0.007220216606498
0.007220216606498
0.007220216606498
0.007220216606498
0.007220216606498
0.007220216606498
0.007220216606498
0.007220216606498
0.007220216606498
0.007220216606498
0.007220216606498
0.007220216606498
0.007220216606498
0.007220216606498
0.007220216606498
0.007220216606498
0.007220216606498
0.007220216606498
0.007220216606498
0.007220216606498
0.007220216606498
0.007220216606498
0.007220216606498
