1
0.164179104477612
0.089552238805970
0.007462686567164
0.007462686567164
0.007462686567164
0.007462686567164
0.007462686567164
0.007462686567164
0.007462686567164
0.007462686567164
0.007462686567164
0.007462686567164
0.007462686567164
0.007462686567164
0.007462686567164
0.007462686567164
0.007462686567164
0.007462686567164
0.007462686567164
0.007462686567164
0.007462686567164
0.007462686567164
0.007462686567164
0.007462686567164
0.007462686567164
0.007462686567164
0.007462686567164
0.007462686567164
0.007462686567164
0.007462686567164
0.007462686567164
0.007462686567164
0.007462686567164
0.007462686567164
0.007462686567164
0.007462686567164
0.007462686567164
0.007462686567164
0.007462686567164
0.007462686567164
0.007462686567164
0.007462686567164
0.007462686567164
0.007462686567164
0.007462686567164
0.007462686567164
0.007462686567164
0.007462686567164
0.007462686567164
0.007462686567164
0.007462686567164
0.007462686567164
0.007462686567164
0.007462686567164
0.007462686567164
0.007462686567164
0.007462686567164
0.007462686567164
0.007462686567164
0.007462686567164
0.007462686567164
0.007462686567164
0.007462686567164
0.007462686567164
0.007462686567164
0.007462686567164
0.007462686567164
0.007462686567164
0.007462686567164
0.007462686567164
0.007462686567164
0.007462686567164
0.007462686567164
0.007462686567164
0.007462686567164
0.007462686567164
0.007462686567164
0.007462686567164
0.007462686567164
0.007462686567164
0.007462686567164
0.007462686567164
0.007462686567164
0.007462686567164
0.007462686567164
0.007462686567164
0.007462686567164
0.007462686567164
0.007462686567164
0.007462686567164
0.007462686567164
0.007462686567164
0.007462686567164
0.007462686567164
0.007462686567164
0.007462686567164
0.007462686567164
0.007462686567164
0.007462686567164
0.007462686567164
0.007462686567164
0.007462686567164
