1
0.146718146718147
0.081081081081081
0.007722007722008
0.007722007722008
0.007722007722008
0.007722007722008
0.007722007722008
0.007722007722008
0.007722007722008
0.007722007722008
0.007722007722008
0.007722007722008
0.007722007722008
0.007722007722008
0.007722007722008
0.007722007722008
0.007722007722008
0.007722007722008
0.007722007722008
0.007722007722008
0.007722007722008
0.007722007722008
0.007722007722008
0.007722007722008
0.007722007722008
0.007722007722008
0.007722007722008
0.007722007722008
0.007722007722008
0.007722007722008
0.007722007722008
0.007722007722008
0.007722007722008
0.007722007722008
0.007722007722008
0.007722007722008
0.007722007722008
0.007722007722008
0.007722007722008
0.007722007722008
0.007722007722008
0.007722007722008
0.007722007722008
0.007722007722008
0.007722007722008
0.007722007722008
0.007722007722008
0.007722007722008
0.007722007722008
0.007722007722008
0.007722007722008
0.007722007722008
0.007722007722008
0.007722007722008
0.007722007722008
0.007722007722008
0.007722007722008
0.007722007722008
0.007722007722008
0.007722007722008
0.007722007722008
0.007722007722008
0.007722007722008
0.007722007722008
0.007722007722008
0.007722007722008
0.007722007722008
0.007722007722008
0.007722007722008
0.007722007722008
0.007722007722008
0.007722007722008
0.007722007722008
0.007722007722008
0.007722007722008
0.007722007722008
0.007722007722008
0.007722007722008
0.007722007722008
0.007722007722008
0.007722007722008
0.007722007722008
0.007722007722008
0.007722007722008
0.007722007722008
0.007722007722008
0.007722007722008
0.007722007722008
0.007722007722008
0.007722007722008
0.007722007722008
0.007722007722008
0.007722007722008
0.007722007722008
0.007722007722008
0.007722007722008
0.007722007722008
0.007722007722008
0.007722007722008
0.007722007722008
0.007722007722008
0.007722007722008
