1
0.270588235294118
0.141176470588235
0.005882352941176
0.005882352941176
0.005882352941176
0.005882352941176
0.005882352941176
0.005882352941176
0.005882352941176
0.005882352941176
0.005882352941176
0.005882352941176
0.005882352941176
0.005882352941176
0.005882352941176
0.005882352941176
0.005882352941176
0.005882352941176
0.005882352941176
0.005882352941176
0.005882352941176
0.005882352941176
0.005882352941176
0.005882352941176
0.005882352941176
0.005882352941176
0.005882352941176
0.005882352941176
0.005882352941176
0.005882352941176
0.005882352941176
0.005882352941176
0.005882352941176
0.005882352941176
0.005882352941176
0.005882352941176
0.005882352941176
0.005882352941176
0.005882352941176
0.005882352941176
0.005882352941176
0.005882352941176
0.005882352941176
0.005882352941176
0.005882352941176
0.005882352941176
0.005882352941176
0.005882352941176
0.005882352941176
0.005882352941176
0.005882352941176
0.005882352941176
0.005882352941176
0.005882352941176
0.005882352941176
0.005882352941176
0.005882352941176
0.005882352941176
0.005882352941176
0.005882352941176
0.005882352941176
0.005882352941176
0.005882352941176
0.005882352941176
0.005882352941176
0.005882352941176
0.005882352941176
0.005882352941176
0.005882352941176
0.005882352941176
0.005882352941176
0.005882352941176
0.005882352941176
0.005882352941176
0.005882352941176
0.005882352941176
0.005882352941176
0.005882352941176
0.005882352941176
0.005882352941176
0.005882352941176
0.005882352941176
0.005882352941176
0.005882352941176
0.005882352941176
0.005882352941176
0.005882352941176
0.005882352941176
0.005882352941176
0.005882352941176
0.005882352941176
0.005882352941176
0.005882352941176
0.005882352941176
0.005882352941176
0.005882352941176
0.005882352941176
0.005882352941176
0.005882352941176
0.005882352941176
0.005882352941176
0.005882352941176
