1
0.252307692307692
0.132307692307692
0.006153846153846
0.006153846153846
0.006153846153846
0.006153846153846
0.006153846153846
0.006153846153846
0.006153846153846
0.006153846153846
0.006153846153846
0.006153846153846
0.006153846153846
0.006153846153846
0.006153846153846
0.006153846153846
0.006153846153846
0.006153846153846
0.006153846153846
0.006153846153846
0.006153846153846
0.006153846153846
0.006153846153846
0.006153846153846
0.006153846153846
0.006153846153846
0.006153846153846
0.006153846153846
0.006153846153846
0.006153846153846
0.006153846153846
0.006153846153846
0.006153846153846
0.006153846153846
0.006153846153846
0.006153846153846
0.006153846153846
0.006153846153846
0.006153846153846
0.006153846153846
0.006153846153846
0.006153846153846
0.006153846153846
0.006153846153846
0.006153846153846
0.006153846153846
0.006153846153846
0.006153846153846
0.006153846153846
0.006153846153846
0.006153846153846
0.006153846153846
0.006153846153846
0.006153846153846
0.006153846153846
0.006153846153846
0.006153846153846
0.006153846153846
0.006153846153846
0.006153846153846
0.006153846153846
0.006153846153846
0.006153846153846
0.006153846153846
0.006153846153846
0.006153846153846
0.006153846153846
0.006153846153846
0.006153846153846
0.006153846153846
0.006153846153846
0.006153846153846
0.006153846153846
0.006153846153846
0.006153846153846
0.006153846153846
0.006153846153846
0.006153846153846
0.006153846153846
0.006153846153846
0.006153846153846
0.006153846153846
0.006153846153846
0.006153846153846
0.006153846153846
0.006153846153846
0.006153846153846
0.006153846153846
0.006153846153846
0.006153846153846
0.006153846153846
0.006153846153846
0.006153846153846
0.006153846153846
0.006153846153846
0.006153846153846
0.006153846153846
0.006153846153846
0.006153846153846
0.006153846153846
0.006153846153846
0.006153846153846
