1
0.143689320388350
0.079611650485437
0.007766990291262
0.007766990291262
0.007766990291262
0.007766990291262
0.007766990291262
0.007766990291262
0.007766990291262
0.007766990291262
0.007766990291262
0.007766990291262
0.007766990291262
0.007766990291262
0.007766990291262
0.007766990291262
0.007766990291262
0.007766990291262
0.007766990291262
0.007766990291262
0.007766990291262
0.007766990291262
0.007766990291262
0.007766990291262
0.007766990291262
0.007766990291262
0.007766990291262
0.007766990291262
0.007766990291262
0.007766990291262
0.007766990291262
0.007766990291262
0.007766990291262
0.007766990291262
0.007766990291262
0.007766990291262
0.007766990291262
0.007766990291262
0.007766990291262
0.007766990291262
0.007766990291262
0.007766990291262
0.007766990291262
0.007766990291262
0.007766990291262
0.007766990291262
0.007766990291262
0.007766990291262
0.007766990291262
0.007766990291262
0.007766990291262
0.007766990291262
0.007766990291262
0.007766990291262
0.007766990291262
0.007766990291262
0.007766990291262
0.007766990291262
0.007766990291262
0.007766990291262
0.007766990291262
0.007766990291262
0.007766990291262
0.007766990291262
0.007766990291262
0.007766990291262
0.007766990291262
0.007766990291262
0.007766990291262
0.007766990291262
0.007766990291262
0.007766990291262
0.007766990291262
0.007766990291262
0.007766990291262
0.007766990291262
0.007766990291262
0.007766990291262
0.007766990291262
0.007766990291262
0.007766990291262
0.007766990291262
0.007766990291262
0.007766990291262
0.007766990291262
0.007766990291262
0.007766990291262
0.007766990291262
0.007766990291262
0.007766990291262
0.007766990291262
0.007766990291262
0.007766990291262
0.007766990291262
0.007766990291262
0.007766990291262
0.007766990291262
0.007766990291262
0.007766990291262
0.007766990291262
0.007766990291262
0.007766990291262
