1
0.041763341067285
0.030162412993039
0.009280742459397
0.009280742459397
0.009280742459397
0.009280742459397
0.009280742459397
0.009280742459397
0.009280742459397
0.009280742459397
0.009280742459397
0.009280742459397
0.009280742459397
0.009280742459397
0.009280742459397
0.009280742459397
0.009280742459397
0.009280742459397
0.009280742459397
0.009280742459397
0.009280742459397
0.009280742459397
0.009280742459397
0.009280742459397
0.009280742459397
0.009280742459397
0.009280742459397
0.009280742459397
0.009280742459397
0.009280742459397
0.009280742459397
0.009280742459397
0.009280742459397
0.009280742459397
0.009280742459397
0.009280742459397
0.009280742459397
0.009280742459397
0.009280742459397
0.009280742459397
0.009280742459397
0.009280742459397
0.009280742459397
0.009280742459397
0.009280742459397
0.009280742459397
0.009280742459397
0.009280742459397
0.009280742459397
0.009280742459397
0.009280742459397
0.009280742459397
0.009280742459397
0.009280742459397
0.009280742459397
0.009280742459397
0.009280742459397
0.009280742459397
0.009280742459397
0.009280742459397
0.009280742459397
0.009280742459397
0.009280742459397
0.009280742459397
0.009280742459397
0.009280742459397
0.009280742459397
0.009280742459397
0.009280742459397
0.009280742459397
0.009280742459397
0.009280742459397
0.009280742459397
0.009280742459397
0.009280742459397
0.009280742459397
0.009280742459397
0.009280742459397
0.009280742459397
0.009280742459397
0.009280742459397
0.009280742459397
0.009280742459397
0.009280742459397
0.009280742459397
0.009280742459397
0.009280742459397
0.009280742459397
0.009280742459397
0.009280742459397
0.009280742459397
0.009280742459397
0.009280742459397
0.009280742459397
0.009280742459397
0.009280742459397
0.009280742459397
0.009280742459397
0.009280742459397
0.009280742459397
0.009280742459397
0.009280742459397
