1
0.169741697416974
0.092250922509225
0.007380073800738
0.007380073800738
0.007380073800738
0.007380073800738
0.007380073800738
0.007380073800738
0.007380073800738
0.007380073800738
0.007380073800738
0.007380073800738
0.007380073800738
0.007380073800738
0.007380073800738
0.007380073800738
0.007380073800738
0.007380073800738
0.007380073800738
0.007380073800738
0.007380073800738
0.007380073800738
0.007380073800738
0.007380073800738
0.007380073800738
0.007380073800738
0.007380073800738
0.007380073800738
0.007380073800738
0.007380073800738
0.007380073800738
0.007380073800738
0.007380073800738
0.007380073800738
0.007380073800738
0.007380073800738
0.007380073800738
0.007380073800738
0.007380073800738
0.007380073800738
0.007380073800738
0.007380073800738
0.007380073800738
0.007380073800738
0.007380073800738
0.007380073800738
0.007380073800738
0.007380073800738
0.007380073800738
0.007380073800738
0.007380073800738
0.007380073800738
0.007380073800738
0.007380073800738
0.007380073800738
0.007380073800738
0.007380073800738
0.007380073800738
0.007380073800738
0.007380073800738
0.007380073800738
0.007380073800738
0.007380073800738
0.007380073800738
0.007380073800738
0.007380073800738
0.007380073800738
0.007380073800738
0.007380073800738
0.007380073800738
0.007380073800738
0.007380073800738
0.007380073800738
0.007380073800738
0.007380073800738
0.007380073800738
0.007380073800738
0.007380073800738
0.007380073800738
0.007380073800738
0.007380073800738
0.007380073800738
0.007380073800738
0.007380073800738
0.007380073800738
0.007380073800738
0.007380073800738
0.007380073800738
0.007380073800738
0.007380073800738
0.007380073800738
0.007380073800738
0.007380073800738
0.007380073800738
0.007380073800738
0.007380073800738
0.007380073800738
0.007380073800738
0.007380073800738
0.007380073800738
0.007380073800738
0.007380073800738
