1
0.207836456558773
0.110732538330494
0.006814310051107
0.006814310051107
0.006814310051107
0.006814310051107
0.006814310051107
0.006814310051107
0.006814310051107
0.006814310051107
0.006814310051107
0.006814310051107
0.006814310051107
0.006814310051107
0.006814310051107
0.006814310051107
0.006814310051107
0.006814310051107
0.006814310051107
0.006814310051107
0.006814310051107
0.006814310051107
0.006814310051107
0.006814310051107
0.006814310051107
0.006814310051107
0.006814310051107
0.006814310051107
0.006814310051107
0.006814310051107
0.006814310051107
0.006814310051107
0.006814310051107
0.006814310051107
0.006814310051107
0.006814310051107
0.006814310051107
0.006814310051107
0.006814310051107
0.006814310051107
0.006814310051107
0.006814310051107
0.006814310051107
0.006814310051107
0.006814310051107
0.006814310051107
0.006814310051107
0.006814310051107
0.006814310051107
0.006814310051107
0.006814310051107
0.006814310051107
0.006814310051107
0.006814310051107
0.006814310051107
0.006814310051107
0.006814310051107
0.006814310051107
0.006814310051107
0.006814310051107
0.006814310051107
0.006814310051107
0.006814310051107
0.006814310051107
0.006814310051107
0.006814310051107
0.006814310051107
0.006814310051107
0.006814310051107
0.006814310051107
0.006814310051107
0.006814310051107
0.006814310051107
0.006814310051107
0.006814310051107
0.006814310051107
0.006814310051107
0.006814310051107
0.006814310051107
0.006814310051107
0.006814310051107
0.006814310051107
0.006814310051107
0.006814310051107
0.006814310051107
0.006814310051107
0.006814310051107
0.006814310051107
0.006814310051107
0.006814310051107
0.006814310051107
0.006814310051107
0.006814310051107
0.006814310051107
0.006814310051107
0.006814310051107
0.006814310051107
0.006814310051107
0.006814310051107
0.006814310051107
0.006814310051107
0.006814310051107
