1
0.282453637660485
0.146932952924394
0.005706134094151
0.005706134094151
0.005706134094151
0.005706134094151
0.005706134094151
0.005706134094151
0.005706134094151
0.005706134094151
0.005706134094151
0.005706134094151
0.005706134094151
0.005706134094151
0.005706134094151
0.005706134094151
0.005706134094151
0.005706134094151
0.005706134094151
0.005706134094151
0.005706134094151
0.005706134094151
0.005706134094151
0.005706134094151
0.005706134094151
0.005706134094151
0.005706134094151
0.005706134094151
0.005706134094151
0.005706134094151
0.005706134094151
0.005706134094151
0.005706134094151
0.005706134094151
0.005706134094151
0.005706134094151
0.005706134094151
0.005706134094151
0.005706134094151
0.005706134094151
0.005706134094151
0.005706134094151
0.005706134094151
0.005706134094151
0.005706134094151
0.005706134094151
0.005706134094151
0.005706134094151
0.005706134094151
0.005706134094151
0.005706134094151
0.005706134094151
0.005706134094151
0.005706134094151
0.005706134094151
0.005706134094151
0.005706134094151
0.005706134094151
0.005706134094151
0.005706134094151
0.005706134094151
0.005706134094151
0.005706134094151
0.005706134094151
0.005706134094151
0.005706134094151
0.005706134094151
0.005706134094151
0.005706134094151
0.005706134094151
0.005706134094151
0.005706134094151
0.005706134094151
0.005706134094151
0.005706134094151
0.005706134094151
0.005706134094151
0.005706134094151
0.005706134094151
0.005706134094151
0.005706134094151
0.005706134094151
0.005706134094151
0.005706134094151
0.005706134094151
0.005706134094151
0.005706134094151
0.005706134094151
0.005706134094151
0.005706134094151
0.005706134094151
0.005706134094151
0.005706134094151
0.005706134094151
0.005706134094151
0.005706134094151
0.005706134094151
0.005706134094151
0.005706134094151
0.005706134094151
0.005706134094151
0.005706134094151
