1
0.190812720848057
0.102473498233216
0.007067137809187
0.007067137809187
0.007067137809187
0.007067137809187
0.007067137809187
0.007067137809187
0.007067137809187
0.007067137809187
0.007067137809187
0.007067137809187
0.007067137809187
0.007067137809187
0.007067137809187
0.007067137809187
0.007067137809187
0.007067137809187
0.007067137809187
0.007067137809187
0.007067137809187
0.007067137809187
0.007067137809187
0.007067137809187
0.007067137809187
0.007067137809187
0.007067137809187
0.007067137809187
0.007067137809187
0.007067137809187
0.007067137809187
0.007067137809187
0.007067137809187
0.007067137809187
0.007067137809187
0.007067137809187
0.007067137809187
0.007067137809187
0.007067137809187
0.007067137809187
0.007067137809187
0.007067137809187
0.007067137809187
0.007067137809187
0.007067137809187
0.007067137809187
0.007067137809187
0.007067137809187
0.007067137809187
0.007067137809187
0.007067137809187
0.007067137809187
0.007067137809187
0.007067137809187
0.007067137809187
0.007067137809187
0.007067137809187
0.007067137809187
0.007067137809187
0.007067137809187
0.007067137809187
0.007067137809187
0.007067137809187
0.007067137809187
0.007067137809187
0.007067137809187
0.007067137809187
0.007067137809187
0.007067137809187
0.007067137809187
0.007067137809187
0.007067137809187
0.007067137809187
0.007067137809187
0.007067137809187
0.007067137809187
0.007067137809187
0.007067137809187
0.007067137809187
0.007067137809187
0.007067137809187
0.007067137809187
0.007067137809187
0.007067137809187
0.007067137809187
0.007067137809187
0.007067137809187
0.007067137809187
0.007067137809187
0.007067137809187
0.007067137809187
0.007067137809187
0.007067137809187
0.007067137809187
0.007067137809187
0.007067137809187
0.007067137809187
0.007067137809187
0.007067137809187
0.007067137809187
0.007067137809187
0.007067137809187
