1
0.285714285714286
0.148514851485149
0.005657708628006
0.005657708628006
0.005657708628006
0.005657708628006
0.005657708628006
0.005657708628006
0.005657708628006
0.005657708628006
0.005657708628006
0.005657708628006
0.005657708628006
0.005657708628006
0.005657708628006
0.005657708628006
0.005657708628006
0.005657708628006
0.005657708628006
0.005657708628006
0.005657708628006
0.005657708628006
0.005657708628006
0.005657708628006
0.005657708628006
0.005657708628006
0.005657708628006
0.005657708628006
0.005657708628006
0.005657708628006
0.005657708628006
0.005657708628006
0.005657708628006
0.005657708628006
0.005657708628006
0.005657708628006
0.005657708628006
0.005657708628006
0.005657708628006
0.005657708628006
0.005657708628006
0.005657708628006
0.005657708628006
0.005657708628006
0.005657708628006
0.005657708628006
0.005657708628006
0.005657708628006
0.005657708628006
0.005657708628006
0.005657708628006
0.005657708628006
0.005657708628006
0.005657708628006
0.005657708628006
0.005657708628006
0.005657708628006
0.005657708628006
0.005657708628006
0.005657708628006
0.005657708628006
0.005657708628006
0.005657708628006
0.005657708628006
0.005657708628006
0.005657708628006
0.005657708628006
0.005657708628006
0.005657708628006
0.005657708628006
0.005657708628006
0.005657708628006
0.005657708628006
0.005657708628006
0.005657708628006
0.005657708628006
0.005657708628006
0.005657708628006
0.005657708628006
0.005657708628006
0.005657708628006
0.005657708628006
0.005657708628006
0.005657708628006
0.005657708628006
0.005657708628006
0.005657708628006
0.005657708628006
0.005657708628006
0.005657708628006
0.005657708628006
0.005657708628006
0.005657708628006
0.005657708628006
0.005657708628006
0.005657708628006
0.005657708628006
0.005657708628006
0.005657708628006
0.005657708628006
0.005657708628006
0.005657708628006
