1
0.230145867098865
0.121555915721232
0.006482982171799
0.006482982171799
0.006482982171799
0.006482982171799
0.006482982171799
0.006482982171799
0.006482982171799
0.006482982171799
0.006482982171799
0.006482982171799
0.006482982171799
0.006482982171799
0.006482982171799
0.006482982171799
0.006482982171799
0.006482982171799
0.006482982171799
0.006482982171799
0.006482982171799
0.006482982171799
0.006482982171799
0.006482982171799
0.006482982171799
0.006482982171799
0.006482982171799
0.006482982171799
0.006482982171799
0.006482982171799
0.006482982171799
0.006482982171799
0.006482982171799
0.006482982171799
0.006482982171799
0.006482982171799
0.006482982171799
0.006482982171799
0.006482982171799
0.006482982171799
0.006482982171799
0.006482982171799
0.006482982171799
0.006482982171799
0.006482982171799
0.006482982171799
0.006482982171799
0.006482982171799
0.006482982171799
0.006482982171799
0.006482982171799
0.006482982171799
0.006482982171799
0.006482982171799
0.006482982171799
0.006482982171799
0.006482982171799
0.006482982171799
0.006482982171799
0.006482982171799
0.006482982171799
0.006482982171799
0.006482982171799
0.006482982171799
0.006482982171799
0.006482982171799
0.006482982171799
0.006482982171799
0.006482982171799
0.006482982171799
0.006482982171799
0.006482982171799
0.006482982171799
0.006482982171799
0.006482982171799
0.006482982171799
0.006482982171799
0.006482982171799
0.006482982171799
0.006482982171799
0.006482982171799
0.006482982171799
0.006482982171799
0.006482982171799
0.006482982171799
0.006482982171799
0.006482982171799
0.006482982171799
0.006482982171799
0.006482982171799
0.006482982171799
0.006482982171799
0.006482982171799
0.006482982171799
0.006482982171799
0.006482982171799
0.006482982171799
0.006482982171799
0.006482982171799
0.006482982171799
0.006482982171799
0.006482982171799
