1
0.161350844277674
0.088180112570356
0.007504690431520
0.007504690431520
0.007504690431520
0.007504690431520
0.007504690431520
0.007504690431520
0.007504690431520
0.007504690431520
0.007504690431520
0.007504690431520
0.007504690431520
0.007504690431520
0.007504690431520
0.007504690431520
0.007504690431520
0.007504690431520
0.007504690431520
0.007504690431520
0.007504690431520
0.007504690431520
0.007504690431520
0.007504690431520
0.007504690431520
0.007504690431520
0.007504690431520
0.007504690431520
0.007504690431520
0.007504690431520
0.007504690431520
0.007504690431520
0.007504690431520
0.007504690431520
0.007504690431520
0.007504690431520
0.007504690431520
0.007504690431520
0.007504690431520
0.007504690431520
0.007504690431520
0.007504690431520
0.007504690431520
0.007504690431520
0.007504690431520
0.007504690431520
0.007504690431520
0.007504690431520
0.007504690431520
0.007504690431520
0.007504690431520
0.007504690431520
0.007504690431520
0.007504690431520
0.007504690431520
0.007504690431520
0.007504690431520
0.007504690431520
0.007504690431520
0.007504690431520
0.007504690431520
0.007504690431520
0.007504690431520
0.007504690431520
0.007504690431520
0.007504690431520
0.007504690431520
0.007504690431520
0.007504690431520
0.007504690431520
0.007504690431520
0.007504690431520
0.007504690431520
0.007504690431520
0.007504690431520
0.007504690431520
0.007504690431520
0.007504690431520
0.007504690431520
0.007504690431520
0.007504690431520
0.007504690431520
0.007504690431520
0.007504690431520
0.007504690431520
0.007504690431520
0.007504690431520
0.007504690431520
0.007504690431520
0.007504690431520
0.007504690431520
0.007504690431520
0.007504690431520
0.007504690431520
0.007504690431520
0.007504690431520
0.007504690431520
0.007504690431520
0.007504690431520
0.007504690431520
0.007504690431520
0.007504690431520
