1
0.158490566037736
0.086792452830189
0.007547169811321
0.007547169811321
0.007547169811321
0.007547169811321
0.007547169811321
0.007547169811321
0.007547169811321
0.007547169811321
0.007547169811321
0.007547169811321
0.007547169811321
0.007547169811321
0.007547169811321
0.007547169811321
0.007547169811321
0.007547169811321
0.007547169811321
0.007547169811321
0.007547169811321
0.007547169811321
0.007547169811321
0.007547169811321
0.007547169811321
0.007547169811321
0.007547169811321
0.007547169811321
0.007547169811321
0.007547169811321
0.007547169811321
0.007547169811321
0.007547169811321
0.007547169811321
0.007547169811321
0.007547169811321
0.007547169811321
0.007547169811321
0.007547169811321
0.007547169811321
0.007547169811321
0.007547169811321
0.007547169811321
0.007547169811321
0.007547169811321
0.007547169811321
0.007547169811321
0.007547169811321
0.007547169811321
0.007547169811321
0.007547169811321
0.007547169811321
0.007547169811321
0.007547169811321
0.007547169811321
0.007547169811321
0.007547169811321
0.007547169811321
0.007547169811321
0.007547169811321
0.007547169811321
0.007547169811321
0.007547169811321
0.007547169811321
0.007547169811321
0.007547169811321
0.007547169811321
0.007547169811321
0.007547169811321
0.007547169811321
0.007547169811321
0.007547169811321
0.007547169811321
0.007547169811321
0.007547169811321
0.007547169811321
0.007547169811321
0.007547169811321
0.007547169811321
0.007547169811321
0.007547169811321
0.007547169811321
0.007547169811321
0.007547169811321
0.007547169811321
0.007547169811321
0.007547169811321
0.007547169811321
0.007547169811321
0.007547169811321
0.007547169811321
0.007547169811321
0.007547169811321
0.007547169811321
0.007547169811321
0.007547169811321
0.007547169811321
0.007547169811321
0.007547169811321
0.007547169811321
0.007547169811321
0.007547169811321
