1
0.277456647398844
0.144508670520231
0.005780346820809
0.005780346820809
0.005780346820809
0.005780346820809
0.005780346820809
0.005780346820809
0.005780346820809
0.005780346820809
0.005780346820809
0.005780346820809
0.005780346820809
0.005780346820809
0.005780346820809
0.005780346820809
0.005780346820809
0.005780346820809
0.005780346820809
0.005780346820809
0.005780346820809
0.005780346820809
0.005780346820809
0.005780346820809
0.005780346820809
0.005780346820809
0.005780346820809
0.005780346820809
0.005780346820809
0.005780346820809
0.005780346820809
0.005780346820809
0.005780346820809
0.005780346820809
0.005780346820809
0.005780346820809
0.005780346820809
0.005780346820809
0.005780346820809
0.005780346820809
0.005780346820809
0.005780346820809
0.005780346820809
0.005780346820809
0.005780346820809
0.005780346820809
0.005780346820809
0.005780346820809
0.005780346820809
0.005780346820809
0.005780346820809
0.005780346820809
0.005780346820809
0.005780346820809
0.005780346820809
0.005780346820809
0.005780346820809
0.005780346820809
0.005780346820809
0.005780346820809
0.005780346820809
0.005780346820809
0.005780346820809
0.005780346820809
0.005780346820809
0.005780346820809
0.005780346820809
0.005780346820809
0.005780346820809
0.005780346820809
0.005780346820809
0.005780346820809
0.005780346820809
0.005780346820809
0.005780346820809
0.005780346820809
0.005780346820809
0.005780346820809
0.005780346820809
0.005780346820809
0.005780346820809
0.005780346820809
0.005780346820809
0.005780346820809
0.005780346820809
0.005780346820809
0.005780346820809
0.005780346820809
0.005780346820809
0.005780346820809
0.005780346820809
0.005780346820809
0.005780346820809
0.005780346820809
0.005780346820809
0.005780346820809
0.005780346820809
0.005780346820809
0.005780346820809
0.005780346820809
0.005780346820809
0.005780346820809
