1
0.257966616084977
0.135053110773900
0.006069802731411
0.006069802731411
0.006069802731411
0.006069802731411
0.006069802731411
0.006069802731411
0.006069802731411
0.006069802731411
0.006069802731411
0.006069802731411
0.006069802731411
0.006069802731411
0.006069802731411
0.006069802731411
0.006069802731411
0.006069802731411
0.006069802731411
0.006069802731411
0.006069802731411
0.006069802731411
0.006069802731411
0.006069802731411
0.006069802731411
0.006069802731411
0.006069802731411
0.006069802731411
0.006069802731411
0.006069802731411
0.006069802731411
0.006069802731411
0.006069802731411
0.006069802731411
0.006069802731411
0.006069802731411
0.006069802731411
0.006069802731411
0.006069802731411
0.006069802731411
0.006069802731411
0.006069802731411
0.006069802731411
0.006069802731411
0.006069802731411
0.006069802731411
0.006069802731411
0.006069802731411
0.006069802731411
0.006069802731411
0.006069802731411
0.006069802731411
0.006069802731411
0.006069802731411
0.006069802731411
0.006069802731411
0.006069802731411
0.006069802731411
0.006069802731411
0.006069802731411
0.006069802731411
0.006069802731411
0.006069802731411
0.006069802731411
0.006069802731411
0.006069802731411
0.006069802731411
0.006069802731411
0.006069802731411
0.006069802731411
0.006069802731411
0.006069802731411
0.006069802731411
0.006069802731411
0.006069802731411
0.006069802731411
0.006069802731411
0.006069802731411
0.006069802731411
0.006069802731411
0.006069802731411
0.006069802731411
0.006069802731411
0.006069802731411
0.006069802731411
0.006069802731411
0.006069802731411
0.006069802731411
0.006069802731411
0.006069802731411
0.006069802731411
0.006069802731411
0.006069802731411
0.006069802731411
0.006069802731411
0.006069802731411
0.006069802731411
0.006069802731411
0.006069802731411
0.006069802731411
0.006069802731411
0.006069802731411
