1
0.272327964860908
0.142020497803807
0.005856515373353
0.005856515373353
0.005856515373353
0.005856515373353
0.005856515373353
0.005856515373353
0.005856515373353
0.005856515373353
0.005856515373353
0.005856515373353
0.005856515373353
0.005856515373353
0.005856515373353
0.005856515373353
0.005856515373353
0.005856515373353
0.005856515373353
0.005856515373353
0.005856515373353
0.005856515373353
0.005856515373353
0.005856515373353
0.005856515373353
0.005856515373353
0.005856515373353
0.005856515373353
0.005856515373353
0.005856515373353
0.005856515373353
0.005856515373353
0.005856515373353
0.005856515373353
0.005856515373353
0.005856515373353
0.005856515373353
0.005856515373353
0.005856515373353
0.005856515373353
0.005856515373353
0.005856515373353
0.005856515373353
0.005856515373353
0.005856515373353
0.005856515373353
0.005856515373353
0.005856515373353
0.005856515373353
0.005856515373353
0.005856515373353
0.005856515373353
0.005856515373353
0.005856515373353
0.005856515373353
0.005856515373353
0.005856515373353
0.005856515373353
0.005856515373353
0.005856515373353
0.005856515373353
0.005856515373353
0.005856515373353
0.005856515373353
0.005856515373353
0.005856515373353
0.005856515373353
0.005856515373353
0.005856515373353
0.005856515373353
0.005856515373353
0.005856515373353
0.005856515373353
0.005856515373353
0.005856515373353
0.005856515373353
0.005856515373353
0.005856515373353
0.005856515373353
0.005856515373353
0.005856515373353
0.005856515373353
0.005856515373353
0.005856515373353
0.005856515373353
0.005856515373353
0.005856515373353
0.005856515373353
0.005856515373353
0.005856515373353
0.005856515373353
0.005856515373353
0.005856515373353
0.005856515373353
0.005856515373353
0.005856515373353
0.005856515373353
0.005856515373353
0.005856515373353
0.005856515373353
0.005856515373353
0.005856515373353
