1
0.188277087033748
0.101243339253996
0.007104795737123
0.007104795737123
0.007104795737123
0.007104795737123
0.007104795737123
0.007104795737123
0.007104795737123
0.007104795737123
0.007104795737123
0.007104795737123
0.007104795737123
0.007104795737123
0.007104795737123
0.007104795737123
0.007104795737123
0.007104795737123
0.007104795737123
0.007104795737123
0.007104795737123
0.007104795737123
0.007104795737123
0.007104795737123
0.007104795737123
0.007104795737123
0.007104795737123
0.007104795737123
0.007104795737123
0.007104795737123
0.007104795737123
0.007104795737123
0.007104795737123
0.007104795737123
0.007104795737123
0.007104795737123
0.007104795737123
0.007104795737123
0.007104795737123
0.007104795737123
0.007104795737123
0.007104795737123
0.007104795737123
0.007104795737123
0.007104795737123
0.007104795737123
0.007104795737123
0.007104795737123
0.007104795737123
0.007104795737123
0.007104795737123
0.007104795737123
0.007104795737123
0.007104795737123
0.007104795737123
0.007104795737123
0.007104795737123
0.007104795737123
0.007104795737123
0.007104795737123
0.007104795737123
0.007104795737123
0.007104795737123
0.007104795737123
0.007104795737123
0.007104795737123
0.007104795737123
0.007104795737123
0.007104795737123
0.007104795737123
0.007104795737123
0.007104795737123
0.007104795737123
0.007104795737123
0.007104795737123
0.007104795737123
0.007104795737123
0.007104795737123
0.007104795737123
0.007104795737123
0.007104795737123
0.007104795737123
0.007104795737123
0.007104795737123
0.007104795737123
0.007104795737123
0.007104795737123
0.007104795737123
0.007104795737123
0.007104795737123
0.007104795737123
0.007104795737123
0.007104795737123
0.007104795737123
0.007104795737123
0.007104795737123
0.007104795737123
0.007104795737123
0.007104795737123
0.007104795737123
0.007104795737123
0.007104795737123
