1
0.166975881261596
0.090909090909091
0.007421150278293
0.007421150278293
0.007421150278293
0.007421150278293
0.007421150278293
0.007421150278293
0.007421150278293
0.007421150278293
0.007421150278293
0.007421150278293
0.007421150278293
0.007421150278293
0.007421150278293
0.007421150278293
0.007421150278293
0.007421150278293
0.007421150278293
0.007421150278293
0.007421150278293
0.007421150278293
0.007421150278293
0.007421150278293
0.007421150278293
0.007421150278293
0.007421150278293
0.007421150278293
0.007421150278293
0.007421150278293
0.007421150278293
0.007421150278293
0.007421150278293
0.007421150278293
0.007421150278293
0.007421150278293
0.007421150278293
0.007421150278293
0.007421150278293
0.007421150278293
0.007421150278293
0.007421150278293
0.007421150278293
0.007421150278293
0.007421150278293
0.007421150278293
0.007421150278293
0.007421150278293
0.007421150278293
0.007421150278293
0.007421150278293
0.007421150278293
0.007421150278293
0.007421150278293
0.007421150278293
0.007421150278293
0.007421150278293
0.007421150278293
0.007421150278293
0.007421150278293
0.007421150278293
0.007421150278293
0.007421150278293
0.007421150278293
0.007421150278293
0.007421150278293
0.007421150278293
0.007421150278293
0.007421150278293
0.007421150278293
0.007421150278293
0.007421150278293
0.007421150278293
0.007421150278293
0.007421150278293
0.007421150278293
0.007421150278293
0.007421150278293
0.007421150278293
0.007421150278293
0.007421150278293
0.007421150278293
0.007421150278293
0.007421150278293
0.007421150278293
0.007421150278293
0.007421150278293
0.007421150278293
0.007421150278293
0.007421150278293
0.007421150278293
0.007421150278293
0.007421150278293
0.007421150278293
0.007421150278293
0.007421150278293
0.007421150278293
0.007421150278293
0.007421150278293
0.007421150278293
0.007421150278293
0.007421150278293
