1
0.066815144766147
0.042316258351893
0.008908685968820
0.008908685968820
0.008908685968820
0.008908685968820
0.008908685968820
0.008908685968820
0.008908685968820
0.008908685968820
0.008908685968820
0.008908685968820
0.008908685968820
0.008908685968820
0.008908685968820
0.008908685968820
0.008908685968820
0.008908685968820
0.008908685968820
0.008908685968820
0.008908685968820
0.008908685968820
0.008908685968820
0.008908685968820
0.008908685968820
0.008908685968820
0.008908685968820
0.008908685968820
0.008908685968820
0.008908685968820
0.008908685968820
0.008908685968820
0.008908685968820
0.008908685968820
0.008908685968820
0.008908685968820
0.008908685968820
0.008908685968820
0.008908685968820
0.008908685968820
0.008908685968820
0.008908685968820
0.008908685968820
0.008908685968820
0.008908685968820
0.008908685968820
0.008908685968820
0.008908685968820
0.008908685968820
0.008908685968820
0.008908685968820
0.008908685968820
0.008908685968820
0.008908685968820
0.008908685968820
0.008908685968820
0.008908685968820
0.008908685968820
0.008908685968820
0.008908685968820
0.008908685968820
0.008908685968820
0.008908685968820
0.008908685968820
0.008908685968820
0.008908685968820
0.008908685968820
0.008908685968820
0.008908685968820
0.008908685968820
0.008908685968820
0.008908685968820
0.008908685968820
0.008908685968820
0.008908685968820
0.008908685968820
0.008908685968820
0.008908685968820
0.008908685968820
0.008908685968820
0.008908685968820
0.008908685968820
0.008908685968820
0.008908685968820
0.008908685968820
0.008908685968820
0.008908685968820
0.008908685968820
0.008908685968820
0.008908685968820
0.008908685968820
0.008908685968820
0.008908685968820
0.008908685968820
0.008908685968820
0.008908685968820
0.008908685968820
0.008908685968820
0.008908685968820
0.008908685968820
0.008908685968820
0.008908685968820
