1
0.280802292263610
0.146131805157593
0.005730659025788
0.005730659025788
0.005730659025788
0.005730659025788
0.005730659025788
0.005730659025788
0.005730659025788
0.005730659025788
0.005730659025788
0.005730659025788
0.005730659025788
0.005730659025788
0.005730659025788
0.005730659025788
0.005730659025788
0.005730659025788
0.005730659025788
0.005730659025788
0.005730659025788
0.005730659025788
0.005730659025788
0.005730659025788
0.005730659025788
0.005730659025788
0.005730659025788
0.005730659025788
0.005730659025788
0.005730659025788
0.005730659025788
0.005730659025788
0.005730659025788
0.005730659025788
0.005730659025788
0.005730659025788
0.005730659025788
0.005730659025788
0.005730659025788
0.005730659025788
0.005730659025788
0.005730659025788
0.005730659025788
0.005730659025788
0.005730659025788
0.005730659025788
0.005730659025788
0.005730659025788
0.005730659025788
0.005730659025788
0.005730659025788
0.005730659025788
0.005730659025788
0.005730659025788
0.005730659025788
0.005730659025788
0.005730659025788
0.005730659025788
0.005730659025788
0.005730659025788
0.005730659025788
0.005730659025788
0.005730659025788
0.005730659025788
0.005730659025788
0.005730659025788
0.005730659025788
0.005730659025788
0.005730659025788
0.005730659025788
0.005730659025788
0.005730659025788
0.005730659025788
0.005730659025788
0.005730659025788
0.005730659025788
0.005730659025788
0.005730659025788
0.005730659025788
0.005730659025788
0.005730659025788
0.005730659025788
0.005730659025788
0.005730659025788
0.005730659025788
0.005730659025788
0.005730659025788
0.005730659025788
0.005730659025788
0.005730659025788
0.005730659025788
0.005730659025788
0.005730659025788
0.005730659025788
0.005730659025788
0.005730659025788
0.005730659025788
0.005730659025788
0.005730659025788
0.005730659025788
0.005730659025788
0.005730659025788
