1
0.274052478134111
0.142857142857143
0.005830903790087
0.005830903790087
0.005830903790087
0.005830903790087
0.005830903790087
0.005830903790087
0.005830903790087
0.005830903790087
0.005830903790087
0.005830903790087
0.005830903790087
0.005830903790087
0.005830903790087
0.005830903790087
0.005830903790087
0.005830903790087
0.005830903790087
0.005830903790087
0.005830903790087
0.005830903790087
0.005830903790087
0.005830903790087
0.005830903790087
0.005830903790087
0.005830903790087
0.005830903790087
0.005830903790087
0.005830903790087
0.005830903790087
0.005830903790087
0.005830903790087
0.005830903790087
0.005830903790087
0.005830903790087
0.005830903790087
0.005830903790087
0.005830903790087
0.005830903790087
0.005830903790087
0.005830903790087
0.005830903790087
0.005830903790087
0.005830903790087
0.005830903790087
0.005830903790087
0.005830903790087
0.005830903790087
0.005830903790087
0.005830903790087
0.005830903790087
0.005830903790087
0.005830903790087
0.005830903790087
0.005830903790087
0.005830903790087
0.005830903790087
0.005830903790087
0.005830903790087
0.005830903790087
0.005830903790087
0.005830903790087
0.005830903790087
0.005830903790087
0.005830903790087
0.005830903790087
0.005830903790087
0.005830903790087
0.005830903790087
0.005830903790087
0.005830903790087
0.005830903790087
0.005830903790087
0.005830903790087
0.005830903790087
0.005830903790087
0.005830903790087
0.005830903790087
0.005830903790087
0.005830903790087
0.005830903790087
0.005830903790087
0.005830903790087
0.005830903790087
0.005830903790087
0.005830903790087
0.005830903790087
0.005830903790087
0.005830903790087
0.005830903790087
0.005830903790087
0.005830903790087
0.005830903790087
0.005830903790087
0.005830903790087
0.005830903790087
0.005830903790087
0.005830903790087
0.005830903790087
0.005830903790087
0.005830903790087
