1
0.089935760171306
0.053533190578158
0.008565310492505
0.008565310492505
0.008565310492505
0.008565310492505
0.008565310492505
0.008565310492505
0.008565310492505
0.008565310492505
0.008565310492505
0.008565310492505
0.008565310492505
0.008565310492505
0.008565310492505
0.008565310492505
0.008565310492505
0.008565310492505
0.008565310492505
0.008565310492505
0.008565310492505
0.008565310492505
0.008565310492505
0.008565310492505
0.008565310492505
0.008565310492505
0.008565310492505
0.008565310492505
0.008565310492505
0.008565310492505
0.008565310492505
0.008565310492505
0.008565310492505
0.008565310492505
0.008565310492505
0.008565310492505
0.008565310492505
0.008565310492505
0.008565310492505
0.008565310492505
0.008565310492505
0.008565310492505
0.008565310492505
0.008565310492505
0.008565310492505
0.008565310492505
0.008565310492505
0.008565310492505
0.008565310492505
0.008565310492505
0.008565310492505
0.008565310492505
0.008565310492505
0.008565310492505
0.008565310492505
0.008565310492505
0.008565310492505
0.008565310492505
0.008565310492505
0.008565310492505
0.008565310492505
0.008565310492505
0.008565310492505
0.008565310492505
0.008565310492505
0.008565310492505
0.008565310492505
0.008565310492505
0.008565310492505
0.008565310492505
0.008565310492505
0.008565310492505
0.008565310492505
0.008565310492505
0.008565310492505
0.008565310492505
0.008565310492505
0.008565310492505
0.008565310492505
0.008565310492505
0.008565310492505
0.008565310492505
0.008565310492505
0.008565310492505
0.008565310492505
0.008565310492505
0.008565310492505
0.008565310492505
0.008565310492505
0.008565310492505
0.008565310492505
0.008565310492505
0.008565310492505
0.008565310492505
0.008565310492505
0.008565310492505
0.008565310492505
0.008565310492505
0.008565310492505
0.008565310492505
0.008565310492505
0.008565310492505
