1
0.228013029315961
0.120521172638436
0.006514657980456
0.006514657980456
0.006514657980456
0.006514657980456
0.006514657980456
0.006514657980456
0.006514657980456
0.006514657980456
0.006514657980456
0.006514657980456
0.006514657980456
0.006514657980456
0.006514657980456
0.006514657980456
0.006514657980456
0.006514657980456
0.006514657980456
0.006514657980456
0.006514657980456
0.006514657980456
0.006514657980456
0.006514657980456
0.006514657980456
0.006514657980456
0.006514657980456
0.006514657980456
0.006514657980456
0.006514657980456
0.006514657980456
0.006514657980456
0.006514657980456
0.006514657980456
0.006514657980456
0.006514657980456
0.006514657980456
0.006514657980456
0.006514657980456
0.006514657980456
0.006514657980456
0.006514657980456
0.006514657980456
0.006514657980456
0.006514657980456
0.006514657980456
0.006514657980456
0.006514657980456
0.006514657980456
0.006514657980456
0.006514657980456
0.006514657980456
0.006514657980456
0.006514657980456
0.006514657980456
0.006514657980456
0.006514657980456
0.006514657980456
0.006514657980456
0.006514657980456
0.006514657980456
0.006514657980456
0.006514657980456
0.006514657980456
0.006514657980456
0.006514657980456
0.006514657980456
0.006514657980456
0.006514657980456
0.006514657980456
0.006514657980456
0.006514657980456
0.006514657980456
0.006514657980456
0.006514657980456
0.006514657980456
0.006514657980456
0.006514657980456
0.006514657980456
0.006514657980456
0.006514657980456
0.006514657980456
0.006514657980456
0.006514657980456
0.006514657980456
0.006514657980456
0.006514657980456
0.006514657980456
0.006514657980456
0.006514657980456
0.006514657980456
0.006514657980456
0.006514657980456
0.006514657980456
0.006514657980456
0.006514657980456
0.006514657980456
0.006514657980456
0.006514657980456
0.006514657980456
0.006514657980456
0.006514657980456
