1
0.265275707898659
0.138599105812221
0.005961251862891
0.005961251862891
0.005961251862891
0.005961251862891
0.005961251862891
0.005961251862891
0.005961251862891
0.005961251862891
0.005961251862891
0.005961251862891
0.005961251862891
0.005961251862891
0.005961251862891
0.005961251862891
0.005961251862891
0.005961251862891
0.005961251862891
0.005961251862891
0.005961251862891
0.005961251862891
0.005961251862891
0.005961251862891
0.005961251862891
0.005961251862891
0.005961251862891
0.005961251862891
0.005961251862891
0.005961251862891
0.005961251862891
0.005961251862891
0.005961251862891
0.005961251862891
0.005961251862891
0.005961251862891
0.005961251862891
0.005961251862891
0.005961251862891
0.005961251862891
0.005961251862891
0.005961251862891
0.005961251862891
0.005961251862891
0.005961251862891
0.005961251862891
0.005961251862891
0.005961251862891
0.005961251862891
0.005961251862891
0.005961251862891
0.005961251862891
0.005961251862891
0.005961251862891
0.005961251862891
0.005961251862891
0.005961251862891
0.005961251862891
0.005961251862891
0.005961251862891
0.005961251862891
0.005961251862891
0.005961251862891
0.005961251862891
0.005961251862891
0.005961251862891
0.005961251862891
0.005961251862891
0.005961251862891
0.005961251862891
0.005961251862891
0.005961251862891
0.005961251862891
0.005961251862891
0.005961251862891
0.005961251862891
0.005961251862891
0.005961251862891
0.005961251862891
0.005961251862891
0.005961251862891
0.005961251862891
0.005961251862891
0.005961251862891
0.005961251862891
0.005961251862891
0.005961251862891
0.005961251862891
0.005961251862891
0.005961251862891
0.005961251862891
0.005961251862891
0.005961251862891
0.005961251862891
0.005961251862891
0.005961251862891
0.005961251862891
0.005961251862891
0.005961251862891
0.005961251862891
0.005961251862891
0.005961251862891
