1
0.198260869565217
0.106086956521739
0.006956521739130
0.006956521739130
0.006956521739130
0.006956521739130
0.006956521739130
0.006956521739130
0.006956521739130
0.006956521739130
0.006956521739130
0.006956521739130
0.006956521739130
0.006956521739130
0.006956521739130
0.006956521739130
0.006956521739130
0.006956521739130
0.006956521739130
0.006956521739130
0.006956521739130
0.006956521739130
0.006956521739130
0.006956521739130
0.006956521739130
0.006956521739130
0.006956521739130
0.006956521739130
0.006956521739130
0.006956521739130
0.006956521739130
0.006956521739130
0.006956521739130
0.006956521739130
0.006956521739130
0.006956521739130
0.006956521739130
0.006956521739130
0.006956521739130
0.006956521739130
0.006956521739130
0.006956521739130
0.006956521739130
0.006956521739130
0.006956521739130
0.006956521739130
0.006956521739130
0.006956521739130
0.006956521739130
0.006956521739130
0.006956521739130
0.006956521739130
0.006956521739130
0.006956521739130
0.006956521739130
0.006956521739130
0.006956521739130
0.006956521739130
0.006956521739130
0.006956521739130
0.006956521739130
0.006956521739130
0.006956521739130
0.006956521739130
0.006956521739130
0.006956521739130
0.006956521739130
0.006956521739130
0.006956521739130
0.006956521739130
0.006956521739130
0.006956521739130
0.006956521739130
0.006956521739130
0.006956521739130
0.006956521739130
0.006956521739130
0.006956521739130
0.006956521739130
0.006956521739130
0.006956521739130
0.006956521739130
0.006956521739130
0.006956521739130
0.006956521739130
0.006956521739130
0.006956521739130
0.006956521739130
0.006956521739130
0.006956521739130
0.006956521739130
0.006956521739130
0.006956521739130
0.006956521739130
0.006956521739130
0.006956521739130
0.006956521739130
0.006956521739130
0.006956521739130
0.006956521739130
0.006956521739130
0.006956521739130
