1
0.212478920741990
0.112984822934233
0.006745362563238
0.006745362563238
0.006745362563238
0.006745362563238
0.006745362563238
0.006745362563238
0.006745362563238
0.006745362563238
0.006745362563238
0.006745362563238
0.006745362563238
0.006745362563238
0.006745362563238
0.006745362563238
0.006745362563238
0.006745362563238
0.006745362563238
0.006745362563238
0.006745362563238
0.006745362563238
0.006745362563238
0.006745362563238
0.006745362563238
0.006745362563238
0.006745362563238
0.006745362563238
0.006745362563238
0.006745362563238
0.006745362563238
0.006745362563238
0.006745362563238
0.006745362563238
0.006745362563238
0.006745362563238
0.006745362563238
0.006745362563238
0.006745362563238
0.006745362563238
0.006745362563238
0.006745362563238
0.006745362563238
0.006745362563238
0.006745362563238
0.006745362563238
0.006745362563238
0.006745362563238
0.006745362563238
0.006745362563238
0.006745362563238
0.006745362563238
0.006745362563238
0.006745362563238
0.006745362563238
0.006745362563238
0.006745362563238
0.006745362563238
0.006745362563238
0.006745362563238
0.006745362563238
0.006745362563238
0.006745362563238
0.006745362563238
0.006745362563238
0.006745362563238
0.006745362563238
0.006745362563238
0.006745362563238
0.006745362563238
0.006745362563238
0.006745362563238
0.006745362563238
0.006745362563238
0.006745362563238
0.006745362563238
0.006745362563238
0.006745362563238
0.006745362563238
0.006745362563238
0.006745362563238
0.006745362563238
0.006745362563238
0.006745362563238
0.006745362563238
0.006745362563238
0.006745362563238
0.006745362563238
0.006745362563238
0.006745362563238
0.006745362563238
0.006745362563238
0.006745362563238
0.006745362563238
0.006745362563238
0.006745362563238
0.006745362563238
0.006745362563238
0.006745362563238
0.006745362563238
0.006745362563238
0.006745362563238
