1
0.240506329113924
0.126582278481013
0.006329113924051
0.006329113924051
0.006329113924051
0.006329113924051
0.006329113924051
0.006329113924051
0.006329113924051
0.006329113924051
0.006329113924051
0.006329113924051
0.006329113924051
0.006329113924051
0.006329113924051
0.006329113924051
0.006329113924051
0.006329113924051
0.006329113924051
0.006329113924051
0.006329113924051
0.006329113924051
0.006329113924051
0.006329113924051
0.006329113924051
0.006329113924051
0.006329113924051
0.006329113924051
0.006329113924051
0.006329113924051
0.006329113924051
0.006329113924051
0.006329113924051
0.006329113924051
0.006329113924051
0.006329113924051
0.006329113924051
0.006329113924051
0.006329113924051
0.006329113924051
0.006329113924051
0.006329113924051
0.006329113924051
0.006329113924051
0.006329113924051
0.006329113924051
0.006329113924051
0.006329113924051
0.006329113924051
0.006329113924051
0.006329113924051
0.006329113924051
0.006329113924051
0.006329113924051
0.006329113924051
0.006329113924051
0.006329113924051
0.006329113924051
0.006329113924051
0.006329113924051
0.006329113924051
0.006329113924051
0.006329113924051
0.006329113924051
0.006329113924051
0.006329113924051
0.006329113924051
0.006329113924051
0.006329113924051
0.006329113924051
0.006329113924051
0.006329113924051
0.006329113924051
0.006329113924051
0.006329113924051
0.006329113924051
0.006329113924051
0.006329113924051
0.006329113924051
0.006329113924051
0.006329113924051
0.006329113924051
0.006329113924051
0.006329113924051
0.006329113924051
0.006329113924051
0.006329113924051
0.006329113924051
0.006329113924051
0.006329113924051
0.006329113924051
0.006329113924051
0.006329113924051
0.006329113924051
0.006329113924051
0.006329113924051
0.006329113924051
0.006329113924051
0.006329113924051
0.006329113924051
0.006329113924051
0.006329113924051
