1
0.152671755725191
0.083969465648855
0.007633587786260
0.007633587786260
0.007633587786260
0.007633587786260
0.007633587786260
0.007633587786260
0.007633587786260
0.007633587786260
0.007633587786260
0.007633587786260
0.007633587786260
0.007633587786260
0.007633587786260
0.007633587786260
0.007633587786260
0.007633587786260
0.007633587786260
0.007633587786260
0.007633587786260
0.007633587786260
0.007633587786260
0.007633587786260
0.007633587786260
0.007633587786260
0.007633587786260
0.007633587786260
0.007633587786260
0.007633587786260
0.007633587786260
0.007633587786260
0.007633587786260
0.007633587786260
0.007633587786260
0.007633587786260
0.007633587786260
0.007633587786260
0.007633587786260
0.007633587786260
0.007633587786260
0.007633587786260
0.007633587786260
0.007633587786260
0.007633587786260
0.007633587786260
0.007633587786260
0.007633587786260
0.007633587786260
0.007633587786260
0.007633587786260
0.007633587786260
0.007633587786260
0.007633587786260
0.007633587786260
0.007633587786260
0.007633587786260
0.007633587786260
0.007633587786260
0.007633587786260
0.007633587786260
0.007633587786260
0.007633587786260
0.007633587786260
0.007633587786260
0.007633587786260
0.007633587786260
0.007633587786260
0.007633587786260
0.007633587786260
0.007633587786260
0.007633587786260
0.007633587786260
0.007633587786260
0.007633587786260
0.007633587786260
0.007633587786260
0.007633587786260
0.007633587786260
0.007633587786260
0.007633587786260
0.007633587786260
0.007633587786260
0.007633587786260
0.007633587786260
0.007633587786260
0.007633587786260
0.007633587786260
0.007633587786260
0.007633587786260
0.007633587786260
0.007633587786260
0.007633587786260
0.007633587786260
0.007633587786260
0.007633587786260
0.007633587786260
0.007633587786260
0.007633587786260
0.007633587786260
0.007633587786260
0.007633587786260
