1
0.131212723658052
0.073558648111332
0.007952286282306
0.007952286282306
0.007952286282306
0.007952286282306
0.007952286282306
0.007952286282306
0.007952286282306
0.007952286282306
0.007952286282306
0.007952286282306
0.007952286282306
0.007952286282306
0.007952286282306
0.007952286282306
0.007952286282306
0.007952286282306
0.007952286282306
0.007952286282306
0.007952286282306
0.007952286282306
0.007952286282306
0.007952286282306
0.007952286282306
0.007952286282306
0.007952286282306
0.007952286282306
0.007952286282306
0.007952286282306
0.007952286282306
0.007952286282306
0.007952286282306
0.007952286282306
0.007952286282306
0.007952286282306
0.007952286282306
0.007952286282306
0.007952286282306
0.007952286282306
0.007952286282306
0.007952286282306
0.007952286282306
0.007952286282306
0.007952286282306
0.007952286282306
0.007952286282306
0.007952286282306
0.007952286282306
0.007952286282306
0.007952286282306
0.007952286282306
0.007952286282306
0.007952286282306
0.007952286282306
0.007952286282306
0.007952286282306
0.007952286282306
0.007952286282306
0.007952286282306
0.007952286282306
0.007952286282306
0.007952286282306
0.007952286282306
0.007952286282306
0.007952286282306
0.007952286282306
0.007952286282306
0.007952286282306
0.007952286282306
0.007952286282306
0.007952286282306
0.007952286282306
0.007952286282306
0.007952286282306
0.007952286282306
0.007952286282306
0.007952286282306
0.007952286282306
0.007952286282306
0.007952286282306
0.007952286282306
0.007952286282306
0.007952286282306
0.007952286282306
0.007952286282306
0.007952286282306
0.007952286282306
0.007952286282306
0.007952286282306
0.007952286282306
0.007952286282306
0.007952286282306
0.007952286282306
0.007952286282306
0.007952286282306
0.007952286282306
0.007952286282306
0.007952286282306
0.007952286282306
0.007952286282306
0.007952286282306
