1
0.155597722960152
0.085388994307400
0.007590132827324
0.007590132827324
0.007590132827324
0.007590132827324
0.007590132827324
0.007590132827324
0.007590132827324
0.007590132827324
0.007590132827324
0.007590132827324
0.007590132827324
0.007590132827324
0.007590132827324
0.007590132827324
0.007590132827324
0.007590132827324
0.007590132827324
0.007590132827324
0.007590132827324
0.007590132827324
0.007590132827324
0.007590132827324
0.007590132827324
0.007590132827324
0.007590132827324
0.007590132827324
0.007590132827324
0.007590132827324
0.007590132827324
0.007590132827324
0.007590132827324
0.007590132827324
0.007590132827324
0.007590132827324
0.007590132827324
0.007590132827324
0.007590132827324
0.007590132827324
0.007590132827324
0.007590132827324
0.007590132827324
0.007590132827324
0.007590132827324
0.007590132827324
0.007590132827324
0.007590132827324
0.007590132827324
0.007590132827324
0.007590132827324
0.007590132827324
0.007590132827324
0.007590132827324
0.007590132827324
0.007590132827324
0.007590132827324
0.007590132827324
0.007590132827324
0.007590132827324
0.007590132827324
0.007590132827324
0.007590132827324
0.007590132827324
0.007590132827324
0.007590132827324
0.007590132827324
0.007590132827324
0.007590132827324
0.007590132827324
0.007590132827324
0.007590132827324
0.007590132827324
0.007590132827324
0.007590132827324
0.007590132827324
0.007590132827324
0.007590132827324
0.007590132827324
0.007590132827324
0.007590132827324
0.007590132827324
0.007590132827324
0.007590132827324
0.007590132827324
0.007590132827324
0.007590132827324
0.007590132827324
0.007590132827324
0.007590132827324
0.007590132827324
0.007590132827324
0.007590132827324
0.007590132827324
0.007590132827324
0.007590132827324
0.007590132827324
0.007590132827324
0.007590132827324
0.007590132827324
0.007590132827324
0.007590132827324
