1
0.028436018957346
0.023696682464455
0.009478672985782
0.009478672985782
0.009478672985782
0.009478672985782
0.009478672985782
0.009478672985782
0.009478672985782
0.009478672985782
0.009478672985782
0.009478672985782
0.009478672985782
0.009478672985782
0.009478672985782
0.009478672985782
0.009478672985782
0.009478672985782
0.009478672985782
0.009478672985782
0.009478672985782
0.009478672985782
0.009478672985782
0.009478672985782
0.009478672985782
0.009478672985782
0.009478672985782
0.009478672985782
0.009478672985782
0.009478672985782
0.009478672985782
0.009478672985782
0.009478672985782
0.009478672985782
0.009478672985782
0.009478672985782
0.009478672985782
0.009478672985782
0.009478672985782
0.009478672985782
0.009478672985782
0.009478672985782
0.009478672985782
0.009478672985782
0.009478672985782
0.009478672985782
0.009478672985782
0.009478672985782
0.009478672985782
0.009478672985782
0.009478672985782
0.009478672985782
0.009478672985782
0.009478672985782
0.009478672985782
0.009478672985782
0.009478672985782
0.009478672985782
0.009478672985782
0.009478672985782
0.009478672985782
0.009478672985782
0.009478672985782
0.009478672985782
0.009478672985782
0.009478672985782
0.009478672985782
0.009478672985782
0.009478672985782
0.009478672985782
0.009478672985782
0.009478672985782
0.009478672985782
0.009478672985782
0.009478672985782
0.009478672985782
0.009478672985782
0.009478672985782
0.009478672985782
0.009478672985782
0.009478672985782
0.009478672985782
0.009478672985782
0.009478672985782
0.009478672985782
0.009478672985782
0.009478672985782
0.009478672985782
0.009478672985782
0.009478672985782
0.009478672985782
0.009478672985782
0.009478672985782
0.009478672985782
0.009478672985782
0.009478672985782
0.009478672985782
0.009478672985782
0.009478672985782
0.009478672985782
0.009478672985782
0.009478672985782
