1
0.217028380634391
0.115191986644407
0.006677796327212
0.006677796327212
0.006677796327212
0.006677796327212
0.006677796327212
0.006677796327212
0.006677796327212
0.006677796327212
0.006677796327212
0.006677796327212
0.006677796327212
0.006677796327212
0.006677796327212
0.006677796327212
0.006677796327212
0.006677796327212
0.006677796327212
0.006677796327212
0.006677796327212
0.006677796327212
0.006677796327212
0.006677796327212
0.006677796327212
0.006677796327212
0.006677796327212
0.006677796327212
0.006677796327212
0.006677796327212
0.006677796327212
0.006677796327212
0.006677796327212
0.006677796327212
0.006677796327212
0.006677796327212
0.006677796327212
0.006677796327212
0.006677796327212
0.006677796327212
0.006677796327212
0.006677796327212
0.006677796327212
0.006677796327212
0.006677796327212
0.006677796327212
0.006677796327212
0.006677796327212
0.006677796327212
0.006677796327212
0.006677796327212
0.006677796327212
0.006677796327212
0.006677796327212
0.006677796327212
0.006677796327212
0.006677796327212
0.006677796327212
0.006677796327212
0.006677796327212
0.006677796327212
0.006677796327212
0.006677796327212
0.006677796327212
0.006677796327212
0.006677796327212
0.006677796327212
0.006677796327212
0.006677796327212
0.006677796327212
0.006677796327212
0.006677796327212
0.006677796327212
0.006677796327212
0.006677796327212
0.006677796327212
0.006677796327212
0.006677796327212
0.006677796327212
0.006677796327212
0.006677796327212
0.006677796327212
0.006677796327212
0.006677796327212
0.006677796327212
0.006677796327212
0.006677796327212
0.006677796327212
0.006677796327212
0.006677796327212
0.006677796327212
0.006677796327212
0.006677796327212
0.006677796327212
0.006677796327212
0.006677796327212
0.006677796327212
0.006677796327212
0.006677796327212
0.006677796327212
0.006677796327212
0.006677796327212
