1
0.107883817427386
0.062240663900415
0.008298755186722
0.008298755186722
0.008298755186722
0.008298755186722
0.008298755186722
0.008298755186722
0.008298755186722
0.008298755186722
0.008298755186722
0.008298755186722
0.008298755186722
0.008298755186722
0.008298755186722
0.008298755186722
0.008298755186722
0.008298755186722
0.008298755186722
0.008298755186722
0.008298755186722
0.008298755186722
0.008298755186722
0.008298755186722
0.008298755186722
0.008298755186722
0.008298755186722
0.008298755186722
0.008298755186722
0.008298755186722
0.008298755186722
0.008298755186722
0.008298755186722
0.008298755186722
0.008298755186722
0.008298755186722
0.008298755186722
0.008298755186722
0.008298755186722
0.008298755186722
0.008298755186722
0.008298755186722
0.008298755186722
0.008298755186722
0.008298755186722
0.008298755186722
0.008298755186722
0.008298755186722
0.008298755186722
0.008298755186722
0.008298755186722
0.008298755186722
0.008298755186722
0.008298755186722
0.008298755186722
0.008298755186722
0.008298755186722
0.008298755186722
0.008298755186722
0.008298755186722
0.008298755186722
0.008298755186722
0.008298755186722
0.008298755186722
0.008298755186722
0.008298755186722
0.008298755186722
0.008298755186722
0.008298755186722
0.008298755186722
0.008298755186722
0.008298755186722
0.008298755186722
0.008298755186722
0.008298755186722
0.008298755186722
0.008298755186722
0.008298755186722
0.008298755186722
0.008298755186722
0.008298755186722
0.008298755186722
0.008298755186722
0.008298755186722
0.008298755186722
0.008298755186722
0.008298755186722
0.008298755186722
0.008298755186722
0.008298755186722
0.008298755186722
0.008298755186722
0.008298755186722
0.008298755186722
0.008298755186722
0.008298755186722
0.008298755186722
0.008298755186722
0.008298755186722
0.008298755186722
0.008298755186722
0.008298755186722
