1
0.128000000000000
0.072000000000000
0.008000000000000
0.008000000000000
0.008000000000000
0.008000000000000
0.008000000000000
0.008000000000000
0.008000000000000
0.008000000000000
0.008000000000000
0.008000000000000
0.008000000000000
0.008000000000000
0.008000000000000
0.008000000000000
0.008000000000000
0.008000000000000
0.008000000000000
0.008000000000000
0.008000000000000
0.008000000000000
0.008000000000000
0.008000000000000
0.008000000000000
0.008000000000000
0.008000000000000
0.008000000000000
0.008000000000000
0.008000000000000
0.008000000000000
0.008000000000000
0.008000000000000
0.008000000000000
0.008000000000000
0.008000000000000
0.008000000000000
0.008000000000000
0.008000000000000
0.008000000000000
0.008000000000000
0.008000000000000
0.008000000000000
0.008000000000000
0.008000000000000
0.008000000000000
0.008000000000000
0.008000000000000
0.008000000000000
0.008000000000000
0.008000000000000
0.008000000000000
0.008000000000000
0.008000000000000
0.008000000000000
0.008000000000000
0.008000000000000
0.008000000000000
0.008000000000000
0.008000000000000
0.008000000000000
0.008000000000000
0.008000000000000
0.008000000000000
0.008000000000000
0.008000000000000
0.008000000000000
0.008000000000000
0.008000000000000
0.008000000000000
0.008000000000000
0.008000000000000
0.008000000000000
0.008000000000000
0.008000000000000
0.008000000000000
0.008000000000000
0.008000000000000
0.008000000000000
0.008000000000000
0.008000000000000
0.008000000000000
0.008000000000000
0.008000000000000
0.008000000000000
0.008000000000000
0.008000000000000
0.008000000000000
0.008000000000000
0.008000000000000
0.008000000000000
0.008000000000000
0.008000000000000
0.008000000000000
0.008000000000000
0.008000000000000
0.008000000000000
0.008000000000000
0.008000000000000
0.008000000000000
0.008000000000000
0.008000000000000
