1
0.046082949308756
0.032258064516129
0.009216589861751
0.009216589861751
0.009216589861751
0.009216589861751
0.009216589861751
0.009216589861751
0.009216589861751
0.009216589861751
0.009216589861751
0.009216589861751
0.009216589861751
0.009216589861751
0.009216589861751
0.009216589861751
0.009216589861751
0.009216589861751
0.009216589861751
0.009216589861751
0.009216589861751
0.009216589861751
0.009216589861751
0.009216589861751
0.009216589861751
0.009216589861751
0.009216589861751
0.009216589861751
0.009216589861751
0.009216589861751
0.009216589861751
0.009216589861751
0.009216589861751
0.009216589861751
0.009216589861751
0.009216589861751
0.009216589861751
0.009216589861751
0.009216589861751
0.009216589861751
0.009216589861751
0.009216589861751
0.009216589861751
0.009216589861751
0.009216589861751
0.009216589861751
0.009216589861751
0.009216589861751
0.009216589861751
0.009216589861751
0.009216589861751
0.009216589861751
0.009216589861751
0.009216589861751
0.009216589861751
0.009216589861751
0.009216589861751
0.009216589861751
0.009216589861751
0.009216589861751
0.009216589861751
0.009216589861751
0.009216589861751
0.009216589861751
0.009216589861751
0.009216589861751
0.009216589861751
0.009216589861751
0.009216589861751
0.009216589861751
0.009216589861751
0.009216589861751
0.009216589861751
0.009216589861751
0.009216589861751
0.009216589861751
0.009216589861751
0.009216589861751
0.009216589861751
0.009216589861751
0.009216589861751
0.009216589861751
0.009216589861751
0.009216589861751
0.009216589861751
0.009216589861751
0.009216589861751
0.009216589861751
0.009216589861751
0.009216589861751
0.009216589861751
0.009216589861751
0.009216589861751
0.009216589861751
0.009216589861751
0.009216589861751
0.009216589861751
0.009216589861751
0.009216589861751
0.009216589861751
0.009216589861751
0.009216589861751
