1
0.238473767885533
0.125596184419714
0.006359300476948
0.006359300476948
0.006359300476948
0.006359300476948
0.006359300476948
0.006359300476948
0.006359300476948
0.006359300476948
0.006359300476948
0.006359300476948
0.006359300476948
0.006359300476948
0.006359300476948
0.006359300476948
0.006359300476948
0.006359300476948
0.006359300476948
0.006359300476948
0.006359300476948
0.006359300476948
0.006359300476948
0.006359300476948
0.006359300476948
0.006359300476948
0.006359300476948
0.006359300476948
0.006359300476948
0.006359300476948
0.006359300476948
0.006359300476948
0.006359300476948
0.006359300476948
0.006359300476948
0.006359300476948
0.006359300476948
0.006359300476948
0.006359300476948
0.006359300476948
0.006359300476948
0.006359300476948
0.006359300476948
0.006359300476948
0.006359300476948
0.006359300476948
0.006359300476948
0.006359300476948
0.006359300476948
0.006359300476948
0.006359300476948
0.006359300476948
0.006359300476948
0.006359300476948
0.006359300476948
0.006359300476948
0.006359300476948
0.006359300476948
0.006359300476948
0.006359300476948
0.006359300476948
0.006359300476948
0.006359300476948
0.006359300476948
0.006359300476948
0.006359300476948
0.006359300476948
0.006359300476948
0.006359300476948
0.006359300476948
0.006359300476948
0.006359300476948
0.006359300476948
0.006359300476948
0.006359300476948
0.006359300476948
0.006359300476948
0.006359300476948
0.006359300476948
0.006359300476948
0.006359300476948
0.006359300476948
0.006359300476948
0.006359300476948
0.006359300476948
0.006359300476948
0.006359300476948
0.006359300476948
0.006359300476948
0.006359300476948
0.006359300476948
0.006359300476948
0.006359300476948
0.006359300476948
0.006359300476948
0.006359300476948
0.006359300476948
0.006359300476948
0.006359300476948
0.006359300476948
0.006359300476948
0.006359300476948
