1
0.275761973875181
0.143686502177068
0.005805515239478
0.005805515239478
0.005805515239478
0.005805515239478
0.005805515239478
0.005805515239478
0.005805515239478
0.005805515239478
0.005805515239478
0.005805515239478
0.005805515239478
0.005805515239478
0.005805515239478
0.005805515239478
0.005805515239478
0.005805515239478
0.005805515239478
0.005805515239478
0.005805515239478
0.005805515239478
0.005805515239478
0.005805515239478
0.005805515239478
0.005805515239478
0.005805515239478
0.005805515239478
0.005805515239478
0.005805515239478
0.005805515239478
0.005805515239478
0.005805515239478
0.005805515239478
0.005805515239478
0.005805515239478
0.005805515239478
0.005805515239478
0.005805515239478
0.005805515239478
0.005805515239478
0.005805515239478
0.005805515239478
0.005805515239478
0.005805515239478
0.005805515239478
0.005805515239478
0.005805515239478
0.005805515239478
0.005805515239478
0.005805515239478
0.005805515239478
0.005805515239478
0.005805515239478
0.005805515239478
0.005805515239478
0.005805515239478
0.005805515239478
0.005805515239478
0.005805515239478
0.005805515239478
0.005805515239478
0.005805515239478
0.005805515239478
0.005805515239478
0.005805515239478
0.005805515239478
0.005805515239478
0.005805515239478
0.005805515239478
0.005805515239478
0.005805515239478
0.005805515239478
0.005805515239478
0.005805515239478
0.005805515239478
0.005805515239478
0.005805515239478
0.005805515239478
0.005805515239478
0.005805515239478
0.005805515239478
0.005805515239478
0.005805515239478
0.005805515239478
0.005805515239478
0.005805515239478
0.005805515239478
0.005805515239478
0.005805515239478
0.005805515239478
0.005805515239478
0.005805515239478
0.005805515239478
0.005805515239478
0.005805515239478
0.005805515239478
0.005805515239478
0.005805515239478
0.005805515239478
0.005805515239478
0.005805515239478
