1
0.185714285714286
0.100000000000000
0.007142857142857
0.007142857142857
0.007142857142857
0.007142857142857
0.007142857142857
0.007142857142857
0.007142857142857
0.007142857142857
0.007142857142857
0.007142857142857
0.007142857142857
0.007142857142857
0.007142857142857
0.007142857142857
0.007142857142857
0.007142857142857
0.007142857142857
0.007142857142857
0.007142857142857
0.007142857142857
0.007142857142857
0.007142857142857
0.007142857142857
0.007142857142857
0.007142857142857
0.007142857142857
0.007142857142857
0.007142857142857
0.007142857142857
0.007142857142857
0.007142857142857
0.007142857142857
0.007142857142857
0.007142857142857
0.007142857142857
0.007142857142857
0.007142857142857
0.007142857142857
0.007142857142857
0.007142857142857
0.007142857142857
0.007142857142857
0.007142857142857
0.007142857142857
0.007142857142857
0.007142857142857
0.007142857142857
0.007142857142857
0.007142857142857
0.007142857142857
0.007142857142857
0.007142857142857
0.007142857142857
0.007142857142857
0.007142857142857
0.007142857142857
0.007142857142857
0.007142857142857
0.007142857142857
0.007142857142857
0.007142857142857
0.007142857142857
0.007142857142857
0.007142857142857
0.007142857142857
0.007142857142857
0.007142857142857
0.007142857142857
0.007142857142857
0.007142857142857
0.007142857142857
0.007142857142857
0.007142857142857
0.007142857142857
0.007142857142857
0.007142857142857
0.007142857142857
0.007142857142857
0.007142857142857
0.007142857142857
0.007142857142857
0.007142857142857
0.007142857142857
0.007142857142857
0.007142857142857
0.007142857142857
0.007142857142857
0.007142857142857
0.007142857142857
0.007142857142857
0.007142857142857
0.007142857142857
0.007142857142857
0.007142857142857
0.007142857142857
0.007142857142857
0.007142857142857
0.007142857142857
0.007142857142857
0.007142857142857
