0.9999
0.081811504083666
0.009090975207092
0.009090975207092
0.009090975207092
0.009090975207092
0.009090975207092
0.009090975207092
0.009090975207092
0.009090975207092
0.009090975207092
0.009090975207092
0.009090975207092
0.009090975207092
0.009090975207092
0.009090975207092
0.009090975207092
0.009090975207092
0.009090975207092
0.009090975207092
0.009090975207092
0.009090975207092
0.009090975207092
0.009090975207092
0.009090975207092
0.009090975207092
0.009090975207092
0.009090975207092
0.009090975207092
0.009090975207092
0.009090975207092
0.009090975207092
0.009090975207092
0.009090975207092
0.009090975207092
0.009090975207092
0.009090975207092
0.009090975207092
0.009090975207092
0.009090975207092
0.009090975207092
0.009090975207092
0.009090975207092
0.009090975207092
0.009090975207092
0.009090975207092
0.009090975207092
0.009090975207092
0.009090975207092
0.009090975207092
0.009090975207092
0.009090975207092
0.009090975207092
0.009090975207092
0.009090975207092
0.009090975207092
0.009090975207092
0.009090975207092
0.009090975207092
0.009090975207092
0.009090975207092
0.009090975207092
0.009090975207092
0.009090975207092
0.009090975207092
0.009090975207092
0.009090975207092
0.009090975207092
0.009090975207092
0.009090975207092
0.009090975207092
0.009090975207092
0.009090975207092
0.009090975207092
0.009090975207092
0.009090975207092
0.009090975207092
0.009090975207092
0.009090975207092
0.009090975207092
0.009090975207092
0.009090975207092
0.009090975207092
0.009090975207092
0.009090975207092
0.009090975207092
0.009090975207092
0.009090975207092
0.009090975207092
0.009090975207092
0.009090975207092
0.009090975207092
0.009090975207092
0.009090975207092
0.009090975207092
0.009090975207092
0.009090975207092
0.009090975207092
0.009090975207092
0.009090975207092
0.009090975207092
0.009090975207092
0.009090975207092
