0.9999
0.494975253787435
0.005000245012006
0.005000245012006
0.005000245012006
0.005000245012006
0.005000245012006
0.005000245012006
0.005000245012006
0.005000245012006
0.005000245012006
0.005000245012006
0.005000245012006
0.005000245012006
0.005000245012006
0.005000245012006
0.005000245012006
0.005000245012006
0.005000245012006
0.005000245012006
0.005000245012006
0.005000245012006
0.005000245012006
0.005000245012006
0.005000245012006
0.005000245012006
0.005000245012006
0.005000245012006
0.005000245012006
0.005000245012006
0.005000245012006
0.005000245012006
0.005000245012006
0.005000245012006
0.005000245012006
0.005000245012006
0.005000245012006
0.005000245012006
0.005000245012006
0.005000245012006
0.005000245012006
0.005000245012006
0.005000245012006
0.005000245012006
0.005000245012006
0.005000245012006
0.005000245012006
0.005000245012006
0.005000245012006
0.005000245012006
0.005000245012006
0.005000245012006
0.005000245012006
0.005000245012006
0.005000245012006
0.005000245012006
0.005000245012006
0.005000245012006
0.005000245012006
0.005000245012006
0.005000245012006
0.005000245012006
0.005000245012006
0.005000245012006
0.005000245012006
0.005000245012006
0.005000245012006
0.005000245012006
0.005000245012006
0.005000245012006
0.005000245012006
0.005000245012006
0.005000245012006
0.005000245012006
0.005000245012006
0.005000245012006
0.005000245012006
0.005000245012006
0.005000245012006
0.005000245012006
0.005000245012006
0.005000245012006
0.005000245012006
0.005000245012006
0.005000245012006
0.005000245012006
0.005000245012006
0.005000245012006
0.005000245012006
0.005000245012006
0.005000245012006
0.005000245012006
0.005000245012006
0.005000245012006
0.005000245012006
0.005000245012006
0.005000245012006
0.005000245012006
0.005000245012006
0.005000245012006
0.005000245012006
0.005000245012006
0.005000245012006
