0.9999
0.497487687204494
0.004975369433619
0.004975369433619
0.004975369433619
0.004975369433619
0.004975369433619
0.004975369433619
0.004975369433619
0.004975369433619
0.004975369433619
0.004975369433619
0.004975369433619
0.004975369433619
0.004975369433619
0.004975369433619
0.004975369433619
0.004975369433619
0.004975369433619
0.004975369433619
0.004975369433619
0.004975369433619
0.004975369433619
0.004975369433619
0.004975369433619
0.004975369433619
0.004975369433619
0.004975369433619
0.004975369433619
0.004975369433619
0.004975369433619
0.004975369433619
0.004975369433619
0.004975369433619
0.004975369433619
0.004975369433619
0.004975369433619
0.004975369433619
0.004975369433619
0.004975369433619
0.004975369433619
0.004975369433619
0.004975369433619
0.004975369433619
0.004975369433619
0.004975369433619
0.004975369433619
0.004975369433619
0.004975369433619
0.004975369433619
0.004975369433619
0.004975369433619
0.004975369433619
0.004975369433619
0.004975369433619
0.004975369433619
0.004975369433619
0.004975369433619
0.004975369433619
0.004975369433619
0.004975369433619
0.004975369433619
0.004975369433619
0.004975369433619
0.004975369433619
0.004975369433619
0.004975369433619
0.004975369433619
0.004975369433619
0.004975369433619
0.004975369433619
0.004975369433619
0.004975369433619
0.004975369433619
0.004975369433619
0.004975369433619
0.004975369433619
0.004975369433619
0.004975369433619
0.004975369433619
0.004975369433619
0.004975369433619
0.004975369433619
0.004975369433619
0.004975369433619
0.004975369433619
0.004975369433619
0.004975369433619
0.004975369433619
0.004975369433619
0.004975369433619
0.004975369433619
0.004975369433619
0.004975369433619
0.004975369433619
0.004975369433619
0.004975369433619
0.004975369433619
0.004975369433619
0.004975369433619
0.004975369433619
0.004975369433619
0.004975369433619
