0.9999
0.090082712382353
0.009009082055620
0.009009082055620
0.009009082055620
0.009009082055620
0.009009082055620
0.009009082055620
0.009009082055620
0.009009082055620
0.009009082055620
0.009009082055620
0.009009082055620
0.009009082055620
0.009009082055620
0.009009082055620
0.009009082055620
0.009009082055620
0.009009082055620
0.009009082055620
0.009009082055620
0.009009082055620
0.009009082055620
0.009009082055620
0.009009082055620
0.009009082055620
0.009009082055620
0.009009082055620
0.009009082055620
0.009009082055620
0.009009082055620
0.009009082055620
0.009009082055620
0.009009082055620
0.009009082055620
0.009009082055620
0.009009082055620
0.009009082055620
0.009009082055620
0.009009082055620
0.009009082055620
0.009009082055620
0.009009082055620
0.009009082055620
0.009009082055620
0.009009082055620
0.009009082055620
0.009009082055620
0.009009082055620
0.009009082055620
0.009009082055620
0.009009082055620
0.009009082055620
0.009009082055620
0.009009082055620
0.009009082055620
0.009009082055620
0.009009082055620
0.009009082055620
0.009009082055620
0.009009082055620
0.009009082055620
0.009009082055620
0.009009082055620
0.009009082055620
0.009009082055620
0.009009082055620
0.009009082055620
0.009009082055620
0.009009082055620
0.009009082055620
0.009009082055620
0.009009082055620
0.009009082055620
0.009009082055620
0.009009082055620
0.009009082055620
0.009009082055620
0.009009082055620
0.009009082055620
0.009009082055620
0.009009082055620
0.009009082055620
0.009009082055620
0.009009082055620
0.009009082055620
0.009009082055620
0.009009082055620
0.009009082055620
0.009009082055620
0.009009082055620
0.009009082055620
0.009009082055620
0.009009082055620
0.009009082055620
0.009009082055620
0.009009082055620
0.009009082055620
0.009009082055620
0.009009082055620
0.009009082055620
0.009009082055620
0.009009082055620
