0.9999
0.098206233984232
0.008928651148671
0.008928651148671
0.008928651148671
0.008928651148671
0.008928651148671
0.008928651148671
0.008928651148671
0.008928651148671
0.008928651148671
0.008928651148671
0.008928651148671
0.008928651148671
0.008928651148671
0.008928651148671
0.008928651148671
0.008928651148671
0.008928651148671
0.008928651148671
0.008928651148671
0.008928651148671
0.008928651148671
0.008928651148671
0.008928651148671
0.008928651148671
0.008928651148671
0.008928651148671
0.008928651148671
0.008928651148671
0.008928651148671
0.008928651148671
0.008928651148671
0.008928651148671
0.008928651148671
0.008928651148671
0.008928651148671
0.008928651148671
0.008928651148671
0.008928651148671
0.008928651148671
0.008928651148671
0.008928651148671
0.008928651148671
0.008928651148671
0.008928651148671
0.008928651148671
0.008928651148671
0.008928651148671
0.008928651148671
0.008928651148671
0.008928651148671
0.008928651148671
0.008928651148671
0.008928651148671
0.008928651148671
0.008928651148671
0.008928651148671
0.008928651148671
0.008928651148671
0.008928651148671
0.008928651148671
0.008928651148671
0.008928651148671
0.008928651148671
0.008928651148671
0.008928651148671
0.008928651148671
0.008928651148671
0.008928651148671
0.008928651148671
0.008928651148671
0.008928651148671
0.008928651148671
0.008928651148671
0.008928651148671
0.008928651148671
0.008928651148671
0.008928651148671
0.008928651148671
0.008928651148671
0.008928651148671
0.008928651148671
0.008928651148671
0.008928651148671
0.008928651148671
0.008928651148671
0.008928651148671
0.008928651148671
0.008928651148671
0.008928651148671
0.008928651148671
0.008928651148671
0.008928651148671
0.008928651148671
0.008928651148671
0.008928651148671
0.008928651148671
0.008928651148671
0.008928651148671
0.008928651148671
0.008928651148671
0.008928651148671
