0.9999
0.106185989421136
0.008849643669098
0.008849643669098
0.008849643669098
0.008849643669098
0.008849643669098
0.008849643669098
0.008849643669098
0.008849643669098
0.008849643669098
0.008849643669098
0.008849643669098
0.008849643669098
0.008849643669098
0.008849643669098
0.008849643669098
0.008849643669098
0.008849643669098
0.008849643669098
0.008849643669098
0.008849643669098
0.008849643669098
0.008849643669098
0.008849643669098
0.008849643669098
0.008849643669098
0.008849643669098
0.008849643669098
0.008849643669098
0.008849643669098
0.008849643669098
0.008849643669098
0.008849643669098
0.008849643669098
0.008849643669098
0.008849643669098
0.008849643669098
0.008849643669098
0.008849643669098
0.008849643669098
0.008849643669098
0.008849643669098
0.008849643669098
0.008849643669098
0.008849643669098
0.008849643669098
0.008849643669098
0.008849643669098
0.008849643669098
0.008849643669098
0.008849643669098
0.008849643669098
0.008849643669098
0.008849643669098
0.008849643669098
0.008849643669098
0.008849643669098
0.008849643669098
0.008849643669098
0.008849643669098
0.008849643669098
0.008849643669098
0.008849643669098
0.008849643669098
0.008849643669098
0.008849643669098
0.008849643669098
0.008849643669098
0.008849643669098
0.008849643669098
0.008849643669098
0.008849643669098
0.008849643669098
0.008849643669098
0.008849643669098
0.008849643669098
0.008849643669098
0.008849643669098
0.008849643669098
0.008849643669098
0.008849643669098
0.008849643669098
0.008849643669098
0.008849643669098
0.008849643669098
0.008849643669098
0.008849643669098
0.008849643669098
0.008849643669098
0.008849643669098
0.008849643669098
0.008849643669098
0.008849643669098
0.008849643669098
0.008849643669098
0.008849643669098
0.008849643669098
0.008849643669098
0.008849643669098
0.008849643669098
0.008849643669098
0.008849643669098
