0.9999
0.114025761674684
0.008772022161637
0.008772022161637
0.008772022161637
0.008772022161637
0.008772022161637
0.008772022161637
0.008772022161637
0.008772022161637
0.008772022161637
0.008772022161637
0.008772022161637
0.008772022161637
0.008772022161637
0.008772022161637
0.008772022161637
0.008772022161637
0.008772022161637
0.008772022161637
0.008772022161637
0.008772022161637
0.008772022161637
0.008772022161637
0.008772022161637
0.008772022161637
0.008772022161637
0.008772022161637
0.008772022161637
0.008772022161637
0.008772022161637
0.008772022161637
0.008772022161637
0.008772022161637
0.008772022161637
0.008772022161637
0.008772022161637
0.008772022161637
0.008772022161637
0.008772022161637
0.008772022161637
0.008772022161637
0.008772022161637
0.008772022161637
0.008772022161637
0.008772022161637
0.008772022161637
0.008772022161637
0.008772022161637
0.008772022161637
0.008772022161637
0.008772022161637
0.008772022161637
0.008772022161637
0.008772022161637
0.008772022161637
0.008772022161637
0.008772022161637
0.008772022161637
0.008772022161637
0.008772022161637
0.008772022161637
0.008772022161637
0.008772022161637
0.008772022161637
0.008772022161637
0.008772022161637
0.008772022161637
0.008772022161637
0.008772022161637
0.008772022161637
0.008772022161637
0.008772022161637
0.008772022161637
0.008772022161637
0.008772022161637
0.008772022161637
0.008772022161637
0.008772022161637
0.008772022161637
0.008772022161637
0.008772022161637
0.008772022161637
0.008772022161637
0.008772022161637
0.008772022161637
0.008772022161637
0.008772022161637
0.008772022161637
0.008772022161637
0.008772022161637
0.008772022161637
0.008772022161637
0.008772022161637
0.008772022161637
0.008772022161637
0.008772022161637
0.008772022161637
0.008772022161637
0.008772022161637
0.008772022161637
0.008772022161637
0.008772022161637
