0.9999
0.121729202156198
0.008695750473701
0.008695750473701
0.008695750473701
0.008695750473701
0.008695750473701
0.008695750473701
0.008695750473701
0.008695750473701
0.008695750473701
0.008695750473701
0.008695750473701
0.008695750473701
0.008695750473701
0.008695750473701
0.008695750473701
0.008695750473701
0.008695750473701
0.008695750473701
0.008695750473701
0.008695750473701
0.008695750473701
0.008695750473701
0.008695750473701
0.008695750473701
0.008695750473701
0.008695750473701
0.008695750473701
0.008695750473701
0.008695750473701
0.008695750473701
0.008695750473701
0.008695750473701
0.008695750473701
0.008695750473701
0.008695750473701
0.008695750473701
0.008695750473701
0.008695750473701
0.008695750473701
0.008695750473701
0.008695750473701
0.008695750473701
0.008695750473701
0.008695750473701
0.008695750473701
0.008695750473701
0.008695750473701
0.008695750473701
0.008695750473701
0.008695750473701
0.008695750473701
0.008695750473701
0.008695750473701
0.008695750473701
0.008695750473701
0.008695750473701
0.008695750473701
0.008695750473701
0.008695750473701
0.008695750473701
0.008695750473701
0.008695750473701
0.008695750473701
0.008695750473701
0.008695750473701
0.008695750473701
0.008695750473701
0.008695750473701
0.008695750473701
0.008695750473701
0.008695750473701
0.008695750473701
0.008695750473701
0.008695750473701
0.008695750473701
0.008695750473701
0.008695750473701
0.008695750473701
0.008695750473701
0.008695750473701
0.008695750473701
0.008695750473701
0.008695750473701
0.008695750473701
0.008695750473701
0.008695750473701
0.008695750473701
0.008695750473701
0.008695750473701
0.008695750473701
0.008695750473701
0.008695750473701
0.008695750473701
0.008695750473701
0.008695750473701
0.008695750473701
0.008695750473701
0.008695750473701
0.008695750473701
0.008695750473701
0.008695750473701
