0.9999
0.129299836377336
0.008620793699234
0.008620793699234
0.008620793699234
0.008620793699234
0.008620793699234
0.008620793699234
0.008620793699234
0.008620793699234
0.008620793699234
0.008620793699234
0.008620793699234
0.008620793699234
0.008620793699234
0.008620793699234
0.008620793699234
0.008620793699234
0.008620793699234
0.008620793699234
0.008620793699234
0.008620793699234
0.008620793699234
0.008620793699234
0.008620793699234
0.008620793699234
0.008620793699234
0.008620793699234
0.008620793699234
0.008620793699234
0.008620793699234
0.008620793699234
0.008620793699234
0.008620793699234
0.008620793699234
0.008620793699234
0.008620793699234
0.008620793699234
0.008620793699234
0.008620793699234
0.008620793699234
0.008620793699234
0.008620793699234
0.008620793699234
0.008620793699234
0.008620793699234
0.008620793699234
0.008620793699234
0.008620793699234
0.008620793699234
0.008620793699234
0.008620793699234
0.008620793699234
0.008620793699234
0.008620793699234
0.008620793699234
0.008620793699234
0.008620793699234
0.008620793699234
0.008620793699234
0.008620793699234
0.008620793699234
0.008620793699234
0.008620793699234
0.008620793699234
0.008620793699234
0.008620793699234
0.008620793699234
0.008620793699234
0.008620793699234
0.008620793699234
0.008620793699234
0.008620793699234
0.008620793699234
0.008620793699234
0.008620793699234
0.008620793699234
0.008620793699234
0.008620793699234
0.008620793699234
0.008620793699234
0.008620793699234
0.008620793699234
0.008620793699234
0.008620793699234
0.008620793699234
0.008620793699234
0.008620793699234
0.008620793699234
0.008620793699234
0.008620793699234
0.008620793699234
0.008620793699234
0.008620793699234
0.008620793699234
0.008620793699234
0.008620793699234
0.008620793699234
0.008620793699234
0.008620793699234
0.008620793699234
0.008620793699234
0.008620793699234
