0.9999
0.136741069329949
0.008547118125446
0.008547118125446
0.008547118125446
0.008547118125446
0.008547118125446
0.008547118125446
0.008547118125446
0.008547118125446
0.008547118125446
0.008547118125446
0.008547118125446
0.008547118125446
0.008547118125446
0.008547118125446
0.008547118125446
0.008547118125446
0.008547118125446
0.008547118125446
0.008547118125446
0.008547118125446
0.008547118125446
0.008547118125446
0.008547118125446
0.008547118125446
0.008547118125446
0.008547118125446
0.008547118125446
0.008547118125446
0.008547118125446
0.008547118125446
0.008547118125446
0.008547118125446
0.008547118125446
0.008547118125446
0.008547118125446
0.008547118125446
0.008547118125446
0.008547118125446
0.008547118125446
0.008547118125446
0.008547118125446
0.008547118125446
0.008547118125446
0.008547118125446
0.008547118125446
0.008547118125446
0.008547118125446
0.008547118125446
0.008547118125446
0.008547118125446
0.008547118125446
0.008547118125446
0.008547118125446
0.008547118125446
0.008547118125446
0.008547118125446
0.008547118125446
0.008547118125446
0.008547118125446
0.008547118125446
0.008547118125446
0.008547118125446
0.008547118125446
0.008547118125446
0.008547118125446
0.008547118125446
0.008547118125446
0.008547118125446
0.008547118125446
0.008547118125446
0.008547118125446
0.008547118125446
0.008547118125446
0.008547118125446
0.008547118125446
0.008547118125446
0.008547118125446
0.008547118125446
0.008547118125446
0.008547118125446
0.008547118125446
0.008547118125446
0.008547118125446
0.008547118125446
0.008547118125446
0.008547118125446
0.008547118125446
0.008547118125446
0.008547118125446
0.008547118125446
0.008547118125446
0.008547118125446
0.008547118125446
0.008547118125446
0.008547118125446
0.008547118125446
0.008547118125446
0.008547118125446
0.008547118125446
0.008547118125446
0.008547118125446
