0.9999
0.144056190592415
0.008474691182253
0.008474691182253
0.008474691182253
0.008474691182253
0.008474691182253
0.008474691182253
0.008474691182253
0.008474691182253
0.008474691182253
0.008474691182253
0.008474691182253
0.008474691182253
0.008474691182253
0.008474691182253
0.008474691182253
0.008474691182253
0.008474691182253
0.008474691182253
0.008474691182253
0.008474691182253
0.008474691182253
0.008474691182253
0.008474691182253
0.008474691182253
0.008474691182253
0.008474691182253
0.008474691182253
0.008474691182253
0.008474691182253
0.008474691182253
0.008474691182253
0.008474691182253
0.008474691182253
0.008474691182253
0.008474691182253
0.008474691182253
0.008474691182253
0.008474691182253
0.008474691182253
0.008474691182253
0.008474691182253
0.008474691182253
0.008474691182253
0.008474691182253
0.008474691182253
0.008474691182253
0.008474691182253
0.008474691182253
0.008474691182253
0.008474691182253
0.008474691182253
0.008474691182253
0.008474691182253
0.008474691182253
0.008474691182253
0.008474691182253
0.008474691182253
0.008474691182253
0.008474691182253
0.008474691182253
0.008474691182253
0.008474691182253
0.008474691182253
0.008474691182253
0.008474691182253
0.008474691182253
0.008474691182253
0.008474691182253
0.008474691182253
0.008474691182253
0.008474691182253
0.008474691182253
0.008474691182253
0.008474691182253
0.008474691182253
0.008474691182253
0.008474691182253
0.008474691182253
0.008474691182253
0.008474691182253
0.008474691182253
0.008474691182253
0.008474691182253
0.008474691182253
0.008474691182253
0.008474691182253
0.008474691182253
0.008474691182253
0.008474691182253
0.008474691182253
0.008474691182253
0.008474691182253
0.008474691182253
0.008474691182253
0.008474691182253
0.008474691182253
0.008474691182253
0.008474691182253
0.008474691182253
0.008474691182253
0.008474691182253
