0.9999
0.151248379178526
0.008403481394272
0.008403481394272
0.008403481394272
0.008403481394272
0.008403481394272
0.008403481394272
0.008403481394272
0.008403481394272
0.008403481394272
0.008403481394272
0.008403481394272
0.008403481394272
0.008403481394272
0.008403481394272
0.008403481394272
0.008403481394272
0.008403481394272
0.008403481394272
0.008403481394272
0.008403481394272
0.008403481394272
0.008403481394272
0.008403481394272
0.008403481394272
0.008403481394272
0.008403481394272
0.008403481394272
0.008403481394272
0.008403481394272
0.008403481394272
0.008403481394272
0.008403481394272
0.008403481394272
0.008403481394272
0.008403481394272
0.008403481394272
0.008403481394272
0.008403481394272
0.008403481394272
0.008403481394272
0.008403481394272
0.008403481394272
0.008403481394272
0.008403481394272
0.008403481394272
0.008403481394272
0.008403481394272
0.008403481394272
0.008403481394272
0.008403481394272
0.008403481394272
0.008403481394272
0.008403481394272
0.008403481394272
0.008403481394272
0.008403481394272
0.008403481394272
0.008403481394272
0.008403481394272
0.008403481394272
0.008403481394272
0.008403481394272
0.008403481394272
0.008403481394272
0.008403481394272
0.008403481394272
0.008403481394272
0.008403481394272
0.008403481394272
0.008403481394272
0.008403481394272
0.008403481394272
0.008403481394272
0.008403481394272
0.008403481394272
0.008403481394272
0.008403481394272
0.008403481394272
0.008403481394272
0.008403481394272
0.008403481394272
0.008403481394272
0.008403481394272
0.008403481394272
0.008403481394272
0.008403481394272
0.008403481394272
0.008403481394272
0.008403481394272
0.008403481394272
0.008403481394272
0.008403481394272
0.008403481394272
0.008403481394272
0.008403481394272
0.008403481394272
0.008403481394272
0.008403481394272
0.008403481394272
0.008403481394272
0.008403481394272
