0.9999
0.009803921568627
0.009803921568627
0.009803921568627
0.009803921568627
0.009803921568627
0.009803921568627
0.009803921568627
0.009803921568627
0.009803921568627
0.009803921568627
0.009803921568627
0.009803921568627
0.009803921568627
0.009803921568627
0.009803921568627
0.009803921568627
0.009803921568627
0.009803921568627
0.009803921568627
0.009803921568627
0.009803921568627
0.009803921568627
0.009803921568627
0.009803921568627
0.009803921568627
0.009803921568627
0.009803921568627
0.009803921568627
0.009803921568627
0.009803921568627
0.009803921568627
0.009803921568627
0.009803921568627
0.009803921568627
0.009803921568627
0.009803921568627
0.009803921568627
0.009803921568627
0.009803921568627
0.009803921568627
0.009803921568627
0.009803921568627
0.009803921568627
0.009803921568627
0.009803921568627
0.009803921568627
0.009803921568627
0.009803921568627
0.009803921568627
0.009803921568627
0.009803921568627
0.009803921568627
0.009803921568627
0.009803921568627
0.009803921568627
0.009803921568627
0.009803921568627
0.009803921568627
0.009803921568627
0.009803921568627
0.009803921568627
0.009803921568627
0.009803921568627
0.009803921568627
0.009803921568627
0.009803921568627
0.009803921568627
0.009803921568627
0.009803921568627
0.009803921568627
0.009803921568627
0.009803921568627
0.009803921568627
0.009803921568627
0.009803921568627
0.009803921568627
0.009803921568627
0.009803921568627
0.009803921568627
0.009803921568627
0.009803921568627
0.009803921568627
0.009803921568627
0.009803921568627
0.009803921568627
0.009803921568627
0.009803921568627
0.009803921568627
0.009803921568627
0.009803921568627
0.009803921568627
0.009803921568627
0.009803921568627
0.009803921568627
0.009803921568627
0.009803921568627
0.009803921568627
0.009803921568627
0.009803921568627
0.009803921568627
0.009803921568627
0.009803921568627
