0.9999
0.158320708143955
0.008333458335208
0.008333458335208
0.008333458335208
0.008333458335208
0.008333458335208
0.008333458335208
0.008333458335208
0.008333458335208
0.008333458335208
0.008333458335208
0.008333458335208
0.008333458335208
0.008333458335208
0.008333458335208
0.008333458335208
0.008333458335208
0.008333458335208
0.008333458335208
0.008333458335208
0.008333458335208
0.008333458335208
0.008333458335208
0.008333458335208
0.008333458335208
0.008333458335208
0.008333458335208
0.008333458335208
0.008333458335208
0.008333458335208
0.008333458335208
0.008333458335208
0.008333458335208
0.008333458335208
0.008333458335208
0.008333458335208
0.008333458335208
0.008333458335208
0.008333458335208
0.008333458335208
0.008333458335208
0.008333458335208
0.008333458335208
0.008333458335208
0.008333458335208
0.008333458335208
0.008333458335208
0.008333458335208
0.008333458335208
0.008333458335208
0.008333458335208
0.008333458335208
0.008333458335208
0.008333458335208
0.008333458335208
0.008333458335208
0.008333458335208
0.008333458335208
0.008333458335208
0.008333458335208
0.008333458335208
0.008333458335208
0.008333458335208
0.008333458335208
0.008333458335208
0.008333458335208
0.008333458335208
0.008333458335208
0.008333458335208
0.008333458335208
0.008333458335208
0.008333458335208
0.008333458335208
0.008333458335208
0.008333458335208
0.008333458335208
0.008333458335208
0.008333458335208
0.008333458335208
0.008333458335208
0.008333458335208
0.008333458335208
0.008333458335208
0.008333458335208
0.008333458335208
0.008333458335208
0.008333458335208
0.008333458335208
0.008333458335208
0.008333458335208
0.008333458335208
0.008333458335208
0.008333458335208
0.008333458335208
0.008333458335208
0.008333458335208
0.008333458335208
0.008333458335208
0.008333458335208
0.008333458335208
0.008333458335208
0.008333458335208
