0.9999
0.165276148964323
0.008264592584512
0.008264592584512
0.008264592584512
0.008264592584512
0.008264592584512
0.008264592584512
0.008264592584512
0.008264592584512
0.008264592584512
0.008264592584512
0.008264592584512
0.008264592584512
0.008264592584512
0.008264592584512
0.008264592584512
0.008264592584512
0.008264592584512
0.008264592584512
0.008264592584512
0.008264592584512
0.008264592584512
0.008264592584512
0.008264592584512
0.008264592584512
0.008264592584512
0.008264592584512
0.008264592584512
0.008264592584512
0.008264592584512
0.008264592584512
0.008264592584512
0.008264592584512
0.008264592584512
0.008264592584512
0.008264592584512
0.008264592584512
0.008264592584512
0.008264592584512
0.008264592584512
0.008264592584512
0.008264592584512
0.008264592584512
0.008264592584512
0.008264592584512
0.008264592584512
0.008264592584512
0.008264592584512
0.008264592584512
0.008264592584512
0.008264592584512
0.008264592584512
0.008264592584512
0.008264592584512
0.008264592584512
0.008264592584512
0.008264592584512
0.008264592584512
0.008264592584512
0.008264592584512
0.008264592584512
0.008264592584512
0.008264592584512
0.008264592584512
0.008264592584512
0.008264592584512
0.008264592584512
0.008264592584512
0.008264592584512
0.008264592584512
0.008264592584512
0.008264592584512
0.008264592584512
0.008264592584512
0.008264592584512
0.008264592584512
0.008264592584512
0.008264592584512
0.008264592584512
0.008264592584512
0.008264592584512
0.008264592584512
0.008264592584512
0.008264592584512
0.008264592584512
0.008264592584512
0.008264592584512
0.008264592584512
0.008264592584512
0.008264592584512
0.008264592584512
0.008264592584512
0.008264592584512
0.008264592584512
0.008264592584512
0.008264592584512
0.008264592584512
0.008264592584512
0.008264592584512
0.008264592584512
0.008264592584512
0.008264592584512
