0.9999
0.172117575697962
0.008196855686159
0.008196855686159
0.008196855686159
0.008196855686159
0.008196855686159
0.008196855686159
0.008196855686159
0.008196855686159
0.008196855686159
0.008196855686159
0.008196855686159
0.008196855686159
0.008196855686159
0.008196855686159
0.008196855686159
0.008196855686159
0.008196855686159
0.008196855686159
0.008196855686159
0.008196855686159
0.008196855686159
0.008196855686159
0.008196855686159
0.008196855686159
0.008196855686159
0.008196855686159
0.008196855686159
0.008196855686159
0.008196855686159
0.008196855686159
0.008196855686159
0.008196855686159
0.008196855686159
0.008196855686159
0.008196855686159
0.008196855686159
0.008196855686159
0.008196855686159
0.008196855686159
0.008196855686159
0.008196855686159
0.008196855686159
0.008196855686159
0.008196855686159
0.008196855686159
0.008196855686159
0.008196855686159
0.008196855686159
0.008196855686159
0.008196855686159
0.008196855686159
0.008196855686159
0.008196855686159
0.008196855686159
0.008196855686159
0.008196855686159
0.008196855686159
0.008196855686159
0.008196855686159
0.008196855686159
0.008196855686159
0.008196855686159
0.008196855686159
0.008196855686159
0.008196855686159
0.008196855686159
0.008196855686159
0.008196855686159
0.008196855686159
0.008196855686159
0.008196855686159
0.008196855686159
0.008196855686159
0.008196855686159
0.008196855686159
0.008196855686159
0.008196855686159
0.008196855686159
0.008196855686159
0.008196855686159
0.008196855686159
0.008196855686159
0.008196855686159
0.008196855686159
0.008196855686159
0.008196855686159
0.008196855686159
0.008196855686159
0.008196855686159
0.008196855686159
0.008196855686159
0.008196855686159
0.008196855686159
0.008196855686159
0.008196855686159
0.008196855686159
0.008196855686159
0.008196855686159
0.008196855686159
0.008196855686159
0.008196855686159
