0.9999
0.178847768945649
0.008130220109449
0.008130220109449
0.008130220109449
0.008130220109449
0.008130220109449
0.008130220109449
0.008130220109449
0.008130220109449
0.008130220109449
0.008130220109449
0.008130220109449
0.008130220109449
0.008130220109449
0.008130220109449
0.008130220109449
0.008130220109449
0.008130220109449
0.008130220109449
0.008130220109449
0.008130220109449
0.008130220109449
0.008130220109449
0.008130220109449
0.008130220109449
0.008130220109449
0.008130220109449
0.008130220109449
0.008130220109449
0.008130220109449
0.008130220109449
0.008130220109449
0.008130220109449
0.008130220109449
0.008130220109449
0.008130220109449
0.008130220109449
0.008130220109449
0.008130220109449
0.008130220109449
0.008130220109449
0.008130220109449
0.008130220109449
0.008130220109449
0.008130220109449
0.008130220109449
0.008130220109449
0.008130220109449
0.008130220109449
0.008130220109449
0.008130220109449
0.008130220109449
0.008130220109449
0.008130220109449
0.008130220109449
0.008130220109449
0.008130220109449
0.008130220109449
0.008130220109449
0.008130220109449
0.008130220109449
0.008130220109449
0.008130220109449
0.008130220109449
0.008130220109449
0.008130220109449
0.008130220109449
0.008130220109449
0.008130220109449
0.008130220109449
0.008130220109449
0.008130220109449
0.008130220109449
0.008130220109449
0.008130220109449
0.008130220109449
0.008130220109449
0.008130220109449
0.008130220109449
0.008130220109449
0.008130220109449
0.008130220109449
0.008130220109449
0.008130220109449
0.008130220109449
0.008130220109449
0.008130220109449
0.008130220109449
0.008130220109449
0.008130220109449
0.008130220109449
0.008130220109449
0.008130220109449
0.008130220109449
0.008130220109449
0.008130220109449
0.008130220109449
0.008130220109449
0.008130220109449
0.008130220109449
0.008130220109449
0.008130220109449
