0.9999
0.185469419618735
0.008064659211696
0.008064659211696
0.008064659211696
0.008064659211696
0.008064659211696
0.008064659211696
0.008064659211696
0.008064659211696
0.008064659211696
0.008064659211696
0.008064659211696
0.008064659211696
0.008064659211696
0.008064659211696
0.008064659211696
0.008064659211696
0.008064659211696
0.008064659211696
0.008064659211696
0.008064659211696
0.008064659211696
0.008064659211696
0.008064659211696
0.008064659211696
0.008064659211696
0.008064659211696
0.008064659211696
0.008064659211696
0.008064659211696
0.008064659211696
0.008064659211696
0.008064659211696
0.008064659211696
0.008064659211696
0.008064659211696
0.008064659211696
0.008064659211696
0.008064659211696
0.008064659211696
0.008064659211696
0.008064659211696
0.008064659211696
0.008064659211696
0.008064659211696
0.008064659211696
0.008064659211696
0.008064659211696
0.008064659211696
0.008064659211696
0.008064659211696
0.008064659211696
0.008064659211696
0.008064659211696
0.008064659211696
0.008064659211696
0.008064659211696
0.008064659211696
0.008064659211696
0.008064659211696
0.008064659211696
0.008064659211696
0.008064659211696
0.008064659211696
0.008064659211696
0.008064659211696
0.008064659211696
0.008064659211696
0.008064659211696
0.008064659211696
0.008064659211696
0.008064659211696
0.008064659211696
0.008064659211696
0.008064659211696
0.008064659211696
0.008064659211696
0.008064659211696
0.008064659211696
0.008064659211696
0.008064659211696
0.008064659211696
0.008064659211696
0.008064659211696
0.008064659211696
0.008064659211696
0.008064659211696
0.008064659211696
0.008064659211696
0.008064659211696
0.008064659211696
0.008064659211696
0.008064659211696
0.008064659211696
0.008064659211696
0.008064659211696
0.008064659211696
0.008064659211696
0.008064659211696
0.008064659211696
0.008064659211696
0.008064659211696
