0.9999
0.191985132526438
0.008000147202709
0.008000147202709
0.008000147202709
0.008000147202709
0.008000147202709
0.008000147202709
0.008000147202709
0.008000147202709
0.008000147202709
0.008000147202709
0.008000147202709
0.008000147202709
0.008000147202709
0.008000147202709
0.008000147202709
0.008000147202709
0.008000147202709
0.008000147202709
0.008000147202709
0.008000147202709
0.008000147202709
0.008000147202709
0.008000147202709
0.008000147202709
0.008000147202709
0.008000147202709
0.008000147202709
0.008000147202709
0.008000147202709
0.008000147202709
0.008000147202709
0.008000147202709
0.008000147202709
0.008000147202709
0.008000147202709
0.008000147202709
0.008000147202709
0.008000147202709
0.008000147202709
0.008000147202709
0.008000147202709
0.008000147202709
0.008000147202709
0.008000147202709
0.008000147202709
0.008000147202709
0.008000147202709
0.008000147202709
0.008000147202709
0.008000147202709
0.008000147202709
0.008000147202709
0.008000147202709
0.008000147202709
0.008000147202709
0.008000147202709
0.008000147202709
0.008000147202709
0.008000147202709
0.008000147202709
0.008000147202709
0.008000147202709
0.008000147202709
0.008000147202709
0.008000147202709
0.008000147202709
0.008000147202709
0.008000147202709
0.008000147202709
0.008000147202709
0.008000147202709
0.008000147202709
0.008000147202709
0.008000147202709
0.008000147202709
0.008000147202709
0.008000147202709
0.008000147202709
0.008000147202709
0.008000147202709
0.008000147202709
0.008000147202709
0.008000147202709
0.008000147202709
0.008000147202709
0.008000147202709
0.008000147202709
0.008000147202709
0.008000147202709
0.008000147202709
0.008000147202709
0.008000147202709
0.008000147202709
0.008000147202709
0.008000147202709
0.008000147202709
0.008000147202709
0.008000147202709
0.008000147202709
0.008000147202709
0.008000147202709
