0.9999
0.198397429792314
0.007936659110967
0.007936659110967
0.007936659110967
0.007936659110967
0.007936659110967
0.007936659110967
0.007936659110967
0.007936659110967
0.007936659110967
0.007936659110967
0.007936659110967
0.007936659110967
0.007936659110967
0.007936659110967
0.007936659110967
0.007936659110967
0.007936659110967
0.007936659110967
0.007936659110967
0.007936659110967
0.007936659110967
0.007936659110967
0.007936659110967
0.007936659110967
0.007936659110967
0.007936659110967
0.007936659110967
0.007936659110967
0.007936659110967
0.007936659110967
0.007936659110967
0.007936659110967
0.007936659110967
0.007936659110967
0.007936659110967
0.007936659110967
0.007936659110967
0.007936659110967
0.007936659110967
0.007936659110967
0.007936659110967
0.007936659110967
0.007936659110967
0.007936659110967
0.007936659110967
0.007936659110967
0.007936659110967
0.007936659110967
0.007936659110967
0.007936659110967
0.007936659110967
0.007936659110967
0.007936659110967
0.007936659110967
0.007936659110967
0.007936659110967
0.007936659110967
0.007936659110967
0.007936659110967
0.007936659110967
0.007936659110967
0.007936659110967
0.007936659110967
0.007936659110967
0.007936659110967
0.007936659110967
0.007936659110967
0.007936659110967
0.007936659110967
0.007936659110967
0.007936659110967
0.007936659110967
0.007936659110967
0.007936659110967
0.007936659110967
0.007936659110967
0.007936659110967
0.007936659110967
0.007936659110967
0.007936659110967
0.007936659110967
0.007936659110967
0.007936659110967
0.007936659110967
0.007936659110967
0.007936659110967
0.007936659110967
0.007936659110967
0.007936659110967
0.007936659110967
0.007936659110967
0.007936659110967
0.007936659110967
0.007936659110967
0.007936659110967
0.007936659110967
0.007936659110967
0.007936659110967
0.007936659110967
0.007936659110967
0.007936659110967
