0.9999
0.204708754109333
0.007874170751393
0.007874170751393
0.007874170751393
0.007874170751393
0.007874170751393
0.007874170751393
0.007874170751393
0.007874170751393
0.007874170751393
0.007874170751393
0.007874170751393
0.007874170751393
0.007874170751393
0.007874170751393
0.007874170751393
0.007874170751393
0.007874170751393
0.007874170751393
0.007874170751393
0.007874170751393
0.007874170751393
0.007874170751393
0.007874170751393
0.007874170751393
0.007874170751393
0.007874170751393
0.007874170751393
0.007874170751393
0.007874170751393
0.007874170751393
0.007874170751393
0.007874170751393
0.007874170751393
0.007874170751393
0.007874170751393
0.007874170751393
0.007874170751393
0.007874170751393
0.007874170751393
0.007874170751393
0.007874170751393
0.007874170751393
0.007874170751393
0.007874170751393
0.007874170751393
0.007874170751393
0.007874170751393
0.007874170751393
0.007874170751393
0.007874170751393
0.007874170751393
0.007874170751393
0.007874170751393
0.007874170751393
0.007874170751393
0.007874170751393
0.007874170751393
0.007874170751393
0.007874170751393
0.007874170751393
0.007874170751393
0.007874170751393
0.007874170751393
0.007874170751393
0.007874170751393
0.007874170751393
0.007874170751393
0.007874170751393
0.007874170751393
0.007874170751393
0.007874170751393
0.007874170751393
0.007874170751393
0.007874170751393
0.007874170751393
0.007874170751393
0.007874170751393
0.007874170751393
0.007874170751393
0.007874170751393
0.007874170751393
0.007874170751393
0.007874170751393
0.007874170751393
0.007874170751393
0.007874170751393
0.007874170751393
0.007874170751393
0.007874170751393
0.007874170751393
0.007874170751393
0.007874170751393
0.007874170751393
0.007874170751393
0.007874170751393
0.007874170751393
0.007874170751393
0.007874170751393
0.007874170751393
0.007874170751393
0.007874170751393
