0.9999
0.210921471842397
0.007812658694630
0.007812658694630
0.007812658694630
0.007812658694630
0.007812658694630
0.007812658694630
0.007812658694630
0.007812658694630
0.007812658694630
0.007812658694630
0.007812658694630
0.007812658694630
0.007812658694630
0.007812658694630
0.007812658694630
0.007812658694630
0.007812658694630
0.007812658694630
0.007812658694630
0.007812658694630
0.007812658694630
0.007812658694630
0.007812658694630
0.007812658694630
0.007812658694630
0.007812658694630
0.007812658694630
0.007812658694630
0.007812658694630
0.007812658694630
0.007812658694630
0.007812658694630
0.007812658694630
0.007812658694630
0.007812658694630
0.007812658694630
0.007812658694630
0.007812658694630
0.007812658694630
0.007812658694630
0.007812658694630
0.007812658694630
0.007812658694630
0.007812658694630
0.007812658694630
0.007812658694630
0.007812658694630
0.007812658694630
0.007812658694630
0.007812658694630
0.007812658694630
0.007812658694630
0.007812658694630
0.007812658694630
0.007812658694630
0.007812658694630
0.007812658694630
0.007812658694630
0.007812658694630
0.007812658694630
0.007812658694630
0.007812658694630
0.007812658694630
0.007812658694630
0.007812658694630
0.007812658694630
0.007812658694630
0.007812658694630
0.007812658694630
0.007812658694630
0.007812658694630
0.007812658694630
0.007812658694630
0.007812658694630
0.007812658694630
0.007812658694630
0.007812658694630
0.007812658694630
0.007812658694630
0.007812658694630
0.007812658694630
0.007812658694630
0.007812658694630
0.007812658694630
0.007812658694630
0.007812658694630
0.007812658694630
0.007812658694630
0.007812658694630
0.007812658694630
0.007812658694630
0.007812658694630
0.007812658694630
0.007812658694630
0.007812658694630
0.007812658694630
0.007812658694630
0.007812658694630
0.007812658694630
0.007812658694630
0.007812658694630
