0.9999
0.217037875986552
0.007752100237757
0.007752100237757
0.007752100237757
0.007752100237757
0.007752100237757
0.007752100237757
0.007752100237757
0.007752100237757
0.007752100237757
0.007752100237757
0.007752100237757
0.007752100237757
0.007752100237757
0.007752100237757
0.007752100237757
0.007752100237757
0.007752100237757
0.007752100237757
0.007752100237757
0.007752100237757
0.007752100237757
0.007752100237757
0.007752100237757
0.007752100237757
0.007752100237757
0.007752100237757
0.007752100237757
0.007752100237757
0.007752100237757
0.007752100237757
0.007752100237757
0.007752100237757
0.007752100237757
0.007752100237757
0.007752100237757
0.007752100237757
0.007752100237757
0.007752100237757
0.007752100237757
0.007752100237757
0.007752100237757
0.007752100237757
0.007752100237757
0.007752100237757
0.007752100237757
0.007752100237757
0.007752100237757
0.007752100237757
0.007752100237757
0.007752100237757
0.007752100237757
0.007752100237757
0.007752100237757
0.007752100237757
0.007752100237757
0.007752100237757
0.007752100237757
0.007752100237757
0.007752100237757
0.007752100237757
0.007752100237757
0.007752100237757
0.007752100237757
0.007752100237757
0.007752100237757
0.007752100237757
0.007752100237757
0.007752100237757
0.007752100237757
0.007752100237757
0.007752100237757
0.007752100237757
0.007752100237757
0.007752100237757
0.007752100237757
0.007752100237757
0.007752100237757
0.007752100237757
0.007752100237757
0.007752100237757
0.007752100237757
0.007752100237757
0.007752100237757
0.007752100237757
0.007752100237757
0.007752100237757
0.007752100237757
0.007752100237757
0.007752100237757
0.007752100237757
0.007752100237757
0.007752100237757
0.007752100237757
0.007752100237757
0.007752100237757
0.007752100237757
0.007752100237757
0.007752100237757
0.007752100237757
0.007752100237757
0.007752100237757
