0.9999
0.019416523705363
0.009708747290046
0.009708747290046
0.009708747290046
0.009708747290046
0.009708747290046
0.009708747290046
0.009708747290046
0.009708747290046
0.009708747290046
0.009708747290046
0.009708747290046
0.009708747290046
0.009708747290046
0.009708747290046
0.009708747290046
0.009708747290046
0.009708747290046
0.009708747290046
0.009708747290046
0.009708747290046
0.009708747290046
0.009708747290046
0.009708747290046
0.009708747290046
0.009708747290046
0.009708747290046
0.009708747290046
0.009708747290046
0.009708747290046
0.009708747290046
0.009708747290046
0.009708747290046
0.009708747290046
0.009708747290046
0.009708747290046
0.009708747290046
0.009708747290046
0.009708747290046
0.009708747290046
0.009708747290046
0.009708747290046
0.009708747290046
0.009708747290046
0.009708747290046
0.009708747290046
0.009708747290046
0.009708747290046
0.009708747290046
0.009708747290046
0.009708747290046
0.009708747290046
0.009708747290046
0.009708747290046
0.009708747290046
0.009708747290046
0.009708747290046
0.009708747290046
0.009708747290046
0.009708747290046
0.009708747290046
0.009708747290046
0.009708747290046
0.009708747290046
0.009708747290046
0.009708747290046
0.009708747290046
0.009708747290046
0.009708747290046
0.009708747290046
0.009708747290046
0.009708747290046
0.009708747290046
0.009708747290046
0.009708747290046
0.009708747290046
0.009708747290046
0.009708747290046
0.009708747290046
0.009708747290046
0.009708747290046
0.009708747290046
0.009708747290046
0.009708747290046
0.009708747290046
0.009708747290046
0.009708747290046
0.009708747290046
0.009708747290046
0.009708747290046
0.009708747290046
0.009708747290046
0.009708747290046
0.009708747290046
0.009708747290046
0.009708747290046
0.009708747290046
0.009708747290046
0.009708747290046
0.009708747290046
0.009708747290046
0.009708747290046
