0.9999
0.223060188988686
0.007692473376350
0.007692473376350
0.007692473376350
0.007692473376350
0.007692473376350
0.007692473376350
0.007692473376350
0.007692473376350
0.007692473376350
0.007692473376350
0.007692473376350
0.007692473376350
0.007692473376350
0.007692473376350
0.007692473376350
0.007692473376350
0.007692473376350
0.007692473376350
0.007692473376350
0.007692473376350
0.007692473376350
0.007692473376350
0.007692473376350
0.007692473376350
0.007692473376350
0.007692473376350
0.007692473376350
0.007692473376350
0.007692473376350
0.007692473376350
0.007692473376350
0.007692473376350
0.007692473376350
0.007692473376350
0.007692473376350
0.007692473376350
0.007692473376350
0.007692473376350
0.007692473376350
0.007692473376350
0.007692473376350
0.007692473376350
0.007692473376350
0.007692473376350
0.007692473376350
0.007692473376350
0.007692473376350
0.007692473376350
0.007692473376350
0.007692473376350
0.007692473376350
0.007692473376350
0.007692473376350
0.007692473376350
0.007692473376350
0.007692473376350
0.007692473376350
0.007692473376350
0.007692473376350
0.007692473376350
0.007692473376350
0.007692473376350
0.007692473376350
0.007692473376350
0.007692473376350
0.007692473376350
0.007692473376350
0.007692473376350
0.007692473376350
0.007692473376350
0.007692473376350
0.007692473376350
0.007692473376350
0.007692473376350
0.007692473376350
0.007692473376350
0.007692473376350
0.007692473376350
0.007692473376350
0.007692473376350
0.007692473376350
0.007692473376350
0.007692473376350
0.007692473376350
0.007692473376350
0.007692473376350
0.007692473376350
0.007692473376350
0.007692473376350
0.007692473376350
0.007692473376350
0.007692473376350
0.007692473376350
0.007692473376350
0.007692473376350
0.007692473376350
0.007692473376350
0.007692473376350
0.007692473376350
0.007692473376350
0.007692473376350
