0.9999
0.228990565439998
0.007633756777822
0.007633756777822
0.007633756777822
0.007633756777822
0.007633756777822
0.007633756777822
0.007633756777822
0.007633756777822
0.007633756777822
0.007633756777822
0.007633756777822
0.007633756777822
0.007633756777822
0.007633756777822
0.007633756777822
0.007633756777822
0.007633756777822
0.007633756777822
0.007633756777822
0.007633756777822
0.007633756777822
0.007633756777822
0.007633756777822
0.007633756777822
0.007633756777822
0.007633756777822
0.007633756777822
0.007633756777822
0.007633756777822
0.007633756777822
0.007633756777822
0.007633756777822
0.007633756777822
0.007633756777822
0.007633756777822
0.007633756777822
0.007633756777822
0.007633756777822
0.007633756777822
0.007633756777822
0.007633756777822
0.007633756777822
0.007633756777822
0.007633756777822
0.007633756777822
0.007633756777822
0.007633756777822
0.007633756777822
0.007633756777822
0.007633756777822
0.007633756777822
0.007633756777822
0.007633756777822
0.007633756777822
0.007633756777822
0.007633756777822
0.007633756777822
0.007633756777822
0.007633756777822
0.007633756777822
0.007633756777822
0.007633756777822
0.007633756777822
0.007633756777822
0.007633756777822
0.007633756777822
0.007633756777822
0.007633756777822
0.007633756777822
0.007633756777822
0.007633756777822
0.007633756777822
0.007633756777822
0.007633756777822
0.007633756777822
0.007633756777822
0.007633756777822
0.007633756777822
0.007633756777822
0.007633756777822
0.007633756777822
0.007633756777822
0.007633756777822
0.007633756777822
0.007633756777822
0.007633756777822
0.007633756777822
0.007633756777822
0.007633756777822
0.007633756777822
0.007633756777822
0.007633756777822
0.007633756777822
0.007633756777822
0.007633756777822
0.007633756777822
0.007633756777822
0.007633756777822
0.007633756777822
0.007633756777822
0.007633756777822
