0.9999
0.234831094646090
0.007575929755979
0.007575929755979
0.007575929755979
0.007575929755979
0.007575929755979
0.007575929755979
0.007575929755979
0.007575929755979
0.007575929755979
0.007575929755979
0.007575929755979
0.007575929755979
0.007575929755979
0.007575929755979
0.007575929755979
0.007575929755979
0.007575929755979
0.007575929755979
0.007575929755979
0.007575929755979
0.007575929755979
0.007575929755979
0.007575929755979
0.007575929755979
0.007575929755979
0.007575929755979
0.007575929755979
0.007575929755979
0.007575929755979
0.007575929755979
0.007575929755979
0.007575929755979
0.007575929755979
0.007575929755979
0.007575929755979
0.007575929755979
0.007575929755979
0.007575929755979
0.007575929755979
0.007575929755979
0.007575929755979
0.007575929755979
0.007575929755979
0.007575929755979
0.007575929755979
0.007575929755979
0.007575929755979
0.007575929755979
0.007575929755979
0.007575929755979
0.007575929755979
0.007575929755979
0.007575929755979
0.007575929755979
0.007575929755979
0.007575929755979
0.007575929755979
0.007575929755979
0.007575929755979
0.007575929755979
0.007575929755979
0.007575929755979
0.007575929755979
0.007575929755979
0.007575929755979
0.007575929755979
0.007575929755979
0.007575929755979
0.007575929755979
0.007575929755979
0.007575929755979
0.007575929755979
0.007575929755979
0.007575929755979
0.007575929755979
0.007575929755979
0.007575929755979
0.007575929755979
0.007575929755979
0.007575929755979
0.007575929755979
0.007575929755979
0.007575929755979
0.007575929755979
0.007575929755979
0.007575929755979
0.007575929755979
0.007575929755979
0.007575929755979
0.007575929755979
0.007575929755979
0.007575929755979
0.007575929755979
0.007575929755979
0.007575929755979
0.007575929755979
0.007575929755979
0.007575929755979
0.007575929755979
0.007575929755979
0.007575929755979
