0.9999
0.240583803081124
0.007518972246722
0.007518972246722
0.007518972246722
0.007518972246722
0.007518972246722
0.007518972246722
0.007518972246722
0.007518972246722
0.007518972246722
0.007518972246722
0.007518972246722
0.007518972246722
0.007518972246722
0.007518972246722
0.007518972246722
0.007518972246722
0.007518972246722
0.007518972246722
0.007518972246722
0.007518972246722
0.007518972246722
0.007518972246722
0.007518972246722
0.007518972246722
0.007518972246722
0.007518972246722
0.007518972246722
0.007518972246722
0.007518972246722
0.007518972246722
0.007518972246722
0.007518972246722
0.007518972246722
0.007518972246722
0.007518972246722
0.007518972246722
0.007518972246722
0.007518972246722
0.007518972246722
0.007518972246722
0.007518972246722
0.007518972246722
0.007518972246722
0.007518972246722
0.007518972246722
0.007518972246722
0.007518972246722
0.007518972246722
0.007518972246722
0.007518972246722
0.007518972246722
0.007518972246722
0.007518972246722
0.007518972246722
0.007518972246722
0.007518972246722
0.007518972246722
0.007518972246722
0.007518972246722
0.007518972246722
0.007518972246722
0.007518972246722
0.007518972246722
0.007518972246722
0.007518972246722
0.007518972246722
0.007518972246722
0.007518972246722
0.007518972246722
0.007518972246722
0.007518972246722
0.007518972246722
0.007518972246722
0.007518972246722
0.007518972246722
0.007518972246722
0.007518972246722
0.007518972246722
0.007518972246722
0.007518972246722
0.007518972246722
0.007518972246722
0.007518972246722
0.007518972246722
0.007518972246722
0.007518972246722
0.007518972246722
0.007518972246722
0.007518972246722
0.007518972246722
0.007518972246722
0.007518972246722
0.007518972246722
0.007518972246722
0.007518972246722
0.007518972246722
0.007518972246722
0.007518972246722
0.007518972246722
0.007518972246722
0.007518972246722
