0.9999
0.246250656732101
0.007462864784831
0.007462864784831
0.007462864784831
0.007462864784831
0.007462864784831
0.007462864784831
0.007462864784831
0.007462864784831
0.007462864784831
0.007462864784831
0.007462864784831
0.007462864784831
0.007462864784831
0.007462864784831
0.007462864784831
0.007462864784831
0.007462864784831
0.007462864784831
0.007462864784831
0.007462864784831
0.007462864784831
0.007462864784831
0.007462864784831
0.007462864784831
0.007462864784831
0.007462864784831
0.007462864784831
0.007462864784831
0.007462864784831
0.007462864784831
0.007462864784831
0.007462864784831
0.007462864784831
0.007462864784831
0.007462864784831
0.007462864784831
0.007462864784831
0.007462864784831
0.007462864784831
0.007462864784831
0.007462864784831
0.007462864784831
0.007462864784831
0.007462864784831
0.007462864784831
0.007462864784831
0.007462864784831
0.007462864784831
0.007462864784831
0.007462864784831
0.007462864784831
0.007462864784831
0.007462864784831
0.007462864784831
0.007462864784831
0.007462864784831
0.007462864784831
0.007462864784831
0.007462864784831
0.007462864784831
0.007462864784831
0.007462864784831
0.007462864784831
0.007462864784831
0.007462864784831
0.007462864784831
0.007462864784831
0.007462864784831
0.007462864784831
0.007462864784831
0.007462864784831
0.007462864784831
0.007462864784831
0.007462864784831
0.007462864784831
0.007462864784831
0.007462864784831
0.007462864784831
0.007462864784831
0.007462864784831
0.007462864784831
0.007462864784831
0.007462864784831
0.007462864784831
0.007462864784831
0.007462864784831
0.007462864784831
0.007462864784831
0.007462864784831
0.007462864784831
0.007462864784831
0.007462864784831
0.007462864784831
0.007462864784831
0.007462864784831
0.007462864784831
0.007462864784831
0.007462864784831
0.007462864784831
0.007462864784831
0.007462864784831
