0.9999
0.251833563338956
0.007407588481793
0.007407588481793
0.007407588481793
0.007407588481793
0.007407588481793
0.007407588481793
0.007407588481793
0.007407588481793
0.007407588481793
0.007407588481793
0.007407588481793
0.007407588481793
0.007407588481793
0.007407588481793
0.007407588481793
0.007407588481793
0.007407588481793
0.007407588481793
0.007407588481793
0.007407588481793
0.007407588481793
0.007407588481793
0.007407588481793
0.007407588481793
0.007407588481793
0.007407588481793
0.007407588481793
0.007407588481793
0.007407588481793
0.007407588481793
0.007407588481793
0.007407588481793
0.007407588481793
0.007407588481793
0.007407588481793
0.007407588481793
0.007407588481793
0.007407588481793
0.007407588481793
0.007407588481793
0.007407588481793
0.007407588481793
0.007407588481793
0.007407588481793
0.007407588481793
0.007407588481793
0.007407588481793
0.007407588481793
0.007407588481793
0.007407588481793
0.007407588481793
0.007407588481793
0.007407588481793
0.007407588481793
0.007407588481793
0.007407588481793
0.007407588481793
0.007407588481793
0.007407588481793
0.007407588481793
0.007407588481793
0.007407588481793
0.007407588481793
0.007407588481793
0.007407588481793
0.007407588481793
0.007407588481793
0.007407588481793
0.007407588481793
0.007407588481793
0.007407588481793
0.007407588481793
0.007407588481793
0.007407588481793
0.007407588481793
0.007407588481793
0.007407588481793
0.007407588481793
0.007407588481793
0.007407588481793
0.007407588481793
0.007407588481793
0.007407588481793
0.007407588481793
0.007407588481793
0.007407588481793
0.007407588481793
0.007407588481793
0.007407588481793
0.007407588481793
0.007407588481793
0.007407588481793
0.007407588481793
0.007407588481793
0.007407588481793
0.007407588481793
0.007407588481793
0.007407588481793
0.007407588481793
0.007407588481793
0.007407588481793
