0.9999
0.257334374535834
0.007353125004596
0.007353125004596
0.007353125004596
0.007353125004596
0.007353125004596
0.007353125004596
0.007353125004596
0.007353125004596
0.007353125004596
0.007353125004596
0.007353125004596
0.007353125004596
0.007353125004596
0.007353125004596
0.007353125004596
0.007353125004596
0.007353125004596
0.007353125004596
0.007353125004596
0.007353125004596
0.007353125004596
0.007353125004596
0.007353125004596
0.007353125004596
0.007353125004596
0.007353125004596
0.007353125004596
0.007353125004596
0.007353125004596
0.007353125004596
0.007353125004596
0.007353125004596
0.007353125004596
0.007353125004596
0.007353125004596
0.007353125004596
0.007353125004596
0.007353125004596
0.007353125004596
0.007353125004596
0.007353125004596
0.007353125004596
0.007353125004596
0.007353125004596
0.007353125004596
0.007353125004596
0.007353125004596
0.007353125004596
0.007353125004596
0.007353125004596
0.007353125004596
0.007353125004596
0.007353125004596
0.007353125004596
0.007353125004596
0.007353125004596
0.007353125004596
0.007353125004596
0.007353125004596
0.007353125004596
0.007353125004596
0.007353125004596
0.007353125004596
0.007353125004596
0.007353125004596
0.007353125004596
0.007353125004596
0.007353125004596
0.007353125004596
0.007353125004596
0.007353125004596
0.007353125004596
0.007353125004596
0.007353125004596
0.007353125004596
0.007353125004596
0.007353125004596
0.007353125004596
0.007353125004596
0.007353125004596
0.007353125004596
0.007353125004596
0.007353125004596
0.007353125004596
0.007353125004596
0.007353125004596
0.007353125004596
0.007353125004596
0.007353125004596
0.007353125004596
0.007353125004596
0.007353125004596
0.007353125004596
0.007353125004596
0.007353125004596
0.007353125004596
0.007353125004596
0.007353125004596
0.007353125004596
0.007353125004596
0.007353125004596
