0.9999
0.262754887898596
0.007299456555459
0.007299456555459
0.007299456555459
0.007299456555459
0.007299456555459
0.007299456555459
0.007299456555459
0.007299456555459
0.007299456555459
0.007299456555459
0.007299456555459
0.007299456555459
0.007299456555459
0.007299456555459
0.007299456555459
0.007299456555459
0.007299456555459
0.007299456555459
0.007299456555459
0.007299456555459
0.007299456555459
0.007299456555459
0.007299456555459
0.007299456555459
0.007299456555459
0.007299456555459
0.007299456555459
0.007299456555459
0.007299456555459
0.007299456555459
0.007299456555459
0.007299456555459
0.007299456555459
0.007299456555459
0.007299456555459
0.007299456555459
0.007299456555459
0.007299456555459
0.007299456555459
0.007299456555459
0.007299456555459
0.007299456555459
0.007299456555459
0.007299456555459
0.007299456555459
0.007299456555459
0.007299456555459
0.007299456555459
0.007299456555459
0.007299456555459
0.007299456555459
0.007299456555459
0.007299456555459
0.007299456555459
0.007299456555459
0.007299456555459
0.007299456555459
0.007299456555459
0.007299456555459
0.007299456555459
0.007299456555459
0.007299456555459
0.007299456555459
0.007299456555459
0.007299456555459
0.007299456555459
0.007299456555459
0.007299456555459
0.007299456555459
0.007299456555459
0.007299456555459
0.007299456555459
0.007299456555459
0.007299456555459
0.007299456555459
0.007299456555459
0.007299456555459
0.007299456555459
0.007299456555459
0.007299456555459
0.007299456555459
0.007299456555459
0.007299456555459
0.007299456555459
0.007299456555459
0.007299456555459
0.007299456555459
0.007299456555459
0.007299456555459
0.007299456555459
0.007299456555459
0.007299456555459
0.007299456555459
0.007299456555459
0.007299456555459
0.007299456555459
0.007299456555459
0.007299456555459
0.007299456555459
0.007299456555459
0.007299456555459
