0.9999
0.268096848903305
0.007246565852443
0.007246565852443
0.007246565852443
0.007246565852443
0.007246565852443
0.007246565852443
0.007246565852443
0.007246565852443
0.007246565852443
0.007246565852443
0.007246565852443
0.007246565852443
0.007246565852443
0.007246565852443
0.007246565852443
0.007246565852443
0.007246565852443
0.007246565852443
0.007246565852443
0.007246565852443
0.007246565852443
0.007246565852443
0.007246565852443
0.007246565852443
0.007246565852443
0.007246565852443
0.007246565852443
0.007246565852443
0.007246565852443
0.007246565852443
0.007246565852443
0.007246565852443
0.007246565852443
0.007246565852443
0.007246565852443
0.007246565852443
0.007246565852443
0.007246565852443
0.007246565852443
0.007246565852443
0.007246565852443
0.007246565852443
0.007246565852443
0.007246565852443
0.007246565852443
0.007246565852443
0.007246565852443
0.007246565852443
0.007246565852443
0.007246565852443
0.007246565852443
0.007246565852443
0.007246565852443
0.007246565852443
0.007246565852443
0.007246565852443
0.007246565852443
0.007246565852443
0.007246565852443
0.007246565852443
0.007246565852443
0.007246565852443
0.007246565852443
0.007246565852443
0.007246565852443
0.007246565852443
0.007246565852443
0.007246565852443
0.007246565852443
0.007246565852443
0.007246565852443
0.007246565852443
0.007246565852443
0.007246565852443
0.007246565852443
0.007246565852443
0.007246565852443
0.007246565852443
0.007246565852443
0.007246565852443
0.007246565852443
0.007246565852443
0.007246565852443
0.007246565852443
0.007246565852443
0.007246565852443
0.007246565852443
0.007246565852443
0.007246565852443
0.007246565852443
0.007246565852443
0.007246565852443
0.007246565852443
0.007246565852443
0.007246565852443
0.007246565852443
0.007246565852443
0.007246565852443
0.007246565852443
0.007246565852443
0.007246565852443
