0.9999
0.273361952800182
0.007194436110889
0.007194436110889
0.007194436110889
0.007194436110889
0.007194436110889
0.007194436110889
0.007194436110889
0.007194436110889
0.007194436110889
0.007194436110889
0.007194436110889
0.007194436110889
0.007194436110889
0.007194436110889
0.007194436110889
0.007194436110889
0.007194436110889
0.007194436110889
0.007194436110889
0.007194436110889
0.007194436110889
0.007194436110889
0.007194436110889
0.007194436110889
0.007194436110889
0.007194436110889
0.007194436110889
0.007194436110889
0.007194436110889
0.007194436110889
0.007194436110889
0.007194436110889
0.007194436110889
0.007194436110889
0.007194436110889
0.007194436110889
0.007194436110889
0.007194436110889
0.007194436110889
0.007194436110889
0.007194436110889
0.007194436110889
0.007194436110889
0.007194436110889
0.007194436110889
0.007194436110889
0.007194436110889
0.007194436110889
0.007194436110889
0.007194436110889
0.007194436110889
0.007194436110889
0.007194436110889
0.007194436110889
0.007194436110889
0.007194436110889
0.007194436110889
0.007194436110889
0.007194436110889
0.007194436110889
0.007194436110889
0.007194436110889
0.007194436110889
0.007194436110889
0.007194436110889
0.007194436110889
0.007194436110889
0.007194436110889
0.007194436110889
0.007194436110889
0.007194436110889
0.007194436110889
0.007194436110889
0.007194436110889
0.007194436110889
0.007194436110889
0.007194436110889
0.007194436110889
0.007194436110889
0.007194436110889
0.007194436110889
0.007194436110889
0.007194436110889
0.007194436110889
0.007194436110889
0.007194436110889
0.007194436110889
0.007194436110889
0.007194436110889
0.007194436110889
0.007194436110889
0.007194436110889
0.007194436110889
0.007194436110889
0.007194436110889
0.007194436110889
0.007194436110889
0.007194436110889
0.007194436110889
0.007194436110889
0.007194436110889
