0.9999
0.028844286239012
0.009615403106544
0.009615403106544
0.009615403106544
0.009615403106544
0.009615403106544
0.009615403106544
0.009615403106544
0.009615403106544
0.009615403106544
0.009615403106544
0.009615403106544
0.009615403106544
0.009615403106544
0.009615403106544
0.009615403106544
0.009615403106544
0.009615403106544
0.009615403106544
0.009615403106544
0.009615403106544
0.009615403106544
0.009615403106544
0.009615403106544
0.009615403106544
0.009615403106544
0.009615403106544
0.009615403106544
0.009615403106544
0.009615403106544
0.009615403106544
0.009615403106544
0.009615403106544
0.009615403106544
0.009615403106544
0.009615403106544
0.009615403106544
0.009615403106544
0.009615403106544
0.009615403106544
0.009615403106544
0.009615403106544
0.009615403106544
0.009615403106544
0.009615403106544
0.009615403106544
0.009615403106544
0.009615403106544
0.009615403106544
0.009615403106544
0.009615403106544
0.009615403106544
0.009615403106544
0.009615403106544
0.009615403106544
0.009615403106544
0.009615403106544
0.009615403106544
0.009615403106544
0.009615403106544
0.009615403106544
0.009615403106544
0.009615403106544
0.009615403106544
0.009615403106544
0.009615403106544
0.009615403106544
0.009615403106544
0.009615403106544
0.009615403106544
0.009615403106544
0.009615403106544
0.009615403106544
0.009615403106544
0.009615403106544
0.009615403106544
0.009615403106544
0.009615403106544
0.009615403106544
0.009615403106544
0.009615403106544
0.009615403106544
0.009615403106544
0.009615403106544
0.009615403106544
0.009615403106544
0.009615403106544
0.009615403106544
0.009615403106544
0.009615403106544
0.009615403106544
0.009615403106544
0.009615403106544
0.009615403106544
0.009615403106544
0.009615403106544
0.009615403106544
0.009615403106544
0.009615403106544
0.009615403106544
0.009615403106544
0.009615403106544
