0.9999
0.278551846407260
0.007143051025671
0.007143051025671
0.007143051025671
0.007143051025671
0.007143051025671
0.007143051025671
0.007143051025671
0.007143051025671
0.007143051025671
0.007143051025671
0.007143051025671
0.007143051025671
0.007143051025671
0.007143051025671
0.007143051025671
0.007143051025671
0.007143051025671
0.007143051025671
0.007143051025671
0.007143051025671
0.007143051025671
0.007143051025671
0.007143051025671
0.007143051025671
0.007143051025671
0.007143051025671
0.007143051025671
0.007143051025671
0.007143051025671
0.007143051025671
0.007143051025671
0.007143051025671
0.007143051025671
0.007143051025671
0.007143051025671
0.007143051025671
0.007143051025671
0.007143051025671
0.007143051025671
0.007143051025671
0.007143051025671
0.007143051025671
0.007143051025671
0.007143051025671
0.007143051025671
0.007143051025671
0.007143051025671
0.007143051025671
0.007143051025671
0.007143051025671
0.007143051025671
0.007143051025671
0.007143051025671
0.007143051025671
0.007143051025671
0.007143051025671
0.007143051025671
0.007143051025671
0.007143051025671
0.007143051025671
0.007143051025671
0.007143051025671
0.007143051025671
0.007143051025671
0.007143051025671
0.007143051025671
0.007143051025671
0.007143051025671
0.007143051025671
0.007143051025671
0.007143051025671
0.007143051025671
0.007143051025671
0.007143051025671
0.007143051025671
0.007143051025671
0.007143051025671
0.007143051025671
0.007143051025671
0.007143051025671
0.007143051025671
0.007143051025671
0.007143051025671
0.007143051025671
0.007143051025671
0.007143051025671
0.007143051025671
0.007143051025671
0.007143051025671
0.007143051025671
0.007143051025671
0.007143051025671
0.007143051025671
0.007143051025671
0.007143051025671
0.007143051025671
0.007143051025671
0.007143051025671
0.007143051025671
0.007143051025671
0.007143051025671
