0.9999
0.283668129827704
0.007092394754181
0.007092394754181
0.007092394754181
0.007092394754181
0.007092394754181
0.007092394754181
0.007092394754181
0.007092394754181
0.007092394754181
0.007092394754181
0.007092394754181
0.007092394754181
0.007092394754181
0.007092394754181
0.007092394754181
0.007092394754181
0.007092394754181
0.007092394754181
0.007092394754181
0.007092394754181
0.007092394754181
0.007092394754181
0.007092394754181
0.007092394754181
0.007092394754181
0.007092394754181
0.007092394754181
0.007092394754181
0.007092394754181
0.007092394754181
0.007092394754181
0.007092394754181
0.007092394754181
0.007092394754181
0.007092394754181
0.007092394754181
0.007092394754181
0.007092394754181
0.007092394754181
0.007092394754181
0.007092394754181
0.007092394754181
0.007092394754181
0.007092394754181
0.007092394754181
0.007092394754181
0.007092394754181
0.007092394754181
0.007092394754181
0.007092394754181
0.007092394754181
0.007092394754181
0.007092394754181
0.007092394754181
0.007092394754181
0.007092394754181
0.007092394754181
0.007092394754181
0.007092394754181
0.007092394754181
0.007092394754181
0.007092394754181
0.007092394754181
0.007092394754181
0.007092394754181
0.007092394754181
0.007092394754181
0.007092394754181
0.007092394754181
0.007092394754181
0.007092394754181
0.007092394754181
0.007092394754181
0.007092394754181
0.007092394754181
0.007092394754181
0.007092394754181
0.007092394754181
0.007092394754181
0.007092394754181
0.007092394754181
0.007092394754181
0.007092394754181
0.007092394754181
0.007092394754181
0.007092394754181
0.007092394754181
0.007092394754181
0.007092394754181
0.007092394754181
0.007092394754181
0.007092394754181
0.007092394754181
0.007092394754181
0.007092394754181
0.007092394754181
0.007092394754181
0.007092394754181
0.007092394754181
0.007092394754181
0.007092394754181
