0.9999
0.288712358094594
0.007042451900054
0.007042451900054
0.007042451900054
0.007042451900054
0.007042451900054
0.007042451900054
0.007042451900054
0.007042451900054
0.007042451900054
0.007042451900054
0.007042451900054
0.007042451900054
0.007042451900054
0.007042451900054
0.007042451900054
0.007042451900054
0.007042451900054
0.007042451900054
0.007042451900054
0.007042451900054
0.007042451900054
0.007042451900054
0.007042451900054
0.007042451900054
0.007042451900054
0.007042451900054
0.007042451900054
0.007042451900054
0.007042451900054
0.007042451900054
0.007042451900054
0.007042451900054
0.007042451900054
0.007042451900054
0.007042451900054
0.007042451900054
0.007042451900054
0.007042451900054
0.007042451900054
0.007042451900054
0.007042451900054
0.007042451900054
0.007042451900054
0.007042451900054
0.007042451900054
0.007042451900054
0.007042451900054
0.007042451900054
0.007042451900054
0.007042451900054
0.007042451900054
0.007042451900054
0.007042451900054
0.007042451900054
0.007042451900054
0.007042451900054
0.007042451900054
0.007042451900054
0.007042451900054
0.007042451900054
0.007042451900054
0.007042451900054
0.007042451900054
0.007042451900054
0.007042451900054
0.007042451900054
0.007042451900054
0.007042451900054
0.007042451900054
0.007042451900054
0.007042451900054
0.007042451900054
0.007042451900054
0.007042451900054
0.007042451900054
0.007042451900054
0.007042451900054
0.007042451900054
0.007042451900054
0.007042451900054
0.007042451900054
0.007042451900054
0.007042451900054
0.007042451900054
0.007042451900054
0.007042451900054
0.007042451900054
0.007042451900054
0.007042451900054
0.007042451900054
0.007042451900054
0.007042451900054
0.007042451900054
0.007042451900054
0.007042451900054
0.007042451900054
0.007042451900054
0.007042451900054
0.007042451900054
0.007042451900054
0.007042451900054
