0.9999
0.293686042746680
0.006993207497558
0.006993207497558
0.006993207497558
0.006993207497558
0.006993207497558
0.006993207497558
0.006993207497558
0.006993207497558
0.006993207497558
0.006993207497558
0.006993207497558
0.006993207497558
0.006993207497558
0.006993207497558
0.006993207497558
0.006993207497558
0.006993207497558
0.006993207497558
0.006993207497558
0.006993207497558
0.006993207497558
0.006993207497558
0.006993207497558
0.006993207497558
0.006993207497558
0.006993207497558
0.006993207497558
0.006993207497558
0.006993207497558
0.006993207497558
0.006993207497558
0.006993207497558
0.006993207497558
0.006993207497558
0.006993207497558
0.006993207497558
0.006993207497558
0.006993207497558
0.006993207497558
0.006993207497558
0.006993207497558
0.006993207497558
0.006993207497558
0.006993207497558
0.006993207497558
0.006993207497558
0.006993207497558
0.006993207497558
0.006993207497558
0.006993207497558
0.006993207497558
0.006993207497558
0.006993207497558
0.006993207497558
0.006993207497558
0.006993207497558
0.006993207497558
0.006993207497558
0.006993207497558
0.006993207497558
0.006993207497558
0.006993207497558
0.006993207497558
0.006993207497558
0.006993207497558
0.006993207497558
0.006993207497558
0.006993207497558
0.006993207497558
0.006993207497558
0.006993207497558
0.006993207497558
0.006993207497558
0.006993207497558
0.006993207497558
0.006993207497558
0.006993207497558
0.006993207497558
0.006993207497558
0.006993207497558
0.006993207497558
0.006993207497558
0.006993207497558
0.006993207497558
0.006993207497558
0.006993207497558
0.006993207497558
0.006993207497558
0.006993207497558
0.006993207497558
0.006993207497558
0.006993207497558
0.006993207497558
0.006993207497558
0.006993207497558
0.006993207497558
0.006993207497558
0.006993207497558
0.006993207497558
0.006993207497558
0.006993207497558
