0.9999
0.298590653338500
0.006944646996649
0.006944646996649
0.006944646996649
0.006944646996649
0.006944646996649
0.006944646996649
0.006944646996649
0.006944646996649
0.006944646996649
0.006944646996649
0.006944646996649
0.006944646996649
0.006944646996649
0.006944646996649
0.006944646996649
0.006944646996649
0.006944646996649
0.006944646996649
0.006944646996649
0.006944646996649
0.006944646996649
0.006944646996649
0.006944646996649
0.006944646996649
0.006944646996649
0.006944646996649
0.006944646996649
0.006944646996649
0.006944646996649
0.006944646996649
0.006944646996649
0.006944646996649
0.006944646996649
0.006944646996649
0.006944646996649
0.006944646996649
0.006944646996649
0.006944646996649
0.006944646996649
0.006944646996649
0.006944646996649
0.006944646996649
0.006944646996649
0.006944646996649
0.006944646996649
0.006944646996649
0.006944646996649
0.006944646996649
0.006944646996649
0.006944646996649
0.006944646996649
0.006944646996649
0.006944646996649
0.006944646996649
0.006944646996649
0.006944646996649
0.006944646996649
0.006944646996649
0.006944646996649
0.006944646996649
0.006944646996649
0.006944646996649
0.006944646996649
0.006944646996649
0.006944646996649
0.006944646996649
0.006944646996649
0.006944646996649
0.006944646996649
0.006944646996649
0.006944646996649
0.006944646996649
0.006944646996649
0.006944646996649
0.006944646996649
0.006944646996649
0.006944646996649
0.006944646996649
0.006944646996649
0.006944646996649
0.006944646996649
0.006944646996649
0.006944646996649
0.006944646996649
0.006944646996649
0.006944646996649
0.006944646996649
0.006944646996649
0.006944646996649
0.006944646996649
0.006944646996649
0.006944646996649
0.006944646996649
0.006944646996649
0.006944646996649
0.006944646996649
0.006944646996649
0.006944646996649
0.006944646996649
0.006944646996649
0.006944646996649
