0.9999
0.303427618888008
0.006896756248634
0.006896756248634
0.006896756248634
0.006896756248634
0.006896756248634
0.006896756248634
0.006896756248634
0.006896756248634
0.006896756248634
0.006896756248634
0.006896756248634
0.006896756248634
0.006896756248634
0.006896756248634
0.006896756248634
0.006896756248634
0.006896756248634
0.006896756248634
0.006896756248634
0.006896756248634
0.006896756248634
0.006896756248634
0.006896756248634
0.006896756248634
0.006896756248634
0.006896756248634
0.006896756248634
0.006896756248634
0.006896756248634
0.006896756248634
0.006896756248634
0.006896756248634
0.006896756248634
0.006896756248634
0.006896756248634
0.006896756248634
0.006896756248634
0.006896756248634
0.006896756248634
0.006896756248634
0.006896756248634
0.006896756248634
0.006896756248634
0.006896756248634
0.006896756248634
0.006896756248634
0.006896756248634
0.006896756248634
0.006896756248634
0.006896756248634
0.006896756248634
0.006896756248634
0.006896756248634
0.006896756248634
0.006896756248634
0.006896756248634
0.006896756248634
0.006896756248634
0.006896756248634
0.006896756248634
0.006896756248634
0.006896756248634
0.006896756248634
0.006896756248634
0.006896756248634
0.006896756248634
0.006896756248634
0.006896756248634
0.006896756248634
0.006896756248634
0.006896756248634
0.006896756248634
0.006896756248634
0.006896756248634
0.006896756248634
0.006896756248634
0.006896756248634
0.006896756248634
0.006896756248634
0.006896756248634
0.006896756248634
0.006896756248634
0.006896756248634
0.006896756248634
0.006896756248634
0.006896756248634
0.006896756248634
0.006896756248634
0.006896756248634
0.006896756248634
0.006896756248634
0.006896756248634
0.006896756248634
0.006896756248634
0.006896756248634
0.006896756248634
0.006896756248634
0.006896756248634
0.006896756248634
0.006896756248634
0.006896756248634
