0.9999
0.308198329264717
0.006849521492429
0.006849521492429
0.006849521492429
0.006849521492429
0.006849521492429
0.006849521492429
0.006849521492429
0.006849521492429
0.006849521492429
0.006849521492429
0.006849521492429
0.006849521492429
0.006849521492429
0.006849521492429
0.006849521492429
0.006849521492429
0.006849521492429
0.006849521492429
0.006849521492429
0.006849521492429
0.006849521492429
0.006849521492429
0.006849521492429
0.006849521492429
0.006849521492429
0.006849521492429
0.006849521492429
0.006849521492429
0.006849521492429
0.006849521492429
0.006849521492429
0.006849521492429
0.006849521492429
0.006849521492429
0.006849521492429
0.006849521492429
0.006849521492429
0.006849521492429
0.006849521492429
0.006849521492429
0.006849521492429
0.006849521492429
0.006849521492429
0.006849521492429
0.006849521492429
0.006849521492429
0.006849521492429
0.006849521492429
0.006849521492429
0.006849521492429
0.006849521492429
0.006849521492429
0.006849521492429
0.006849521492429
0.006849521492429
0.006849521492429
0.006849521492429
0.006849521492429
0.006849521492429
0.006849521492429
0.006849521492429
0.006849521492429
0.006849521492429
0.006849521492429
0.006849521492429
0.006849521492429
0.006849521492429
0.006849521492429
0.006849521492429
0.006849521492429
0.006849521492429
0.006849521492429
0.006849521492429
0.006849521492429
0.006849521492429
0.006849521492429
0.006849521492429
0.006849521492429
0.006849521492429
0.006849521492429
0.006849521492429
0.006849521492429
0.006849521492429
0.006849521492429
0.006849521492429
0.006849521492429
0.006849521492429
0.006849521492429
0.006849521492429
0.006849521492429
0.006849521492429
0.006849521492429
0.006849521492429
0.006849521492429
0.006849521492429
0.006849521492429
0.006849521492429
0.006849521492429
0.006849521492429
0.006849521492429
0.006849521492429
