0.9999
0.312904136521186
0.006802929341374
0.006802929341374
0.006802929341374
0.006802929341374
0.006802929341374
0.006802929341374
0.006802929341374
0.006802929341374
0.006802929341374
0.006802929341374
0.006802929341374
0.006802929341374
0.006802929341374
0.006802929341374
0.006802929341374
0.006802929341374
0.006802929341374
0.006802929341374
0.006802929341374
0.006802929341374
0.006802929341374
0.006802929341374
0.006802929341374
0.006802929341374
0.006802929341374
0.006802929341374
0.006802929341374
0.006802929341374
0.006802929341374
0.006802929341374
0.006802929341374
0.006802929341374
0.006802929341374
0.006802929341374
0.006802929341374
0.006802929341374
0.006802929341374
0.006802929341374
0.006802929341374
0.006802929341374
0.006802929341374
0.006802929341374
0.006802929341374
0.006802929341374
0.006802929341374
0.006802929341374
0.006802929341374
0.006802929341374
0.006802929341374
0.006802929341374
0.006802929341374
0.006802929341374
0.006802929341374
0.006802929341374
0.006802929341374
0.006802929341374
0.006802929341374
0.006802929341374
0.006802929341374
0.006802929341374
0.006802929341374
0.006802929341374
0.006802929341374
0.006802929341374
0.006802929341374
0.006802929341374
0.006802929341374
0.006802929341374
0.006802929341374
0.006802929341374
0.006802929341374
0.006802929341374
0.006802929341374
0.006802929341374
0.006802929341374
0.006802929341374
0.006802929341374
0.006802929341374
0.006802929341374
0.006802929341374
0.006802929341374
0.006802929341374
0.006802929341374
0.006802929341374
0.006802929341374
0.006802929341374
0.006802929341374
0.006802929341374
0.006802929341374
0.006802929341374
0.006802929341374
0.006802929341374
0.006802929341374
0.006802929341374
0.006802929341374
0.006802929341374
0.006802929341374
0.006802929341374
0.006802929341374
0.006802929341374
0.006802929341374
