0.9999
0.317546356170529
0.006756966770589
0.006756966770589
0.006756966770589
0.006756966770589
0.006756966770589
0.006756966770589
0.006756966770589
0.006756966770589
0.006756966770589
0.006756966770589
0.006756966770589
0.006756966770589
0.006756966770589
0.006756966770589
0.006756966770589
0.006756966770589
0.006756966770589
0.006756966770589
0.006756966770589
0.006756966770589
0.006756966770589
0.006756966770589
0.006756966770589
0.006756966770589
0.006756966770589
0.006756966770589
0.006756966770589
0.006756966770589
0.006756966770589
0.006756966770589
0.006756966770589
0.006756966770589
0.006756966770589
0.006756966770589
0.006756966770589
0.006756966770589
0.006756966770589
0.006756966770589
0.006756966770589
0.006756966770589
0.006756966770589
0.006756966770589
0.006756966770589
0.006756966770589
0.006756966770589
0.006756966770589
0.006756966770589
0.006756966770589
0.006756966770589
0.006756966770589
0.006756966770589
0.006756966770589
0.006756966770589
0.006756966770589
0.006756966770589
0.006756966770589
0.006756966770589
0.006756966770589
0.006756966770589
0.006756966770589
0.006756966770589
0.006756966770589
0.006756966770589
0.006756966770589
0.006756966770589
0.006756966770589
0.006756966770589
0.006756966770589
0.006756966770589
0.006756966770589
0.006756966770589
0.006756966770589
0.006756966770589
0.006756966770589
0.006756966770589
0.006756966770589
0.006756966770589
0.006756966770589
0.006756966770589
0.006756966770589
0.006756966770589
0.006756966770589
0.006756966770589
0.006756966770589
0.006756966770589
0.006756966770589
0.006756966770589
0.006756966770589
0.006756966770589
0.006756966770589
0.006756966770589
0.006756966770589
0.006756966770589
0.006756966770589
0.006756966770589
0.006756966770589
0.006756966770589
0.006756966770589
0.006756966770589
0.006756966770589
0.006756966770589
