0.9999
0.322126268412493
0.006711621104827
0.006711621104827
0.006711621104827
0.006711621104827
0.006711621104827
0.006711621104827
0.006711621104827
0.006711621104827
0.006711621104827
0.006711621104827
0.006711621104827
0.006711621104827
0.006711621104827
0.006711621104827
0.006711621104827
0.006711621104827
0.006711621104827
0.006711621104827
0.006711621104827
0.006711621104827
0.006711621104827
0.006711621104827
0.006711621104827
0.006711621104827
0.006711621104827
0.006711621104827
0.006711621104827
0.006711621104827
0.006711621104827
0.006711621104827
0.006711621104827
0.006711621104827
0.006711621104827
0.006711621104827
0.006711621104827
0.006711621104827
0.006711621104827
0.006711621104827
0.006711621104827
0.006711621104827
0.006711621104827
0.006711621104827
0.006711621104827
0.006711621104827
0.006711621104827
0.006711621104827
0.006711621104827
0.006711621104827
0.006711621104827
0.006711621104827
0.006711621104827
0.006711621104827
0.006711621104827
0.006711621104827
0.006711621104827
0.006711621104827
0.006711621104827
0.006711621104827
0.006711621104827
0.006711621104827
0.006711621104827
0.006711621104827
0.006711621104827
0.006711621104827
0.006711621104827
0.006711621104827
0.006711621104827
0.006711621104827
0.006711621104827
0.006711621104827
0.006711621104827
0.006711621104827
0.006711621104827
0.006711621104827
0.006711621104827
0.006711621104827
0.006711621104827
0.006711621104827
0.006711621104827
0.006711621104827
0.006711621104827
0.006711621104827
0.006711621104827
0.006711621104827
0.006711621104827
0.006711621104827
0.006711621104827
0.006711621104827
0.006711621104827
0.006711621104827
0.006711621104827
0.006711621104827
0.006711621104827
0.006711621104827
0.006711621104827
0.006711621104827
0.006711621104827
0.006711621104827
0.006711621104827
0.006711621104827
0.006711621104827
