0.9999
0.038092489788066
0.009523836734772
0.009523836734772
0.009523836734772
0.009523836734772
0.009523836734772
0.009523836734772
0.009523836734772
0.009523836734772
0.009523836734772
0.009523836734772
0.009523836734772
0.009523836734772
0.009523836734772
0.009523836734772
0.009523836734772
0.009523836734772
0.009523836734772
0.009523836734772
0.009523836734772
0.009523836734772
0.009523836734772
0.009523836734772
0.009523836734772
0.009523836734772
0.009523836734772
0.009523836734772
0.009523836734772
0.009523836734772
0.009523836734772
0.009523836734772
0.009523836734772
0.009523836734772
0.009523836734772
0.009523836734772
0.009523836734772
0.009523836734772
0.009523836734772
0.009523836734772
0.009523836734772
0.009523836734772
0.009523836734772
0.009523836734772
0.009523836734772
0.009523836734772
0.009523836734772
0.009523836734772
0.009523836734772
0.009523836734772
0.009523836734772
0.009523836734772
0.009523836734772
0.009523836734772
0.009523836734772
0.009523836734772
0.009523836734772
0.009523836734772
0.009523836734772
0.009523836734772
0.009523836734772
0.009523836734772
0.009523836734772
0.009523836734772
0.009523836734772
0.009523836734772
0.009523836734772
0.009523836734772
0.009523836734772
0.009523836734772
0.009523836734772
0.009523836734772
0.009523836734772
0.009523836734772
0.009523836734772
0.009523836734772
0.009523836734772
0.009523836734772
0.009523836734772
0.009523836734772
0.009523836734772
0.009523836734772
0.009523836734772
0.009523836734772
0.009523836734772
0.009523836734772
0.009523836734772
0.009523836734772
0.009523836734772
0.009523836734772
0.009523836734772
0.009523836734772
0.009523836734772
0.009523836734772
0.009523836734772
0.009523836734772
0.009523836734772
0.009523836734772
0.009523836734772
0.009523836734772
0.009523836734772
0.009523836734772
0.009523836734772
