0.9999
0.326645119310484
0.006666880006827
0.006666880006827
0.006666880006827
0.006666880006827
0.006666880006827
0.006666880006827
0.006666880006827
0.006666880006827
0.006666880006827
0.006666880006827
0.006666880006827
0.006666880006827
0.006666880006827
0.006666880006827
0.006666880006827
0.006666880006827
0.006666880006827
0.006666880006827
0.006666880006827
0.006666880006827
0.006666880006827
0.006666880006827
0.006666880006827
0.006666880006827
0.006666880006827
0.006666880006827
0.006666880006827
0.006666880006827
0.006666880006827
0.006666880006827
0.006666880006827
0.006666880006827
0.006666880006827
0.006666880006827
0.006666880006827
0.006666880006827
0.006666880006827
0.006666880006827
0.006666880006827
0.006666880006827
0.006666880006827
0.006666880006827
0.006666880006827
0.006666880006827
0.006666880006827
0.006666880006827
0.006666880006827
0.006666880006827
0.006666880006827
0.006666880006827
0.006666880006827
0.006666880006827
0.006666880006827
0.006666880006827
0.006666880006827
0.006666880006827
0.006666880006827
0.006666880006827
0.006666880006827
0.006666880006827
0.006666880006827
0.006666880006827
0.006666880006827
0.006666880006827
0.006666880006827
0.006666880006827
0.006666880006827
0.006666880006827
0.006666880006827
0.006666880006827
0.006666880006827
0.006666880006827
0.006666880006827
0.006666880006827
0.006666880006827
0.006666880006827
0.006666880006827
0.006666880006827
0.006666880006827
0.006666880006827
0.006666880006827
0.006666880006827
0.006666880006827
0.006666880006827
0.006666880006827
0.006666880006827
0.006666880006827
0.006666880006827
0.006666880006827
0.006666880006827
0.006666880006827
0.006666880006827
0.006666880006827
0.006666880006827
0.006666880006827
0.006666880006827
0.006666880006827
0.006666880006827
0.006666880006827
0.006666880006827
0.006666880006827
