0.9999
0.331104121921837
0.006622731466120
0.006622731466120
0.006622731466120
0.006622731466120
0.006622731466120
0.006622731466120
0.006622731466120
0.006622731466120
0.006622731466120
0.006622731466120
0.006622731466120
0.006622731466120
0.006622731466120
0.006622731466120
0.006622731466120
0.006622731466120
0.006622731466120
0.006622731466120
0.006622731466120
0.006622731466120
0.006622731466120
0.006622731466120
0.006622731466120
0.006622731466120
0.006622731466120
0.006622731466120
0.006622731466120
0.006622731466120
0.006622731466120
0.006622731466120
0.006622731466120
0.006622731466120
0.006622731466120
0.006622731466120
0.006622731466120
0.006622731466120
0.006622731466120
0.006622731466120
0.006622731466120
0.006622731466120
0.006622731466120
0.006622731466120
0.006622731466120
0.006622731466120
0.006622731466120
0.006622731466120
0.006622731466120
0.006622731466120
0.006622731466120
0.006622731466120
0.006622731466120
0.006622731466120
0.006622731466120
0.006622731466120
0.006622731466120
0.006622731466120
0.006622731466120
0.006622731466120
0.006622731466120
0.006622731466120
0.006622731466120
0.006622731466120
0.006622731466120
0.006622731466120
0.006622731466120
0.006622731466120
0.006622731466120
0.006622731466120
0.006622731466120
0.006622731466120
0.006622731466120
0.006622731466120
0.006622731466120
0.006622731466120
0.006622731466120
0.006622731466120
0.006622731466120
0.006622731466120
0.006622731466120
0.006622731466120
0.006622731466120
0.006622731466120
0.006622731466120
0.006622731466120
0.006622731466120
0.006622731466120
0.006622731466120
0.006622731466120
0.006622731466120
0.006622731466120
0.006622731466120
0.006622731466120
0.006622731466120
0.006622731466120
0.006622731466120
0.006622731466120
0.006622731466120
0.006622731466120
0.006622731466120
0.006622731466120
0.006622731466120
