0.9999
0.335504457383466
0.006579163788283
0.006579163788283
0.006579163788283
0.006579163788283
0.006579163788283
0.006579163788283
0.006579163788283
0.006579163788283
0.006579163788283
0.006579163788283
0.006579163788283
0.006579163788283
0.006579163788283
0.006579163788283
0.006579163788283
0.006579163788283
0.006579163788283
0.006579163788283
0.006579163788283
0.006579163788283
0.006579163788283
0.006579163788283
0.006579163788283
0.006579163788283
0.006579163788283
0.006579163788283
0.006579163788283
0.006579163788283
0.006579163788283
0.006579163788283
0.006579163788283
0.006579163788283
0.006579163788283
0.006579163788283
0.006579163788283
0.006579163788283
0.006579163788283
0.006579163788283
0.006579163788283
0.006579163788283
0.006579163788283
0.006579163788283
0.006579163788283
0.006579163788283
0.006579163788283
0.006579163788283
0.006579163788283
0.006579163788283
0.006579163788283
0.006579163788283
0.006579163788283
0.006579163788283
0.006579163788283
0.006579163788283
0.006579163788283
0.006579163788283
0.006579163788283
0.006579163788283
0.006579163788283
0.006579163788283
0.006579163788283
0.006579163788283
0.006579163788283
0.006579163788283
0.006579163788283
0.006579163788283
0.006579163788283
0.006579163788283
0.006579163788283
0.006579163788283
0.006579163788283
0.006579163788283
0.006579163788283
0.006579163788283
0.006579163788283
0.006579163788283
0.006579163788283
0.006579163788283
0.006579163788283
0.006579163788283
0.006579163788283
0.006579163788283
0.006579163788283
0.006579163788283
0.006579163788283
0.006579163788283
0.006579163788283
0.006579163788283
0.006579163788283
0.006579163788283
0.006579163788283
0.006579163788283
0.006579163788283
0.006579163788283
0.006579163788283
0.006579163788283
0.006579163788283
0.006579163788283
0.006579163788283
0.006579163788283
0.006579163788283
