0.9999
0.339847275954950
0.006536165584604
0.006536165584604
0.006536165584604
0.006536165584604
0.006536165584604
0.006536165584604
0.006536165584604
0.006536165584604
0.006536165584604
0.006536165584604
0.006536165584604
0.006536165584604
0.006536165584604
0.006536165584604
0.006536165584604
0.006536165584604
0.006536165584604
0.006536165584604
0.006536165584604
0.006536165584604
0.006536165584604
0.006536165584604
0.006536165584604
0.006536165584604
0.006536165584604
0.006536165584604
0.006536165584604
0.006536165584604
0.006536165584604
0.006536165584604
0.006536165584604
0.006536165584604
0.006536165584604
0.006536165584604
0.006536165584604
0.006536165584604
0.006536165584604
0.006536165584604
0.006536165584604
0.006536165584604
0.006536165584604
0.006536165584604
0.006536165584604
0.006536165584604
0.006536165584604
0.006536165584604
0.006536165584604
0.006536165584604
0.006536165584604
0.006536165584604
0.006536165584604
0.006536165584604
0.006536165584604
0.006536165584604
0.006536165584604
0.006536165584604
0.006536165584604
0.006536165584604
0.006536165584604
0.006536165584604
0.006536165584604
0.006536165584604
0.006536165584604
0.006536165584604
0.006536165584604
0.006536165584604
0.006536165584604
0.006536165584604
0.006536165584604
0.006536165584604
0.006536165584604
0.006536165584604
0.006536165584604
0.006536165584604
0.006536165584604
0.006536165584604
0.006536165584604
0.006536165584604
0.006536165584604
0.006536165584604
0.006536165584604
0.006536165584604
0.006536165584604
0.006536165584604
0.006536165584604
0.006536165584604
0.006536165584604
0.006536165584604
0.006536165584604
0.006536165584604
0.006536165584604
0.006536165584604
0.006536165584604
0.006536165584604
0.006536165584604
0.006536165584604
0.006536165584604
0.006536165584604
0.006536165584604
0.006536165584604
0.006536165584604
