0.9999
0.344133698020972
0.006493725762169
0.006493725762169
0.006493725762169
0.006493725762169
0.006493725762169
0.006493725762169
0.006493725762169
0.006493725762169
0.006493725762169
0.006493725762169
0.006493725762169
0.006493725762169
0.006493725762169
0.006493725762169
0.006493725762169
0.006493725762169
0.006493725762169
0.006493725762169
0.006493725762169
0.006493725762169
0.006493725762169
0.006493725762169
0.006493725762169
0.006493725762169
0.006493725762169
0.006493725762169
0.006493725762169
0.006493725762169
0.006493725762169
0.006493725762169
0.006493725762169
0.006493725762169
0.006493725762169
0.006493725762169
0.006493725762169
0.006493725762169
0.006493725762169
0.006493725762169
0.006493725762169
0.006493725762169
0.006493725762169
0.006493725762169
0.006493725762169
0.006493725762169
0.006493725762169
0.006493725762169
0.006493725762169
0.006493725762169
0.006493725762169
0.006493725762169
0.006493725762169
0.006493725762169
0.006493725762169
0.006493725762169
0.006493725762169
0.006493725762169
0.006493725762169
0.006493725762169
0.006493725762169
0.006493725762169
0.006493725762169
0.006493725762169
0.006493725762169
0.006493725762169
0.006493725762169
0.006493725762169
0.006493725762169
0.006493725762169
0.006493725762169
0.006493725762169
0.006493725762169
0.006493725762169
0.006493725762169
0.006493725762169
0.006493725762169
0.006493725762169
0.006493725762169
0.006493725762169
0.006493725762169
0.006493725762169
0.006493725762169
0.006493725762169
0.006493725762169
0.006493725762169
0.006493725762169
0.006493725762169
0.006493725762169
0.006493725762169
0.006493725762169
0.006493725762169
0.006493725762169
0.006493725762169
0.006493725762169
0.006493725762169
0.006493725762169
0.006493725762169
0.006493725762169
0.006493725762169
0.006493725762169
0.006493725762169
0.006493725762169
