0.9999
0.348364815054966
0.006451833514307
0.006451833514307
0.006451833514307
0.006451833514307
0.006451833514307
0.006451833514307
0.006451833514307
0.006451833514307
0.006451833514307
0.006451833514307
0.006451833514307
0.006451833514307
0.006451833514307
0.006451833514307
0.006451833514307
0.006451833514307
0.006451833514307
0.006451833514307
0.006451833514307
0.006451833514307
0.006451833514307
0.006451833514307
0.006451833514307
0.006451833514307
0.006451833514307
0.006451833514307
0.006451833514307
0.006451833514307
0.006451833514307
0.006451833514307
0.006451833514307
0.006451833514307
0.006451833514307
0.006451833514307
0.006451833514307
0.006451833514307
0.006451833514307
0.006451833514307
0.006451833514307
0.006451833514307
0.006451833514307
0.006451833514307
0.006451833514307
0.006451833514307
0.006451833514307
0.006451833514307
0.006451833514307
0.006451833514307
0.006451833514307
0.006451833514307
0.006451833514307
0.006451833514307
0.006451833514307
0.006451833514307
0.006451833514307
0.006451833514307
0.006451833514307
0.006451833514307
0.006451833514307
0.006451833514307
0.006451833514307
0.006451833514307
0.006451833514307
0.006451833514307
0.006451833514307
0.006451833514307
0.006451833514307
0.006451833514307
0.006451833514307
0.006451833514307
0.006451833514307
0.006451833514307
0.006451833514307
0.006451833514307
0.006451833514307
0.006451833514307
0.006451833514307
0.006451833514307
0.006451833514307
0.006451833514307
0.006451833514307
0.006451833514307
0.006451833514307
0.006451833514307
0.006451833514307
0.006451833514307
0.006451833514307
0.006451833514307
0.006451833514307
0.006451833514307
0.006451833514307
0.006451833514307
0.006451833514307
0.006451833514307
0.006451833514307
0.006451833514307
0.006451833514307
0.006451833514307
0.006451833514307
0.006451833514307
0.006451833514307
