0.9999
0.352541690545698
0.006410478311429
0.006410478311429
0.006410478311429
0.006410478311429
0.006410478311429
0.006410478311429
0.006410478311429
0.006410478311429
0.006410478311429
0.006410478311429
0.006410478311429
0.006410478311429
0.006410478311429
0.006410478311429
0.006410478311429
0.006410478311429
0.006410478311429
0.006410478311429
0.006410478311429
0.006410478311429
0.006410478311429
0.006410478311429
0.006410478311429
0.006410478311429
0.006410478311429
0.006410478311429
0.006410478311429
0.006410478311429
0.006410478311429
0.006410478311429
0.006410478311429
0.006410478311429
0.006410478311429
0.006410478311429
0.006410478311429
0.006410478311429
0.006410478311429
0.006410478311429
0.006410478311429
0.006410478311429
0.006410478311429
0.006410478311429
0.006410478311429
0.006410478311429
0.006410478311429
0.006410478311429
0.006410478311429
0.006410478311429
0.006410478311429
0.006410478311429
0.006410478311429
0.006410478311429
0.006410478311429
0.006410478311429
0.006410478311429
0.006410478311429
0.006410478311429
0.006410478311429
0.006410478311429
0.006410478311429
0.006410478311429
0.006410478311429
0.006410478311429
0.006410478311429
0.006410478311429
0.006410478311429
0.006410478311429
0.006410478311429
0.006410478311429
0.006410478311429
0.006410478311429
0.006410478311429
0.006410478311429
0.006410478311429
0.006410478311429
0.006410478311429
0.006410478311429
0.006410478311429
0.006410478311429
0.006410478311429
0.006410478311429
0.006410478311429
0.006410478311429
0.006410478311429
0.006410478311429
0.006410478311429
0.006410478311429
0.006410478311429
0.006410478311429
0.006410478311429
0.006410478311429
0.006410478311429
0.006410478311429
0.006410478311429
0.006410478311429
0.006410478311429
0.006410478311429
0.006410478311429
0.006410478311429
0.006410478311429
0.006410478311429
