0.9999
0.356665360888438
0.006369649892194
0.006369649892194
0.006369649892194
0.006369649892194
0.006369649892194
0.006369649892194
0.006369649892194
0.006369649892194
0.006369649892194
0.006369649892194
0.006369649892194
0.006369649892194
0.006369649892194
0.006369649892194
0.006369649892194
0.006369649892194
0.006369649892194
0.006369649892194
0.006369649892194
0.006369649892194
0.006369649892194
0.006369649892194
0.006369649892194
0.006369649892194
0.006369649892194
0.006369649892194
0.006369649892194
0.006369649892194
0.006369649892194
0.006369649892194
0.006369649892194
0.006369649892194
0.006369649892194
0.006369649892194
0.006369649892194
0.006369649892194
0.006369649892194
0.006369649892194
0.006369649892194
0.006369649892194
0.006369649892194
0.006369649892194
0.006369649892194
0.006369649892194
0.006369649892194
0.006369649892194
0.006369649892194
0.006369649892194
0.006369649892194
0.006369649892194
0.006369649892194
0.006369649892194
0.006369649892194
0.006369649892194
0.006369649892194
0.006369649892194
0.006369649892194
0.006369649892194
0.006369649892194
0.006369649892194
0.006369649892194
0.006369649892194
0.006369649892194
0.006369649892194
0.006369649892194
0.006369649892194
0.006369649892194
0.006369649892194
0.006369649892194
0.006369649892194
0.006369649892194
0.006369649892194
0.006369649892194
0.006369649892194
0.006369649892194
0.006369649892194
0.006369649892194
0.006369649892194
0.006369649892194
0.006369649892194
0.006369649892194
0.006369649892194
0.006369649892194
0.006369649892194
0.006369649892194
0.006369649892194
0.006369649892194
0.006369649892194
0.006369649892194
0.006369649892194
0.006369649892194
0.006369649892194
0.006369649892194
0.006369649892194
0.006369649892194
0.006369649892194
0.006369649892194
0.006369649892194
0.006369649892194
0.006369649892194
0.006369649892194
