0.9999
0.360736836242297
0.006329338255027
0.006329338255027
0.006329338255027
0.006329338255027
0.006329338255027
0.006329338255027
0.006329338255027
0.006329338255027
0.006329338255027
0.006329338255027
0.006329338255027
0.006329338255027
0.006329338255027
0.006329338255027
0.006329338255027
0.006329338255027
0.006329338255027
0.006329338255027
0.006329338255027
0.006329338255027
0.006329338255027
0.006329338255027
0.006329338255027
0.006329338255027
0.006329338255027
0.006329338255027
0.006329338255027
0.006329338255027
0.006329338255027
0.006329338255027
0.006329338255027
0.006329338255027
0.006329338255027
0.006329338255027
0.006329338255027
0.006329338255027
0.006329338255027
0.006329338255027
0.006329338255027
0.006329338255027
0.006329338255027
0.006329338255027
0.006329338255027
0.006329338255027
0.006329338255027
0.006329338255027
0.006329338255027
0.006329338255027
0.006329338255027
0.006329338255027
0.006329338255027
0.006329338255027
0.006329338255027
0.006329338255027
0.006329338255027
0.006329338255027
0.006329338255027
0.006329338255027
0.006329338255027
0.006329338255027
0.006329338255027
0.006329338255027
0.006329338255027
0.006329338255027
0.006329338255027
0.006329338255027
0.006329338255027
0.006329338255027
0.006329338255027
0.006329338255027
0.006329338255027
0.006329338255027
0.006329338255027
0.006329338255027
0.006329338255027
0.006329338255027
0.006329338255027
0.006329338255027
0.006329338255027
0.006329338255027
0.006329338255027
0.006329338255027
0.006329338255027
0.006329338255027
0.006329338255027
0.006329338255027
0.006329338255027
0.006329338255027
0.006329338255027
0.006329338255027
0.006329338255027
0.006329338255027
0.006329338255027
0.006329338255027
0.006329338255027
0.006329338255027
0.006329338255027
0.006329338255027
0.006329338255027
0.006329338255027
0.006329338255027
