0.9999
0.364757101355206
0.006289533649948
0.006289533649948
0.006289533649948
0.006289533649948
0.006289533649948
0.006289533649948
0.006289533649948
0.006289533649948
0.006289533649948
0.006289533649948
0.006289533649948
0.006289533649948
0.006289533649948
0.006289533649948
0.006289533649948
0.006289533649948
0.006289533649948
0.006289533649948
0.006289533649948
0.006289533649948
0.006289533649948
0.006289533649948
0.006289533649948
0.006289533649948
0.006289533649948
0.006289533649948
0.006289533649948
0.006289533649948
0.006289533649948
0.006289533649948
0.006289533649948
0.006289533649948
0.006289533649948
0.006289533649948
0.006289533649948
0.006289533649948
0.006289533649948
0.006289533649948
0.006289533649948
0.006289533649948
0.006289533649948
0.006289533649948
0.006289533649948
0.006289533649948
0.006289533649948
0.006289533649948
0.006289533649948
0.006289533649948
0.006289533649948
0.006289533649948
0.006289533649948
0.006289533649948
0.006289533649948
0.006289533649948
0.006289533649948
0.006289533649948
0.006289533649948
0.006289533649948
0.006289533649948
0.006289533649948
0.006289533649948
0.006289533649948
0.006289533649948
0.006289533649948
0.006289533649948
0.006289533649948
0.006289533649948
0.006289533649948
0.006289533649948
0.006289533649948
0.006289533649948
0.006289533649948
0.006289533649948
0.006289533649948
0.006289533649948
0.006289533649948
0.006289533649948
0.006289533649948
0.006289533649948
0.006289533649948
0.006289533649948
0.006289533649948
0.006289533649948
0.006289533649948
0.006289533649948
0.006289533649948
0.006289533649948
0.006289533649948
0.006289533649948
0.006289533649948
0.006289533649948
0.006289533649948
0.006289533649948
0.006289533649948
0.006289533649948
0.006289533649948
0.006289533649948
0.006289533649948
0.006289533649948
0.006289533649948
0.006289533649948
