0.9999
0.047166215721569
0.009433997864143
0.009433997864143
0.009433997864143
0.009433997864143
0.009433997864143
0.009433997864143
0.009433997864143
0.009433997864143
0.009433997864143
0.009433997864143
0.009433997864143
0.009433997864143
0.009433997864143
0.009433997864143
0.009433997864143
0.009433997864143
0.009433997864143
0.009433997864143
0.009433997864143
0.009433997864143
0.009433997864143
0.009433997864143
0.009433997864143
0.009433997864143
0.009433997864143
0.009433997864143
0.009433997864143
0.009433997864143
0.009433997864143
0.009433997864143
0.009433997864143
0.009433997864143
0.009433997864143
0.009433997864143
0.009433997864143
0.009433997864143
0.009433997864143
0.009433997864143
0.009433997864143
0.009433997864143
0.009433997864143
0.009433997864143
0.009433997864143
0.009433997864143
0.009433997864143
0.009433997864143
0.009433997864143
0.009433997864143
0.009433997864143
0.009433997864143
0.009433997864143
0.009433997864143
0.009433997864143
0.009433997864143
0.009433997864143
0.009433997864143
0.009433997864143
0.009433997864143
0.009433997864143
0.009433997864143
0.009433997864143
0.009433997864143
0.009433997864143
0.009433997864143
0.009433997864143
0.009433997864143
0.009433997864143
0.009433997864143
0.009433997864143
0.009433997864143
0.009433997864143
0.009433997864143
0.009433997864143
0.009433997864143
0.009433997864143
0.009433997864143
0.009433997864143
0.009433997864143
0.009433997864143
0.009433997864143
0.009433997864143
0.009433997864143
0.009433997864143
0.009433997864143
0.009433997864143
0.009433997864143
0.009433997864143
0.009433997864143
0.009433997864143
0.009433997864143
0.009433997864143
0.009433997864143
0.009433997864143
0.009433997864143
0.009433997864143
0.009433997864143
0.009433997864143
0.009433997864143
0.009433997864143
0.009433997864143
0.009433997864143
