0.9999
0.368727116357968
0.006250226570713
0.006250226570713
0.006250226570713
0.006250226570713
0.006250226570713
0.006250226570713
0.006250226570713
0.006250226570713
0.006250226570713
0.006250226570713
0.006250226570713
0.006250226570713
0.006250226570713
0.006250226570713
0.006250226570713
0.006250226570713
0.006250226570713
0.006250226570713
0.006250226570713
0.006250226570713
0.006250226570713
0.006250226570713
0.006250226570713
0.006250226570713
0.006250226570713
0.006250226570713
0.006250226570713
0.006250226570713
0.006250226570713
0.006250226570713
0.006250226570713
0.006250226570713
0.006250226570713
0.006250226570713
0.006250226570713
0.006250226570713
0.006250226570713
0.006250226570713
0.006250226570713
0.006250226570713
0.006250226570713
0.006250226570713
0.006250226570713
0.006250226570713
0.006250226570713
0.006250226570713
0.006250226570713
0.006250226570713
0.006250226570713
0.006250226570713
0.006250226570713
0.006250226570713
0.006250226570713
0.006250226570713
0.006250226570713
0.006250226570713
0.006250226570713
0.006250226570713
0.006250226570713
0.006250226570713
0.006250226570713
0.006250226570713
0.006250226570713
0.006250226570713
0.006250226570713
0.006250226570713
0.006250226570713
0.006250226570713
0.006250226570713
0.006250226570713
0.006250226570713
0.006250226570713
0.006250226570713
0.006250226570713
0.006250226570713
0.006250226570713
0.006250226570713
0.006250226570713
0.006250226570713
0.006250226570713
0.006250226570713
0.006250226570713
0.006250226570713
0.006250226570713
0.006250226570713
0.006250226570713
0.006250226570713
0.006250226570713
0.006250226570713
0.006250226570713
0.006250226570713
0.006250226570713
0.006250226570713
0.006250226570713
0.006250226570713
0.006250226570713
0.006250226570713
0.006250226570713
0.006250226570713
0.006250226570713
0.006250226570713
