0.9999
0.372647817528717
0.006211407747240
0.006211407747240
0.006211407747240
0.006211407747240
0.006211407747240
0.006211407747240
0.006211407747240
0.006211407747240
0.006211407747240
0.006211407747240
0.006211407747240
0.006211407747240
0.006211407747240
0.006211407747240
0.006211407747240
0.006211407747240
0.006211407747240
0.006211407747240
0.006211407747240
0.006211407747240
0.006211407747240
0.006211407747240
0.006211407747240
0.006211407747240
0.006211407747240
0.006211407747240
0.006211407747240
0.006211407747240
0.006211407747240
0.006211407747240
0.006211407747240
0.006211407747240
0.006211407747240
0.006211407747240
0.006211407747240
0.006211407747240
0.006211407747240
0.006211407747240
0.006211407747240
0.006211407747240
0.006211407747240
0.006211407747240
0.006211407747240
0.006211407747240
0.006211407747240
0.006211407747240
0.006211407747240
0.006211407747240
0.006211407747240
0.006211407747240
0.006211407747240
0.006211407747240
0.006211407747240
0.006211407747240
0.006211407747240
0.006211407747240
0.006211407747240
0.006211407747240
0.006211407747240
0.006211407747240
0.006211407747240
0.006211407747240
0.006211407747240
0.006211407747240
0.006211407747240
0.006211407747240
0.006211407747240
0.006211407747240
0.006211407747240
0.006211407747240
0.006211407747240
0.006211407747240
0.006211407747240
0.006211407747240
0.006211407747240
0.006211407747240
0.006211407747240
0.006211407747240
0.006211407747240
0.006211407747240
0.006211407747240
0.006211407747240
0.006211407747240
0.006211407747240
0.006211407747240
0.006211407747240
0.006211407747240
0.006211407747240
0.006211407747240
0.006211407747240
0.006211407747240
0.006211407747240
0.006211407747240
0.006211407747240
0.006211407747240
0.006211407747240
0.006211407747240
0.006211407747240
0.006211407747240
0.006211407747240
0.006211407747240
