0.9999
0.376520118029062
0.006173068138326
0.006173068138326
0.006173068138326
0.006173068138326
0.006173068138326
0.006173068138326
0.006173068138326
0.006173068138326
0.006173068138326
0.006173068138326
0.006173068138326
0.006173068138326
0.006173068138326
0.006173068138326
0.006173068138326
0.006173068138326
0.006173068138326
0.006173068138326
0.006173068138326
0.006173068138326
0.006173068138326
0.006173068138326
0.006173068138326
0.006173068138326
0.006173068138326
0.006173068138326
0.006173068138326
0.006173068138326
0.006173068138326
0.006173068138326
0.006173068138326
0.006173068138326
0.006173068138326
0.006173068138326
0.006173068138326
0.006173068138326
0.006173068138326
0.006173068138326
0.006173068138326
0.006173068138326
0.006173068138326
0.006173068138326
0.006173068138326
0.006173068138326
0.006173068138326
0.006173068138326
0.006173068138326
0.006173068138326
0.006173068138326
0.006173068138326
0.006173068138326
0.006173068138326
0.006173068138326
0.006173068138326
0.006173068138326
0.006173068138326
0.006173068138326
0.006173068138326
0.006173068138326
0.006173068138326
0.006173068138326
0.006173068138326
0.006173068138326
0.006173068138326
0.006173068138326
0.006173068138326
0.006173068138326
0.006173068138326
0.006173068138326
0.006173068138326
0.006173068138326
0.006173068138326
0.006173068138326
0.006173068138326
0.006173068138326
0.006173068138326
0.006173068138326
0.006173068138326
0.006173068138326
0.006173068138326
0.006173068138326
0.006173068138326
0.006173068138326
0.006173068138326
0.006173068138326
0.006173068138326
0.006173068138326
0.006173068138326
0.006173068138326
0.006173068138326
0.006173068138326
0.006173068138326
0.006173068138326
0.006173068138326
0.006173068138326
0.006173068138326
0.006173068138326
0.006173068138326
0.006173068138326
0.006173068138326
0.006173068138326
