0.9999
0.380344908613144
0.006135198924622
0.006135198924622
0.006135198924622
0.006135198924622
0.006135198924622
0.006135198924622
0.006135198924622
0.006135198924622
0.006135198924622
0.006135198924622
0.006135198924622
0.006135198924622
0.006135198924622
0.006135198924622
0.006135198924622
0.006135198924622
0.006135198924622
0.006135198924622
0.006135198924622
0.006135198924622
0.006135198924622
0.006135198924622
0.006135198924622
0.006135198924622
0.006135198924622
0.006135198924622
0.006135198924622
0.006135198924622
0.006135198924622
0.006135198924622
0.006135198924622
0.006135198924622
0.006135198924622
0.006135198924622
0.006135198924622
0.006135198924622
0.006135198924622
0.006135198924622
0.006135198924622
0.006135198924622
0.006135198924622
0.006135198924622
0.006135198924622
0.006135198924622
0.006135198924622
0.006135198924622
0.006135198924622
0.006135198924622
0.006135198924622
0.006135198924622
0.006135198924622
0.006135198924622
0.006135198924622
0.006135198924622
0.006135198924622
0.006135198924622
0.006135198924622
0.006135198924622
0.006135198924622
0.006135198924622
0.006135198924622
0.006135198924622
0.006135198924622
0.006135198924622
0.006135198924622
0.006135198924622
0.006135198924622
0.006135198924622
0.006135198924622
0.006135198924622
0.006135198924622
0.006135198924622
0.006135198924622
0.006135198924622
0.006135198924622
0.006135198924622
0.006135198924622
0.006135198924622
0.006135198924622
0.006135198924622
0.006135198924622
0.006135198924622
0.006135198924622
0.006135198924622
0.006135198924622
0.006135198924622
0.006135198924622
0.006135198924622
0.006135198924622
0.006135198924622
0.006135198924622
0.006135198924622
0.006135198924622
0.006135198924622
0.006135198924622
0.006135198924622
0.006135198924622
0.006135198924622
0.006135198924622
0.006135198924622
0.006135198924622
