0.9999
0.384123058310741
0.006097791501874
0.006097791501874
0.006097791501874
0.006097791501874
0.006097791501874
0.006097791501874
0.006097791501874
0.006097791501874
0.006097791501874
0.006097791501874
0.006097791501874
0.006097791501874
0.006097791501874
0.006097791501874
0.006097791501874
0.006097791501874
0.006097791501874
0.006097791501874
0.006097791501874
0.006097791501874
0.006097791501874
0.006097791501874
0.006097791501874
0.006097791501874
0.006097791501874
0.006097791501874
0.006097791501874
0.006097791501874
0.006097791501874
0.006097791501874
0.006097791501874
0.006097791501874
0.006097791501874
0.006097791501874
0.006097791501874
0.006097791501874
0.006097791501874
0.006097791501874
0.006097791501874
0.006097791501874
0.006097791501874
0.006097791501874
0.006097791501874
0.006097791501874
0.006097791501874
0.006097791501874
0.006097791501874
0.006097791501874
0.006097791501874
0.006097791501874
0.006097791501874
0.006097791501874
0.006097791501874
0.006097791501874
0.006097791501874
0.006097791501874
0.006097791501874
0.006097791501874
0.006097791501874
0.006097791501874
0.006097791501874
0.006097791501874
0.006097791501874
0.006097791501874
0.006097791501874
0.006097791501874
0.006097791501874
0.006097791501874
0.006097791501874
0.006097791501874
0.006097791501874
0.006097791501874
0.006097791501874
0.006097791501874
0.006097791501874
0.006097791501874
0.006097791501874
0.006097791501874
0.006097791501874
0.006097791501874
0.006097791501874
0.006097791501874
0.006097791501874
0.006097791501874
0.006097791501874
0.006097791501874
0.006097791501874
0.006097791501874
0.006097791501874
0.006097791501874
0.006097791501874
0.006097791501874
0.006097791501874
0.006097791501874
0.006097791501874
0.006097791501874
0.006097791501874
0.006097791501874
0.006097791501874
0.006097791501874
0.006097791501874
