0.9999
0.387855415085545
0.006060837474401
0.006060837474401
0.006060837474401
0.006060837474401
0.006060837474401
0.006060837474401
0.006060837474401
0.006060837474401
0.006060837474401
0.006060837474401
0.006060837474401
0.006060837474401
0.006060837474401
0.006060837474401
0.006060837474401
0.006060837474401
0.006060837474401
0.006060837474401
0.006060837474401
0.006060837474401
0.006060837474401
0.006060837474401
0.006060837474401
0.006060837474401
0.006060837474401
0.006060837474401
0.006060837474401
0.006060837474401
0.006060837474401
0.006060837474401
0.006060837474401
0.006060837474401
0.006060837474401
0.006060837474401
0.006060837474401
0.006060837474401
0.006060837474401
0.006060837474401
0.006060837474401
0.006060837474401
0.006060837474401
0.006060837474401
0.006060837474401
0.006060837474401
0.006060837474401
0.006060837474401
0.006060837474401
0.006060837474401
0.006060837474401
0.006060837474401
0.006060837474401
0.006060837474401
0.006060837474401
0.006060837474401
0.006060837474401
0.006060837474401
0.006060837474401
0.006060837474401
0.006060837474401
0.006060837474401
0.006060837474401
0.006060837474401
0.006060837474401
0.006060837474401
0.006060837474401
0.006060837474401
0.006060837474401
0.006060837474401
0.006060837474401
0.006060837474401
0.006060837474401
0.006060837474401
0.006060837474401
0.006060837474401
0.006060837474401
0.006060837474401
0.006060837474401
0.006060837474401
0.006060837474401
0.006060837474401
0.006060837474401
0.006060837474401
0.006060837474401
0.006060837474401
0.006060837474401
0.006060837474401
0.006060837474401
0.006060837474401
0.006060837474401
0.006060837474401
0.006060837474401
0.006060837474401
0.006060837474401
0.006060837474401
0.006060837474401
0.006060837474401
0.006060837474401
0.006060837474401
0.006060837474401
0.006060837474401
0.006060837474401
