0.9999
0.391542806469647
0.006024328648815
0.006024328648815
0.006024328648815
0.006024328648815
0.006024328648815
0.006024328648815
0.006024328648815
0.006024328648815
0.006024328648815
0.006024328648815
0.006024328648815
0.006024328648815
0.006024328648815
0.006024328648815
0.006024328648815
0.006024328648815
0.006024328648815
0.006024328648815
0.006024328648815
0.006024328648815
0.006024328648815
0.006024328648815
0.006024328648815
0.006024328648815
0.006024328648815
0.006024328648815
0.006024328648815
0.006024328648815
0.006024328648815
0.006024328648815
0.006024328648815
0.006024328648815
0.006024328648815
0.006024328648815
0.006024328648815
0.006024328648815
0.006024328648815
0.006024328648815
0.006024328648815
0.006024328648815
0.006024328648815
0.006024328648815
0.006024328648815
0.006024328648815
0.006024328648815
0.006024328648815
0.006024328648815
0.006024328648815
0.006024328648815
0.006024328648815
0.006024328648815
0.006024328648815
0.006024328648815
0.006024328648815
0.006024328648815
0.006024328648815
0.006024328648815
0.006024328648815
0.006024328648815
0.006024328648815
0.006024328648815
0.006024328648815
0.006024328648815
0.006024328648815
0.006024328648815
0.006024328648815
0.006024328648815
0.006024328648815
0.006024328648815
0.006024328648815
0.006024328648815
0.006024328648815
0.006024328648815
0.006024328648815
0.006024328648815
0.006024328648815
0.006024328648815
0.006024328648815
0.006024328648815
0.006024328648815
0.006024328648815
0.006024328648815
0.006024328648815
0.006024328648815
0.006024328648815
0.006024328648815
0.006024328648815
0.006024328648815
0.006024328648815
0.006024328648815
0.006024328648815
0.006024328648815
0.006024328648815
0.006024328648815
0.006024328648815
0.006024328648815
0.006024328648815
0.006024328648815
0.006024328648815
0.006024328648815
0.006024328648815
