0.9999
0.395186040175216
0.005988257027968
0.005988257027968
0.005988257027968
0.005988257027968
0.005988257027968
0.005988257027968
0.005988257027968
0.005988257027968
0.005988257027968
0.005988257027968
0.005988257027968
0.005988257027968
0.005988257027968
0.005988257027968
0.005988257027968
0.005988257027968
0.005988257027968
0.005988257027968
0.005988257027968
0.005988257027968
0.005988257027968
0.005988257027968
0.005988257027968
0.005988257027968
0.005988257027968
0.005988257027968
0.005988257027968
0.005988257027968
0.005988257027968
0.005988257027968
0.005988257027968
0.005988257027968
0.005988257027968
0.005988257027968
0.005988257027968
0.005988257027968
0.005988257027968
0.005988257027968
0.005988257027968
0.005988257027968
0.005988257027968
0.005988257027968
0.005988257027968
0.005988257027968
0.005988257027968
0.005988257027968
0.005988257027968
0.005988257027968
0.005988257027968
0.005988257027968
0.005988257027968
0.005988257027968
0.005988257027968
0.005988257027968
0.005988257027968
0.005988257027968
0.005988257027968
0.005988257027968
0.005988257027968
0.005988257027968
0.005988257027968
0.005988257027968
0.005988257027968
0.005988257027968
0.005988257027968
0.005988257027968
0.005988257027968
0.005988257027968
0.005988257027968
0.005988257027968
0.005988257027968
0.005988257027968
0.005988257027968
0.005988257027968
0.005988257027968
0.005988257027968
0.005988257027968
0.005988257027968
0.005988257027968
0.005988257027968
0.005988257027968
0.005988257027968
0.005988257027968
0.005988257027968
0.005988257027968
0.005988257027968
0.005988257027968
0.005988257027968
0.005988257027968
0.005988257027968
0.005988257027968
0.005988257027968
0.005988257027968
0.005988257027968
0.005988257027968
0.005988257027968
0.005988257027968
0.005988257027968
0.005988257027968
0.005988257027968
0.005988257027968
