0.9999
0.398785904684350
0.005952614805105
0.005952614805105
0.005952614805105
0.005952614805105
0.005952614805105
0.005952614805105
0.005952614805105
0.005952614805105
0.005952614805105
0.005952614805105
0.005952614805105
0.005952614805105
0.005952614805105
0.005952614805105
0.005952614805105
0.005952614805105
0.005952614805105
0.005952614805105
0.005952614805105
0.005952614805105
0.005952614805105
0.005952614805105
0.005952614805105
0.005952614805105
0.005952614805105
0.005952614805105
0.005952614805105
0.005952614805105
0.005952614805105
0.005952614805105
0.005952614805105
0.005952614805105
0.005952614805105
0.005952614805105
0.005952614805105
0.005952614805105
0.005952614805105
0.005952614805105
0.005952614805105
0.005952614805105
0.005952614805105
0.005952614805105
0.005952614805105
0.005952614805105
0.005952614805105
0.005952614805105
0.005952614805105
0.005952614805105
0.005952614805105
0.005952614805105
0.005952614805105
0.005952614805105
0.005952614805105
0.005952614805105
0.005952614805105
0.005952614805105
0.005952614805105
0.005952614805105
0.005952614805105
0.005952614805105
0.005952614805105
0.005952614805105
0.005952614805105
0.005952614805105
0.005952614805105
0.005952614805105
0.005952614805105
0.005952614805105
0.005952614805105
0.005952614805105
0.005952614805105
0.005952614805105
0.005952614805105
0.005952614805105
0.005952614805105
0.005952614805105
0.005952614805105
0.005952614805105
0.005952614805105
0.005952614805105
0.005952614805105
0.005952614805105
0.005952614805105
0.005952614805105
0.005952614805105
0.005952614805105
0.005952614805105
0.005952614805105
0.005952614805105
0.005952614805105
0.005952614805105
0.005952614805105
0.005952614805105
0.005952614805105
0.005952614805105
0.005952614805105
0.005952614805105
0.005952614805105
0.005952614805105
0.005952614805105
0.005952614805105
