0.9999
0.402343169817975
0.005917394358238
0.005917394358238
0.005917394358238
0.005917394358238
0.005917394358238
0.005917394358238
0.005917394358238
0.005917394358238
0.005917394358238
0.005917394358238
0.005917394358238
0.005917394358238
0.005917394358238
0.005917394358238
0.005917394358238
0.005917394358238
0.005917394358238
0.005917394358238
0.005917394358238
0.005917394358238
0.005917394358238
0.005917394358238
0.005917394358238
0.005917394358238
0.005917394358238
0.005917394358238
0.005917394358238
0.005917394358238
0.005917394358238
0.005917394358238
0.005917394358238
0.005917394358238
0.005917394358238
0.005917394358238
0.005917394358238
0.005917394358238
0.005917394358238
0.005917394358238
0.005917394358238
0.005917394358238
0.005917394358238
0.005917394358238
0.005917394358238
0.005917394358238
0.005917394358238
0.005917394358238
0.005917394358238
0.005917394358238
0.005917394358238
0.005917394358238
0.005917394358238
0.005917394358238
0.005917394358238
0.005917394358238
0.005917394358238
0.005917394358238
0.005917394358238
0.005917394358238
0.005917394358238
0.005917394358238
0.005917394358238
0.005917394358238
0.005917394358238
0.005917394358238
0.005917394358238
0.005917394358238
0.005917394358238
0.005917394358238
0.005917394358238
0.005917394358238
0.005917394358238
0.005917394358238
0.005917394358238
0.005917394358238
0.005917394358238
0.005917394358238
0.005917394358238
0.005917394358238
0.005917394358238
0.005917394358238
0.005917394358238
0.005917394358238
0.005917394358238
0.005917394358238
0.005917394358238
0.005917394358238
0.005917394358238
0.005917394358238
0.005917394358238
0.005917394358238
0.005917394358238
0.005917394358238
0.005917394358238
0.005917394358238
0.005917394358238
0.005917394358238
0.005917394358238
0.005917394358238
0.005917394358238
0.005917394358238
0.005917394358238
