0.9999
0.056070355468951
0.009345838064664
0.009345838064664
0.009345838064664
0.009345838064664
0.009345838064664
0.009345838064664
0.009345838064664
0.009345838064664
0.009345838064664
0.009345838064664
0.009345838064664
0.009345838064664
0.009345838064664
0.009345838064664
0.009345838064664
0.009345838064664
0.009345838064664
0.009345838064664
0.009345838064664
0.009345838064664
0.009345838064664
0.009345838064664
0.009345838064664
0.009345838064664
0.009345838064664
0.009345838064664
0.009345838064664
0.009345838064664
0.009345838064664
0.009345838064664
0.009345838064664
0.009345838064664
0.009345838064664
0.009345838064664
0.009345838064664
0.009345838064664
0.009345838064664
0.009345838064664
0.009345838064664
0.009345838064664
0.009345838064664
0.009345838064664
0.009345838064664
0.009345838064664
0.009345838064664
0.009345838064664
0.009345838064664
0.009345838064664
0.009345838064664
0.009345838064664
0.009345838064664
0.009345838064664
0.009345838064664
0.009345838064664
0.009345838064664
0.009345838064664
0.009345838064664
0.009345838064664
0.009345838064664
0.009345838064664
0.009345838064664
0.009345838064664
0.009345838064664
0.009345838064664
0.009345838064664
0.009345838064664
0.009345838064664
0.009345838064664
0.009345838064664
0.009345838064664
0.009345838064664
0.009345838064664
0.009345838064664
0.009345838064664
0.009345838064664
0.009345838064664
0.009345838064664
0.009345838064664
0.009345838064664
0.009345838064664
0.009345838064664
0.009345838064664
0.009345838064664
0.009345838064664
0.009345838064664
0.009345838064664
0.009345838064664
0.009345838064664
0.009345838064664
0.009345838064664
0.009345838064664
0.009345838064664
0.009345838064664
0.009345838064664
0.009345838064664
0.009345838064664
0.009345838064664
0.009345838064664
0.009345838064664
0.009345838064664
0.009345838064664
