0.9999
0.405858587284667
0.005882588244706
0.005882588244706
0.005882588244706
0.005882588244706
0.005882588244706
0.005882588244706
0.005882588244706
0.005882588244706
0.005882588244706
0.005882588244706
0.005882588244706
0.005882588244706
0.005882588244706
0.005882588244706
0.005882588244706
0.005882588244706
0.005882588244706
0.005882588244706
0.005882588244706
0.005882588244706
0.005882588244706
0.005882588244706
0.005882588244706
0.005882588244706
0.005882588244706
0.005882588244706
0.005882588244706
0.005882588244706
0.005882588244706
0.005882588244706
0.005882588244706
0.005882588244706
0.005882588244706
0.005882588244706
0.005882588244706
0.005882588244706
0.005882588244706
0.005882588244706
0.005882588244706
0.005882588244706
0.005882588244706
0.005882588244706
0.005882588244706
0.005882588244706
0.005882588244706
0.005882588244706
0.005882588244706
0.005882588244706
0.005882588244706
0.005882588244706
0.005882588244706
0.005882588244706
0.005882588244706
0.005882588244706
0.005882588244706
0.005882588244706
0.005882588244706
0.005882588244706
0.005882588244706
0.005882588244706
0.005882588244706
0.005882588244706
0.005882588244706
0.005882588244706
0.005882588244706
0.005882588244706
0.005882588244706
0.005882588244706
0.005882588244706
0.005882588244706
0.005882588244706
0.005882588244706
0.005882588244706
0.005882588244706
0.005882588244706
0.005882588244706
0.005882588244706
0.005882588244706
0.005882588244706
0.005882588244706
0.005882588244706
0.005882588244706
0.005882588244706
0.005882588244706
0.005882588244706
0.005882588244706
0.005882588244706
0.005882588244706
0.005882588244706
0.005882588244706
0.005882588244706
0.005882588244706
0.005882588244706
0.005882588244706
0.005882588244706
0.005882588244706
0.005882588244706
0.005882588244706
0.005882588244706
0.005882588244706
0.005882588244706
