0.9999
0.409332891210230
0.005848189195938
0.005848189195938
0.005848189195938
0.005848189195938
0.005848189195938
0.005848189195938
0.005848189195938
0.005848189195938
0.005848189195938
0.005848189195938
0.005848189195938
0.005848189195938
0.005848189195938
0.005848189195938
0.005848189195938
0.005848189195938
0.005848189195938
0.005848189195938
0.005848189195938
0.005848189195938
0.005848189195938
0.005848189195938
0.005848189195938
0.005848189195938
0.005848189195938
0.005848189195938
0.005848189195938
0.005848189195938
0.005848189195938
0.005848189195938
0.005848189195938
0.005848189195938
0.005848189195938
0.005848189195938
0.005848189195938
0.005848189195938
0.005848189195938
0.005848189195938
0.005848189195938
0.005848189195938
0.005848189195938
0.005848189195938
0.005848189195938
0.005848189195938
0.005848189195938
0.005848189195938
0.005848189195938
0.005848189195938
0.005848189195938
0.005848189195938
0.005848189195938
0.005848189195938
0.005848189195938
0.005848189195938
0.005848189195938
0.005848189195938
0.005848189195938
0.005848189195938
0.005848189195938
0.005848189195938
0.005848189195938
0.005848189195938
0.005848189195938
0.005848189195938
0.005848189195938
0.005848189195938
0.005848189195938
0.005848189195938
0.005848189195938
0.005848189195938
0.005848189195938
0.005848189195938
0.005848189195938
0.005848189195938
0.005848189195938
0.005848189195938
0.005848189195938
0.005848189195938
0.005848189195938
0.005848189195938
0.005848189195938
0.005848189195938
0.005848189195938
0.005848189195938
0.005848189195938
0.005848189195938
0.005848189195938
0.005848189195938
0.005848189195938
0.005848189195938
0.005848189195938
0.005848189195938
0.005848189195938
0.005848189195938
0.005848189195938
0.005848189195938
0.005848189195938
0.005848189195938
0.005848189195938
0.005848189195938
0.005848189195938
