0.9999
0.412766798648782
0.005814190112388
0.005814190112388
0.005814190112388
0.005814190112388
0.005814190112388
0.005814190112388
0.005814190112388
0.005814190112388
0.005814190112388
0.005814190112388
0.005814190112388
0.005814190112388
0.005814190112388
0.005814190112388
0.005814190112388
0.005814190112388
0.005814190112388
0.005814190112388
0.005814190112388
0.005814190112388
0.005814190112388
0.005814190112388
0.005814190112388
0.005814190112388
0.005814190112388
0.005814190112388
0.005814190112388
0.005814190112388
0.005814190112388
0.005814190112388
0.005814190112388
0.005814190112388
0.005814190112388
0.005814190112388
0.005814190112388
0.005814190112388
0.005814190112388
0.005814190112388
0.005814190112388
0.005814190112388
0.005814190112388
0.005814190112388
0.005814190112388
0.005814190112388
0.005814190112388
0.005814190112388
0.005814190112388
0.005814190112388
0.005814190112388
0.005814190112388
0.005814190112388
0.005814190112388
0.005814190112388
0.005814190112388
0.005814190112388
0.005814190112388
0.005814190112388
0.005814190112388
0.005814190112388
0.005814190112388
0.005814190112388
0.005814190112388
0.005814190112388
0.005814190112388
0.005814190112388
0.005814190112388
0.005814190112388
0.005814190112388
0.005814190112388
0.005814190112388
0.005814190112388
0.005814190112388
0.005814190112388
0.005814190112388
0.005814190112388
0.005814190112388
0.005814190112388
0.005814190112388
0.005814190112388
0.005814190112388
0.005814190112388
0.005814190112388
0.005814190112388
0.005814190112388
0.005814190112388
0.005814190112388
0.005814190112388
0.005814190112388
0.005814190112388
0.005814190112388
0.005814190112388
0.005814190112388
0.005814190112388
0.005814190112388
0.005814190112388
0.005814190112388
0.005814190112388
0.005814190112388
0.005814190112388
0.005814190112388
0.005814190112388
