0.9999
0.416161010076136
0.005780584058652
0.005780584058652
0.005780584058652
0.005780584058652
0.005780584058652
0.005780584058652
0.005780584058652
0.005780584058652
0.005780584058652
0.005780584058652
0.005780584058652
0.005780584058652
0.005780584058652
0.005780584058652
0.005780584058652
0.005780584058652
0.005780584058652
0.005780584058652
0.005780584058652
0.005780584058652
0.005780584058652
0.005780584058652
0.005780584058652
0.005780584058652
0.005780584058652
0.005780584058652
0.005780584058652
0.005780584058652
0.005780584058652
0.005780584058652
0.005780584058652
0.005780584058652
0.005780584058652
0.005780584058652
0.005780584058652
0.005780584058652
0.005780584058652
0.005780584058652
0.005780584058652
0.005780584058652
0.005780584058652
0.005780584058652
0.005780584058652
0.005780584058652
0.005780584058652
0.005780584058652
0.005780584058652
0.005780584058652
0.005780584058652
0.005780584058652
0.005780584058652
0.005780584058652
0.005780584058652
0.005780584058652
0.005780584058652
0.005780584058652
0.005780584058652
0.005780584058652
0.005780584058652
0.005780584058652
0.005780584058652
0.005780584058652
0.005780584058652
0.005780584058652
0.005780584058652
0.005780584058652
0.005780584058652
0.005780584058652
0.005780584058652
0.005780584058652
0.005780584058652
0.005780584058652
0.005780584058652
0.005780584058652
0.005780584058652
0.005780584058652
0.005780584058652
0.005780584058652
0.005780584058652
0.005780584058652
0.005780584058652
0.005780584058652
0.005780584058652
0.005780584058652
0.005780584058652
0.005780584058652
0.005780584058652
0.005780584058652
0.005780584058652
0.005780584058652
0.005780584058652
0.005780584058652
0.005780584058652
0.005780584058652
0.005780584058652
0.005780584058652
0.005780584058652
0.005780584058652
0.005780584058652
0.005780584058652
0.005780584058652
