0.9999
0.419516209866155
0.005747364258751
0.005747364258751
0.005747364258751
0.005747364258751
0.005747364258751
0.005747364258751
0.005747364258751
0.005747364258751
0.005747364258751
0.005747364258751
0.005747364258751
0.005747364258751
0.005747364258751
0.005747364258751
0.005747364258751
0.005747364258751
0.005747364258751
0.005747364258751
0.005747364258751
0.005747364258751
0.005747364258751
0.005747364258751
0.005747364258751
0.005747364258751
0.005747364258751
0.005747364258751
0.005747364258751
0.005747364258751
0.005747364258751
0.005747364258751
0.005747364258751
0.005747364258751
0.005747364258751
0.005747364258751
0.005747364258751
0.005747364258751
0.005747364258751
0.005747364258751
0.005747364258751
0.005747364258751
0.005747364258751
0.005747364258751
0.005747364258751
0.005747364258751
0.005747364258751
0.005747364258751
0.005747364258751
0.005747364258751
0.005747364258751
0.005747364258751
0.005747364258751
0.005747364258751
0.005747364258751
0.005747364258751
0.005747364258751
0.005747364258751
0.005747364258751
0.005747364258751
0.005747364258751
0.005747364258751
0.005747364258751
0.005747364258751
0.005747364258751
0.005747364258751
0.005747364258751
0.005747364258751
0.005747364258751
0.005747364258751
0.005747364258751
0.005747364258751
0.005747364258751
0.005747364258751
0.005747364258751
0.005747364258751
0.005747364258751
0.005747364258751
0.005747364258751
0.005747364258751
0.005747364258751
0.005747364258751
0.005747364258751
0.005747364258751
0.005747364258751
0.005747364258751
0.005747364258751
0.005747364258751
0.005747364258751
0.005747364258751
0.005747364258751
0.005747364258751
0.005747364258751
0.005747364258751
0.005747364258751
0.005747364258751
0.005747364258751
0.005747364258751
0.005747364258751
0.005747364258751
0.005747364258751
0.005747364258751
0.005747364258751
