0.9999
0.422833066750784
0.005714524091576
0.005714524091576
0.005714524091576
0.005714524091576
0.005714524091576
0.005714524091576
0.005714524091576
0.005714524091576
0.005714524091576
0.005714524091576
0.005714524091576
0.005714524091576
0.005714524091576
0.005714524091576
0.005714524091576
0.005714524091576
0.005714524091576
0.005714524091576
0.005714524091576
0.005714524091576
0.005714524091576
0.005714524091576
0.005714524091576
0.005714524091576
0.005714524091576
0.005714524091576
0.005714524091576
0.005714524091576
0.005714524091576
0.005714524091576
0.005714524091576
0.005714524091576
0.005714524091576
0.005714524091576
0.005714524091576
0.005714524091576
0.005714524091576
0.005714524091576
0.005714524091576
0.005714524091576
0.005714524091576
0.005714524091576
0.005714524091576
0.005714524091576
0.005714524091576
0.005714524091576
0.005714524091576
0.005714524091576
0.005714524091576
0.005714524091576
0.005714524091576
0.005714524091576
0.005714524091576
0.005714524091576
0.005714524091576
0.005714524091576
0.005714524091576
0.005714524091576
0.005714524091576
0.005714524091576
0.005714524091576
0.005714524091576
0.005714524091576
0.005714524091576
0.005714524091576
0.005714524091576
0.005714524091576
0.005714524091576
0.005714524091576
0.005714524091576
0.005714524091576
0.005714524091576
0.005714524091576
0.005714524091576
0.005714524091576
0.005714524091576
0.005714524091576
0.005714524091576
0.005714524091576
0.005714524091576
0.005714524091576
0.005714524091576
0.005714524091576
0.005714524091576
0.005714524091576
0.005714524091576
0.005714524091576
0.005714524091576
0.005714524091576
0.005714524091576
0.005714524091576
0.005714524091576
0.005714524091576
0.005714524091576
0.005714524091576
0.005714524091576
0.005714524091576
0.005714524091576
0.005714524091576
0.005714524091576
0.005714524091576
