0.9999
0.426112234264395
0.005682057086491
0.005682057086491
0.005682057086491
0.005682057086491
0.005682057086491
0.005682057086491
0.005682057086491
0.005682057086491
0.005682057086491
0.005682057086491
0.005682057086491
0.005682057086491
0.005682057086491
0.005682057086491
0.005682057086491
0.005682057086491
0.005682057086491
0.005682057086491
0.005682057086491
0.005682057086491
0.005682057086491
0.005682057086491
0.005682057086491
0.005682057086491
0.005682057086491
0.005682057086491
0.005682057086491
0.005682057086491
0.005682057086491
0.005682057086491
0.005682057086491
0.005682057086491
0.005682057086491
0.005682057086491
0.005682057086491
0.005682057086491
0.005682057086491
0.005682057086491
0.005682057086491
0.005682057086491
0.005682057086491
0.005682057086491
0.005682057086491
0.005682057086491
0.005682057086491
0.005682057086491
0.005682057086491
0.005682057086491
0.005682057086491
0.005682057086491
0.005682057086491
0.005682057086491
0.005682057086491
0.005682057086491
0.005682057086491
0.005682057086491
0.005682057086491
0.005682057086491
0.005682057086491
0.005682057086491
0.005682057086491
0.005682057086491
0.005682057086491
0.005682057086491
0.005682057086491
0.005682057086491
0.005682057086491
0.005682057086491
0.005682057086491
0.005682057086491
0.005682057086491
0.005682057086491
0.005682057086491
0.005682057086491
0.005682057086491
0.005682057086491
0.005682057086491
0.005682057086491
0.005682057086491
0.005682057086491
0.005682057086491
0.005682057086491
0.005682057086491
0.005682057086491
0.005682057086491
0.005682057086491
0.005682057086491
0.005682057086491
0.005682057086491
0.005682057086491
0.005682057086491
0.005682057086491
0.005682057086491
0.005682057086491
0.005682057086491
0.005682057086491
0.005682057086491
0.005682057086491
0.005682057086491
0.005682057086491
0.005682057086491
