0.9999
0.429354351173072
0.005649956919078
0.005649956919078
0.005649956919078
0.005649956919078
0.005649956919078
0.005649956919078
0.005649956919078
0.005649956919078
0.005649956919078
0.005649956919078
0.005649956919078
0.005649956919078
0.005649956919078
0.005649956919078
0.005649956919078
0.005649956919078
0.005649956919078
0.005649956919078
0.005649956919078
0.005649956919078
0.005649956919078
0.005649956919078
0.005649956919078
0.005649956919078
0.005649956919078
0.005649956919078
0.005649956919078
0.005649956919078
0.005649956919078
0.005649956919078
0.005649956919078
0.005649956919078
0.005649956919078
0.005649956919078
0.005649956919078
0.005649956919078
0.005649956919078
0.005649956919078
0.005649956919078
0.005649956919078
0.005649956919078
0.005649956919078
0.005649956919078
0.005649956919078
0.005649956919078
0.005649956919078
0.005649956919078
0.005649956919078
0.005649956919078
0.005649956919078
0.005649956919078
0.005649956919078
0.005649956919078
0.005649956919078
0.005649956919078
0.005649956919078
0.005649956919078
0.005649956919078
0.005649956919078
0.005649956919078
0.005649956919078
0.005649956919078
0.005649956919078
0.005649956919078
0.005649956919078
0.005649956919078
0.005649956919078
0.005649956919078
0.005649956919078
0.005649956919078
0.005649956919078
0.005649956919078
0.005649956919078
0.005649956919078
0.005649956919078
0.005649956919078
0.005649956919078
0.005649956919078
0.005649956919078
0.005649956919078
0.005649956919078
0.005649956919078
0.005649956919078
0.005649956919078
0.005649956919078
0.005649956919078
0.005649956919078
0.005649956919078
0.005649956919078
0.005649956919078
0.005649956919078
0.005649956919078
0.005649956919078
0.005649956919078
0.005649956919078
0.005649956919078
0.005649956919078
0.005649956919078
0.005649956919078
0.005649956919078
0.005649956919078
