0.9999
0.432560041889429
0.005618217407035
0.005618217407035
0.005618217407035
0.005618217407035
0.005618217407035
0.005618217407035
0.005618217407035
0.005618217407035
0.005618217407035
0.005618217407035
0.005618217407035
0.005618217407035
0.005618217407035
0.005618217407035
0.005618217407035
0.005618217407035
0.005618217407035
0.005618217407035
0.005618217407035
0.005618217407035
0.005618217407035
0.005618217407035
0.005618217407035
0.005618217407035
0.005618217407035
0.005618217407035
0.005618217407035
0.005618217407035
0.005618217407035
0.005618217407035
0.005618217407035
0.005618217407035
0.005618217407035
0.005618217407035
0.005618217407035
0.005618217407035
0.005618217407035
0.005618217407035
0.005618217407035
0.005618217407035
0.005618217407035
0.005618217407035
0.005618217407035
0.005618217407035
0.005618217407035
0.005618217407035
0.005618217407035
0.005618217407035
0.005618217407035
0.005618217407035
0.005618217407035
0.005618217407035
0.005618217407035
0.005618217407035
0.005618217407035
0.005618217407035
0.005618217407035
0.005618217407035
0.005618217407035
0.005618217407035
0.005618217407035
0.005618217407035
0.005618217407035
0.005618217407035
0.005618217407035
0.005618217407035
0.005618217407035
0.005618217407035
0.005618217407035
0.005618217407035
0.005618217407035
0.005618217407035
0.005618217407035
0.005618217407035
0.005618217407035
0.005618217407035
0.005618217407035
0.005618217407035
0.005618217407035
0.005618217407035
0.005618217407035
0.005618217407035
0.005618217407035
0.005618217407035
0.005618217407035
0.005618217407035
0.005618217407035
0.005618217407035
0.005618217407035
0.005618217407035
0.005618217407035
0.005618217407035
0.005618217407035
0.005618217407035
0.005618217407035
0.005618217407035
0.005618217407035
0.005618217407035
0.005618217407035
0.005618217407035
0.005618217407035
