0.9999
0.435729916873519
0.005586832506203
0.005586832506203
0.005586832506203
0.005586832506203
0.005586832506203
0.005586832506203
0.005586832506203
0.005586832506203
0.005586832506203
0.005586832506203
0.005586832506203
0.005586832506203
0.005586832506203
0.005586832506203
0.005586832506203
0.005586832506203
0.005586832506203
0.005586832506203
0.005586832506203
0.005586832506203
0.005586832506203
0.005586832506203
0.005586832506203
0.005586832506203
0.005586832506203
0.005586832506203
0.005586832506203
0.005586832506203
0.005586832506203
0.005586832506203
0.005586832506203
0.005586832506203
0.005586832506203
0.005586832506203
0.005586832506203
0.005586832506203
0.005586832506203
0.005586832506203
0.005586832506203
0.005586832506203
0.005586832506203
0.005586832506203
0.005586832506203
0.005586832506203
0.005586832506203
0.005586832506203
0.005586832506203
0.005586832506203
0.005586832506203
0.005586832506203
0.005586832506203
0.005586832506203
0.005586832506203
0.005586832506203
0.005586832506203
0.005586832506203
0.005586832506203
0.005586832506203
0.005586832506203
0.005586832506203
0.005586832506203
0.005586832506203
0.005586832506203
0.005586832506203
0.005586832506203
0.005586832506203
0.005586832506203
0.005586832506203
0.005586832506203
0.005586832506203
0.005586832506203
0.005586832506203
0.005586832506203
0.005586832506203
0.005586832506203
0.005586832506203
0.005586832506203
0.005586832506203
0.005586832506203
0.005586832506203
0.005586832506203
0.005586832506203
0.005586832506203
0.005586832506203
0.005586832506203
0.005586832506203
0.005586832506203
0.005586832506203
0.005586832506203
0.005586832506203
0.005586832506203
0.005586832506203
0.005586832506203
0.005586832506203
0.005586832506203
0.005586832506203
0.005586832506203
0.005586832506203
0.005586832506203
0.005586832506203
0.005586832506203
