0.9999
0.064809619312700
0.009259310699874
0.009259310699874
0.009259310699874
0.009259310699874
0.009259310699874
0.009259310699874
0.009259310699874
0.009259310699874
0.009259310699874
0.009259310699874
0.009259310699874
0.009259310699874
0.009259310699874
0.009259310699874
0.009259310699874
0.009259310699874
0.009259310699874
0.009259310699874
0.009259310699874
0.009259310699874
0.009259310699874
0.009259310699874
0.009259310699874
0.009259310699874
0.009259310699874
0.009259310699874
0.009259310699874
0.009259310699874
0.009259310699874
0.009259310699874
0.009259310699874
0.009259310699874
0.009259310699874
0.009259310699874
0.009259310699874
0.009259310699874
0.009259310699874
0.009259310699874
0.009259310699874
0.009259310699874
0.009259310699874
0.009259310699874
0.009259310699874
0.009259310699874
0.009259310699874
0.009259310699874
0.009259310699874
0.009259310699874
0.009259310699874
0.009259310699874
0.009259310699874
0.009259310699874
0.009259310699874
0.009259310699874
0.009259310699874
0.009259310699874
0.009259310699874
0.009259310699874
0.009259310699874
0.009259310699874
0.009259310699874
0.009259310699874
0.009259310699874
0.009259310699874
0.009259310699874
0.009259310699874
0.009259310699874
0.009259310699874
0.009259310699874
0.009259310699874
0.009259310699874
0.009259310699874
0.009259310699874
0.009259310699874
0.009259310699874
0.009259310699874
0.009259310699874
0.009259310699874
0.009259310699874
0.009259310699874
0.009259310699874
0.009259310699874
0.009259310699874
0.009259310699874
0.009259310699874
0.009259310699874
0.009259310699874
0.009259310699874
0.009259310699874
0.009259310699874
0.009259310699874
0.009259310699874
0.009259310699874
0.009259310699874
0.009259310699874
0.009259310699874
0.009259310699874
0.009259310699874
0.009259310699874
0.009259310699874
0.009259310699874
