0.9999
0.438864573020386
0.005555796306729
0.005555796306729
0.005555796306729
0.005555796306729
0.005555796306729
0.005555796306729
0.005555796306729
0.005555796306729
0.005555796306729
0.005555796306729
0.005555796306729
0.005555796306729
0.005555796306729
0.005555796306729
0.005555796306729
0.005555796306729
0.005555796306729
0.005555796306729
0.005555796306729
0.005555796306729
0.005555796306729
0.005555796306729
0.005555796306729
0.005555796306729
0.005555796306729
0.005555796306729
0.005555796306729
0.005555796306729
0.005555796306729
0.005555796306729
0.005555796306729
0.005555796306729
0.005555796306729
0.005555796306729
0.005555796306729
0.005555796306729
0.005555796306729
0.005555796306729
0.005555796306729
0.005555796306729
0.005555796306729
0.005555796306729
0.005555796306729
0.005555796306729
0.005555796306729
0.005555796306729
0.005555796306729
0.005555796306729
0.005555796306729
0.005555796306729
0.005555796306729
0.005555796306729
0.005555796306729
0.005555796306729
0.005555796306729
0.005555796306729
0.005555796306729
0.005555796306729
0.005555796306729
0.005555796306729
0.005555796306729
0.005555796306729
0.005555796306729
0.005555796306729
0.005555796306729
0.005555796306729
0.005555796306729
0.005555796306729
0.005555796306729
0.005555796306729
0.005555796306729
0.005555796306729
0.005555796306729
0.005555796306729
0.005555796306729
0.005555796306729
0.005555796306729
0.005555796306729
0.005555796306729
0.005555796306729
0.005555796306729
0.005555796306729
0.005555796306729
0.005555796306729
0.005555796306729
0.005555796306729
0.005555796306729
0.005555796306729
0.005555796306729
0.005555796306729
0.005555796306729
0.005555796306729
0.005555796306729
0.005555796306729
0.005555796306729
0.005555796306729
0.005555796306729
0.005555796306729
0.005555796306729
0.005555796306729
0.005555796306729
