0.9999
0.441964594034767
0.005525103029359
0.005525103029359
0.005525103029359
0.005525103029359
0.005525103029359
0.005525103029359
0.005525103029359
0.005525103029359
0.005525103029359
0.005525103029359
0.005525103029359
0.005525103029359
0.005525103029359
0.005525103029359
0.005525103029359
0.005525103029359
0.005525103029359
0.005525103029359
0.005525103029359
0.005525103029359
0.005525103029359
0.005525103029359
0.005525103029359
0.005525103029359
0.005525103029359
0.005525103029359
0.005525103029359
0.005525103029359
0.005525103029359
0.005525103029359
0.005525103029359
0.005525103029359
0.005525103029359
0.005525103029359
0.005525103029359
0.005525103029359
0.005525103029359
0.005525103029359
0.005525103029359
0.005525103029359
0.005525103029359
0.005525103029359
0.005525103029359
0.005525103029359
0.005525103029359
0.005525103029359
0.005525103029359
0.005525103029359
0.005525103029359
0.005525103029359
0.005525103029359
0.005525103029359
0.005525103029359
0.005525103029359
0.005525103029359
0.005525103029359
0.005525103029359
0.005525103029359
0.005525103029359
0.005525103029359
0.005525103029359
0.005525103029359
0.005525103029359
0.005525103029359
0.005525103029359
0.005525103029359
0.005525103029359
0.005525103029359
0.005525103029359
0.005525103029359
0.005525103029359
0.005525103029359
0.005525103029359
0.005525103029359
0.005525103029359
0.005525103029359
0.005525103029359
0.005525103029359
0.005525103029359
0.005525103029359
0.005525103029359
0.005525103029359
0.005525103029359
0.005525103029359
0.005525103029359
0.005525103029359
0.005525103029359
0.005525103029359
0.005525103029359
0.005525103029359
0.005525103029359
0.005525103029359
0.005525103029359
0.005525103029359
0.005525103029359
0.005525103029359
0.005525103029359
0.005525103029359
0.005525103029359
0.005525103029359
0.005525103029359
