0.9999
0.445030550793441
0.005494747021847
0.005494747021847
0.005494747021847
0.005494747021847
0.005494747021847
0.005494747021847
0.005494747021847
0.005494747021847
0.005494747021847
0.005494747021847
0.005494747021847
0.005494747021847
0.005494747021847
0.005494747021847
0.005494747021847
0.005494747021847
0.005494747021847
0.005494747021847
0.005494747021847
0.005494747021847
0.005494747021847
0.005494747021847
0.005494747021847
0.005494747021847
0.005494747021847
0.005494747021847
0.005494747021847
0.005494747021847
0.005494747021847
0.005494747021847
0.005494747021847
0.005494747021847
0.005494747021847
0.005494747021847
0.005494747021847
0.005494747021847
0.005494747021847
0.005494747021847
0.005494747021847
0.005494747021847
0.005494747021847
0.005494747021847
0.005494747021847
0.005494747021847
0.005494747021847
0.005494747021847
0.005494747021847
0.005494747021847
0.005494747021847
0.005494747021847
0.005494747021847
0.005494747021847
0.005494747021847
0.005494747021847
0.005494747021847
0.005494747021847
0.005494747021847
0.005494747021847
0.005494747021847
0.005494747021847
0.005494747021847
0.005494747021847
0.005494747021847
0.005494747021847
0.005494747021847
0.005494747021847
0.005494747021847
0.005494747021847
0.005494747021847
0.005494747021847
0.005494747021847
0.005494747021847
0.005494747021847
0.005494747021847
0.005494747021847
0.005494747021847
0.005494747021847
0.005494747021847
0.005494747021847
0.005494747021847
0.005494747021847
0.005494747021847
0.005494747021847
0.005494747021847
0.005494747021847
0.005494747021847
0.005494747021847
0.005494747021847
0.005494747021847
0.005494747021847
0.005494747021847
0.005494747021847
0.005494747021847
0.005494747021847
0.005494747021847
0.005494747021847
0.005494747021847
0.005494747021847
0.005494747021847
0.005494747021847
0.005494747021847
