0.9999
0.448063001695703
0.005464722755488
0.005464722755488
0.005464722755488
0.005464722755488
0.005464722755488
0.005464722755488
0.005464722755488
0.005464722755488
0.005464722755488
0.005464722755488
0.005464722755488
0.005464722755488
0.005464722755488
0.005464722755488
0.005464722755488
0.005464722755488
0.005464722755488
0.005464722755488
0.005464722755488
0.005464722755488
0.005464722755488
0.005464722755488
0.005464722755488
0.005464722755488
0.005464722755488
0.005464722755488
0.005464722755488
0.005464722755488
0.005464722755488
0.005464722755488
0.005464722755488
0.005464722755488
0.005464722755488
0.005464722755488
0.005464722755488
0.005464722755488
0.005464722755488
0.005464722755488
0.005464722755488
0.005464722755488
0.005464722755488
0.005464722755488
0.005464722755488
0.005464722755488
0.005464722755488
0.005464722755488
0.005464722755488
0.005464722755488
0.005464722755488
0.005464722755488
0.005464722755488
0.005464722755488
0.005464722755488
0.005464722755488
0.005464722755488
0.005464722755488
0.005464722755488
0.005464722755488
0.005464722755488
0.005464722755488
0.005464722755488
0.005464722755488
0.005464722755488
0.005464722755488
0.005464722755488
0.005464722755488
0.005464722755488
0.005464722755488
0.005464722755488
0.005464722755488
0.005464722755488
0.005464722755488
0.005464722755488
0.005464722755488
0.005464722755488
0.005464722755488
0.005464722755488
0.005464722755488
0.005464722755488
0.005464722755488
0.005464722755488
0.005464722755488
0.005464722755488
0.005464722755488
0.005464722755488
0.005464722755488
0.005464722755488
0.005464722755488
0.005464722755488
0.005464722755488
0.005464722755488
0.005464722755488
0.005464722755488
0.005464722755488
0.005464722755488
0.005464722755488
0.005464722755488
0.005464722755488
0.005464722755488
0.005464722755488
0.005464722755488
