0.9999
0.451062493002405
0.005435024821758
0.005435024821758
0.005435024821758
0.005435024821758
0.005435024821758
0.005435024821758
0.005435024821758
0.005435024821758
0.005435024821758
0.005435024821758
0.005435024821758
0.005435024821758
0.005435024821758
0.005435024821758
0.005435024821758
0.005435024821758
0.005435024821758
0.005435024821758
0.005435024821758
0.005435024821758
0.005435024821758
0.005435024821758
0.005435024821758
0.005435024821758
0.005435024821758
0.005435024821758
0.005435024821758
0.005435024821758
0.005435024821758
0.005435024821758
0.005435024821758
0.005435024821758
0.005435024821758
0.005435024821758
0.005435024821758
0.005435024821758
0.005435024821758
0.005435024821758
0.005435024821758
0.005435024821758
0.005435024821758
0.005435024821758
0.005435024821758
0.005435024821758
0.005435024821758
0.005435024821758
0.005435024821758
0.005435024821758
0.005435024821758
0.005435024821758
0.005435024821758
0.005435024821758
0.005435024821758
0.005435024821758
0.005435024821758
0.005435024821758
0.005435024821758
0.005435024821758
0.005435024821758
0.005435024821758
0.005435024821758
0.005435024821758
0.005435024821758
0.005435024821758
0.005435024821758
0.005435024821758
0.005435024821758
0.005435024821758
0.005435024821758
0.005435024821758
0.005435024821758
0.005435024821758
0.005435024821758
0.005435024821758
0.005435024821758
0.005435024821758
0.005435024821758
0.005435024821758
0.005435024821758
0.005435024821758
0.005435024821758
0.005435024821758
0.005435024821758
0.005435024821758
0.005435024821758
0.005435024821758
0.005435024821758
0.005435024821758
0.005435024821758
0.005435024821758
0.005435024821758
0.005435024821758
0.005435024821758
0.005435024821758
0.005435024821758
0.005435024821758
0.005435024821758
0.005435024821758
0.005435024821758
0.005435024821758
0.005435024821758
