0.9999
0.454029559164005
0.005405647929069
0.005405647929069
0.005405647929069
0.005405647929069
0.005405647929069
0.005405647929069
0.005405647929069
0.005405647929069
0.005405647929069
0.005405647929069
0.005405647929069
0.005405647929069
0.005405647929069
0.005405647929069
0.005405647929069
0.005405647929069
0.005405647929069
0.005405647929069
0.005405647929069
0.005405647929069
0.005405647929069
0.005405647929069
0.005405647929069
0.005405647929069
0.005405647929069
0.005405647929069
0.005405647929069
0.005405647929069
0.005405647929069
0.005405647929069
0.005405647929069
0.005405647929069
0.005405647929069
0.005405647929069
0.005405647929069
0.005405647929069
0.005405647929069
0.005405647929069
0.005405647929069
0.005405647929069
0.005405647929069
0.005405647929069
0.005405647929069
0.005405647929069
0.005405647929069
0.005405647929069
0.005405647929069
0.005405647929069
0.005405647929069
0.005405647929069
0.005405647929069
0.005405647929069
0.005405647929069
0.005405647929069
0.005405647929069
0.005405647929069
0.005405647929069
0.005405647929069
0.005405647929069
0.005405647929069
0.005405647929069
0.005405647929069
0.005405647929069
0.005405647929069
0.005405647929069
0.005405647929069
0.005405647929069
0.005405647929069
0.005405647929069
0.005405647929069
0.005405647929069
0.005405647929069
0.005405647929069
0.005405647929069
0.005405647929069
0.005405647929069
0.005405647929069
0.005405647929069
0.005405647929069
0.005405647929069
0.005405647929069
0.005405647929069
0.005405647929069
0.005405647929069
0.005405647929069
0.005405647929069
0.005405647929069
0.005405647929069
0.005405647929069
0.005405647929069
0.005405647929069
0.005405647929069
0.005405647929069
0.005405647929069
0.005405647929069
0.005405647929069
0.005405647929069
0.005405647929069
0.005405647929069
0.005405647929069
0.005405647929069
