0.9999
0.456964723138034
0.005376586899623
0.005376586899623
0.005376586899623
0.005376586899623
0.005376586899623
0.005376586899623
0.005376586899623
0.005376586899623
0.005376586899623
0.005376586899623
0.005376586899623
0.005376586899623
0.005376586899623
0.005376586899623
0.005376586899623
0.005376586899623
0.005376586899623
0.005376586899623
0.005376586899623
0.005376586899623
0.005376586899623
0.005376586899623
0.005376586899623
0.005376586899623
0.005376586899623
0.005376586899623
0.005376586899623
0.005376586899623
0.005376586899623
0.005376586899623
0.005376586899623
0.005376586899623
0.005376586899623
0.005376586899623
0.005376586899623
0.005376586899623
0.005376586899623
0.005376586899623
0.005376586899623
0.005376586899623
0.005376586899623
0.005376586899623
0.005376586899623
0.005376586899623
0.005376586899623
0.005376586899623
0.005376586899623
0.005376586899623
0.005376586899623
0.005376586899623
0.005376586899623
0.005376586899623
0.005376586899623
0.005376586899623
0.005376586899623
0.005376586899623
0.005376586899623
0.005376586899623
0.005376586899623
0.005376586899623
0.005376586899623
0.005376586899623
0.005376586899623
0.005376586899623
0.005376586899623
0.005376586899623
0.005376586899623
0.005376586899623
0.005376586899623
0.005376586899623
0.005376586899623
0.005376586899623
0.005376586899623
0.005376586899623
0.005376586899623
0.005376586899623
0.005376586899623
0.005376586899623
0.005376586899623
0.005376586899623
0.005376586899623
0.005376586899623
0.005376586899623
0.005376586899623
0.005376586899623
0.005376586899623
0.005376586899623
0.005376586899623
0.005376586899623
0.005376586899623
0.005376586899623
0.005376586899623
0.005376586899623
0.005376586899623
0.005376586899623
0.005376586899623
0.005376586899623
0.005376586899623
0.005376586899623
0.005376586899623
0.005376586899623
