0.9999
0.459868496696373
0.005347836666373
0.005347836666373
0.005347836666373
0.005347836666373
0.005347836666373
0.005347836666373
0.005347836666373
0.005347836666373
0.005347836666373
0.005347836666373
0.005347836666373
0.005347836666373
0.005347836666373
0.005347836666373
0.005347836666373
0.005347836666373
0.005347836666373
0.005347836666373
0.005347836666373
0.005347836666373
0.005347836666373
0.005347836666373
0.005347836666373
0.005347836666373
0.005347836666373
0.005347836666373
0.005347836666373
0.005347836666373
0.005347836666373
0.005347836666373
0.005347836666373
0.005347836666373
0.005347836666373
0.005347836666373
0.005347836666373
0.005347836666373
0.005347836666373
0.005347836666373
0.005347836666373
0.005347836666373
0.005347836666373
0.005347836666373
0.005347836666373
0.005347836666373
0.005347836666373
0.005347836666373
0.005347836666373
0.005347836666373
0.005347836666373
0.005347836666373
0.005347836666373
0.005347836666373
0.005347836666373
0.005347836666373
0.005347836666373
0.005347836666373
0.005347836666373
0.005347836666373
0.005347836666373
0.005347836666373
0.005347836666373
0.005347836666373
0.005347836666373
0.005347836666373
0.005347836666373
0.005347836666373
0.005347836666373
0.005347836666373
0.005347836666373
0.005347836666373
0.005347836666373
0.005347836666373
0.005347836666373
0.005347836666373
0.005347836666373
0.005347836666373
0.005347836666373
0.005347836666373
0.005347836666373
0.005347836666373
0.005347836666373
0.005347836666373
0.005347836666373
0.005347836666373
0.005347836666373
0.005347836666373
0.005347836666373
0.005347836666373
0.005347836666373
0.005347836666373
0.005347836666373
0.005347836666373
0.005347836666373
0.005347836666373
0.005347836666373
0.005347836666373
0.005347836666373
0.005347836666373
0.005347836666373
0.005347836666373
0.005347836666373
