0.9999
0.462741380722735
0.005319392270072
0.005319392270072
0.005319392270072
0.005319392270072
0.005319392270072
0.005319392270072
0.005319392270072
0.005319392270072
0.005319392270072
0.005319392270072
0.005319392270072
0.005319392270072
0.005319392270072
0.005319392270072
0.005319392270072
0.005319392270072
0.005319392270072
0.005319392270072
0.005319392270072
0.005319392270072
0.005319392270072
0.005319392270072
0.005319392270072
0.005319392270072
0.005319392270072
0.005319392270072
0.005319392270072
0.005319392270072
0.005319392270072
0.005319392270072
0.005319392270072
0.005319392270072
0.005319392270072
0.005319392270072
0.005319392270072
0.005319392270072
0.005319392270072
0.005319392270072
0.005319392270072
0.005319392270072
0.005319392270072
0.005319392270072
0.005319392270072
0.005319392270072
0.005319392270072
0.005319392270072
0.005319392270072
0.005319392270072
0.005319392270072
0.005319392270072
0.005319392270072
0.005319392270072
0.005319392270072
0.005319392270072
0.005319392270072
0.005319392270072
0.005319392270072
0.005319392270072
0.005319392270072
0.005319392270072
0.005319392270072
0.005319392270072
0.005319392270072
0.005319392270072
0.005319392270072
0.005319392270072
0.005319392270072
0.005319392270072
0.005319392270072
0.005319392270072
0.005319392270072
0.005319392270072
0.005319392270072
0.005319392270072
0.005319392270072
0.005319392270072
0.005319392270072
0.005319392270072
0.005319392270072
0.005319392270072
0.005319392270072
0.005319392270072
0.005319392270072
0.005319392270072
0.005319392270072
0.005319392270072
0.005319392270072
0.005319392270072
0.005319392270072
0.005319392270072
0.005319392270072
0.005319392270072
0.005319392270072
0.005319392270072
0.005319392270072
0.005319392270072
0.005319392270072
0.005319392270072
0.005319392270072
0.005319392270072
0.005319392270072
