0.9999
0.465583865500687
0.005291248856429
0.005291248856429
0.005291248856429
0.005291248856429
0.005291248856429
0.005291248856429
0.005291248856429
0.005291248856429
0.005291248856429
0.005291248856429
0.005291248856429
0.005291248856429
0.005291248856429
0.005291248856429
0.005291248856429
0.005291248856429
0.005291248856429
0.005291248856429
0.005291248856429
0.005291248856429
0.005291248856429
0.005291248856429
0.005291248856429
0.005291248856429
0.005291248856429
0.005291248856429
0.005291248856429
0.005291248856429
0.005291248856429
0.005291248856429
0.005291248856429
0.005291248856429
0.005291248856429
0.005291248856429
0.005291248856429
0.005291248856429
0.005291248856429
0.005291248856429
0.005291248856429
0.005291248856429
0.005291248856429
0.005291248856429
0.005291248856429
0.005291248856429
0.005291248856429
0.005291248856429
0.005291248856429
0.005291248856429
0.005291248856429
0.005291248856429
0.005291248856429
0.005291248856429
0.005291248856429
0.005291248856429
0.005291248856429
0.005291248856429
0.005291248856429
0.005291248856429
0.005291248856429
0.005291248856429
0.005291248856429
0.005291248856429
0.005291248856429
0.005291248856429
0.005291248856429
0.005291248856429
0.005291248856429
0.005291248856429
0.005291248856429
0.005291248856429
0.005291248856429
0.005291248856429
0.005291248856429
0.005291248856429
0.005291248856429
0.005291248856429
0.005291248856429
0.005291248856429
0.005291248856429
0.005291248856429
0.005291248856429
0.005291248856429
0.005291248856429
0.005291248856429
0.005291248856429
0.005291248856429
0.005291248856429
0.005291248856429
0.005291248856429
0.005291248856429
0.005291248856429
0.005291248856429
0.005291248856429
0.005291248856429
0.005291248856429
0.005291248856429
0.005291248856429
0.005291248856429
0.005291248856429
0.005291248856429
0.005291248856429
