0.9999
0.073388544697076
0.009174370844583
0.009174370844583
0.009174370844583
0.009174370844583
0.009174370844583
0.009174370844583
0.009174370844583
0.009174370844583
0.009174370844583
0.009174370844583
0.009174370844583
0.009174370844583
0.009174370844583
0.009174370844583
0.009174370844583
0.009174370844583
0.009174370844583
0.009174370844583
0.009174370844583
0.009174370844583
0.009174370844583
0.009174370844583
0.009174370844583
0.009174370844583
0.009174370844583
0.009174370844583
0.009174370844583
0.009174370844583
0.009174370844583
0.009174370844583
0.009174370844583
0.009174370844583
0.009174370844583
0.009174370844583
0.009174370844583
0.009174370844583
0.009174370844583
0.009174370844583
0.009174370844583
0.009174370844583
0.009174370844583
0.009174370844583
0.009174370844583
0.009174370844583
0.009174370844583
0.009174370844583
0.009174370844583
0.009174370844583
0.009174370844583
0.009174370844583
0.009174370844583
0.009174370844583
0.009174370844583
0.009174370844583
0.009174370844583
0.009174370844583
0.009174370844583
0.009174370844583
0.009174370844583
0.009174370844583
0.009174370844583
0.009174370844583
0.009174370844583
0.009174370844583
0.009174370844583
0.009174370844583
0.009174370844583
0.009174370844583
0.009174370844583
0.009174370844583
0.009174370844583
0.009174370844583
0.009174370844583
0.009174370844583
0.009174370844583
0.009174370844583
0.009174370844583
0.009174370844583
0.009174370844583
0.009174370844583
0.009174370844583
0.009174370844583
0.009174370844583
0.009174370844583
0.009174370844583
0.009174370844583
0.009174370844583
0.009174370844583
0.009174370844583
0.009174370844583
0.009174370844583
0.009174370844583
0.009174370844583
0.009174370844583
0.009174370844583
0.009174370844583
0.009174370844583
0.009174370844583
0.009174370844583
0.009174370844583
0.009174370844583
