0.9999
0.468396430992593
0.005263401673341
0.005263401673341
0.005263401673341
0.005263401673341
0.005263401673341
0.005263401673341
0.005263401673341
0.005263401673341
0.005263401673341
0.005263401673341
0.005263401673341
0.005263401673341
0.005263401673341
0.005263401673341
0.005263401673341
0.005263401673341
0.005263401673341
0.005263401673341
0.005263401673341
0.005263401673341
0.005263401673341
0.005263401673341
0.005263401673341
0.005263401673341
0.005263401673341
0.005263401673341
0.005263401673341
0.005263401673341
0.005263401673341
0.005263401673341
0.005263401673341
0.005263401673341
0.005263401673341
0.005263401673341
0.005263401673341
0.005263401673341
0.005263401673341
0.005263401673341
0.005263401673341
0.005263401673341
0.005263401673341
0.005263401673341
0.005263401673341
0.005263401673341
0.005263401673341
0.005263401673341
0.005263401673341
0.005263401673341
0.005263401673341
0.005263401673341
0.005263401673341
0.005263401673341
0.005263401673341
0.005263401673341
0.005263401673341
0.005263401673341
0.005263401673341
0.005263401673341
0.005263401673341
0.005263401673341
0.005263401673341
0.005263401673341
0.005263401673341
0.005263401673341
0.005263401673341
0.005263401673341
0.005263401673341
0.005263401673341
0.005263401673341
0.005263401673341
0.005263401673341
0.005263401673341
0.005263401673341
0.005263401673341
0.005263401673341
0.005263401673341
0.005263401673341
0.005263401673341
0.005263401673341
0.005263401673341
0.005263401673341
0.005263401673341
0.005263401673341
0.005263401673341
0.005263401673341
0.005263401673341
0.005263401673341
0.005263401673341
0.005263401673341
0.005263401673341
0.005263401673341
0.005263401673341
0.005263401673341
0.005263401673341
0.005263401673341
0.005263401673341
0.005263401673341
0.005263401673341
0.005263401673341
0.005263401673341
0.005263401673341
