0.9999
0.471179547109786
0.005235846068220
0.005235846068220
0.005235846068220
0.005235846068220
0.005235846068220
0.005235846068220
0.005235846068220
0.005235846068220
0.005235846068220
0.005235846068220
0.005235846068220
0.005235846068220
0.005235846068220
0.005235846068220
0.005235846068220
0.005235846068220
0.005235846068220
0.005235846068220
0.005235846068220
0.005235846068220
0.005235846068220
0.005235846068220
0.005235846068220
0.005235846068220
0.005235846068220
0.005235846068220
0.005235846068220
0.005235846068220
0.005235846068220
0.005235846068220
0.005235846068220
0.005235846068220
0.005235846068220
0.005235846068220
0.005235846068220
0.005235846068220
0.005235846068220
0.005235846068220
0.005235846068220
0.005235846068220
0.005235846068220
0.005235846068220
0.005235846068220
0.005235846068220
0.005235846068220
0.005235846068220
0.005235846068220
0.005235846068220
0.005235846068220
0.005235846068220
0.005235846068220
0.005235846068220
0.005235846068220
0.005235846068220
0.005235846068220
0.005235846068220
0.005235846068220
0.005235846068220
0.005235846068220
0.005235846068220
0.005235846068220
0.005235846068220
0.005235846068220
0.005235846068220
0.005235846068220
0.005235846068220
0.005235846068220
0.005235846068220
0.005235846068220
0.005235846068220
0.005235846068220
0.005235846068220
0.005235846068220
0.005235846068220
0.005235846068220
0.005235846068220
0.005235846068220
0.005235846068220
0.005235846068220
0.005235846068220
0.005235846068220
0.005235846068220
0.005235846068220
0.005235846068220
0.005235846068220
0.005235846068220
0.005235846068220
0.005235846068220
0.005235846068220
0.005235846068220
0.005235846068220
0.005235846068220
0.005235846068220
0.005235846068220
0.005235846068220
0.005235846068220
0.005235846068220
0.005235846068220
0.005235846068220
0.005235846068220
0.005235846068220
