0.9999
0.473933673974300
0.005208577485403
0.005208577485403
0.005208577485403
0.005208577485403
0.005208577485403
0.005208577485403
0.005208577485403
0.005208577485403
0.005208577485403
0.005208577485403
0.005208577485403
0.005208577485403
0.005208577485403
0.005208577485403
0.005208577485403
0.005208577485403
0.005208577485403
0.005208577485403
0.005208577485403
0.005208577485403
0.005208577485403
0.005208577485403
0.005208577485403
0.005208577485403
0.005208577485403
0.005208577485403
0.005208577485403
0.005208577485403
0.005208577485403
0.005208577485403
0.005208577485403
0.005208577485403
0.005208577485403
0.005208577485403
0.005208577485403
0.005208577485403
0.005208577485403
0.005208577485403
0.005208577485403
0.005208577485403
0.005208577485403
0.005208577485403
0.005208577485403
0.005208577485403
0.005208577485403
0.005208577485403
0.005208577485403
0.005208577485403
0.005208577485403
0.005208577485403
0.005208577485403
0.005208577485403
0.005208577485403
0.005208577485403
0.005208577485403
0.005208577485403
0.005208577485403
0.005208577485403
0.005208577485403
0.005208577485403
0.005208577485403
0.005208577485403
0.005208577485403
0.005208577485403
0.005208577485403
0.005208577485403
0.005208577485403
0.005208577485403
0.005208577485403
0.005208577485403
0.005208577485403
0.005208577485403
0.005208577485403
0.005208577485403
0.005208577485403
0.005208577485403
0.005208577485403
0.005208577485403
0.005208577485403
0.005208577485403
0.005208577485403
0.005208577485403
0.005208577485403
0.005208577485403
0.005208577485403
0.005208577485403
0.005208577485403
0.005208577485403
0.005208577485403
0.005208577485403
0.005208577485403
0.005208577485403
0.005208577485403
0.005208577485403
0.005208577485403
0.005208577485403
0.005208577485403
0.005208577485403
0.005208577485403
0.005208577485403
0.005208577485403
