0.9999
0.476659262172465
0.005181591463639
0.005181591463639
0.005181591463639
0.005181591463639
0.005181591463639
0.005181591463639
0.005181591463639
0.005181591463639
0.005181591463639
0.005181591463639
0.005181591463639
0.005181591463639
0.005181591463639
0.005181591463639
0.005181591463639
0.005181591463639
0.005181591463639
0.005181591463639
0.005181591463639
0.005181591463639
0.005181591463639
0.005181591463639
0.005181591463639
0.005181591463639
0.005181591463639
0.005181591463639
0.005181591463639
0.005181591463639
0.005181591463639
0.005181591463639
0.005181591463639
0.005181591463639
0.005181591463639
0.005181591463639
0.005181591463639
0.005181591463639
0.005181591463639
0.005181591463639
0.005181591463639
0.005181591463639
0.005181591463639
0.005181591463639
0.005181591463639
0.005181591463639
0.005181591463639
0.005181591463639
0.005181591463639
0.005181591463639
0.005181591463639
0.005181591463639
0.005181591463639
0.005181591463639
0.005181591463639
0.005181591463639
0.005181591463639
0.005181591463639
0.005181591463639
0.005181591463639
0.005181591463639
0.005181591463639
0.005181591463639
0.005181591463639
0.005181591463639
0.005181591463639
0.005181591463639
0.005181591463639
0.005181591463639
0.005181591463639
0.005181591463639
0.005181591463639
0.005181591463639
0.005181591463639
0.005181591463639
0.005181591463639
0.005181591463639
0.005181591463639
0.005181591463639
0.005181591463639
0.005181591463639
0.005181591463639
0.005181591463639
0.005181591463639
0.005181591463639
0.005181591463639
0.005181591463639
0.005181591463639
0.005181591463639
0.005181591463639
0.005181591463639
0.005181591463639
0.005181591463639
0.005181591463639
0.005181591463639
0.005181591463639
0.005181591463639
0.005181591463639
0.005181591463639
0.005181591463639
0.005181591463639
0.005181591463639
0.005181591463639
