0.9999
0.479356753000657
0.005154883633657
0.005154883633657
0.005154883633657
0.005154883633657
0.005154883633657
0.005154883633657
0.005154883633657
0.005154883633657
0.005154883633657
0.005154883633657
0.005154883633657
0.005154883633657
0.005154883633657
0.005154883633657
0.005154883633657
0.005154883633657
0.005154883633657
0.005154883633657
0.005154883633657
0.005154883633657
0.005154883633657
0.005154883633657
0.005154883633657
0.005154883633657
0.005154883633657
0.005154883633657
0.005154883633657
0.005154883633657
0.005154883633657
0.005154883633657
0.005154883633657
0.005154883633657
0.005154883633657
0.005154883633657
0.005154883633657
0.005154883633657
0.005154883633657
0.005154883633657
0.005154883633657
0.005154883633657
0.005154883633657
0.005154883633657
0.005154883633657
0.005154883633657
0.005154883633657
0.005154883633657
0.005154883633657
0.005154883633657
0.005154883633657
0.005154883633657
0.005154883633657
0.005154883633657
0.005154883633657
0.005154883633657
0.005154883633657
0.005154883633657
0.005154883633657
0.005154883633657
0.005154883633657
0.005154883633657
0.005154883633657
0.005154883633657
0.005154883633657
0.005154883633657
0.005154883633657
0.005154883633657
0.005154883633657
0.005154883633657
0.005154883633657
0.005154883633657
0.005154883633657
0.005154883633657
0.005154883633657
0.005154883633657
0.005154883633657
0.005154883633657
0.005154883633657
0.005154883633657
0.005154883633657
0.005154883633657
0.005154883633657
0.005154883633657
0.005154883633657
0.005154883633657
0.005154883633657
0.005154883633657
0.005154883633657
0.005154883633657
0.005154883633657
0.005154883633657
0.005154883633657
0.005154883633657
0.005154883633657
0.005154883633657
0.005154883633657
0.005154883633657
0.005154883633657
0.005154883633657
0.005154883633657
0.005154883633657
0.005154883633657
