0.9999
0.482026578703497
0.005128449715807
0.005128449715807
0.005128449715807
0.005128449715807
0.005128449715807
0.005128449715807
0.005128449715807
0.005128449715807
0.005128449715807
0.005128449715807
0.005128449715807
0.005128449715807
0.005128449715807
0.005128449715807
0.005128449715807
0.005128449715807
0.005128449715807
0.005128449715807
0.005128449715807
0.005128449715807
0.005128449715807
0.005128449715807
0.005128449715807
0.005128449715807
0.005128449715807
0.005128449715807
0.005128449715807
0.005128449715807
0.005128449715807
0.005128449715807
0.005128449715807
0.005128449715807
0.005128449715807
0.005128449715807
0.005128449715807
0.005128449715807
0.005128449715807
0.005128449715807
0.005128449715807
0.005128449715807
0.005128449715807
0.005128449715807
0.005128449715807
0.005128449715807
0.005128449715807
0.005128449715807
0.005128449715807
0.005128449715807
0.005128449715807
0.005128449715807
0.005128449715807
0.005128449715807
0.005128449715807
0.005128449715807
0.005128449715807
0.005128449715807
0.005128449715807
0.005128449715807
0.005128449715807
0.005128449715807
0.005128449715807
0.005128449715807
0.005128449715807
0.005128449715807
0.005128449715807
0.005128449715807
0.005128449715807
0.005128449715807
0.005128449715807
0.005128449715807
0.005128449715807
0.005128449715807
0.005128449715807
0.005128449715807
0.005128449715807
0.005128449715807
0.005128449715807
0.005128449715807
0.005128449715807
0.005128449715807
0.005128449715807
0.005128449715807
0.005128449715807
0.005128449715807
0.005128449715807
0.005128449715807
0.005128449715807
0.005128449715807
0.005128449715807
0.005128449715807
0.005128449715807
0.005128449715807
0.005128449715807
0.005128449715807
0.005128449715807
0.005128449715807
0.005128449715807
0.005128449715807
0.005128449715807
0.005128449715807
0.005128449715807
