0.9999
0.484669162704741
0.005102285517775
0.005102285517775
0.005102285517775
0.005102285517775
0.005102285517775
0.005102285517775
0.005102285517775
0.005102285517775
0.005102285517775
0.005102285517775
0.005102285517775
0.005102285517775
0.005102285517775
0.005102285517775
0.005102285517775
0.005102285517775
0.005102285517775
0.005102285517775
0.005102285517775
0.005102285517775
0.005102285517775
0.005102285517775
0.005102285517775
0.005102285517775
0.005102285517775
0.005102285517775
0.005102285517775
0.005102285517775
0.005102285517775
0.005102285517775
0.005102285517775
0.005102285517775
0.005102285517775
0.005102285517775
0.005102285517775
0.005102285517775
0.005102285517775
0.005102285517775
0.005102285517775
0.005102285517775
0.005102285517775
0.005102285517775
0.005102285517775
0.005102285517775
0.005102285517775
0.005102285517775
0.005102285517775
0.005102285517775
0.005102285517775
0.005102285517775
0.005102285517775
0.005102285517775
0.005102285517775
0.005102285517775
0.005102285517775
0.005102285517775
0.005102285517775
0.005102285517775
0.005102285517775
0.005102285517775
0.005102285517775
0.005102285517775
0.005102285517775
0.005102285517775
0.005102285517775
0.005102285517775
0.005102285517775
0.005102285517775
0.005102285517775
0.005102285517775
0.005102285517775
0.005102285517775
0.005102285517775
0.005102285517775
0.005102285517775
0.005102285517775
0.005102285517775
0.005102285517775
0.005102285517775
0.005102285517775
0.005102285517775
0.005102285517775
0.005102285517775
0.005102285517775
0.005102285517775
0.005102285517775
0.005102285517775
0.005102285517775
0.005102285517775
0.005102285517775
0.005102285517775
0.005102285517775
0.005102285517775
0.005102285517775
0.005102285517775
0.005102285517775
0.005102285517775
0.005102285517775
0.005102285517775
0.005102285517775
0.005102285517775
