0.9999
0.487284919831159
0.005076386932365
0.005076386932365
0.005076386932365
0.005076386932365
0.005076386932365
0.005076386932365
0.005076386932365
0.005076386932365
0.005076386932365
0.005076386932365
0.005076386932365
0.005076386932365
0.005076386932365
0.005076386932365
0.005076386932365
0.005076386932365
0.005076386932365
0.005076386932365
0.005076386932365
0.005076386932365
0.005076386932365
0.005076386932365
0.005076386932365
0.005076386932365
0.005076386932365
0.005076386932365
0.005076386932365
0.005076386932365
0.005076386932365
0.005076386932365
0.005076386932365
0.005076386932365
0.005076386932365
0.005076386932365
0.005076386932365
0.005076386932365
0.005076386932365
0.005076386932365
0.005076386932365
0.005076386932365
0.005076386932365
0.005076386932365
0.005076386932365
0.005076386932365
0.005076386932365
0.005076386932365
0.005076386932365
0.005076386932365
0.005076386932365
0.005076386932365
0.005076386932365
0.005076386932365
0.005076386932365
0.005076386932365
0.005076386932365
0.005076386932365
0.005076386932365
0.005076386932365
0.005076386932365
0.005076386932365
0.005076386932365
0.005076386932365
0.005076386932365
0.005076386932365
0.005076386932365
0.005076386932365
0.005076386932365
0.005076386932365
0.005076386932365
0.005076386932365
0.005076386932365
0.005076386932365
0.005076386932365
0.005076386932365
0.005076386932365
0.005076386932365
0.005076386932365
0.005076386932365
0.005076386932365
0.005076386932365
0.005076386932365
0.005076386932365
0.005076386932365
0.005076386932365
0.005076386932365
0.005076386932365
0.005076386932365
0.005076386932365
0.005076386932365
0.005076386932365
0.005076386932365
0.005076386932365
0.005076386932365
0.005076386932365
0.005076386932365
0.005076386932365
0.005076386932365
0.005076386932365
0.005076386932365
0.005076386932365
0.005076386932365
