0.9999
0.489874256529609
0.005050749935350
0.005050749935350
0.005050749935350
0.005050749935350
0.005050749935350
0.005050749935350
0.005050749935350
0.005050749935350
0.005050749935350
0.005050749935350
0.005050749935350
0.005050749935350
0.005050749935350
0.005050749935350
0.005050749935350
0.005050749935350
0.005050749935350
0.005050749935350
0.005050749935350
0.005050749935350
0.005050749935350
0.005050749935350
0.005050749935350
0.005050749935350
0.005050749935350
0.005050749935350
0.005050749935350
0.005050749935350
0.005050749935350
0.005050749935350
0.005050749935350
0.005050749935350
0.005050749935350
0.005050749935350
0.005050749935350
0.005050749935350
0.005050749935350
0.005050749935350
0.005050749935350
0.005050749935350
0.005050749935350
0.005050749935350
0.005050749935350
0.005050749935350
0.005050749935350
0.005050749935350
0.005050749935350
0.005050749935350
0.005050749935350
0.005050749935350
0.005050749935350
0.005050749935350
0.005050749935350
0.005050749935350
0.005050749935350
0.005050749935350
0.005050749935350
0.005050749935350
0.005050749935350
0.005050749935350
0.005050749935350
0.005050749935350
0.005050749935350
0.005050749935350
0.005050749935350
0.005050749935350
0.005050749935350
0.005050749935350
0.005050749935350
0.005050749935350
0.005050749935350
0.005050749935350
0.005050749935350
0.005050749935350
0.005050749935350
0.005050749935350
0.005050749935350
0.005050749935350
0.005050749935350
0.005050749935350
0.005050749935350
0.005050749935350
0.005050749935350
0.005050749935350
0.005050749935350
0.005050749935350
0.005050749935350
0.005050749935350
0.005050749935350
0.005050749935350
0.005050749935350
0.005050749935350
0.005050749935350
0.005050749935350
0.005050749935350
0.005050749935350
0.005050749935350
0.005050749935350
0.005050749935350
0.005050749935350
0.005050749935350
