0.9999
0.492437571077585
0.005025370583390
0.005025370583390
0.005025370583390
0.005025370583390
0.005025370583390
0.005025370583390
0.005025370583390
0.005025370583390
0.005025370583390
0.005025370583390
0.005025370583390
0.005025370583390
0.005025370583390
0.005025370583390
0.005025370583390
0.005025370583390
0.005025370583390
0.005025370583390
0.005025370583390
0.005025370583390
0.005025370583390
0.005025370583390
0.005025370583390
0.005025370583390
0.005025370583390
0.005025370583390
0.005025370583390
0.005025370583390
0.005025370583390
0.005025370583390
0.005025370583390
0.005025370583390
0.005025370583390
0.005025370583390
0.005025370583390
0.005025370583390
0.005025370583390
0.005025370583390
0.005025370583390
0.005025370583390
0.005025370583390
0.005025370583390
0.005025370583390
0.005025370583390
0.005025370583390
0.005025370583390
0.005025370583390
0.005025370583390
0.005025370583390
0.005025370583390
0.005025370583390
0.005025370583390
0.005025370583390
0.005025370583390
0.005025370583390
0.005025370583390
0.005025370583390
0.005025370583390
0.005025370583390
0.005025370583390
0.005025370583390
0.005025370583390
0.005025370583390
0.005025370583390
0.005025370583390
0.005025370583390
0.005025370583390
0.005025370583390
0.005025370583390
0.005025370583390
0.005025370583390
0.005025370583390
0.005025370583390
0.005025370583390
0.005025370583390
0.005025370583390
0.005025370583390
0.005025370583390
0.005025370583390
0.005025370583390
0.005025370583390
0.005025370583390
0.005025370583390
0.005025370583390
0.005025370583390
0.005025370583390
0.005025370583390
0.005025370583390
0.005025370583390
0.005025370583390
0.005025370583390
0.005025370583390
0.005025370583390
0.005025370583390
0.005025370583390
0.005025370583390
0.005025370583390
0.005025370583390
0.005025370583390
0.005025370583390
0.005025370583390
