1
0.030303030303030
0.030303030303030
0.030303030303030
0.030303030303030
0.030303030303030
0.030303030303030
0.030303030303030
0.030303030303030
0.030303030303030
0.030303030303030
0.030303030303030
0.030303030303030
0.030303030303030
0.030303030303030
0.030303030303030
0.030303030303030
0.030303030303030
0.030303030303030
0.030303030303030
0.030303030303030
0.030303030303030
0.030303030303030
0.030303030303030
0.030303030303030
0.030303030303030
0.030303030303030
0.030303030303030
0.030303030303030
0.030303030303030
0.030303030303030
0.030303030303030
0.030303030303030
0.030303030303030
