1
0.016129032258065
0.016129032258065
0.016129032258065
0.016129032258065
0.016129032258065
0.016129032258065
0.016129032258065
0.016129032258065
0.016129032258065
0.016129032258065
0.016129032258065
0.016129032258065
0.016129032258065
0.016129032258065
0.016129032258065
0.016129032258065
0.016129032258065
0.016129032258065
0.016129032258065
0.016129032258065
0.016129032258065
0.016129032258065
0.016129032258065
0.016129032258065
0.016129032258065
0.016129032258065
0.016129032258065
0.016129032258065
0.016129032258065
0.016129032258065
0.016129032258065
0.016129032258065
0.016129032258065
0.016129032258065
0.016129032258065
0.016129032258065
0.016129032258065
0.016129032258065
0.016129032258065
0.016129032258065
0.016129032258065
0.016129032258065
0.016129032258065
0.016129032258065
0.016129032258065
0.016129032258065
0.016129032258065
0.016129032258065
0.016129032258065
0.016129032258065
0.016129032258065
0.016129032258065
0.016129032258065
0.016129032258065
0.016129032258065
0.016129032258065
0.016129032258065
0.016129032258065
0.016129032258065
0.016129032258065
0.016129032258065
0.016129032258065
