1
0.018867924528302
0.018867924528302
0.018867924528302
0.018867924528302
0.018867924528302
0.018867924528302
0.018867924528302
0.018867924528302
0.018867924528302
0.018867924528302
0.018867924528302
0.018867924528302
0.018867924528302
0.018867924528302
0.018867924528302
0.018867924528302
0.018867924528302
0.018867924528302
0.018867924528302
0.018867924528302
0.018867924528302
0.018867924528302
0.018867924528302
0.018867924528302
0.018867924528302
0.018867924528302
0.018867924528302
0.018867924528302
0.018867924528302
0.018867924528302
0.018867924528302
0.018867924528302
0.018867924528302
0.018867924528302
0.018867924528302
0.018867924528302
0.018867924528302
0.018867924528302
0.018867924528302
0.018867924528302
0.018867924528302
0.018867924528302
0.018867924528302
0.018867924528302
0.018867924528302
0.018867924528302
0.018867924528302
0.018867924528302
0.018867924528302
0.018867924528302
0.018867924528302
0.018867924528302
0.018867924528302
