1
0.023255813953488
0.023255813953488
0.023255813953488
0.023255813953488
0.023255813953488
0.023255813953488
0.023255813953488
0.023255813953488
0.023255813953488
0.023255813953488
0.023255813953488
0.023255813953488
0.023255813953488
0.023255813953488
0.023255813953488
0.023255813953488
0.023255813953488
0.023255813953488
0.023255813953488
0.023255813953488
0.023255813953488
0.023255813953488
0.023255813953488
0.023255813953488
0.023255813953488
0.023255813953488
0.023255813953488
0.023255813953488
0.023255813953488
0.023255813953488
0.023255813953488
0.023255813953488
0.023255813953488
0.023255813953488
0.023255813953488
0.023255813953488
0.023255813953488
0.023255813953488
0.023255813953488
0.023255813953488
0.023255813953488
0.023255813953488
0.023255813953488
