1
0.011235955056180
0.011235955056180
0.011235955056180
0.011235955056180
0.011235955056180
0.011235955056180
0.011235955056180
0.011235955056180
0.011235955056180
0.011235955056180
0.011235955056180
0.011235955056180
0.011235955056180
0.011235955056180
0.011235955056180
0.011235955056180
0.011235955056180
0.011235955056180
0.011235955056180
0.011235955056180
0.011235955056180
0.011235955056180
0.011235955056180
0.011235955056180
0.011235955056180
0.011235955056180
0.011235955056180
0.011235955056180
0.011235955056180
0.011235955056180
0.011235955056180
0.011235955056180
0.011235955056180
0.011235955056180
0.011235955056180
0.011235955056180
0.011235955056180
0.011235955056180
0.011235955056180
0.011235955056180
0.011235955056180
0.011235955056180
0.011235955056180
0.011235955056180
0.011235955056180
0.011235955056180
0.011235955056180
0.011235955056180
0.011235955056180
0.011235955056180
0.011235955056180
0.011235955056180
0.011235955056180
0.011235955056180
0.011235955056180
0.011235955056180
0.011235955056180
0.011235955056180
0.011235955056180
0.011235955056180
0.011235955056180
0.011235955056180
0.011235955056180
0.011235955056180
0.011235955056180
0.011235955056180
0.011235955056180
0.011235955056180
0.011235955056180
0.011235955056180
0.011235955056180
0.011235955056180
0.011235955056180
0.011235955056180
0.011235955056180
0.011235955056180
0.011235955056180
0.011235955056180
0.011235955056180
0.011235955056180
0.011235955056180
0.011235955056180
0.011235955056180
0.011235955056180
0.011235955056180
0.011235955056180
0.011235955056180
0.011235955056180
0.011235955056180
