1
0.013157894736842
0.013157894736842
0.013157894736842
0.013157894736842
0.013157894736842
0.013157894736842
0.013157894736842
0.013157894736842
0.013157894736842
0.013157894736842
0.013157894736842
0.013157894736842
0.013157894736842
0.013157894736842
0.013157894736842
0.013157894736842
0.013157894736842
0.013157894736842
0.013157894736842
0.013157894736842
0.013157894736842
0.013157894736842
0.013157894736842
0.013157894736842
0.013157894736842
0.013157894736842
0.013157894736842
0.013157894736842
0.013157894736842
0.013157894736842
0.013157894736842
0.013157894736842
0.013157894736842
0.013157894736842
0.013157894736842
0.013157894736842
0.013157894736842
0.013157894736842
0.013157894736842
0.013157894736842
0.013157894736842
0.013157894736842
0.013157894736842
0.013157894736842
0.013157894736842
0.013157894736842
0.013157894736842
0.013157894736842
0.013157894736842
0.013157894736842
0.013157894736842
0.013157894736842
0.013157894736842
0.013157894736842
0.013157894736842
0.013157894736842
0.013157894736842
0.013157894736842
0.013157894736842
0.013157894736842
0.013157894736842
0.013157894736842
0.013157894736842
0.013157894736842
0.013157894736842
0.013157894736842
0.013157894736842
0.013157894736842
0.013157894736842
0.013157894736842
0.013157894736842
0.013157894736842
0.013157894736842
0.013157894736842
0.013157894736842
0.013157894736842
