1
0.010752688172043
0.010752688172043
0.010752688172043
0.010752688172043
0.010752688172043
0.010752688172043
0.010752688172043
0.010752688172043
0.010752688172043
0.010752688172043
0.010752688172043
0.010752688172043
0.010752688172043
0.010752688172043
0.010752688172043
0.010752688172043
0.010752688172043
0.010752688172043
0.010752688172043
0.010752688172043
0.010752688172043
0.010752688172043
0.010752688172043
0.010752688172043
0.010752688172043
0.010752688172043
0.010752688172043
0.010752688172043
0.010752688172043
0.010752688172043
0.010752688172043
0.010752688172043
0.010752688172043
0.010752688172043
0.010752688172043
0.010752688172043
0.010752688172043
0.010752688172043
0.010752688172043
0.010752688172043
0.010752688172043
0.010752688172043
0.010752688172043
0.010752688172043
0.010752688172043
0.010752688172043
0.010752688172043
0.010752688172043
0.010752688172043
0.010752688172043
0.010752688172043
0.010752688172043
0.010752688172043
0.010752688172043
0.010752688172043
0.010752688172043
0.010752688172043
0.010752688172043
0.010752688172043
0.010752688172043
0.010752688172043
0.010752688172043
0.010752688172043
0.010752688172043
0.010752688172043
0.010752688172043
0.010752688172043
0.010752688172043
0.010752688172043
0.010752688172043
0.010752688172043
0.010752688172043
0.010752688172043
0.010752688172043
0.010752688172043
0.010752688172043
0.010752688172043
0.010752688172043
0.010752688172043
0.010752688172043
0.010752688172043
0.010752688172043
0.010752688172043
0.010752688172043
0.010752688172043
0.010752688172043
0.010752688172043
0.010752688172043
0.010752688172043
0.010752688172043
0.010752688172043
0.010752688172043
0.010752688172043
