1
0.031250000000000
0.031250000000000
0.031250000000000
0.031250000000000
0.031250000000000
0.031250000000000
0.031250000000000
0.031250000000000
0.031250000000000
0.031250000000000
0.031250000000000
0.031250000000000
0.031250000000000
0.031250000000000
0.031250000000000
0.031250000000000
0.031250000000000
0.031250000000000
0.031250000000000
0.031250000000000
0.031250000000000
0.031250000000000
0.031250000000000
0.031250000000000
0.031250000000000
0.031250000000000
0.031250000000000
0.031250000000000
0.031250000000000
0.031250000000000
0.031250000000000
0.031250000000000
