1
0.010204081632653
0.010204081632653
0.010204081632653
0.010204081632653
0.010204081632653
0.010204081632653
0.010204081632653
0.010204081632653
0.010204081632653
0.010204081632653
0.010204081632653
0.010204081632653
0.010204081632653
0.010204081632653
0.010204081632653
0.010204081632653
0.010204081632653
0.010204081632653
0.010204081632653
0.010204081632653
0.010204081632653
0.010204081632653
0.010204081632653
0.010204081632653
0.010204081632653
0.010204081632653
0.010204081632653
0.010204081632653
0.010204081632653
0.010204081632653
0.010204081632653
0.010204081632653
0.010204081632653
0.010204081632653
0.010204081632653
0.010204081632653
0.010204081632653
0.010204081632653
0.010204081632653
0.010204081632653
0.010204081632653
0.010204081632653
0.010204081632653
0.010204081632653
0.010204081632653
0.010204081632653
0.010204081632653
0.010204081632653
0.010204081632653
0.010204081632653
0.010204081632653
0.010204081632653
0.010204081632653
0.010204081632653
0.010204081632653
0.010204081632653
0.010204081632653
0.010204081632653
0.010204081632653
0.010204081632653
0.010204081632653
0.010204081632653
0.010204081632653
0.010204081632653
0.010204081632653
0.010204081632653
0.010204081632653
0.010204081632653
0.010204081632653
0.010204081632653
0.010204081632653
0.010204081632653
0.010204081632653
0.010204081632653
0.010204081632653
0.010204081632653
0.010204081632653
0.010204081632653
0.010204081632653
0.010204081632653
0.010204081632653
0.010204081632653
0.010204081632653
0.010204081632653
0.010204081632653
0.010204081632653
0.010204081632653
0.010204081632653
0.010204081632653
0.010204081632653
0.010204081632653
0.010204081632653
0.010204081632653
0.010204081632653
0.010204081632653
0.010204081632653
0.010204081632653
0.010204081632653
