1
0.035714285714286
0.035714285714286
0.035714285714286
0.035714285714286
0.035714285714286
0.035714285714286
0.035714285714286
0.035714285714286
0.035714285714286
0.035714285714286
0.035714285714286
0.035714285714286
0.035714285714286
0.035714285714286
0.035714285714286
0.035714285714286
0.035714285714286
0.035714285714286
0.035714285714286
0.035714285714286
0.035714285714286
0.035714285714286
0.035714285714286
0.035714285714286
0.035714285714286
0.035714285714286
0.035714285714286
0.035714285714286
