1
0.014492753623188
0.014492753623188
0.014492753623188
0.014492753623188
0.014492753623188
0.014492753623188
0.014492753623188
0.014492753623188
0.014492753623188
0.014492753623188
0.014492753623188
0.014492753623188
0.014492753623188
0.014492753623188
0.014492753623188
0.014492753623188
0.014492753623188
0.014492753623188
0.014492753623188
0.014492753623188
0.014492753623188
0.014492753623188
0.014492753623188
0.014492753623188
0.014492753623188
0.014492753623188
0.014492753623188
0.014492753623188
0.014492753623188
0.014492753623188
0.014492753623188
0.014492753623188
0.014492753623188
0.014492753623188
0.014492753623188
0.014492753623188
0.014492753623188
0.014492753623188
0.014492753623188
0.014492753623188
0.014492753623188
0.014492753623188
0.014492753623188
0.014492753623188
0.014492753623188
0.014492753623188
0.014492753623188
0.014492753623188
0.014492753623188
0.014492753623188
0.014492753623188
0.014492753623188
0.014492753623188
0.014492753623188
0.014492753623188
0.014492753623188
0.014492753623188
0.014492753623188
0.014492753623188
0.014492753623188
0.014492753623188
0.014492753623188
0.014492753623188
0.014492753623188
0.014492753623188
0.014492753623188
0.014492753623188
0.014492753623188
0.014492753623188
