1
0.018181818181818
0.018181818181818
0.018181818181818
0.018181818181818
0.018181818181818
0.018181818181818
0.018181818181818
0.018181818181818
0.018181818181818
0.018181818181818
0.018181818181818
0.018181818181818
0.018181818181818
0.018181818181818
0.018181818181818
0.018181818181818
0.018181818181818
0.018181818181818
0.018181818181818
0.018181818181818
0.018181818181818
0.018181818181818
0.018181818181818
0.018181818181818
0.018181818181818
0.018181818181818
0.018181818181818
0.018181818181818
0.018181818181818
0.018181818181818
0.018181818181818
0.018181818181818
0.018181818181818
0.018181818181818
0.018181818181818
0.018181818181818
0.018181818181818
0.018181818181818
0.018181818181818
0.018181818181818
0.018181818181818
0.018181818181818
0.018181818181818
0.018181818181818
0.018181818181818
0.018181818181818
0.018181818181818
0.018181818181818
0.018181818181818
0.018181818181818
0.018181818181818
0.018181818181818
0.018181818181818
0.018181818181818
0.018181818181818
