1
0.016393442622951
0.016393442622951
0.016393442622951
0.016393442622951
0.016393442622951
0.016393442622951
0.016393442622951
0.016393442622951
0.016393442622951
0.016393442622951
0.016393442622951
0.016393442622951
0.016393442622951
0.016393442622951
0.016393442622951
0.016393442622951
0.016393442622951
0.016393442622951
0.016393442622951
0.016393442622951
0.016393442622951
0.016393442622951
0.016393442622951
0.016393442622951
0.016393442622951
0.016393442622951
0.016393442622951
0.016393442622951
0.016393442622951
0.016393442622951
0.016393442622951
0.016393442622951
0.016393442622951
0.016393442622951
0.016393442622951
0.016393442622951
0.016393442622951
0.016393442622951
0.016393442622951
0.016393442622951
0.016393442622951
0.016393442622951
0.016393442622951
0.016393442622951
0.016393442622951
0.016393442622951
0.016393442622951
0.016393442622951
0.016393442622951
0.016393442622951
0.016393442622951
0.016393442622951
0.016393442622951
0.016393442622951
0.016393442622951
0.016393442622951
0.016393442622951
0.016393442622951
0.016393442622951
0.016393442622951
0.016393442622951
