1
0.011363636363636
0.011363636363636
0.011363636363636
0.011363636363636
0.011363636363636
0.011363636363636
0.011363636363636
0.011363636363636
0.011363636363636
0.011363636363636
0.011363636363636
0.011363636363636
0.011363636363636
0.011363636363636
0.011363636363636
0.011363636363636
0.011363636363636
0.011363636363636
0.011363636363636
0.011363636363636
0.011363636363636
0.011363636363636
0.011363636363636
0.011363636363636
0.011363636363636
0.011363636363636
0.011363636363636
0.011363636363636
0.011363636363636
0.011363636363636
0.011363636363636
0.011363636363636
0.011363636363636
0.011363636363636
0.011363636363636
0.011363636363636
0.011363636363636
0.011363636363636
0.011363636363636
0.011363636363636
0.011363636363636
0.011363636363636
0.011363636363636
0.011363636363636
0.011363636363636
0.011363636363636
0.011363636363636
0.011363636363636
0.011363636363636
0.011363636363636
0.011363636363636
0.011363636363636
0.011363636363636
0.011363636363636
0.011363636363636
0.011363636363636
0.011363636363636
0.011363636363636
0.011363636363636
0.011363636363636
0.011363636363636
0.011363636363636
0.011363636363636
0.011363636363636
0.011363636363636
0.011363636363636
0.011363636363636
0.011363636363636
0.011363636363636
0.011363636363636
0.011363636363636
0.011363636363636
0.011363636363636
0.011363636363636
0.011363636363636
0.011363636363636
0.011363636363636
0.011363636363636
0.011363636363636
0.011363636363636
0.011363636363636
0.011363636363636
0.011363636363636
0.011363636363636
0.011363636363636
0.011363636363636
0.011363636363636
0.011363636363636
