1
0.011627906976744
0.011627906976744
0.011627906976744
0.011627906976744
0.011627906976744
0.011627906976744
0.011627906976744
0.011627906976744
0.011627906976744
0.011627906976744
0.011627906976744
0.011627906976744
0.011627906976744
0.011627906976744
0.011627906976744
0.011627906976744
0.011627906976744
0.011627906976744
0.011627906976744
0.011627906976744
0.011627906976744
0.011627906976744
0.011627906976744
0.011627906976744
0.011627906976744
0.011627906976744
0.011627906976744
0.011627906976744
0.011627906976744
0.011627906976744
0.011627906976744
0.011627906976744
0.011627906976744
0.011627906976744
0.011627906976744
0.011627906976744
0.011627906976744
0.011627906976744
0.011627906976744
0.011627906976744
0.011627906976744
0.011627906976744
0.011627906976744
0.011627906976744
0.011627906976744
0.011627906976744
0.011627906976744
0.011627906976744
0.011627906976744
0.011627906976744
0.011627906976744
0.011627906976744
0.011627906976744
0.011627906976744
0.011627906976744
0.011627906976744
0.011627906976744
0.011627906976744
0.011627906976744
0.011627906976744
0.011627906976744
0.011627906976744
0.011627906976744
0.011627906976744
0.011627906976744
0.011627906976744
0.011627906976744
0.011627906976744
0.011627906976744
0.011627906976744
0.011627906976744
0.011627906976744
0.011627906976744
0.011627906976744
0.011627906976744
0.011627906976744
0.011627906976744
0.011627906976744
0.011627906976744
0.011627906976744
0.011627906976744
0.011627906976744
0.011627906976744
0.011627906976744
0.011627906976744
0.011627906976744
