1
0.014705882352941
0.014705882352941
0.014705882352941
0.014705882352941
0.014705882352941
0.014705882352941
0.014705882352941
0.014705882352941
0.014705882352941
0.014705882352941
0.014705882352941
0.014705882352941
0.014705882352941
0.014705882352941
0.014705882352941
0.014705882352941
0.014705882352941
0.014705882352941
0.014705882352941
0.014705882352941
0.014705882352941
0.014705882352941
0.014705882352941
0.014705882352941
0.014705882352941
0.014705882352941
0.014705882352941
0.014705882352941
0.014705882352941
0.014705882352941
0.014705882352941
0.014705882352941
0.014705882352941
0.014705882352941
0.014705882352941
0.014705882352941
0.014705882352941
0.014705882352941
0.014705882352941
0.014705882352941
0.014705882352941
0.014705882352941
0.014705882352941
0.014705882352941
0.014705882352941
0.014705882352941
0.014705882352941
0.014705882352941
0.014705882352941
0.014705882352941
0.014705882352941
0.014705882352941
0.014705882352941
0.014705882352941
0.014705882352941
0.014705882352941
0.014705882352941
0.014705882352941
0.014705882352941
0.014705882352941
0.014705882352941
0.014705882352941
0.014705882352941
0.014705882352941
0.014705882352941
0.014705882352941
0.014705882352941
0.014705882352941
