1
0.020408163265306
0.020408163265306
0.020408163265306
0.020408163265306
0.020408163265306
0.020408163265306
0.020408163265306
0.020408163265306
0.020408163265306
0.020408163265306
0.020408163265306
0.020408163265306
0.020408163265306
0.020408163265306
0.020408163265306
0.020408163265306
0.020408163265306
0.020408163265306
0.020408163265306
0.020408163265306
0.020408163265306
0.020408163265306
0.020408163265306
0.020408163265306
0.020408163265306
0.020408163265306
0.020408163265306
0.020408163265306
0.020408163265306
0.020408163265306
0.020408163265306
0.020408163265306
0.020408163265306
0.020408163265306
0.020408163265306
0.020408163265306
0.020408163265306
0.020408163265306
0.020408163265306
0.020408163265306
0.020408163265306
0.020408163265306
0.020408163265306
0.020408163265306
0.020408163265306
0.020408163265306
0.020408163265306
0.020408163265306
0.020408163265306
