1
0.015151515151515
0.015151515151515
0.015151515151515
0.015151515151515
0.015151515151515
0.015151515151515
0.015151515151515
0.015151515151515
0.015151515151515
0.015151515151515
0.015151515151515
0.015151515151515
0.015151515151515
0.015151515151515
0.015151515151515
0.015151515151515
0.015151515151515
0.015151515151515
0.015151515151515
0.015151515151515
0.015151515151515
0.015151515151515
0.015151515151515
0.015151515151515
0.015151515151515
0.015151515151515
0.015151515151515
0.015151515151515
0.015151515151515
0.015151515151515
0.015151515151515
0.015151515151515
0.015151515151515
0.015151515151515
0.015151515151515
0.015151515151515
0.015151515151515
0.015151515151515
0.015151515151515
0.015151515151515
0.015151515151515
0.015151515151515
0.015151515151515
0.015151515151515
0.015151515151515
0.015151515151515
0.015151515151515
0.015151515151515
0.015151515151515
0.015151515151515
0.015151515151515
0.015151515151515
0.015151515151515
0.015151515151515
0.015151515151515
0.015151515151515
0.015151515151515
0.015151515151515
0.015151515151515
0.015151515151515
0.015151515151515
0.015151515151515
0.015151515151515
0.015151515151515
0.015151515151515
0.015151515151515
