1
0.011904761904762
0.011904761904762
0.011904761904762
0.011904761904762
0.011904761904762
0.011904761904762
0.011904761904762
0.011904761904762
0.011904761904762
0.011904761904762
0.011904761904762
0.011904761904762
0.011904761904762
0.011904761904762
0.011904761904762
0.011904761904762
0.011904761904762
0.011904761904762
0.011904761904762
0.011904761904762
0.011904761904762
0.011904761904762
0.011904761904762
0.011904761904762
0.011904761904762
0.011904761904762
0.011904761904762
0.011904761904762
0.011904761904762
0.011904761904762
0.011904761904762
0.011904761904762
0.011904761904762
0.011904761904762
0.011904761904762
0.011904761904762
0.011904761904762
0.011904761904762
0.011904761904762
0.011904761904762
0.011904761904762
0.011904761904762
0.011904761904762
0.011904761904762
0.011904761904762
0.011904761904762
0.011904761904762
0.011904761904762
0.011904761904762
0.011904761904762
0.011904761904762
0.011904761904762
0.011904761904762
0.011904761904762
0.011904761904762
0.011904761904762
0.011904761904762
0.011904761904762
0.011904761904762
0.011904761904762
0.011904761904762
0.011904761904762
0.011904761904762
0.011904761904762
0.011904761904762
0.011904761904762
0.011904761904762
0.011904761904762
0.011904761904762
0.011904761904762
0.011904761904762
0.011904761904762
0.011904761904762
0.011904761904762
0.011904761904762
0.011904761904762
0.011904761904762
0.011904761904762
0.011904761904762
0.011904761904762
0.011904761904762
0.011904761904762
0.011904761904762
0.011904761904762
