1
0.013888888888889
0.013888888888889
0.013888888888889
0.013888888888889
0.013888888888889
0.013888888888889
0.013888888888889
0.013888888888889
0.013888888888889
0.013888888888889
0.013888888888889
0.013888888888889
0.013888888888889
0.013888888888889
0.013888888888889
0.013888888888889
0.013888888888889
0.013888888888889
0.013888888888889
0.013888888888889
0.013888888888889
0.013888888888889
0.013888888888889
0.013888888888889
0.013888888888889
0.013888888888889
0.013888888888889
0.013888888888889
0.013888888888889
0.013888888888889
0.013888888888889
0.013888888888889
0.013888888888889
0.013888888888889
0.013888888888889
0.013888888888889
0.013888888888889
0.013888888888889
0.013888888888889
0.013888888888889
0.013888888888889
0.013888888888889
0.013888888888889
0.013888888888889
0.013888888888889
0.013888888888889
0.013888888888889
0.013888888888889
0.013888888888889
0.013888888888889
0.013888888888889
0.013888888888889
0.013888888888889
0.013888888888889
0.013888888888889
0.013888888888889
0.013888888888889
0.013888888888889
0.013888888888889
0.013888888888889
0.013888888888889
0.013888888888889
0.013888888888889
0.013888888888889
0.013888888888889
0.013888888888889
0.013888888888889
0.013888888888889
0.013888888888889
0.013888888888889
0.013888888888889
0.013888888888889
