1
0.011764705882353
0.011764705882353
0.011764705882353
0.011764705882353
0.011764705882353
0.011764705882353
0.011764705882353
0.011764705882353
0.011764705882353
0.011764705882353
0.011764705882353
0.011764705882353
0.011764705882353
0.011764705882353
0.011764705882353
0.011764705882353
0.011764705882353
0.011764705882353
0.011764705882353
0.011764705882353
0.011764705882353
0.011764705882353
0.011764705882353
0.011764705882353
0.011764705882353
0.011764705882353
0.011764705882353
0.011764705882353
0.011764705882353
0.011764705882353
0.011764705882353
0.011764705882353
0.011764705882353
0.011764705882353
0.011764705882353
0.011764705882353
0.011764705882353
0.011764705882353
0.011764705882353
0.011764705882353
0.011764705882353
0.011764705882353
0.011764705882353
0.011764705882353
0.011764705882353
0.011764705882353
0.011764705882353
0.011764705882353
0.011764705882353
0.011764705882353
0.011764705882353
0.011764705882353
0.011764705882353
0.011764705882353
0.011764705882353
0.011764705882353
0.011764705882353
0.011764705882353
0.011764705882353
0.011764705882353
0.011764705882353
0.011764705882353
0.011764705882353
0.011764705882353
0.011764705882353
0.011764705882353
0.011764705882353
0.011764705882353
0.011764705882353
0.011764705882353
0.011764705882353
0.011764705882353
0.011764705882353
0.011764705882353
0.011764705882353
0.011764705882353
0.011764705882353
0.011764705882353
0.011764705882353
0.011764705882353
0.011764705882353
0.011764705882353
0.011764705882353
0.011764705882353
0.011764705882353
