1
0.013333333333333
0.013333333333333
0.013333333333333
0.013333333333333
0.013333333333333
0.013333333333333
0.013333333333333
0.013333333333333
0.013333333333333
0.013333333333333
0.013333333333333
0.013333333333333
0.013333333333333
0.013333333333333
0.013333333333333
0.013333333333333
0.013333333333333
0.013333333333333
0.013333333333333
0.013333333333333
0.013333333333333
0.013333333333333
0.013333333333333
0.013333333333333
0.013333333333333
0.013333333333333
0.013333333333333
0.013333333333333
0.013333333333333
0.013333333333333
0.013333333333333
0.013333333333333
0.013333333333333
0.013333333333333
0.013333333333333
0.013333333333333
0.013333333333333
0.013333333333333
0.013333333333333
0.013333333333333
0.013333333333333
0.013333333333333
0.013333333333333
0.013333333333333
0.013333333333333
0.013333333333333
0.013333333333333
0.013333333333333
0.013333333333333
0.013333333333333
0.013333333333333
0.013333333333333
0.013333333333333
0.013333333333333
0.013333333333333
0.013333333333333
0.013333333333333
0.013333333333333
0.013333333333333
0.013333333333333
0.013333333333333
0.013333333333333
0.013333333333333
0.013333333333333
0.013333333333333
0.013333333333333
0.013333333333333
0.013333333333333
0.013333333333333
0.013333333333333
0.013333333333333
0.013333333333333
0.013333333333333
0.013333333333333
0.013333333333333
