0.9999
0.035714285714286
0.035714285714286
0.035714285714286
0.035714285714286
0.035714285714286
0.035714285714286
0.035714285714286
0.035714285714286
0.035714285714286
0.035714285714286
0.035714285714286
0.035714285714286
0.035714285714286
0.035714285714286
0.035714285714286
0.035714285714286
0.035714285714286
0.035714285714286
0.035714285714286
0.035714285714286
0.035714285714286
0.035714285714286
0.035714285714286
0.035714285714286
0.035714285714286
0.035714285714286
0.035714285714286
0.035714285714286
