0.9999
0.032258064516129
0.032258064516129
0.032258064516129
0.032258064516129
0.032258064516129
0.032258064516129
0.032258064516129
0.032258064516129
0.032258064516129
0.032258064516129
0.032258064516129
0.032258064516129
0.032258064516129
0.032258064516129
0.032258064516129
0.032258064516129
0.032258064516129
0.032258064516129
0.032258064516129
0.032258064516129
0.032258064516129
0.032258064516129
0.032258064516129
0.032258064516129
0.032258064516129
0.032258064516129
0.032258064516129
0.032258064516129
0.032258064516129
0.032258064516129
0.032258064516129
