0.9999
0.027027027027027
0.027027027027027
0.027027027027027
0.027027027027027
0.027027027027027
0.027027027027027
0.027027027027027
0.027027027027027
0.027027027027027
0.027027027027027
0.027027027027027
0.027027027027027
0.027027027027027
0.027027027027027
0.027027027027027
0.027027027027027
0.027027027027027
0.027027027027027
0.027027027027027
0.027027027027027
0.027027027027027
0.027027027027027
0.027027027027027
0.027027027027027
0.027027027027027
0.027027027027027
0.027027027027027
0.027027027027027
0.027027027027027
0.027027027027027
0.027027027027027
0.027027027027027
0.027027027027027
0.027027027027027
0.027027027027027
0.027027027027027
0.027027027027027
