0.9999
0.026315789473684
0.026315789473684
0.026315789473684
0.026315789473684
0.026315789473684
0.026315789473684
0.026315789473684
0.026315789473684
0.026315789473684
0.026315789473684
0.026315789473684
0.026315789473684
0.026315789473684
0.026315789473684
0.026315789473684
0.026315789473684
0.026315789473684
0.026315789473684
0.026315789473684
0.026315789473684
0.026315789473684
0.026315789473684
0.026315789473684
0.026315789473684
0.026315789473684
0.026315789473684
0.026315789473684
0.026315789473684
0.026315789473684
0.026315789473684
0.026315789473684
0.026315789473684
0.026315789473684
0.026315789473684
0.026315789473684
0.026315789473684
0.026315789473684
0.026315789473684
