0.9999
0.025000000000000
0.025000000000000
0.025000000000000
0.025000000000000
0.025000000000000
0.025000000000000
0.025000000000000
0.025000000000000
0.025000000000000
0.025000000000000
0.025000000000000
0.025000000000000
0.025000000000000
0.025000000000000
0.025000000000000
0.025000000000000
0.025000000000000
0.025000000000000
0.025000000000000
0.025000000000000
0.025000000000000
0.025000000000000
0.025000000000000
0.025000000000000
0.025000000000000
0.025000000000000
0.025000000000000
0.025000000000000
0.025000000000000
0.025000000000000
0.025000000000000
0.025000000000000
0.025000000000000
0.025000000000000
0.025000000000000
0.025000000000000
0.025000000000000
0.025000000000000
0.025000000000000
0.025000000000000
