0.9999
0.023809523809524
0.023809523809524
0.023809523809524
0.023809523809524
0.023809523809524
0.023809523809524
0.023809523809524
0.023809523809524
0.023809523809524
0.023809523809524
0.023809523809524
0.023809523809524
0.023809523809524
0.023809523809524
0.023809523809524
0.023809523809524
0.023809523809524
0.023809523809524
0.023809523809524
0.023809523809524
0.023809523809524
0.023809523809524
0.023809523809524
0.023809523809524
0.023809523809524
0.023809523809524
0.023809523809524
0.023809523809524
0.023809523809524
0.023809523809524
0.023809523809524
0.023809523809524
0.023809523809524
0.023809523809524
0.023809523809524
0.023809523809524
0.023809523809524
0.023809523809524
0.023809523809524
0.023809523809524
0.023809523809524
0.023809523809524
