0.9999
0.018518518518519
0.018518518518519
0.018518518518519
0.018518518518519
0.018518518518519
0.018518518518519
0.018518518518519
0.018518518518519
0.018518518518519
0.018518518518519
0.018518518518519
0.018518518518519
0.018518518518519
0.018518518518519
0.018518518518519
0.018518518518519
0.018518518518519
0.018518518518519
0.018518518518519
0.018518518518519
0.018518518518519
0.018518518518519
0.018518518518519
0.018518518518519
0.018518518518519
0.018518518518519
0.018518518518519
0.018518518518519
0.018518518518519
0.018518518518519
0.018518518518519
0.018518518518519
0.018518518518519
0.018518518518519
0.018518518518519
0.018518518518519
0.018518518518519
0.018518518518519
0.018518518518519
0.018518518518519
0.018518518518519
0.018518518518519
0.018518518518519
0.018518518518519
0.018518518518519
0.018518518518519
0.018518518518519
0.018518518518519
0.018518518518519
0.018518518518519
0.018518518518519
0.018518518518519
0.018518518518519
0.018518518518519
