0.9999
0.017857142857143
0.017857142857143
0.017857142857143
0.017857142857143
0.017857142857143
0.017857142857143
0.017857142857143
0.017857142857143
0.017857142857143
0.017857142857143
0.017857142857143
0.017857142857143
0.017857142857143
0.017857142857143
0.017857142857143
0.017857142857143
0.017857142857143
0.017857142857143
0.017857142857143
0.017857142857143
0.017857142857143
0.017857142857143
0.017857142857143
0.017857142857143
0.017857142857143
0.017857142857143
0.017857142857143
0.017857142857143
0.017857142857143
0.017857142857143
0.017857142857143
0.017857142857143
0.017857142857143
0.017857142857143
0.017857142857143
0.017857142857143
0.017857142857143
0.017857142857143
0.017857142857143
0.017857142857143
0.017857142857143
0.017857142857143
0.017857142857143
0.017857142857143
0.017857142857143
0.017857142857143
0.017857142857143
0.017857142857143
0.017857142857143
0.017857142857143
0.017857142857143
0.017857142857143
0.017857142857143
0.017857142857143
0.017857142857143
0.017857142857143
