0.9999
0.016666666666667
0.016666666666667
0.016666666666667
0.016666666666667
0.016666666666667
0.016666666666667
0.016666666666667
0.016666666666667
0.016666666666667
0.016666666666667
0.016666666666667
0.016666666666667
0.016666666666667
0.016666666666667
0.016666666666667
0.016666666666667
0.016666666666667
0.016666666666667
0.016666666666667
0.016666666666667
0.016666666666667
0.016666666666667
0.016666666666667
0.016666666666667
0.016666666666667
0.016666666666667
0.016666666666667
0.016666666666667
0.016666666666667
0.016666666666667
0.016666666666667
0.016666666666667
0.016666666666667
0.016666666666667
0.016666666666667
0.016666666666667
0.016666666666667
0.016666666666667
0.016666666666667
0.016666666666667
0.016666666666667
0.016666666666667
0.016666666666667
0.016666666666667
0.016666666666667
0.016666666666667
0.016666666666667
0.016666666666667
0.016666666666667
0.016666666666667
0.016666666666667
0.016666666666667
0.016666666666667
0.016666666666667
0.016666666666667
0.016666666666667
0.016666666666667
0.016666666666667
0.016666666666667
0.016666666666667
