0.9999
0.014285714285714
0.014285714285714
0.014285714285714
0.014285714285714
0.014285714285714
0.014285714285714
0.014285714285714
0.014285714285714
0.014285714285714
0.014285714285714
0.014285714285714
0.014285714285714
0.014285714285714
0.014285714285714
0.014285714285714
0.014285714285714
0.014285714285714
0.014285714285714
0.014285714285714
0.014285714285714
0.014285714285714
0.014285714285714
0.014285714285714
0.014285714285714
0.014285714285714
0.014285714285714
0.014285714285714
0.014285714285714
0.014285714285714
0.014285714285714
0.014285714285714
0.014285714285714
0.014285714285714
0.014285714285714
0.014285714285714
0.014285714285714
0.014285714285714
0.014285714285714
0.014285714285714
0.014285714285714
0.014285714285714
0.014285714285714
0.014285714285714
0.014285714285714
0.014285714285714
0.014285714285714
0.014285714285714
0.014285714285714
0.014285714285714
0.014285714285714
0.014285714285714
0.014285714285714
0.014285714285714
0.014285714285714
0.014285714285714
0.014285714285714
0.014285714285714
0.014285714285714
0.014285714285714
0.014285714285714
0.014285714285714
0.014285714285714
0.014285714285714
0.014285714285714
0.014285714285714
0.014285714285714
0.014285714285714
0.014285714285714
0.014285714285714
0.014285714285714
