0.9999
0.012820512820513
0.012820512820513
0.012820512820513
0.012820512820513
0.012820512820513
0.012820512820513
0.012820512820513
0.012820512820513
0.012820512820513
0.012820512820513
0.012820512820513
0.012820512820513
0.012820512820513
0.012820512820513
0.012820512820513
0.012820512820513
0.012820512820513
0.012820512820513
0.012820512820513
0.012820512820513
0.012820512820513
0.012820512820513
0.012820512820513
0.012820512820513
0.012820512820513
0.012820512820513
0.012820512820513
0.012820512820513
0.012820512820513
0.012820512820513
0.012820512820513
0.012820512820513
0.012820512820513
0.012820512820513
0.012820512820513
0.012820512820513
0.012820512820513
0.012820512820513
0.012820512820513
0.012820512820513
0.012820512820513
0.012820512820513
0.012820512820513
0.012820512820513
0.012820512820513
0.012820512820513
0.012820512820513
0.012820512820513
0.012820512820513
0.012820512820513
0.012820512820513
0.012820512820513
0.012820512820513
0.012820512820513
0.012820512820513
0.012820512820513
0.012820512820513
0.012820512820513
0.012820512820513
0.012820512820513
0.012820512820513
0.012820512820513
0.012820512820513
0.012820512820513
0.012820512820513
0.012820512820513
0.012820512820513
0.012820512820513
0.012820512820513
0.012820512820513
0.012820512820513
0.012820512820513
0.012820512820513
0.012820512820513
0.012820512820513
0.012820512820513
0.012820512820513
0.012820512820513
