0.9999
0.012658227848101
0.012658227848101
0.012658227848101
0.012658227848101
0.012658227848101
0.012658227848101
0.012658227848101
0.012658227848101
0.012658227848101
0.012658227848101
0.012658227848101
0.012658227848101
0.012658227848101
0.012658227848101
0.012658227848101
0.012658227848101
0.012658227848101
0.012658227848101
0.012658227848101
0.012658227848101
0.012658227848101
0.012658227848101
0.012658227848101
0.012658227848101
0.012658227848101
0.012658227848101
0.012658227848101
0.012658227848101
0.012658227848101
0.012658227848101
0.012658227848101
0.012658227848101
0.012658227848101
0.012658227848101
0.012658227848101
0.012658227848101
0.012658227848101
0.012658227848101
0.012658227848101
0.012658227848101
0.012658227848101
0.012658227848101
0.012658227848101
0.012658227848101
0.012658227848101
0.012658227848101
0.012658227848101
0.012658227848101
0.012658227848101
0.012658227848101
0.012658227848101
0.012658227848101
0.012658227848101
0.012658227848101
0.012658227848101
0.012658227848101
0.012658227848101
0.012658227848101
0.012658227848101
0.012658227848101
0.012658227848101
0.012658227848101
0.012658227848101
0.012658227848101
0.012658227848101
0.012658227848101
0.012658227848101
0.012658227848101
0.012658227848101
0.012658227848101
0.012658227848101
0.012658227848101
0.012658227848101
0.012658227848101
0.012658227848101
0.012658227848101
0.012658227848101
0.012658227848101
0.012658227848101
