0.9999
0.012195121951220
0.012195121951220
0.012195121951220
0.012195121951220
0.012195121951220
0.012195121951220
0.012195121951220
0.012195121951220
0.012195121951220
0.012195121951220
0.012195121951220
0.012195121951220
0.012195121951220
0.012195121951220
0.012195121951220
0.012195121951220
0.012195121951220
0.012195121951220
0.012195121951220
0.012195121951220
0.012195121951220
0.012195121951220
0.012195121951220
0.012195121951220
0.012195121951220
0.012195121951220
0.012195121951220
0.012195121951220
0.012195121951220
0.012195121951220
0.012195121951220
0.012195121951220
0.012195121951220
0.012195121951220
0.012195121951220
0.012195121951220
0.012195121951220
0.012195121951220
0.012195121951220
0.012195121951220
0.012195121951220
0.012195121951220
0.012195121951220
0.012195121951220
0.012195121951220
0.012195121951220
0.012195121951220
0.012195121951220
0.012195121951220
0.012195121951220
0.012195121951220
0.012195121951220
0.012195121951220
0.012195121951220
0.012195121951220
0.012195121951220
0.012195121951220
0.012195121951220
0.012195121951220
0.012195121951220
0.012195121951220
0.012195121951220
0.012195121951220
0.012195121951220
0.012195121951220
0.012195121951220
0.012195121951220
0.012195121951220
0.012195121951220
0.012195121951220
0.012195121951220
0.012195121951220
0.012195121951220
0.012195121951220
0.012195121951220
0.012195121951220
0.012195121951220
0.012195121951220
0.012195121951220
0.012195121951220
0.012195121951220
0.012195121951220
