0.9999
0.011904761904762
0.011904761904762
0.011904761904762
0.011904761904762
0.011904761904762
0.011904761904762
0.011904761904762
0.011904761904762
0.011904761904762
0.011904761904762
0.011904761904762
0.011904761904762
0.011904761904762
0.011904761904762
0.011904761904762
0.011904761904762
0.011904761904762
0.011904761904762
0.011904761904762
0.011904761904762
0.011904761904762
0.011904761904762
0.011904761904762
0.011904761904762
0.011904761904762
0.011904761904762
0.011904761904762
0.011904761904762
0.011904761904762
0.011904761904762
0.011904761904762
0.011904761904762
0.011904761904762
0.011904761904762
0.011904761904762
0.011904761904762
0.011904761904762
0.011904761904762
0.011904761904762
0.011904761904762
0.011904761904762
0.011904761904762
0.011904761904762
0.011904761904762
0.011904761904762
0.011904761904762
0.011904761904762
0.011904761904762
0.011904761904762
0.011904761904762
0.011904761904762
0.011904761904762
0.011904761904762
0.011904761904762
0.011904761904762
0.011904761904762
0.011904761904762
0.011904761904762
0.011904761904762
0.011904761904762
0.011904761904762
0.011904761904762
0.011904761904762
0.011904761904762
0.011904761904762
0.011904761904762
0.011904761904762
0.011904761904762
0.011904761904762
0.011904761904762
0.011904761904762
0.011904761904762
0.011904761904762
0.011904761904762
0.011904761904762
0.011904761904762
0.011904761904762
0.011904761904762
0.011904761904762
0.011904761904762
0.011904761904762
0.011904761904762
0.011904761904762
0.011904761904762
