0.9999
0.011494252873563
0.011494252873563
0.011494252873563
0.011494252873563
0.011494252873563
0.011494252873563
0.011494252873563
0.011494252873563
0.011494252873563
0.011494252873563
0.011494252873563
0.011494252873563
0.011494252873563
0.011494252873563
0.011494252873563
0.011494252873563
0.011494252873563
0.011494252873563
0.011494252873563
0.011494252873563
0.011494252873563
0.011494252873563
0.011494252873563
0.011494252873563
0.011494252873563
0.011494252873563
0.011494252873563
0.011494252873563
0.011494252873563
0.011494252873563
0.011494252873563
0.011494252873563
0.011494252873563
0.011494252873563
0.011494252873563
0.011494252873563
0.011494252873563
0.011494252873563
0.011494252873563
0.011494252873563
0.011494252873563
0.011494252873563
0.011494252873563
0.011494252873563
0.011494252873563
0.011494252873563
0.011494252873563
0.011494252873563
0.011494252873563
0.011494252873563
0.011494252873563
0.011494252873563
0.011494252873563
0.011494252873563
0.011494252873563
0.011494252873563
0.011494252873563
0.011494252873563
0.011494252873563
0.011494252873563
0.011494252873563
0.011494252873563
0.011494252873563
0.011494252873563
0.011494252873563
0.011494252873563
0.011494252873563
0.011494252873563
0.011494252873563
0.011494252873563
0.011494252873563
0.011494252873563
0.011494252873563
0.011494252873563
0.011494252873563
0.011494252873563
0.011494252873563
0.011494252873563
0.011494252873563
0.011494252873563
0.011494252873563
0.011494252873563
0.011494252873563
0.011494252873563
0.011494252873563
0.011494252873563
0.011494252873563
