0.9999
0.010989010989011
0.010989010989011
0.010989010989011
0.010989010989011
0.010989010989011
0.010989010989011
0.010989010989011
0.010989010989011
0.010989010989011
0.010989010989011
0.010989010989011
0.010989010989011
0.010989010989011
0.010989010989011
0.010989010989011
0.010989010989011
0.010989010989011
0.010989010989011
0.010989010989011
0.010989010989011
0.010989010989011
0.010989010989011
0.010989010989011
0.010989010989011
0.010989010989011
0.010989010989011
0.010989010989011
0.010989010989011
0.010989010989011
0.010989010989011
0.010989010989011
0.010989010989011
0.010989010989011
0.010989010989011
0.010989010989011
0.010989010989011
0.010989010989011
0.010989010989011
0.010989010989011
0.010989010989011
0.010989010989011
0.010989010989011
0.010989010989011
0.010989010989011
0.010989010989011
0.010989010989011
0.010989010989011
0.010989010989011
0.010989010989011
0.010989010989011
0.010989010989011
0.010989010989011
0.010989010989011
0.010989010989011
0.010989010989011
0.010989010989011
0.010989010989011
0.010989010989011
0.010989010989011
0.010989010989011
0.010989010989011
0.010989010989011
0.010989010989011
0.010989010989011
0.010989010989011
0.010989010989011
0.010989010989011
0.010989010989011
0.010989010989011
0.010989010989011
0.010989010989011
0.010989010989011
0.010989010989011
0.010989010989011
0.010989010989011
0.010989010989011
0.010989010989011
0.010989010989011
0.010989010989011
0.010989010989011
0.010989010989011
0.010989010989011
0.010989010989011
0.010989010989011
0.010989010989011
0.010989010989011
0.010989010989011
0.010989010989011
0.010989010989011
0.010989010989011
0.010989010989011
