1
0.161911028515615
0.084130240307133
0.045239846202892
0.025794649150772
0.016072050624712
0.011210751361682
0.008780101730167
0.007564776914409
0.006957114506530
0.006653283302591
0.006501367700621
0.006425409899636
0.006387430999144
0.006349064558851
0.006349258328751
0.006349355213701
0.006349403656176
0.003174726049326
0.003174726049326
0.003174726049326
0.003174726049326
0.003174726049326
0.003174726049326
0.003174726049326
0.003174726049326
0.003174726049326
0.003174726049326
0.003174726049326
0.003174726049326
0.003174726049326
0.003174726049326
0.003174726049326
0.003174726049326
0.003174726049326
0.003174726049326
0.003174726049326
0.003174726049326
0.003174726049326
0.003174726049326
0.003174726049326
0.003174726049326
0.003174726049326
0.003174726049326
0.003174726049326
0.003174726049326
0.003174726049326
0.003174726049326
0.003174726049326
0.003174726049326
0.003174726049326
0.003174726049326
0.003174726049326
0.003174726049326
0.003174726049326
0.003174726049326
0.003174726049326
0.003174726049326
0.003174726049326
0.003174726049326
0.003174726049326
0.003174726049326
0.003174726049326
0.003174726049326
0.003174726049326
0.003174726049326
0.003174726049326
0.003174726049326
0.003174726049326
0.003174726049326
0.003174726049326
0.003174726049326
0.003174726049326
0.003174726049326
0.003174726049326
0.003174726049326
0.003174726049326
0.003174726049326
0.003174726049326
0.003174726049326
0.003174726049326
0.003174726049326
0.003174726049326
0.003174726049326
0.003174726049326
0.003174726049326
0.003174726049326
0.003174726049326
0.003174726049326
0.003174726049326
0.003174726049326
0.003174726049326
0.003174726049326
0.003174726049326
0.003174726049326
0.003174726049326
0.003174726049326
0.003174726049326
0.003174726049326
0.003174726049326
0.003174726049326
0.003174726049326
0.003174726049326
0.003174726049326
0.003174726049326
0.003174726049326
0.003174726049326
0.003174726049326
0.003174726049326
0.003174726049326
0.003174726049326
0.003174726049326
0.003174726049326
0.003174726049326
0.003174726049326
0.003174726049326
0.003174726049326
0.003174726049326
0.003174726049326
0.003174726049326
0.003174726049326
0.003174726049326
0.003174726049326
0.003174726049326
0.003174726049326
0.003174726049326
0.003174726049326
0.003174726049326
0.003174726049326
0.003174726049326
0.003174726049326
0.003174726049326
0.003174726049326
0.003174726049326
0.003174726049326
0.003174726049326
0.003174726049326
0.003174726049326
0.003174726049326
0.003174726049326
0.003174726049326
0.003174726049326
0.003174726049326
0.003174726049326
0.003174726049326
0.003174726049326
0.003174726049326
0.003174726049326
0.003174726049326
0.003174726049326
0.003174726049326
0.003174726049326
0.003174726049326
0.003174726049326
0.003174726049326
0.003174726049326
0.003174726049326
0.003174726049326
0.003174726049326
0.003174726049326
0.003174726049326
0.003174726049326
0.003174726049326
0.003174726049326
0.003174726049326
0.003174726049326
0.003174726049326
0.003174726049326
0.003174726049326
0.003174726049326
0.003174726049326
0.003174726049326
0.003174726049326
0.003174726049326
0.003174726049326
0.003174726049326
0.003174726049326
0.003174726049326
0.003174726049326
0.003174726049326
0.003174726049326
0.003174726049326
0.003174726049326
0.003174726049326
0.003174726049326
0.003174726049326
0.003174726049326
0.003174726049326
0.003174726049326
0.003174726049326
0.003174726049326
0.003174726049326
0.003174726049326
0.003174726049326
0.003174726049326
0.003174726049326
0.003174726049326
0.003174726049326
0.003174726049326
0.003174726049326
0.003174726049326
