1
0.140888728820761
0.073206888504905
0.039365968346977
0.022445508268013
0.013985278228531
0.009755163208790
0.007640105698920
0.006582576943985
0.006053812566517
0.005789430377783
0.005657239283416
0.005591143736233
0.005558095962641
0.005524710966870
0.005524879577960
0.005524963883505
0.005525006036277
0.005525027112663
0.005525037650856
0.005525042919953
0.005525045554501
0.005525046871775
0.005525047530412
0.005525047859731
0.005525048024390
0.005525048106720
0.005525048147885
0.005525048168467
0.005525048178758
0.005525048183904
0.005525048186477
0.005525048187763
0.005525048188406
0.005525048188728
0.005525048188889
0.005525048188969
0.005525048189009
0.005525048189029
0.005525048189039
0.005525048189044
0.005525048189047
0.005525048189048
0.005525048189049
0.005525048189049
0.005525048189049
0.005525048189049
0.005525048189049
0.005525048189049
0.005525048189049
0.005525048189049
0.005525048189049
0.005525048189049
0.005525048189049
0.005525048189049
0.005525048189049
0.005525048189049
0.005525048189049
0.005525048189049
0.005525048189049
0.005525048189049
0.005525048189049
0.005525048189049
0.005525048189049
0.005525048189049
0.002762524094525
0.002762524094525
0.002762524094525
0.002762524094525
0.002762524094525
0.002762524094525
0.002762524094525
0.002762524094525
0.002762524094525
0.002762524094525
0.002762524094525
0.002762524094525
0.002762524094525
0.002762524094525
0.002762524094525
0.002762524094525
0.002762524094525
0.002762524094525
0.002762524094525
0.002762524094525
0.002762524094525
0.002762524094525
0.002762524094525
0.002762524094525
0.002762524094525
0.002762524094525
0.002762524094525
0.002762524094525
0.002762524094525
0.002762524094525
0.002762524094525
0.002762524094525
0.002762524094525
0.002762524094525
0.002762524094525
0.002762524094525
0.002762524094525
0.002762524094525
0.002762524094525
0.002762524094525
0.002762524094525
0.002762524094525
0.002762524094525
0.002762524094525
0.002762524094525
0.002762524094525
0.002762524094525
0.002762524094525
0.002762524094525
0.002762524094525
0.002762524094525
0.002762524094525
0.002762524094525
0.002762524094525
0.002762524094525
0.002762524094525
0.002762524094525
0.002762524094525
0.002762524094525
0.002762524094525
0.002762524094525
0.002762524094525
0.002762524094525
0.002762524094525
0.002762524094525
0.002762524094525
0.002762524094525
0.002762524094525
0.002762524094525
0.002762524094525
0.002762524094525
0.002762524094525
0.002762524094525
0.002762524094525
0.002762524094525
0.002762524094525
0.002762524094525
0.002762524094525
0.002762524094525
0.002762524094525
0.002762524094525
0.002762524094525
0.002762524094525
0.002762524094525
0.002762524094525
0.002762524094525
0.002762524094525
0.002762524094525
0.002762524094525
0.002762524094525
0.002762524094525
0.002762524094525
0.002762524094525
0.002762524094525
0.002762524094525
0.002762524094525
0.002762524094525
0.002762524094525
0.002762524094525
0.002762524094525
0.002762524094525
0.002762524094525
0.002762524094525
0.002762524094525
0.002762524094525
0.002762524094525
0.002762524094525
0.002762524094525
0.002762524094525
0.002762524094525
0.002762524094525
0.002762524094525
0.002762524094525
0.002762524094525
0.002762524094525
0.002762524094525
0.002762524094525
0.002762524094525
0.002762524094525
0.002762524094525
0.002762524094525
0.002762524094525
0.002762524094525
0.002762524094525
0.002762524094525
0.002762524094525
0.002762524094525
0.002762524094525
0.002762524094525
0.002762524094525
0.002762524094525
0.002762524094525
0.002762524094525
0.002762524094525
0.002762524094525
0.002762524094525
