1
0.133512119860260
0.069373944633272
0.037304857019779
0.021270313213032
0.013253041309658
0.009244405357971
0.007240087382128
0.006237928394206
0.005736848900246
0.005486309153265
0.005361039279775
0.005298404343030
0.005267086874657
0.005235449840281
0.005235609623283
0.005235689514784
0.005235729460534
0.005235749433409
0.005235759419847
0.005235764413066
0.005235766909675
0.005235768157980
0.005235768782132
0.005235769094209
0.005235769250247
0.005235769328266
0.005235769367275
0.005235769386780
0.005235769396532
0.005235769401409
0.005235769403847
0.005235769405066
0.005235769405675
0.005235769405980
0.005235769406132
0.005235769406209
0.005235769406247
0.005235769406266
0.005235769406275
0.005235769406280
0.005235769406282
0.005235769406284
0.005235769406284
0.005235769406284
0.005235769406285
0.005235769406285
0.005235769406285
0.005235769406285
0.005235769406285
0.005235769406285
0.005235769406285
0.005235769406285
0.005235769406285
0.005235769406285
0.005235769406285
0.005235769406285
0.005235769406285
0.005235769406285
0.005235769406285
0.005235769406285
0.005235769406285
0.005235769406285
0.005235769406285
0.005235769406285
0.005235769406285
0.005235769406285
0.005235769406285
0.005235769406285
0.005235769406285
0.005235769406285
0.005235769406285
0.005235769406285
0.005235769406285
0.005235769406285
0.005235769406285
0.005235769406285
0.005235769406285
0.005235769406285
0.005235769406285
0.005235769406285
0.005235769406285
0.005235769406285
0.005235769406285
0.005235769406285
0.002617884703142
0.002617884703142
0.002617884703142
0.002617884703142
0.002617884703142
0.002617884703142
0.002617884703142
0.002617884703142
0.002617884703142
0.002617884703142
0.002617884703142
0.002617884703142
0.002617884703142
0.002617884703142
0.002617884703142
0.002617884703142
0.002617884703142
0.002617884703142
0.002617884703142
0.002617884703142
0.002617884703142
0.002617884703142
0.002617884703142
0.002617884703142
0.002617884703142
0.002617884703142
0.002617884703142
0.002617884703142
0.002617884703142
0.002617884703142
0.002617884703142
0.002617884703142
0.002617884703142
0.002617884703142
0.002617884703142
0.002617884703142
0.002617884703142
0.002617884703142
0.002617884703142
0.002617884703142
0.002617884703142
0.002617884703142
0.002617884703142
0.002617884703142
0.002617884703142
0.002617884703142
0.002617884703142
0.002617884703142
0.002617884703142
0.002617884703142
0.002617884703142
0.002617884703142
0.002617884703142
0.002617884703142
0.002617884703142
0.002617884703142
0.002617884703142
0.002617884703142
0.002617884703142
0.002617884703142
0.002617884703142
0.002617884703142
0.002617884703142
0.002617884703142
0.002617884703142
0.002617884703142
0.002617884703142
0.002617884703142
0.002617884703142
0.002617884703142
0.002617884703142
0.002617884703142
0.002617884703142
0.002617884703142
0.002617884703142
0.002617884703142
0.002617884703142
0.002617884703142
0.002617884703142
0.002617884703142
0.002617884703142
0.002617884703142
0.002617884703142
0.002617884703142
0.002617884703142
0.002617884703142
0.002617884703142
0.002617884703142
0.002617884703142
0.002617884703142
0.002617884703142
0.002617884703142
0.002617884703142
0.002617884703142
0.002617884703142
0.002617884703142
0.002617884703142
0.002617884703142
0.002617884703142
0.002617884703142
0.002617884703142
0.002617884703142
0.002617884703142
0.002617884703142
0.002617884703142
0.002617884703142
0.002617884703142
0.002617884703142
0.002617884703142
0.002617884703142
0.002617884703142
0.002617884703142
0.002617884703142
0.002617884703142
0.002617884703142
0.002617884703142
