1
0.148261075080165
0.077037617443615
0.041425888625340
0.023620024216203
0.014717092011634
0.010265625909350
0.008039892858207
0.006927026332636
0.006370593069851
0.006092376438458
0.005953268122762
0.005883713964913
0.005848936885989
0.005813804938913
0.005813982372989
0.005814071090027
0.005814115448546
0.005814137627806
0.005814148717436
0.005814154262250
0.005814157034658
0.005814158420862
0.005814159113963
0.005814159460514
0.005814159633790
0.005814159720428
0.005814159763746
0.005814159785406
0.005814159796236
0.005814159801650
0.005814159804358
0.005814159805712
0.005814159806388
0.005814159806727
0.005814159806896
0.005814159806981
0.005814159807023
0.005814159807044
0.005814159807055
0.005814159807060
0.005814159807063
0.005814159807064
0.005814159807065
0.005814159807065
0.005814159807065
0.005814159807065
0.002907079903533
0.002907079903533
0.002907079903533
0.002907079903533
0.002907079903533
0.002907079903533
0.002907079903533
0.002907079903533
0.002907079903533
0.002907079903533
0.002907079903533
0.002907079903533
0.002907079903533
0.002907079903533
0.002907079903533
0.002907079903533
0.002907079903533
0.002907079903533
0.002907079903533
0.002907079903533
0.002907079903533
0.002907079903533
0.002907079903533
0.002907079903533
0.002907079903533
0.002907079903533
0.002907079903533
0.002907079903533
0.002907079903533
0.002907079903533
0.002907079903533
0.002907079903533
0.002907079903533
0.002907079903533
0.002907079903533
0.002907079903533
0.002907079903533
0.002907079903533
0.002907079903533
0.002907079903533
0.002907079903533
0.002907079903533
0.002907079903533
0.002907079903533
0.002907079903533
0.002907079903533
0.002907079903533
0.002907079903533
0.002907079903533
0.002907079903533
0.002907079903533
0.002907079903533
0.002907079903533
0.002907079903533
0.002907079903533
0.002907079903533
0.002907079903533
0.002907079903533
0.002907079903533
0.002907079903533
0.002907079903533
0.002907079903533
0.002907079903533
0.002907079903533
0.002907079903533
0.002907079903533
0.002907079903533
0.002907079903533
0.002907079903533
0.002907079903533
0.002907079903533
0.002907079903533
0.002907079903533
0.002907079903533
0.002907079903533
0.002907079903533
0.002907079903533
0.002907079903533
0.002907079903533
0.002907079903533
0.002907079903533
0.002907079903533
0.002907079903533
0.002907079903533
0.002907079903533
0.002907079903533
0.002907079903533
0.002907079903533
0.002907079903533
0.002907079903533
0.002907079903533
0.002907079903533
0.002907079903533
0.002907079903533
0.002907079903533
0.002907079903533
0.002907079903533
0.002907079903533
0.002907079903533
0.002907079903533
0.002907079903533
0.002907079903533
0.002907079903533
0.002907079903533
0.002907079903533
0.002907079903533
0.002907079903533
0.002907079903533
0.002907079903533
0.002907079903533
0.002907079903533
0.002907079903533
0.002907079903533
0.002907079903533
0.002907079903533
0.002907079903533
0.002907079903533
0.002907079903533
0.002907079903533
0.002907079903533
0.002907079903533
0.002907079903533
0.002907079903533
0.002907079903533
0.002907079903533
0.002907079903533
0.002907079903533
0.002907079903533
0.002907079903533
0.002907079903533
0.002907079903533
0.002907079903533
0.002907079903533
0.002907079903533
0.002907079903533
0.002907079903533
0.002907079903533
0.002907079903533
0.002907079903533
0.002907079903533
0.002907079903533
0.002907079903533
0.002907079903533
0.002907079903533
0.002907079903533
0.002907079903533
0.002907079903533
0.002907079903533
0.002907079903533
0.002907079903533
0.002907079903533
0.002907079903533
0.002907079903533
0.002907079903533
