1
0.163467870201365
0.084939187457572
0.045674846085676
0.026042675399727
0.016226590056753
0.011318547385266
0.008864526049523
0.007637515381651
0.007024010047715
0.006717257380747
0.006563881047263
0.006487192880521
0.006448848797150
0.006410113447622
0.003205252356890
0.003205252356890
0.003205252356890
0.003205252356890
0.003205252356890
0.003205252356890
0.003205252356890
0.003205252356890
0.003205252356890
0.003205252356890
0.003205252356890
0.003205252356890
0.003205252356890
0.003205252356890
0.003205252356890
0.003205252356890
0.003205252356890
0.003205252356890
0.003205252356890
0.003205252356890
0.003205252356890
0.003205252356890
0.003205252356890
0.003205252356890
0.003205252356890
0.003205252356890
0.003205252356890
0.003205252356890
0.003205252356890
0.003205252356890
0.003205252356890
0.003205252356890
0.003205252356890
0.003205252356890
0.003205252356890
0.003205252356890
0.003205252356890
0.003205252356890
0.003205252356890
0.003205252356890
0.003205252356890
0.003205252356890
0.003205252356890
0.003205252356890
0.003205252356890
0.003205252356890
0.003205252356890
0.003205252356890
0.003205252356890
0.003205252356890
0.003205252356890
0.003205252356890
0.003205252356890
0.003205252356890
0.003205252356890
0.003205252356890
0.003205252356890
0.003205252356890
0.003205252356890
0.003205252356890
0.003205252356890
0.003205252356890
0.003205252356890
0.003205252356890
0.003205252356890
0.003205252356890
0.003205252356890
0.003205252356890
0.003205252356890
0.003205252356890
0.003205252356890
0.003205252356890
0.003205252356890
0.003205252356890
0.003205252356890
0.003205252356890
0.003205252356890
0.003205252356890
0.003205252356890
0.003205252356890
0.003205252356890
0.003205252356890
0.003205252356890
0.003205252356890
0.003205252356890
0.003205252356890
0.003205252356890
0.003205252356890
0.003205252356890
0.003205252356890
0.003205252356890
0.003205252356890
0.003205252356890
0.003205252356890
0.003205252356890
0.003205252356890
0.003205252356890
0.003205252356890
0.003205252356890
0.003205252356890
0.003205252356890
0.003205252356890
0.003205252356890
0.003205252356890
0.003205252356890
0.003205252356890
0.003205252356890
0.003205252356890
0.003205252356890
0.003205252356890
0.003205252356890
0.003205252356890
0.003205252356890
0.003205252356890
0.003205252356890
0.003205252356890
0.003205252356890
0.003205252356890
0.003205252356890
0.003205252356890
0.003205252356890
0.003205252356890
0.003205252356890
0.003205252356890
0.003205252356890
0.003205252356890
0.003205252356890
0.003205252356890
0.003205252356890
0.003205252356890
0.003205252356890
0.003205252356890
0.003205252356890
0.003205252356890
0.003205252356890
0.003205252356890
0.003205252356890
0.003205252356890
0.003205252356890
0.003205252356890
0.003205252356890
0.003205252356890
0.003205252356890
0.003205252356890
0.003205252356890
0.003205252356890
0.003205252356890
0.003205252356890
0.003205252356890
0.003205252356890
0.003205252356890
0.003205252356890
0.003205252356890
0.003205252356890
0.003205252356890
0.003205252356890
0.003205252356890
0.003205252356890
0.003205252356890
0.003205252356890
0.003205252356890
0.003205252356890
0.003205252356890
0.003205252356890
0.003205252356890
0.003205252356890
0.003205252356890
0.003205252356890
0.003205252356890
0.003205252356890
0.003205252356890
0.003205252356890
0.003205252356890
0.003205252356890
0.003205252356890
0.003205252356890
0.003205252356890
0.003205252356890
0.003205252356890
0.003205252356890
0.003205252356890
0.003205252356890
0.003205252356890
0.003205252356890
0.003205252356890
0.003205252356890
