1
0.136368087298137
0.070857927713738
0.038102847921538
0.021725308025438
0.013536538077389
0.009442153103364
0.007394960616351
0.006371364372845
0.005859566251092
0.005603667190215
0.005475717659777
0.005411742894558
0.005379755511948
0.005347441727475
0.005347604928407
0.005347686528873
0.005347727329106
0.005347747729222
0.005347757929280
0.005347763029310
0.005347765579324
0.005347766854331
0.005347767491835
0.005347767810587
0.005347767969963
0.005347768049651
0.005347768089495
0.005347768109417
0.005347768119378
0.005347768124358
0.005347768126848
0.005347768128094
0.005347768128716
0.005347768129027
0.005347768129183
0.005347768129261
0.005347768129300
0.005347768129319
0.005347768129329
0.005347768129334
0.005347768129336
0.005347768129337
0.005347768129338
0.005347768129338
0.005347768129339
0.005347768129339
0.005347768129339
0.005347768129339
0.005347768129339
0.005347768129339
0.005347768129339
0.005347768129339
0.005347768129339
0.005347768129339
0.005347768129339
0.005347768129339
0.005347768129339
0.005347768129339
0.005347768129339
0.005347768129339
0.005347768129339
0.005347768129339
0.005347768129339
0.005347768129339
0.005347768129339
0.005347768129339
0.005347768129339
0.005347768129339
0.005347768129339
0.005347768129339
0.005347768129339
0.005347768129339
0.005347768129339
0.005347768129339
0.005347768129339
0.005347768129339
0.002673884064669
0.002673884064669
0.002673884064669
0.002673884064669
0.002673884064669
0.002673884064669
0.002673884064669
0.002673884064669
0.002673884064669
0.002673884064669
0.002673884064669
0.002673884064669
0.002673884064669
0.002673884064669
0.002673884064669
0.002673884064669
0.002673884064669
0.002673884064669
0.002673884064669
0.002673884064669
0.002673884064669
0.002673884064669
0.002673884064669
0.002673884064669
0.002673884064669
0.002673884064669
0.002673884064669
0.002673884064669
0.002673884064669
0.002673884064669
0.002673884064669
0.002673884064669
0.002673884064669
0.002673884064669
0.002673884064669
0.002673884064669
0.002673884064669
0.002673884064669
0.002673884064669
0.002673884064669
0.002673884064669
0.002673884064669
0.002673884064669
0.002673884064669
0.002673884064669
0.002673884064669
0.002673884064669
0.002673884064669
0.002673884064669
0.002673884064669
0.002673884064669
0.002673884064669
0.002673884064669
0.002673884064669
0.002673884064669
0.002673884064669
0.002673884064669
0.002673884064669
0.002673884064669
0.002673884064669
0.002673884064669
0.002673884064669
0.002673884064669
0.002673884064669
0.002673884064669
0.002673884064669
0.002673884064669
0.002673884064669
0.002673884064669
0.002673884064669
0.002673884064669
0.002673884064669
0.002673884064669
0.002673884064669
0.002673884064669
0.002673884064669
0.002673884064669
0.002673884064669
0.002673884064669
0.002673884064669
0.002673884064669
0.002673884064669
0.002673884064669
0.002673884064669
0.002673884064669
0.002673884064669
0.002673884064669
0.002673884064669
0.002673884064669
0.002673884064669
0.002673884064669
0.002673884064669
0.002673884064669
0.002673884064669
0.002673884064669
0.002673884064669
0.002673884064669
0.002673884064669
0.002673884064669
0.002673884064669
0.002673884064669
0.002673884064669
0.002673884064669
0.002673884064669
0.002673884064669
0.002673884064669
0.002673884064669
0.002673884064669
0.002673884064669
0.002673884064669
0.002673884064669
0.002673884064669
0.002673884064669
0.002673884064669
0.002673884064669
0.002673884064669
0.002673884064669
0.002673884064669
0.002673884064669
0.002673884064669
0.002673884064669
0.002673884064669
0.002673884064669
0.002673884064669
