1
0.128467426211301
0.066752682247048
0.035895310264922
0.020466624273859
0.012752281278328
0.008895109780562
0.006966524031679
0.006002231157238
0.005520084720017
0.005279011501406
0.005158474892101
0.005098206587449
0.005068072435122
0.005037630791446
0.005037784537121
0.005037861409959
0.005037899846377
0.005037919064587
0.005037928673691
0.005037933478244
0.005037935880520
0.005037937081658
0.005037937682227
0.005037937982512
0.005037938132654
0.005037938207725
0.005037938245261
0.005037938264028
0.005037938273412
0.005037938278104
0.005037938280450
0.005037938281623
0.005037938282210
0.005037938282503
0.005037938282649
0.005037938282723
0.005037938282759
0.005037938282778
0.005037938282787
0.005037938282792
0.005037938282794
0.005037938282795
0.005037938282796
0.005037938282796
0.005037938282796
0.005037938282796
0.005037938282796
0.005037938282796
0.005037938282796
0.005037938282796
0.005037938282796
0.005037938282796
0.005037938282796
0.005037938282796
0.005037938282796
0.005037938282796
0.005037938282796
0.005037938282796
0.005037938282796
0.005037938282796
0.005037938282796
0.005037938282796
0.005037938282796
0.005037938282796
0.005037938282796
0.005037938282796
0.005037938282796
0.005037938282796
0.005037938282796
0.005037938282796
0.005037938282796
0.005037938282796
0.005037938282796
0.005037938282796
0.005037938282796
0.005037938282796
0.005037938282796
0.005037938282796
0.005037938282796
0.005037938282796
0.005037938282796
0.005037938282796
0.005037938282796
0.005037938282796
0.005037938282796
0.005037938282796
0.005037938282796
0.005037938282796
0.005037938282796
0.005037938282796
0.005037938282796
0.005037938282796
0.005037938282796
0.005037938282796
0.005037938282796
0.005037938282796
0.005037938282796
0.005037938282796
0.005037938282796
0.002518969141398
0.002518969141398
0.002518969141398
0.002518969141398
0.002518969141398
0.002518969141398
0.002518969141398
0.002518969141398
0.002518969141398
0.002518969141398
0.002518969141398
0.002518969141398
0.002518969141398
0.002518969141398
0.002518969141398
0.002518969141398
0.002518969141398
0.002518969141398
0.002518969141398
0.002518969141398
0.002518969141398
0.002518969141398
0.002518969141398
0.002518969141398
0.002518969141398
0.002518969141398
0.002518969141398
0.002518969141398
0.002518969141398
0.002518969141398
0.002518969141398
0.002518969141398
0.002518969141398
0.002518969141398
0.002518969141398
0.002518969141398
0.002518969141398
0.002518969141398
0.002518969141398
0.002518969141398
0.002518969141398
0.002518969141398
0.002518969141398
0.002518969141398
0.002518969141398
0.002518969141398
0.002518969141398
0.002518969141398
0.002518969141398
0.002518969141398
0.002518969141398
0.002518969141398
0.002518969141398
0.002518969141398
0.002518969141398
0.002518969141398
0.002518969141398
0.002518969141398
0.002518969141398
0.002518969141398
0.002518969141398
0.002518969141398
0.002518969141398
0.002518969141398
0.002518969141398
0.002518969141398
0.002518969141398
0.002518969141398
0.002518969141398
0.002518969141398
0.002518969141398
0.002518969141398
0.002518969141398
0.002518969141398
0.002518969141398
0.002518969141398
0.002518969141398
0.002518969141398
0.002518969141398
0.002518969141398
0.002518969141398
0.002518969141398
0.002518969141398
0.002518969141398
0.002518969141398
0.002518969141398
0.002518969141398
0.002518969141398
0.002518969141398
0.002518969141398
0.002518969141398
0.002518969141398
0.002518969141398
0.002518969141398
0.002518969141398
0.002518969141398
0.002518969141398
0.002518969141398
0.002518969141398
0.002518969141398
0.002518969141398
