1
0.159381079668192
0.082815659043276
0.044532948730818
0.025391593574589
0.015820915996475
0.011035577207418
0.008642907812889
0.007446573115625
0.006848405766993
0.006549322092677
0.006399780255518
0.006325009336939
0.006287623877650
0.006249856934082
0.006250047676221
0.006250143047291
0.006250190732826
0.006250214575593
0.006250226496977
0.006250232457669
0.006250235438015
0.006250236928187
0.003125119209180
0.003125119209180
0.003125119209180
0.003125119209180
0.003125119209180
0.003125119209180
0.003125119209180
0.003125119209180
0.003125119209180
0.003125119209180
0.003125119209180
0.003125119209180
0.003125119209180
0.003125119209180
0.003125119209180
0.003125119209180
0.003125119209180
0.003125119209180
0.003125119209180
0.003125119209180
0.003125119209180
0.003125119209180
0.003125119209180
0.003125119209180
0.003125119209180
0.003125119209180
0.003125119209180
0.003125119209180
0.003125119209180
0.003125119209180
0.003125119209180
0.003125119209180
0.003125119209180
0.003125119209180
0.003125119209180
0.003125119209180
0.003125119209180
0.003125119209180
0.003125119209180
0.003125119209180
0.003125119209180
0.003125119209180
0.003125119209180
0.003125119209180
0.003125119209180
0.003125119209180
0.003125119209180
0.003125119209180
0.003125119209180
0.003125119209180
0.003125119209180
0.003125119209180
0.003125119209180
0.003125119209180
0.003125119209180
0.003125119209180
0.003125119209180
0.003125119209180
0.003125119209180
0.003125119209180
0.003125119209180
0.003125119209180
0.003125119209180
0.003125119209180
0.003125119209180
0.003125119209180
0.003125119209180
0.003125119209180
0.003125119209180
0.003125119209180
0.003125119209180
0.003125119209180
0.003125119209180
0.003125119209180
0.003125119209180
0.003125119209180
0.003125119209180
0.003125119209180
0.003125119209180
0.003125119209180
0.003125119209180
0.003125119209180
0.003125119209180
0.003125119209180
0.003125119209180
0.003125119209180
0.003125119209180
0.003125119209180
0.003125119209180
0.003125119209180
0.003125119209180
0.003125119209180
0.003125119209180
0.003125119209180
0.003125119209180
0.003125119209180
0.003125119209180
0.003125119209180
0.003125119209180
0.003125119209180
0.003125119209180
0.003125119209180
0.003125119209180
0.003125119209180
0.003125119209180
0.003125119209180
0.003125119209180
0.003125119209180
0.003125119209180
0.003125119209180
0.003125119209180
0.003125119209180
0.003125119209180
0.003125119209180
0.003125119209180
0.003125119209180
0.003125119209180
0.003125119209180
0.003125119209180
0.003125119209180
0.003125119209180
0.003125119209180
0.003125119209180
0.003125119209180
0.003125119209180
0.003125119209180
0.003125119209180
0.003125119209180
0.003125119209180
0.003125119209180
0.003125119209180
0.003125119209180
0.003125119209180
0.003125119209180
0.003125119209180
0.003125119209180
0.003125119209180
0.003125119209180
0.003125119209180
0.003125119209180
0.003125119209180
0.003125119209180
0.003125119209180
0.003125119209180
0.003125119209180
0.003125119209180
0.003125119209180
0.003125119209180
0.003125119209180
0.003125119209180
0.003125119209180
0.003125119209180
0.003125119209180
0.003125119209180
0.003125119209180
0.003125119209180
0.003125119209180
0.003125119209180
0.003125119209180
0.003125119209180
0.003125119209180
0.003125119209180
0.003125119209180
0.003125119209180
0.003125119209180
0.003125119209180
0.003125119209180
0.003125119209180
0.003125119209180
0.003125119209180
0.003125119209180
0.003125119209180
0.003125119209180
0.003125119209180
0.003125119209180
0.003125119209180
0.003125119209180
0.003125119209180
