1
0.133163513136204
0.069192805845283
0.037207452199822
0.021214775377091
0.013218436965726
0.009220267760044
0.007221183157202
0.006221640855782
0.005721869705071
0.005471984129716
0.005347041342039
0.005284569948200
0.005253334251280
0.005221779822760
0.005221939188560
0.005222018871461
0.005222058712911
0.005222078633636
0.005222088593998
0.005222093574180
0.005222096064270
0.005222097309316
0.005222097931838
0.005222098243100
0.005222098398730
0.005222098476546
0.005222098515453
0.005222098534907
0.005222098544634
0.005222098549497
0.005222098551929
0.005222098553145
0.005222098553753
0.005222098554057
0.005222098554209
0.005222098554285
0.005222098554323
0.005222098554342
0.005222098554351
0.005222098554356
0.005222098554359
0.005222098554360
0.005222098554360
0.005222098554361
0.005222098554361
0.005222098554361
0.005222098554361
0.005222098554361
0.005222098554361
0.005222098554361
0.005222098554361
0.005222098554361
0.005222098554361
0.005222098554361
0.005222098554361
0.005222098554361
0.005222098554361
0.005222098554361
0.005222098554361
0.005222098554361
0.005222098554361
0.005222098554361
0.005222098554361
0.005222098554361
0.005222098554361
0.005222098554361
0.005222098554361
0.005222098554361
0.005222098554361
0.005222098554361
0.005222098554361
0.005222098554361
0.005222098554361
0.005222098554361
0.005222098554361
0.005222098554361
0.005222098554361
0.005222098554361
0.005222098554361
0.005222098554361
0.005222098554361
0.005222098554361
0.005222098554361
0.005222098554361
0.005222098554361
0.002611049277180
0.002611049277180
0.002611049277180
0.002611049277180
0.002611049277180
0.002611049277180
0.002611049277180
0.002611049277180
0.002611049277180
0.002611049277180
0.002611049277180
0.002611049277180
0.002611049277180
0.002611049277180
0.002611049277180
0.002611049277180
0.002611049277180
0.002611049277180
0.002611049277180
0.002611049277180
0.002611049277180
0.002611049277180
0.002611049277180
0.002611049277180
0.002611049277180
0.002611049277180
0.002611049277180
0.002611049277180
0.002611049277180
0.002611049277180
0.002611049277180
0.002611049277180
0.002611049277180
0.002611049277180
0.002611049277180
0.002611049277180
0.002611049277180
0.002611049277180
0.002611049277180
0.002611049277180
0.002611049277180
0.002611049277180
0.002611049277180
0.002611049277180
0.002611049277180
0.002611049277180
0.002611049277180
0.002611049277180
0.002611049277180
0.002611049277180
0.002611049277180
0.002611049277180
0.002611049277180
0.002611049277180
0.002611049277180
0.002611049277180
0.002611049277180
0.002611049277180
0.002611049277180
0.002611049277180
0.002611049277180
0.002611049277180
0.002611049277180
0.002611049277180
0.002611049277180
0.002611049277180
0.002611049277180
0.002611049277180
0.002611049277180
0.002611049277180
0.002611049277180
0.002611049277180
0.002611049277180
0.002611049277180
0.002611049277180
0.002611049277180
0.002611049277180
0.002611049277180
0.002611049277180
0.002611049277180
0.002611049277180
0.002611049277180
0.002611049277180
0.002611049277180
0.002611049277180
0.002611049277180
0.002611049277180
0.002611049277180
0.002611049277180
0.002611049277180
0.002611049277180
0.002611049277180
0.002611049277180
0.002611049277180
0.002611049277180
0.002611049277180
0.002611049277180
0.002611049277180
0.002611049277180
0.002611049277180
0.002611049277180
0.002611049277180
0.002611049277180
0.002611049277180
0.002611049277180
0.002611049277180
0.002611049277180
0.002611049277180
0.002611049277180
0.002611049277180
0.002611049277180
0.002611049277180
0.002611049277180
0.002611049277180
0.002611049277180
