1
0.160889474350462
0.083599432750730
0.044954411950864
0.025631901550931
0.015970646350965
0.011140018750982
0.008724704950990
0.007517048050994
0.006913219600996
0.006611305375997
0.006460348263498
0.006384869707248
0.006347130429123
0.006309006056324
0.006309198603661
0.006309294877330
0.006309343014164
0.006309367082581
0.006309379116790
0.003154695575499
0.003154695575499
0.003154695575499
0.003154695575499
0.003154695575499
0.003154695575499
0.003154695575499
0.003154695575499
0.003154695575499
0.003154695575499
0.003154695575499
0.003154695575499
0.003154695575499
0.003154695575499
0.003154695575499
0.003154695575499
0.003154695575499
0.003154695575499
0.003154695575499
0.003154695575499
0.003154695575499
0.003154695575499
0.003154695575499
0.003154695575499
0.003154695575499
0.003154695575499
0.003154695575499
0.003154695575499
0.003154695575499
0.003154695575499
0.003154695575499
0.003154695575499
0.003154695575499
0.003154695575499
0.003154695575499
0.003154695575499
0.003154695575499
0.003154695575499
0.003154695575499
0.003154695575499
0.003154695575499
0.003154695575499
0.003154695575499
0.003154695575499
0.003154695575499
0.003154695575499
0.003154695575499
0.003154695575499
0.003154695575499
0.003154695575499
0.003154695575499
0.003154695575499
0.003154695575499
0.003154695575499
0.003154695575499
0.003154695575499
0.003154695575499
0.003154695575499
0.003154695575499
0.003154695575499
0.003154695575499
0.003154695575499
0.003154695575499
0.003154695575499
0.003154695575499
0.003154695575499
0.003154695575499
0.003154695575499
0.003154695575499
0.003154695575499
0.003154695575499
0.003154695575499
0.003154695575499
0.003154695575499
0.003154695575499
0.003154695575499
0.003154695575499
0.003154695575499
0.003154695575499
0.003154695575499
0.003154695575499
0.003154695575499
0.003154695575499
0.003154695575499
0.003154695575499
0.003154695575499
0.003154695575499
0.003154695575499
0.003154695575499
0.003154695575499
0.003154695575499
0.003154695575499
0.003154695575499
0.003154695575499
0.003154695575499
0.003154695575499
0.003154695575499
0.003154695575499
0.003154695575499
0.003154695575499
0.003154695575499
0.003154695575499
0.003154695575499
0.003154695575499
0.003154695575499
0.003154695575499
0.003154695575499
0.003154695575499
0.003154695575499
0.003154695575499
0.003154695575499
0.003154695575499
0.003154695575499
0.003154695575499
0.003154695575499
0.003154695575499
0.003154695575499
0.003154695575499
0.003154695575499
0.003154695575499
0.003154695575499
0.003154695575499
0.003154695575499
0.003154695575499
0.003154695575499
0.003154695575499
0.003154695575499
0.003154695575499
0.003154695575499
0.003154695575499
0.003154695575499
0.003154695575499
0.003154695575499
0.003154695575499
0.003154695575499
0.003154695575499
0.003154695575499
0.003154695575499
0.003154695575499
0.003154695575499
0.003154695575499
0.003154695575499
0.003154695575499
0.003154695575499
0.003154695575499
0.003154695575499
0.003154695575499
0.003154695575499
0.003154695575499
0.003154695575499
0.003154695575499
0.003154695575499
0.003154695575499
0.003154695575499
0.003154695575499
0.003154695575499
0.003154695575499
0.003154695575499
0.003154695575499
0.003154695575499
0.003154695575499
0.003154695575499
0.003154695575499
0.003154695575499
0.003154695575499
0.003154695575499
0.003154695575499
0.003154695575499
0.003154695575499
0.003154695575499
0.003154695575499
0.003154695575499
0.003154695575499
0.003154695575499
0.003154695575499
0.003154695575499
0.003154695575499
0.003154695575499
0.003154695575499
0.003154695575499
0.003154695575499
