1
0.141671470522411
0.073613607232233
0.039584675587144
0.022570209764600
0.014062976853328
0.009809360397691
0.007682552169873
0.006619148055964
0.006087445999010
0.005821594970533
0.005688669456294
0.005622206699175
0.005588975320615
0.005555404846356
0.005555574394206
0.005555659168130
0.005555701555093
0.005555722748574
0.005555733345315
0.005555738643685
0.005555741292870
0.005555742617463
0.005555743279759
0.005555743610907
0.005555743776481
0.005555743859268
0.005555743900662
0.005555743921359
0.005555743931707
0.005555743936881
0.005555743939468
0.005555743940762
0.005555743941409
0.005555743941732
0.005555743941894
0.005555743941974
0.005555743942015
0.005555743942035
0.005555743942045
0.005555743942050
0.005555743942053
0.005555743942054
0.005555743942055
0.005555743942055
0.005555743942055
0.005555743942055
0.005555743942055
0.005555743942055
0.005555743942055
0.005555743942055
0.005555743942055
0.005555743942055
0.005555743942055
0.005555743942055
0.005555743942055
0.005555743942055
0.005555743942055
0.005555743942055
0.005555743942055
0.005555743942055
0.005555743942055
0.005555743942055
0.002777871971028
0.002777871971028
0.002777871971028
0.002777871971028
0.002777871971028
0.002777871971028
0.002777871971028
0.002777871971028
0.002777871971028
0.002777871971028
0.002777871971028
0.002777871971028
0.002777871971028
0.002777871971028
0.002777871971028
0.002777871971028
0.002777871971028
0.002777871971028
0.002777871971028
0.002777871971028
0.002777871971028
0.002777871971028
0.002777871971028
0.002777871971028
0.002777871971028
0.002777871971028
0.002777871971028
0.002777871971028
0.002777871971028
0.002777871971028
0.002777871971028
0.002777871971028
0.002777871971028
0.002777871971028
0.002777871971028
0.002777871971028
0.002777871971028
0.002777871971028
0.002777871971028
0.002777871971028
0.002777871971028
0.002777871971028
0.002777871971028
0.002777871971028
0.002777871971028
0.002777871971028
0.002777871971028
0.002777871971028
0.002777871971028
0.002777871971028
0.002777871971028
0.002777871971028
0.002777871971028
0.002777871971028
0.002777871971028
0.002777871971028
0.002777871971028
0.002777871971028
0.002777871971028
0.002777871971028
0.002777871971028
0.002777871971028
0.002777871971028
0.002777871971028
0.002777871971028
0.002777871971028
0.002777871971028
0.002777871971028
0.002777871971028
0.002777871971028
0.002777871971028
0.002777871971028
0.002777871971028
0.002777871971028
0.002777871971028
0.002777871971028
0.002777871971028
0.002777871971028
0.002777871971028
0.002777871971028
0.002777871971028
0.002777871971028
0.002777871971028
0.002777871971028
0.002777871971028
0.002777871971028
0.002777871971028
0.002777871971028
0.002777871971028
0.002777871971028
0.002777871971028
0.002777871971028
0.002777871971028
0.002777871971028
0.002777871971028
0.002777871971028
0.002777871971028
0.002777871971028
0.002777871971028
0.002777871971028
0.002777871971028
0.002777871971028
0.002777871971028
0.002777871971028
0.002777871971028
0.002777871971028
0.002777871971028
0.002777871971028
0.002777871971028
0.002777871971028
0.002777871971028
0.002777871971028
0.002777871971028
0.002777871971028
0.002777871971028
0.002777871971028
0.002777871971028
0.002777871971028
0.002777871971028
0.002777871971028
0.002777871971028
0.002777871971028
0.002777871971028
0.002777871971028
0.002777871971028
0.002777871971028
0.002777871971028
0.002777871971028
0.002777871971028
0.002777871971028
0.002777871971028
0.002777871971028
0.002777871971028
0.002777871971028
0.002777871971028
0.002777871971028
0.002777871971028
0.002777871971028
