1
0.147404044409759
0.076592297585463
0.041186424173315
0.023483487467241
0.014632019114204
0.010206284937685
0.007993417849426
0.006886984305297
0.006333767533232
0.006057159147199
0.005918854954183
0.005849702857675
0.005815126809421
0.005780197944348
0.005780374352758
0.005780462556962
0.005780506659065
0.005780528710116
0.005780539735641
0.005780545248404
0.005780548004786
0.005780549382976
0.005780550072072
0.005780550416619
0.005780550588893
0.005780550675030
0.005780550718099
0.005780550739633
0.005780550750400
0.005780550755783
0.005780550758475
0.005780550759821
0.005780550760494
0.005780550760831
0.005780550760999
0.005780550761083
0.005780550761125
0.005780550761146
0.005780550761156
0.005780550761162
0.005780550761164
0.005780550761166
0.005780550761166
0.005780550761167
0.005780550761167
0.005780550761167
0.005780550761167
0.005780550761167
0.002890275380584
0.002890275380584
0.002890275380584
0.002890275380584
0.002890275380584
0.002890275380584
0.002890275380584
0.002890275380584
0.002890275380584
0.002890275380584
0.002890275380584
0.002890275380584
0.002890275380584
0.002890275380584
0.002890275380584
0.002890275380584
0.002890275380584
0.002890275380584
0.002890275380584
0.002890275380584
0.002890275380584
0.002890275380584
0.002890275380584
0.002890275380584
0.002890275380584
0.002890275380584
0.002890275380584
0.002890275380584
0.002890275380584
0.002890275380584
0.002890275380584
0.002890275380584
0.002890275380584
0.002890275380584
0.002890275380584
0.002890275380584
0.002890275380584
0.002890275380584
0.002890275380584
0.002890275380584
0.002890275380584
0.002890275380584
0.002890275380584
0.002890275380584
0.002890275380584
0.002890275380584
0.002890275380584
0.002890275380584
0.002890275380584
0.002890275380584
0.002890275380584
0.002890275380584
0.002890275380584
0.002890275380584
0.002890275380584
0.002890275380584
0.002890275380584
0.002890275380584
0.002890275380584
0.002890275380584
0.002890275380584
0.002890275380584
0.002890275380584
0.002890275380584
0.002890275380584
0.002890275380584
0.002890275380584
0.002890275380584
0.002890275380584
0.002890275380584
0.002890275380584
0.002890275380584
0.002890275380584
0.002890275380584
0.002890275380584
0.002890275380584
0.002890275380584
0.002890275380584
0.002890275380584
0.002890275380584
0.002890275380584
0.002890275380584
0.002890275380584
0.002890275380584
0.002890275380584
0.002890275380584
0.002890275380584
0.002890275380584
0.002890275380584
0.002890275380584
0.002890275380584
0.002890275380584
0.002890275380584
0.002890275380584
0.002890275380584
0.002890275380584
0.002890275380584
0.002890275380584
0.002890275380584
0.002890275380584
0.002890275380584
0.002890275380584
0.002890275380584
0.002890275380584
0.002890275380584
0.002890275380584
0.002890275380584
0.002890275380584
0.002890275380584
0.002890275380584
0.002890275380584
0.002890275380584
0.002890275380584
0.002890275380584
0.002890275380584
0.002890275380584
0.002890275380584
0.002890275380584
0.002890275380584
0.002890275380584
0.002890275380584
0.002890275380584
0.002890275380584
0.002890275380584
0.002890275380584
0.002890275380584
0.002890275380584
0.002890275380584
0.002890275380584
0.002890275380584
0.002890275380584
0.002890275380584
0.002890275380584
0.002890275380584
0.002890275380584
0.002890275380584
0.002890275380584
0.002890275380584
0.002890275380584
0.002890275380584
0.002890275380584
0.002890275380584
0.002890275380584
0.002890275380584
0.002890275380584
0.002890275380584
0.002890275380584
0.002890275380584
0.002890275380584
0.002890275380584
0.002890275380584
0.002890275380584
