1
0.131787102659640
0.068477612166283
0.036822866919605
0.020995494296266
0.013081807984597
0.009124964828762
0.007146543250844
0.006157332461886
0.005662727067406
0.005415424370167
0.005291773021547
0.005229947347237
0.005199034510082
0.005167806235813
0.005167963954370
0.005168042813649
0.005168082243288
0.005168101958107
0.005168111815517
0.005168116744222
0.005168119208575
0.005168120440751
0.005168121056839
0.005168121364883
0.005168121518905
0.005168121595916
0.005168121634422
0.005168121653674
0.005168121663301
0.005168121668114
0.005168121670520
0.005168121671724
0.005168121672325
0.005168121672626
0.005168121672777
0.005168121672852
0.005168121672889
0.005168121672908
0.005168121672918
0.005168121672922
0.005168121672925
0.005168121672926
0.005168121672926
0.005168121672927
0.005168121672927
0.005168121672927
0.005168121672927
0.005168121672927
0.005168121672927
0.005168121672927
0.005168121672927
0.005168121672927
0.005168121672927
0.005168121672927
0.005168121672927
0.005168121672927
0.005168121672927
0.005168121672927
0.005168121672927
0.005168121672927
0.005168121672927
0.005168121672927
0.005168121672927
0.005168121672927
0.005168121672927
0.005168121672927
0.005168121672927
0.005168121672927
0.005168121672927
0.005168121672927
0.005168121672927
0.005168121672927
0.005168121672927
0.005168121672927
0.005168121672927
0.005168121672927
0.005168121672927
0.005168121672927
0.005168121672927
0.005168121672927
0.005168121672927
0.005168121672927
0.005168121672927
0.005168121672927
0.005168121672927
0.005168121672927
0.005168121672927
0.005168121672927
0.005168121672927
0.002584060836464
0.002584060836464
0.002584060836464
0.002584060836464
0.002584060836464
0.002584060836464
0.002584060836464
0.002584060836464
0.002584060836464
0.002584060836464
0.002584060836464
0.002584060836464
0.002584060836464
0.002584060836464
0.002584060836464
0.002584060836464
0.002584060836464
0.002584060836464
0.002584060836464
0.002584060836464
0.002584060836464
0.002584060836464
0.002584060836464
0.002584060836464
0.002584060836464
0.002584060836464
0.002584060836464
0.002584060836464
0.002584060836464
0.002584060836464
0.002584060836464
0.002584060836464
0.002584060836464
0.002584060836464
0.002584060836464
0.002584060836464
0.002584060836464
0.002584060836464
0.002584060836464
0.002584060836464
0.002584060836464
0.002584060836464
0.002584060836464
0.002584060836464
0.002584060836464
0.002584060836464
0.002584060836464
0.002584060836464
0.002584060836464
0.002584060836464
0.002584060836464
0.002584060836464
0.002584060836464
0.002584060836464
0.002584060836464
0.002584060836464
0.002584060836464
0.002584060836464
0.002584060836464
0.002584060836464
0.002584060836464
0.002584060836464
0.002584060836464
0.002584060836464
0.002584060836464
0.002584060836464
0.002584060836464
0.002584060836464
0.002584060836464
0.002584060836464
0.002584060836464
0.002584060836464
0.002584060836464
0.002584060836464
0.002584060836464
0.002584060836464
0.002584060836464
0.002584060836464
0.002584060836464
0.002584060836464
0.002584060836464
0.002584060836464
0.002584060836464
0.002584060836464
0.002584060836464
0.002584060836464
0.002584060836464
0.002584060836464
0.002584060836464
0.002584060836464
0.002584060836464
0.002584060836464
0.002584060836464
0.002584060836464
0.002584060836464
0.002584060836464
0.002584060836464
0.002584060836464
0.002584060836464
0.002584060836464
0.002584060836464
0.002584060836464
0.002584060836464
0.002584060836464
0.002584060836464
0.002584060836464
0.002584060836464
0.002584060836464
0.002584060836464
0.002584060836464
0.002584060836464
