1
0.130773323984750
0.067950844815605
0.036539605231033
0.020833985438747
0.012981175542604
0.009054770594532
0.007091568120497
0.006109966883479
0.005619166264970
0.005373765955715
0.005251065801088
0.005189715723774
0.005159040685118
0.005128052635862
0.005128209141162
0.005128287393811
0.005128326520136
0.005128346083298
0.005128355864880
0.005128360755670
0.005128363201065
0.005128364423763
0.005128365035112
0.005128365340786
0.005128365493624
0.005128365570042
0.005128365608251
0.005128365627356
0.005128365636908
0.005128365641685
0.005128365644073
0.005128365645267
0.005128365645864
0.005128365646162
0.005128365646312
0.005128365646386
0.005128365646423
0.005128365646442
0.005128365646451
0.005128365646456
0.005128365646458
0.005128365646460
0.005128365646460
0.005128365646460
0.005128365646461
0.005128365646461
0.005128365646461
0.005128365646461
0.005128365646461
0.005128365646461
0.005128365646461
0.005128365646461
0.005128365646461
0.005128365646461
0.005128365646461
0.005128365646461
0.005128365646461
0.005128365646461
0.005128365646461
0.005128365646461
0.005128365646461
0.005128365646461
0.005128365646461
0.005128365646461
0.005128365646461
0.005128365646461
0.005128365646461
0.005128365646461
0.005128365646461
0.005128365646461
0.005128365646461
0.005128365646461
0.005128365646461
0.005128365646461
0.005128365646461
0.005128365646461
0.005128365646461
0.005128365646461
0.005128365646461
0.005128365646461
0.005128365646461
0.005128365646461
0.005128365646461
0.005128365646461
0.005128365646461
0.005128365646461
0.005128365646461
0.005128365646461
0.005128365646461
0.005128365646461
0.005128365646461
0.005128365646461
0.002564182823230
0.002564182823230
0.002564182823230
0.002564182823230
0.002564182823230
0.002564182823230
0.002564182823230
0.002564182823230
0.002564182823230
0.002564182823230
0.002564182823230
0.002564182823230
0.002564182823230
0.002564182823230
0.002564182823230
0.002564182823230
0.002564182823230
0.002564182823230
0.002564182823230
0.002564182823230
0.002564182823230
0.002564182823230
0.002564182823230
0.002564182823230
0.002564182823230
0.002564182823230
0.002564182823230
0.002564182823230
0.002564182823230
0.002564182823230
0.002564182823230
0.002564182823230
0.002564182823230
0.002564182823230
0.002564182823230
0.002564182823230
0.002564182823230
0.002564182823230
0.002564182823230
0.002564182823230
0.002564182823230
0.002564182823230
0.002564182823230
0.002564182823230
0.002564182823230
0.002564182823230
0.002564182823230
0.002564182823230
0.002564182823230
0.002564182823230
0.002564182823230
0.002564182823230
0.002564182823230
0.002564182823230
0.002564182823230
0.002564182823230
0.002564182823230
0.002564182823230
0.002564182823230
0.002564182823230
0.002564182823230
0.002564182823230
0.002564182823230
0.002564182823230
0.002564182823230
0.002564182823230
0.002564182823230
0.002564182823230
0.002564182823230
0.002564182823230
0.002564182823230
0.002564182823230
0.002564182823230
0.002564182823230
0.002564182823230
0.002564182823230
0.002564182823230
0.002564182823230
0.002564182823230
0.002564182823230
0.002564182823230
0.002564182823230
0.002564182823230
0.002564182823230
0.002564182823230
0.002564182823230
0.002564182823230
0.002564182823230
0.002564182823230
0.002564182823230
0.002564182823230
0.002564182823230
0.002564182823230
0.002564182823230
0.002564182823230
0.002564182823230
0.002564182823230
0.002564182823230
0.002564182823230
0.002564182823230
0.002564182823230
0.002564182823230
0.002564182823230
0.002564182823230
0.002564182823230
0.002564182823230
0.002564182823230
0.002564182823230
