1
0.137101273117004
0.071238896815698
0.038307708665045
0.021842114589719
0.013609317552056
0.009492919033224
0.007434719773808
0.006405620144100
0.005891070329246
0.005633795421819
0.005505157968106
0.005440839241249
0.005408679877821
0.005376192357623
0.005376356436007
0.005376438475200
0.005376479494796
0.005376500004594
0.005376510259493
0.005376515386943
0.005376517950668
0.005376519232530
0.005376519873461
0.005376520193927
0.005376520354160
0.005376520434276
0.005376520474334
0.005376520494363
0.005376520504378
0.005376520509385
0.005376520511889
0.005376520513140
0.005376520513766
0.005376520514079
0.005376520514236
0.005376520514314
0.005376520514353
0.005376520514373
0.005376520514383
0.005376520514387
0.005376520514390
0.005376520514391
0.005376520514392
0.005376520514392
0.005376520514392
0.005376520514392
0.005376520514392
0.005376520514392
0.005376520514392
0.005376520514392
0.005376520514392
0.005376520514392
0.005376520514392
0.005376520514392
0.005376520514392
0.005376520514392
0.005376520514392
0.005376520514392
0.005376520514392
0.005376520514392
0.005376520514392
0.005376520514392
0.005376520514392
0.005376520514392
0.005376520514392
0.005376520514392
0.005376520514392
0.005376520514392
0.005376520514392
0.005376520514392
0.005376520514392
0.005376520514392
0.005376520514392
0.005376520514392
0.002688260257196
0.002688260257196
0.002688260257196
0.002688260257196
0.002688260257196
0.002688260257196
0.002688260257196
0.002688260257196
0.002688260257196
0.002688260257196
0.002688260257196
0.002688260257196
0.002688260257196
0.002688260257196
0.002688260257196
0.002688260257196
0.002688260257196
0.002688260257196
0.002688260257196
0.002688260257196
0.002688260257196
0.002688260257196
0.002688260257196
0.002688260257196
0.002688260257196
0.002688260257196
0.002688260257196
0.002688260257196
0.002688260257196
0.002688260257196
0.002688260257196
0.002688260257196
0.002688260257196
0.002688260257196
0.002688260257196
0.002688260257196
0.002688260257196
0.002688260257196
0.002688260257196
0.002688260257196
0.002688260257196
0.002688260257196
0.002688260257196
0.002688260257196
0.002688260257196
0.002688260257196
0.002688260257196
0.002688260257196
0.002688260257196
0.002688260257196
0.002688260257196
0.002688260257196
0.002688260257196
0.002688260257196
0.002688260257196
0.002688260257196
0.002688260257196
0.002688260257196
0.002688260257196
0.002688260257196
0.002688260257196
0.002688260257196
0.002688260257196
0.002688260257196
0.002688260257196
0.002688260257196
0.002688260257196
0.002688260257196
0.002688260257196
0.002688260257196
0.002688260257196
0.002688260257196
0.002688260257196
0.002688260257196
0.002688260257196
0.002688260257196
0.002688260257196
0.002688260257196
0.002688260257196
0.002688260257196
0.002688260257196
0.002688260257196
0.002688260257196
0.002688260257196
0.002688260257196
0.002688260257196
0.002688260257196
0.002688260257196
0.002688260257196
0.002688260257196
0.002688260257196
0.002688260257196
0.002688260257196
0.002688260257196
0.002688260257196
0.002688260257196
0.002688260257196
0.002688260257196
0.002688260257196
0.002688260257196
0.002688260257196
0.002688260257196
0.002688260257196
0.002688260257196
0.002688260257196
0.002688260257196
0.002688260257196
0.002688260257196
0.002688260257196
0.002688260257196
0.002688260257196
0.002688260257196
0.002688260257196
0.002688260257196
0.002688260257196
0.002688260257196
0.002688260257196
0.002688260257196
0.002688260257196
0.002688260257196
0.002688260257196
0.002688260257196
0.002688260257196
0.002688260257196
0.002688260257196
0.002688260257196
