1
0.138215954489094
0.071818093999235
0.038619163754306
0.022019698631841
0.013719966070609
0.009570099789992
0.007495166649684
0.006457700079530
0.005938966794453
0.005679600151915
0.005549916830645
0.005485075170011
0.005452654339694
0.005419902684577
0.005420068096977
0.005420150803176
0.005420192156276
0.005420212832826
0.005420223171101
0.005420228340239
0.005420230924807
0.005420232217092
0.005420232863234
0.005420233186305
0.005420233347841
0.005420233428608
0.005420233468992
0.005420233489184
0.005420233499280
0.005420233504328
0.005420233506852
0.005420233508114
0.005420233508745
0.005420233509061
0.005420233509218
0.005420233509297
0.005420233509337
0.005420233509357
0.005420233509366
0.005420233509371
0.005420233509374
0.005420233509375
0.005420233509376
0.005420233509376
0.005420233509376
0.005420233509376
0.005420233509376
0.005420233509376
0.005420233509376
0.005420233509376
0.005420233509376
0.005420233509376
0.005420233509376
0.005420233509376
0.005420233509376
0.005420233509376
0.005420233509376
0.005420233509376
0.005420233509376
0.005420233509376
0.005420233509376
0.005420233509376
0.005420233509376
0.005420233509376
0.005420233509376
0.005420233509376
0.005420233509376
0.005420233509376
0.005420233509376
0.005420233509376
0.005420233509376
0.002710116754688
0.002710116754688
0.002710116754688
0.002710116754688
0.002710116754688
0.002710116754688
0.002710116754688
0.002710116754688
0.002710116754688
0.002710116754688
0.002710116754688
0.002710116754688
0.002710116754688
0.002710116754688
0.002710116754688
0.002710116754688
0.002710116754688
0.002710116754688
0.002710116754688
0.002710116754688
0.002710116754688
0.002710116754688
0.002710116754688
0.002710116754688
0.002710116754688
0.002710116754688
0.002710116754688
0.002710116754688
0.002710116754688
0.002710116754688
0.002710116754688
0.002710116754688
0.002710116754688
0.002710116754688
0.002710116754688
0.002710116754688
0.002710116754688
0.002710116754688
0.002710116754688
0.002710116754688
0.002710116754688
0.002710116754688
0.002710116754688
0.002710116754688
0.002710116754688
0.002710116754688
0.002710116754688
0.002710116754688
0.002710116754688
0.002710116754688
0.002710116754688
0.002710116754688
0.002710116754688
0.002710116754688
0.002710116754688
0.002710116754688
0.002710116754688
0.002710116754688
0.002710116754688
0.002710116754688
0.002710116754688
0.002710116754688
0.002710116754688
0.002710116754688
0.002710116754688
0.002710116754688
0.002710116754688
0.002710116754688
0.002710116754688
0.002710116754688
0.002710116754688
0.002710116754688
0.002710116754688
0.002710116754688
0.002710116754688
0.002710116754688
0.002710116754688
0.002710116754688
0.002710116754688
0.002710116754688
0.002710116754688
0.002710116754688
0.002710116754688
0.002710116754688
0.002710116754688
0.002710116754688
0.002710116754688
0.002710116754688
0.002710116754688
0.002710116754688
0.002710116754688
0.002710116754688
0.002710116754688
0.002710116754688
0.002710116754688
0.002710116754688
0.002710116754688
0.002710116754688
0.002710116754688
0.002710116754688
0.002710116754688
0.002710116754688
0.002710116754688
0.002710116754688
0.002710116754688
0.002710116754688
0.002710116754688
0.002710116754688
0.002710116754688
0.002710116754688
0.002710116754688
0.002710116754688
0.002710116754688
0.002710116754688
0.002710116754688
0.002710116754688
0.002710116754688
0.002710116754688
0.002710116754688
0.002710116754688
0.002710116754688
0.002710116754688
0.002710116754688
0.002710116754688
0.002710116754688
0.002710116754688
0.002710116754688
0.002710116754688
0.002710116754688
