1
0.153620106160900
0.079822212024781
0.042923264956722
0.024473791422692
0.015249054655678
0.010636686272170
0.008330502080416
0.007177409984540
0.006600863936601
0.006312590912632
0.006168454400647
0.006096386144655
0.006060352016659
0.006023950193479
0.006024134041071
0.006024225964867
0.006024271926765
0.006024294907714
0.006024306398188
0.006024312143425
0.006024315016044
0.006024316452353
0.006024317170508
0.006024317529585
0.006024317709124
0.006024317798893
0.006024317843778
0.006024317866220
0.006024317877442
0.006024317883052
0.006024317885857
0.006024317887260
0.006024317887961
0.006024317888312
0.003012158944331
0.003012158944331
0.003012158944331
0.003012158944331
0.003012158944331
0.003012158944331
0.003012158944331
0.003012158944331
0.003012158944331
0.003012158944331
0.003012158944331
0.003012158944331
0.003012158944331
0.003012158944331
0.003012158944331
0.003012158944331
0.003012158944331
0.003012158944331
0.003012158944331
0.003012158944331
0.003012158944331
0.003012158944331
0.003012158944331
0.003012158944331
0.003012158944331
0.003012158944331
0.003012158944331
0.003012158944331
0.003012158944331
0.003012158944331
0.003012158944331
0.003012158944331
0.003012158944331
0.003012158944331
0.003012158944331
0.003012158944331
0.003012158944331
0.003012158944331
0.003012158944331
0.003012158944331
0.003012158944331
0.003012158944331
0.003012158944331
0.003012158944331
0.003012158944331
0.003012158944331
0.003012158944331
0.003012158944331
0.003012158944331
0.003012158944331
0.003012158944331
0.003012158944331
0.003012158944331
0.003012158944331
0.003012158944331
0.003012158944331
0.003012158944331
0.003012158944331
0.003012158944331
0.003012158944331
0.003012158944331
0.003012158944331
0.003012158944331
0.003012158944331
0.003012158944331
0.003012158944331
0.003012158944331
0.003012158944331
0.003012158944331
0.003012158944331
0.003012158944331
0.003012158944331
0.003012158944331
0.003012158944331
0.003012158944331
0.003012158944331
0.003012158944331
0.003012158944331
0.003012158944331
0.003012158944331
0.003012158944331
0.003012158944331
0.003012158944331
0.003012158944331
0.003012158944331
0.003012158944331
0.003012158944331
0.003012158944331
0.003012158944331
0.003012158944331
0.003012158944331
0.003012158944331
0.003012158944331
0.003012158944331
0.003012158944331
0.003012158944331
0.003012158944331
0.003012158944331
0.003012158944331
0.003012158944331
0.003012158944331
0.003012158944331
0.003012158944331
0.003012158944331
0.003012158944331
0.003012158944331
0.003012158944331
0.003012158944331
0.003012158944331
0.003012158944331
0.003012158944331
0.003012158944331
0.003012158944331
0.003012158944331
0.003012158944331
0.003012158944331
0.003012158944331
0.003012158944331
0.003012158944331
0.003012158944331
0.003012158944331
0.003012158944331
0.003012158944331
0.003012158944331
0.003012158944331
0.003012158944331
0.003012158944331
0.003012158944331
0.003012158944331
0.003012158944331
0.003012158944331
0.003012158944331
0.003012158944331
0.003012158944331
0.003012158944331
0.003012158944331
0.003012158944331
0.003012158944331
0.003012158944331
0.003012158944331
0.003012158944331
0.003012158944331
0.003012158944331
0.003012158944331
0.003012158944331
0.003012158944331
0.003012158944331
0.003012158944331
0.003012158944331
0.003012158944331
0.003012158944331
0.003012158944331
0.003012158944331
0.003012158944331
0.003012158944331
0.003012158944331
0.003012158944331
0.003012158944331
0.003012158944331
0.003012158944331
0.003012158944331
0.003012158944331
0.003012158944331
0.003012158944331
0.003012158944331
0.003012158944331
