1
0.150893023538028
0.078405198505054
0.042161285988567
0.024039329730323
0.014978351601201
0.010447862536640
0.008182618004360
0.007049995738220
0.006483684605150
0.006200529038615
0.006058951255347
0.005988162363713
0.005952767917896
0.005917012304265
0.005917192888172
0.005917283180126
0.005917328326103
0.005917350899091
0.005917362185585
0.005917367828832
0.005917370650456
0.005917372061268
0.005917372766674
0.005917373119377
0.005917373295728
0.005917373383904
0.005917373427992
0.005917373450036
0.005917373461058
0.005917373466569
0.005917373469324
0.005917373470702
0.005917373471391
0.005917373471735
0.005917373471907
0.005917373471993
0.005917373472036
0.005917373472058
0.005917373472069
0.005917373472074
0.002958686736040
0.002958686736040
0.002958686736040
0.002958686736040
0.002958686736040
0.002958686736040
0.002958686736040
0.002958686736040
0.002958686736040
0.002958686736040
0.002958686736040
0.002958686736040
0.002958686736040
0.002958686736040
0.002958686736040
0.002958686736040
0.002958686736040
0.002958686736040
0.002958686736040
0.002958686736040
0.002958686736040
0.002958686736040
0.002958686736040
0.002958686736040
0.002958686736040
0.002958686736040
0.002958686736040
0.002958686736040
0.002958686736040
0.002958686736040
0.002958686736040
0.002958686736040
0.002958686736040
0.002958686736040
0.002958686736040
0.002958686736040
0.002958686736040
0.002958686736040
0.002958686736040
0.002958686736040
0.002958686736040
0.002958686736040
0.002958686736040
0.002958686736040
0.002958686736040
0.002958686736040
0.002958686736040
0.002958686736040
0.002958686736040
0.002958686736040
0.002958686736040
0.002958686736040
0.002958686736040
0.002958686736040
0.002958686736040
0.002958686736040
0.002958686736040
0.002958686736040
0.002958686736040
0.002958686736040
0.002958686736040
0.002958686736040
0.002958686736040
0.002958686736040
0.002958686736040
0.002958686736040
0.002958686736040
0.002958686736040
0.002958686736040
0.002958686736040
0.002958686736040
0.002958686736040
0.002958686736040
0.002958686736040
0.002958686736040
0.002958686736040
0.002958686736040
0.002958686736040
0.002958686736040
0.002958686736040
0.002958686736040
0.002958686736040
0.002958686736040
0.002958686736040
0.002958686736040
0.002958686736040
0.002958686736040
0.002958686736040
0.002958686736040
0.002958686736040
0.002958686736040
0.002958686736040
0.002958686736040
0.002958686736040
0.002958686736040
0.002958686736040
0.002958686736040
0.002958686736040
0.002958686736040
0.002958686736040
0.002958686736040
0.002958686736040
0.002958686736040
0.002958686736040
0.002958686736040
0.002958686736040
0.002958686736040
0.002958686736040
0.002958686736040
0.002958686736040
0.002958686736040
0.002958686736040
0.002958686736040
0.002958686736040
0.002958686736040
0.002958686736040
0.002958686736040
0.002958686736040
0.002958686736040
0.002958686736040
0.002958686736040
0.002958686736040
0.002958686736040
0.002958686736040
0.002958686736040
0.002958686736040
0.002958686736040
0.002958686736040
0.002958686736040
0.002958686736040
0.002958686736040
0.002958686736040
0.002958686736040
0.002958686736040
0.002958686736040
0.002958686736040
0.002958686736040
0.002958686736040
0.002958686736040
0.002958686736040
0.002958686736040
0.002958686736040
0.002958686736040
0.002958686736040
0.002958686736040
0.002958686736040
0.002958686736040
0.002958686736040
0.002958686736040
0.002958686736040
0.002958686736040
0.002958686736040
0.002958686736040
0.002958686736040
0.002958686736040
0.002958686736040
0.002958686736040
0.002958686736040
0.002958686736040
0.002958686736040
