1
0.156447575948721
0.081291387502767
0.043713293279790
0.024924246168301
0.015529722612557
0.010832460834685
0.008483829945749
0.007309514501281
0.006722356779047
0.006428777917930
0.006281988487371
0.006208593772092
0.006171896414452
0.006134824593980
0.006135011825396
0.006135105441104
0.006135152248958
0.006135175652886
0.006135187354849
0.006135193205831
0.006135196131322
0.006135197594067
0.006135198325440
0.006135198691126
0.006135198873969
0.006135198965391
0.006135199011102
0.006135199033957
0.003067599528406
0.003067599528406
0.003067599528406
0.003067599528406
0.003067599528406
0.003067599528406
0.003067599528406
0.003067599528406
0.003067599528406
0.003067599528406
0.003067599528406
0.003067599528406
0.003067599528406
0.003067599528406
0.003067599528406
0.003067599528406
0.003067599528406
0.003067599528406
0.003067599528406
0.003067599528406
0.003067599528406
0.003067599528406
0.003067599528406
0.003067599528406
0.003067599528406
0.003067599528406
0.003067599528406
0.003067599528406
0.003067599528406
0.003067599528406
0.003067599528406
0.003067599528406
0.003067599528406
0.003067599528406
0.003067599528406
0.003067599528406
0.003067599528406
0.003067599528406
0.003067599528406
0.003067599528406
0.003067599528406
0.003067599528406
0.003067599528406
0.003067599528406
0.003067599528406
0.003067599528406
0.003067599528406
0.003067599528406
0.003067599528406
0.003067599528406
0.003067599528406
0.003067599528406
0.003067599528406
0.003067599528406
0.003067599528406
0.003067599528406
0.003067599528406
0.003067599528406
0.003067599528406
0.003067599528406
0.003067599528406
0.003067599528406
0.003067599528406
0.003067599528406
0.003067599528406
0.003067599528406
0.003067599528406
0.003067599528406
0.003067599528406
0.003067599528406
0.003067599528406
0.003067599528406
0.003067599528406
0.003067599528406
0.003067599528406
0.003067599528406
0.003067599528406
0.003067599528406
0.003067599528406
0.003067599528406
0.003067599528406
0.003067599528406
0.003067599528406
0.003067599528406
0.003067599528406
0.003067599528406
0.003067599528406
0.003067599528406
0.003067599528406
0.003067599528406
0.003067599528406
0.003067599528406
0.003067599528406
0.003067599528406
0.003067599528406
0.003067599528406
0.003067599528406
0.003067599528406
0.003067599528406
0.003067599528406
0.003067599528406
0.003067599528406
0.003067599528406
0.003067599528406
0.003067599528406
0.003067599528406
0.003067599528406
0.003067599528406
0.003067599528406
0.003067599528406
0.003067599528406
0.003067599528406
0.003067599528406
0.003067599528406
0.003067599528406
0.003067599528406
0.003067599528406
0.003067599528406
0.003067599528406
0.003067599528406
0.003067599528406
0.003067599528406
0.003067599528406
0.003067599528406
0.003067599528406
0.003067599528406
0.003067599528406
0.003067599528406
0.003067599528406
0.003067599528406
0.003067599528406
0.003067599528406
0.003067599528406
0.003067599528406
0.003067599528406
0.003067599528406
0.003067599528406
0.003067599528406
0.003067599528406
0.003067599528406
0.003067599528406
0.003067599528406
0.003067599528406
0.003067599528406
0.003067599528406
0.003067599528406
0.003067599528406
0.003067599528406
0.003067599528406
0.003067599528406
0.003067599528406
0.003067599528406
0.003067599528406
0.003067599528406
0.003067599528406
0.003067599528406
0.003067599528406
0.003067599528406
0.003067599528406
0.003067599528406
0.003067599528406
0.003067599528406
0.003067599528406
0.003067599528406
0.003067599528406
0.003067599528406
0.003067599528406
0.003067599528406
0.003067599528406
0.003067599528406
0.003067599528406
0.003067599528406
