1
0.148693338496296
0.077262224904938
0.041546668109259
0.023688889711420
0.014760000512500
0.010295555913040
0.008063333613310
0.006947222463445
0.006389166888513
0.006110139101046
0.005970625207313
0.005900868260447
0.005865989787014
0.005830755410790
0.005830933362185
0.005831022337883
0.005831066825731
0.005831089069656
0.005831100191618
0.005831105752599
0.005831108533090
0.005831109923335
0.005831110618458
0.005831110966019
0.005831111139800
0.005831111226690
0.005831111270135
0.005831111291858
0.005831111302719
0.005831111308150
0.005831111310865
0.005831111312223
0.005831111312901
0.005831111313241
0.005831111313411
0.005831111313495
0.005831111313538
0.005831111313559
0.005831111313570
0.005831111313575
0.005831111313578
0.005831111313579
0.005831111313580
0.005831111313580
0.005831111313580
0.002915555656790
0.002915555656790
0.002915555656790
0.002915555656790
0.002915555656790
0.002915555656790
0.002915555656790
0.002915555656790
0.002915555656790
0.002915555656790
0.002915555656790
0.002915555656790
0.002915555656790
0.002915555656790
0.002915555656790
0.002915555656790
0.002915555656790
0.002915555656790
0.002915555656790
0.002915555656790
0.002915555656790
0.002915555656790
0.002915555656790
0.002915555656790
0.002915555656790
0.002915555656790
0.002915555656790
0.002915555656790
0.002915555656790
0.002915555656790
0.002915555656790
0.002915555656790
0.002915555656790
0.002915555656790
0.002915555656790
0.002915555656790
0.002915555656790
0.002915555656790
0.002915555656790
0.002915555656790
0.002915555656790
0.002915555656790
0.002915555656790
0.002915555656790
0.002915555656790
0.002915555656790
0.002915555656790
0.002915555656790
0.002915555656790
0.002915555656790
0.002915555656790
0.002915555656790
0.002915555656790
0.002915555656790
0.002915555656790
0.002915555656790
0.002915555656790
0.002915555656790
0.002915555656790
0.002915555656790
0.002915555656790
0.002915555656790
0.002915555656790
0.002915555656790
0.002915555656790
0.002915555656790
0.002915555656790
0.002915555656790
0.002915555656790
0.002915555656790
0.002915555656790
0.002915555656790
0.002915555656790
0.002915555656790
0.002915555656790
0.002915555656790
0.002915555656790
0.002915555656790
0.002915555656790
0.002915555656790
0.002915555656790
0.002915555656790
0.002915555656790
0.002915555656790
0.002915555656790
0.002915555656790
0.002915555656790
0.002915555656790
0.002915555656790
0.002915555656790
0.002915555656790
0.002915555656790
0.002915555656790
0.002915555656790
0.002915555656790
0.002915555656790
0.002915555656790
0.002915555656790
0.002915555656790
0.002915555656790
0.002915555656790
0.002915555656790
0.002915555656790
0.002915555656790
0.002915555656790
0.002915555656790
0.002915555656790
0.002915555656790
0.002915555656790
0.002915555656790
0.002915555656790
0.002915555656790
0.002915555656790
0.002915555656790
0.002915555656790
0.002915555656790
0.002915555656790
0.002915555656790
0.002915555656790
0.002915555656790
0.002915555656790
0.002915555656790
0.002915555656790
0.002915555656790
0.002915555656790
0.002915555656790
0.002915555656790
0.002915555656790
0.002915555656790
0.002915555656790
0.002915555656790
0.002915555656790
0.002915555656790
0.002915555656790
0.002915555656790
0.002915555656790
0.002915555656790
0.002915555656790
0.002915555656790
0.002915555656790
0.002915555656790
0.002915555656790
0.002915555656790
0.002915555656790
0.002915555656790
0.002915555656790
0.002915555656790
0.002915555656790
0.002915555656790
0.002915555656790
0.002915555656790
0.002915555656790
0.002915555656790
0.002915555656790
0.002915555656790
