1
0.129117914294721
0.067090680957061
0.036077064288231
0.020570255953816
0.012816851786608
0.008940149703005
0.007001798661203
0.006032623140302
0.005548035379851
0.005305741499626
0.005184594559513
0.005124021089457
0.005093734354429
0.005063138571084
0.005063293095243
0.005063370357322
0.005063408988361
0.005063428303881
0.005063437961641
0.005063442790521
0.005063445204961
0.005063446412181
0.005063447015791
0.005063447317596
0.005063447468498
0.005063447543950
0.005063447581675
0.005063447600538
0.005063447609969
0.005063447614685
0.005063447617043
0.005063447618222
0.005063447618811
0.005063447619106
0.005063447619253
0.005063447619327
0.005063447619364
0.005063447619382
0.005063447619392
0.005063447619396
0.005063447619399
0.005063447619400
0.005063447619400
0.005063447619401
0.005063447619401
0.005063447619401
0.005063447619401
0.005063447619401
0.005063447619401
0.005063447619401
0.005063447619401
0.005063447619401
0.005063447619401
0.005063447619401
0.005063447619401
0.005063447619401
0.005063447619401
0.005063447619401
0.005063447619401
0.005063447619401
0.005063447619401
0.005063447619401
0.005063447619401
0.005063447619401
0.005063447619401
0.005063447619401
0.005063447619401
0.005063447619401
0.005063447619401
0.005063447619401
0.005063447619401
0.005063447619401
0.005063447619401
0.005063447619401
0.005063447619401
0.005063447619401
0.005063447619401
0.005063447619401
0.005063447619401
0.005063447619401
0.005063447619401
0.005063447619401
0.005063447619401
0.005063447619401
0.005063447619401
0.005063447619401
0.005063447619401
0.005063447619401
0.005063447619401
0.005063447619401
0.005063447619401
0.005063447619401
0.005063447619401
0.005063447619401
0.005063447619401
0.005063447619401
0.005063447619401
0.002531723809700
0.002531723809700
0.002531723809700
0.002531723809700
0.002531723809700
0.002531723809700
0.002531723809700
0.002531723809700
0.002531723809700
0.002531723809700
0.002531723809700
0.002531723809700
0.002531723809700
0.002531723809700
0.002531723809700
0.002531723809700
0.002531723809700
0.002531723809700
0.002531723809700
0.002531723809700
0.002531723809700
0.002531723809700
0.002531723809700
0.002531723809700
0.002531723809700
0.002531723809700
0.002531723809700
0.002531723809700
0.002531723809700
0.002531723809700
0.002531723809700
0.002531723809700
0.002531723809700
0.002531723809700
0.002531723809700
0.002531723809700
0.002531723809700
0.002531723809700
0.002531723809700
0.002531723809700
0.002531723809700
0.002531723809700
0.002531723809700
0.002531723809700
0.002531723809700
0.002531723809700
0.002531723809700
0.002531723809700
0.002531723809700
0.002531723809700
0.002531723809700
0.002531723809700
0.002531723809700
0.002531723809700
0.002531723809700
0.002531723809700
0.002531723809700
0.002531723809700
0.002531723809700
0.002531723809700
0.002531723809700
0.002531723809700
0.002531723809700
0.002531723809700
0.002531723809700
0.002531723809700
0.002531723809700
0.002531723809700
0.002531723809700
0.002531723809700
0.002531723809700
0.002531723809700
0.002531723809700
0.002531723809700
0.002531723809700
0.002531723809700
0.002531723809700
0.002531723809700
0.002531723809700
0.002531723809700
0.002531723809700
0.002531723809700
0.002531723809700
0.002531723809700
0.002531723809700
0.002531723809700
0.002531723809700
0.002531723809700
0.002531723809700
0.002531723809700
0.002531723809700
0.002531723809700
0.002531723809700
0.002531723809700
0.002531723809700
0.002531723809700
0.002531723809700
0.002531723809700
0.002531723809700
0.002531723809700
0.002531723809700
0.002531723809700
0.002531723809700
