1
0.167633917107493
0.087103898104874
0.046838888603564
0.026706383852909
0.016640131477582
0.011607005289918
0.009090442196086
0.003286939551127
0.003286939551127
0.003286939551127
0.003286939551127
0.003286939551127
0.003286939551127
0.003286939551127
0.003286939551127
0.003286939551127
0.003286939551127
0.003286939551127
0.003286939551127
0.003286939551127
0.003286939551127
0.003286939551127
0.003286939551127
0.003286939551127
0.003286939551127
0.003286939551127
0.003286939551127
0.003286939551127
0.003286939551127
0.003286939551127
0.003286939551127
0.003286939551127
0.003286939551127
0.003286939551127
0.003286939551127
0.003286939551127
0.003286939551127
0.003286939551127
0.003286939551127
0.003286939551127
0.003286939551127
0.003286939551127
0.003286939551127
0.003286939551127
0.003286939551127
0.003286939551127
0.003286939551127
0.003286939551127
0.003286939551127
0.003286939551127
0.003286939551127
0.003286939551127
0.003286939551127
0.003286939551127
0.003286939551127
0.003286939551127
0.003286939551127
0.003286939551127
0.003286939551127
0.003286939551127
0.003286939551127
0.003286939551127
0.003286939551127
0.003286939551127
0.003286939551127
0.003286939551127
0.003286939551127
0.003286939551127
0.003286939551127
0.003286939551127
0.003286939551127
0.003286939551127
0.003286939551127
0.003286939551127
0.003286939551127
0.003286939551127
0.003286939551127
0.003286939551127
0.003286939551127
0.003286939551127
0.003286939551127
0.003286939551127
0.003286939551127
0.003286939551127
0.003286939551127
0.003286939551127
0.003286939551127
0.003286939551127
0.003286939551127
0.003286939551127
0.003286939551127
0.003286939551127
0.003286939551127
0.003286939551127
0.003286939551127
0.003286939551127
0.003286939551127
0.003286939551127
0.003286939551127
0.003286939551127
0.003286939551127
0.003286939551127
0.003286939551127
0.003286939551127
0.003286939551127
0.003286939551127
0.003286939551127
0.003286939551127
0.003286939551127
0.003286939551127
0.003286939551127
0.003286939551127
0.003286939551127
0.003286939551127
0.003286939551127
0.003286939551127
0.003286939551127
0.003286939551127
0.003286939551127
0.003286939551127
0.003286939551127
0.003286939551127
0.003286939551127
0.003286939551127
0.003286939551127
0.003286939551127
0.003286939551127
0.003286939551127
0.003286939551127
0.003286939551127
0.003286939551127
0.003286939551127
0.003286939551127
0.003286939551127
0.003286939551127
0.003286939551127
0.003286939551127
0.003286939551127
0.003286939551127
0.003286939551127
0.003286939551127
0.003286939551127
0.003286939551127
0.003286939551127
0.003286939551127
0.003286939551127
0.003286939551127
0.003286939551127
0.003286939551127
0.003286939551127
0.003286939551127
0.003286939551127
0.003286939551127
0.003286939551127
0.003286939551127
0.003286939551127
0.003286939551127
0.003286939551127
0.003286939551127
0.003286939551127
0.003286939551127
0.003286939551127
0.003286939551127
0.003286939551127
0.003286939551127
0.003286939551127
0.003286939551127
0.003286939551127
0.003286939551127
0.003286939551127
0.003286939551127
0.003286939551127
0.003286939551127
0.003286939551127
0.003286939551127
0.003286939551127
0.003286939551127
0.003286939551127
0.003286939551127
0.003286939551127
0.003286939551127
0.003286939551127
0.003286939551127
0.003286939551127
0.003286939551127
0.003286939551127
0.003286939551127
0.003286939551127
0.003286939551127
0.003286939551127
0.003286939551127
0.003286939551127
0.003286939551127
0.003286939551127
0.003286939551127
0.003286939551127
0.003286939551127
0.003286939551127
0.003286939551127
0.003286939551127
