1
0.129775023327647
0.067432119964366
0.036260668282725
0.020674942441905
0.012882079521494
0.008985648061289
0.007037432331187
0.006063324466135
0.005576270533610
0.005332743567347
0.005210980084216
0.005150098342650
0.005119657471867
0.005088905979954
0.005089061290519
0.005089138945802
0.005089177773443
0.005089197187264
0.005089206894174
0.005089211747629
0.005089214174357
0.005089215387720
0.005089215994402
0.005089216297743
0.005089216449414
0.005089216525249
0.005089216563167
0.005089216582125
0.005089216591605
0.005089216596344
0.005089216598714
0.005089216599899
0.005089216600492
0.005089216600788
0.005089216600936
0.005089216601010
0.005089216601047
0.005089216601066
0.005089216601075
0.005089216601080
0.005089216601082
0.005089216601083
0.005089216601084
0.005089216601084
0.005089216601084
0.005089216601084
0.005089216601084
0.005089216601084
0.005089216601084
0.005089216601084
0.005089216601084
0.005089216601084
0.005089216601084
0.005089216601084
0.005089216601084
0.005089216601084
0.005089216601084
0.005089216601084
0.005089216601084
0.005089216601084
0.005089216601084
0.005089216601084
0.005089216601084
0.005089216601084
0.005089216601084
0.005089216601084
0.005089216601084
0.005089216601084
0.005089216601084
0.005089216601084
0.005089216601084
0.005089216601084
0.005089216601084
0.005089216601084
0.005089216601084
0.005089216601084
0.005089216601084
0.005089216601084
0.005089216601084
0.005089216601084
0.005089216601084
0.005089216601084
0.005089216601084
0.005089216601084
0.005089216601084
0.005089216601084
0.005089216601084
0.005089216601084
0.005089216601084
0.005089216601084
0.005089216601084
0.005089216601084
0.005089216601084
0.005089216601084
0.005089216601084
0.002544608300542
0.002544608300542
0.002544608300542
0.002544608300542
0.002544608300542
0.002544608300542
0.002544608300542
0.002544608300542
0.002544608300542
0.002544608300542
0.002544608300542
0.002544608300542
0.002544608300542
0.002544608300542
0.002544608300542
0.002544608300542
0.002544608300542
0.002544608300542
0.002544608300542
0.002544608300542
0.002544608300542
0.002544608300542
0.002544608300542
0.002544608300542
0.002544608300542
0.002544608300542
0.002544608300542
0.002544608300542
0.002544608300542
0.002544608300542
0.002544608300542
0.002544608300542
0.002544608300542
0.002544608300542
0.002544608300542
0.002544608300542
0.002544608300542
0.002544608300542
0.002544608300542
0.002544608300542
0.002544608300542
0.002544608300542
0.002544608300542
0.002544608300542
0.002544608300542
0.002544608300542
0.002544608300542
0.002544608300542
0.002544608300542
0.002544608300542
0.002544608300542
0.002544608300542
0.002544608300542
0.002544608300542
0.002544608300542
0.002544608300542
0.002544608300542
0.002544608300542
0.002544608300542
0.002544608300542
0.002544608300542
0.002544608300542
0.002544608300542
0.002544608300542
0.002544608300542
0.002544608300542
0.002544608300542
0.002544608300542
0.002544608300542
0.002544608300542
0.002544608300542
0.002544608300542
0.002544608300542
0.002544608300542
0.002544608300542
0.002544608300542
0.002544608300542
0.002544608300542
0.002544608300542
0.002544608300542
0.002544608300542
0.002544608300542
0.002544608300542
0.002544608300542
0.002544608300542
0.002544608300542
0.002544608300542
0.002544608300542
0.002544608300542
0.002544608300542
0.002544608300542
0.002544608300542
0.002544608300542
0.002544608300542
0.002544608300542
0.002544608300542
0.002544608300542
0.002544608300542
0.002544608300542
0.002544608300542
0.002544608300542
0.002544608300542
0.002544608300542
0.002544608300542
0.002544608300542
