1
0.144480916949202
0.075073417630468
0.040369667971100
0.023017793141417
0.014341855726575
0.010003887019154
0.007834902665444
0.006750410488589
0.006208164400161
0.005937041355947
0.005801479833840
0.005733699072787
0.005699808692260
0.005665572491524
0.005665745401629
0.005665831856681
0.005665875084207
0.005665896697970
0.005665907504852
0.005665912908293
0.005665915610013
0.005665916960873
0.005665917636303
0.005665917974018
0.005665918142876
0.005665918227305
0.005665918269519
0.005665918290626
0.005665918301180
0.005665918306457
0.005665918309095
0.005665918310414
0.005665918311074
0.005665918311404
0.005665918311569
0.005665918311651
0.005665918311692
0.005665918311713
0.005665918311723
0.005665918311728
0.005665918311731
0.005665918311732
0.005665918311733
0.005665918311733
0.005665918311733
0.005665918311733
0.005665918311733
0.005665918311733
0.005665918311733
0.005665918311733
0.005665918311733
0.005665918311733
0.005665918311733
0.005665918311733
0.005665918311733
0.002832959155867
0.002832959155867
0.002832959155867
0.002832959155867
0.002832959155867
0.002832959155867
0.002832959155867
0.002832959155867
0.002832959155867
0.002832959155867
0.002832959155867
0.002832959155867
0.002832959155867
0.002832959155867
0.002832959155867
0.002832959155867
0.002832959155867
0.002832959155867
0.002832959155867
0.002832959155867
0.002832959155867
0.002832959155867
0.002832959155867
0.002832959155867
0.002832959155867
0.002832959155867
0.002832959155867
0.002832959155867
0.002832959155867
0.002832959155867
0.002832959155867
0.002832959155867
0.002832959155867
0.002832959155867
0.002832959155867
0.002832959155867
0.002832959155867
0.002832959155867
0.002832959155867
0.002832959155867
0.002832959155867
0.002832959155867
0.002832959155867
0.002832959155867
0.002832959155867
0.002832959155867
0.002832959155867
0.002832959155867
0.002832959155867
0.002832959155867
0.002832959155867
0.002832959155867
0.002832959155867
0.002832959155867
0.002832959155867
0.002832959155867
0.002832959155867
0.002832959155867
0.002832959155867
0.002832959155867
0.002832959155867
0.002832959155867
0.002832959155867
0.002832959155867
0.002832959155867
0.002832959155867
0.002832959155867
0.002832959155867
0.002832959155867
0.002832959155867
0.002832959155867
0.002832959155867
0.002832959155867
0.002832959155867
0.002832959155867
0.002832959155867
0.002832959155867
0.002832959155867
0.002832959155867
0.002832959155867
0.002832959155867
0.002832959155867
0.002832959155867
0.002832959155867
0.002832959155867
0.002832959155867
0.002832959155867
0.002832959155867
0.002832959155867
0.002832959155867
0.002832959155867
0.002832959155867
0.002832959155867
0.002832959155867
0.002832959155867
0.002832959155867
0.002832959155867
0.002832959155867
0.002832959155867
0.002832959155867
0.002832959155867
0.002832959155867
0.002832959155867
0.002832959155867
0.002832959155867
0.002832959155867
0.002832959155867
0.002832959155867
0.002832959155867
0.002832959155867
0.002832959155867
0.002832959155867
0.002832959155867
0.002832959155867
0.002832959155867
0.002832959155867
0.002832959155867
0.002832959155867
0.002832959155867
0.002832959155867
0.002832959155867
0.002832959155867
0.002832959155867
0.002832959155867
0.002832959155867
0.002832959155867
0.002832959155867
0.002832959155867
0.002832959155867
0.002832959155867
0.002832959155867
0.002832959155867
0.002832959155867
0.002832959155867
0.002832959155867
0.002832959155867
0.002832959155867
0.002832959155867
0.002832959155867
0.002832959155867
0.002832959155867
0.002832959155867
0.002832959155867
0.002832959155867
0.002832959155867
