1
0.135642701581641
0.070481011606147
0.037900166618400
0.021609744124526
0.013464532877589
0.009391927254121
0.007355624442387
0.006337473036520
0.005828397333586
0.005573859482119
0.005446590556386
0.005382956093519
0.005351138862086
0.005318996965026
0.005319159297839
0.005319240464246
0.005319281047449
0.005319301339051
0.005319311484852
0.005319316557752
0.005319319094202
0.005319320362427
0.005319320996540
0.005319321313596
0.005319321472124
0.005319321551389
0.005319321591021
0.005319321610837
0.005319321620745
0.005319321625699
0.005319321628176
0.005319321629414
0.005319321630033
0.005319321630343
0.005319321630498
0.005319321630575
0.005319321630614
0.005319321630633
0.005319321630643
0.005319321630648
0.005319321630650
0.005319321630651
0.005319321630652
0.005319321630652
0.005319321630652
0.005319321630653
0.005319321630653
0.005319321630653
0.005319321630653
0.005319321630653
0.005319321630653
0.005319321630653
0.005319321630653
0.005319321630653
0.005319321630653
0.005319321630653
0.005319321630653
0.005319321630653
0.005319321630653
0.005319321630653
0.005319321630653
0.005319321630653
0.005319321630653
0.005319321630653
0.005319321630653
0.005319321630653
0.005319321630653
0.005319321630653
0.005319321630653
0.005319321630653
0.005319321630653
0.005319321630653
0.005319321630653
0.005319321630653
0.005319321630653
0.005319321630653
0.005319321630653
0.005319321630653
0.002659660815326
0.002659660815326
0.002659660815326
0.002659660815326
0.002659660815326
0.002659660815326
0.002659660815326
0.002659660815326
0.002659660815326
0.002659660815326
0.002659660815326
0.002659660815326
0.002659660815326
0.002659660815326
0.002659660815326
0.002659660815326
0.002659660815326
0.002659660815326
0.002659660815326
0.002659660815326
0.002659660815326
0.002659660815326
0.002659660815326
0.002659660815326
0.002659660815326
0.002659660815326
0.002659660815326
0.002659660815326
0.002659660815326
0.002659660815326
0.002659660815326
0.002659660815326
0.002659660815326
0.002659660815326
0.002659660815326
0.002659660815326
0.002659660815326
0.002659660815326
0.002659660815326
0.002659660815326
0.002659660815326
0.002659660815326
0.002659660815326
0.002659660815326
0.002659660815326
0.002659660815326
0.002659660815326
0.002659660815326
0.002659660815326
0.002659660815326
0.002659660815326
0.002659660815326
0.002659660815326
0.002659660815326
0.002659660815326
0.002659660815326
0.002659660815326
0.002659660815326
0.002659660815326
0.002659660815326
0.002659660815326
0.002659660815326
0.002659660815326
0.002659660815326
0.002659660815326
0.002659660815326
0.002659660815326
0.002659660815326
0.002659660815326
0.002659660815326
0.002659660815326
0.002659660815326
0.002659660815326
0.002659660815326
0.002659660815326
0.002659660815326
0.002659660815326
0.002659660815326
0.002659660815326
0.002659660815326
0.002659660815326
0.002659660815326
0.002659660815326
0.002659660815326
0.002659660815326
0.002659660815326
0.002659660815326
0.002659660815326
0.002659660815326
0.002659660815326
0.002659660815326
0.002659660815326
0.002659660815326
0.002659660815326
0.002659660815326
0.002659660815326
0.002659660815326
0.002659660815326
0.002659660815326
0.002659660815326
0.002659660815326
0.002659660815326
0.002659660815326
0.002659660815326
0.002659660815326
0.002659660815326
0.002659660815326
0.002659660815326
0.002659660815326
0.002659660815326
0.002659660815326
0.002659660815326
0.002659660815326
0.002659660815326
0.002659660815326
0.002659660815326
0.002659660815326
0.002659660815326
0.002659660815326
0.002659660815326
0.002659660815326
0.002659660815326
