1
0.165635882699956
0.086065703755860
0.046280614283811
0.026388069547787
0.016441797179775
0.011468660995769
0.008982092903766
0.007738808857764
0.007117166834764
0.006806345823263
0.003247762405881
0.003247762405881
0.003247762405881
0.003247762405881
0.003247762405881
0.003247762405881
0.003247762405881
0.003247762405881
0.003247762405881
0.003247762405881
0.003247762405881
0.003247762405881
0.003247762405881
0.003247762405881
0.003247762405881
0.003247762405881
0.003247762405881
0.003247762405881
0.003247762405881
0.003247762405881
0.003247762405881
0.003247762405881
0.003247762405881
0.003247762405881
0.003247762405881
0.003247762405881
0.003247762405881
0.003247762405881
0.003247762405881
0.003247762405881
0.003247762405881
0.003247762405881
0.003247762405881
0.003247762405881
0.003247762405881
0.003247762405881
0.003247762405881
0.003247762405881
0.003247762405881
0.003247762405881
0.003247762405881
0.003247762405881
0.003247762405881
0.003247762405881
0.003247762405881
0.003247762405881
0.003247762405881
0.003247762405881
0.003247762405881
0.003247762405881
0.003247762405881
0.003247762405881
0.003247762405881
0.003247762405881
0.003247762405881
0.003247762405881
0.003247762405881
0.003247762405881
0.003247762405881
0.003247762405881
0.003247762405881
0.003247762405881
0.003247762405881
0.003247762405881
0.003247762405881
0.003247762405881
0.003247762405881
0.003247762405881
0.003247762405881
0.003247762405881
0.003247762405881
0.003247762405881
0.003247762405881
0.003247762405881
0.003247762405881
0.003247762405881
0.003247762405881
0.003247762405881
0.003247762405881
0.003247762405881
0.003247762405881
0.003247762405881
0.003247762405881
0.003247762405881
0.003247762405881
0.003247762405881
0.003247762405881
0.003247762405881
0.003247762405881
0.003247762405881
0.003247762405881
0.003247762405881
0.003247762405881
0.003247762405881
0.003247762405881
0.003247762405881
0.003247762405881
0.003247762405881
0.003247762405881
0.003247762405881
0.003247762405881
0.003247762405881
0.003247762405881
0.003247762405881
0.003247762405881
0.003247762405881
0.003247762405881
0.003247762405881
0.003247762405881
0.003247762405881
0.003247762405881
0.003247762405881
0.003247762405881
0.003247762405881
0.003247762405881
0.003247762405881
0.003247762405881
0.003247762405881
0.003247762405881
0.003247762405881
0.003247762405881
0.003247762405881
0.003247762405881
0.003247762405881
0.003247762405881
0.003247762405881
0.003247762405881
0.003247762405881
0.003247762405881
0.003247762405881
0.003247762405881
0.003247762405881
0.003247762405881
0.003247762405881
0.003247762405881
0.003247762405881
0.003247762405881
0.003247762405881
0.003247762405881
0.003247762405881
0.003247762405881
0.003247762405881
0.003247762405881
0.003247762405881
0.003247762405881
0.003247762405881
0.003247762405881
0.003247762405881
0.003247762405881
0.003247762405881
0.003247762405881
0.003247762405881
0.003247762405881
0.003247762405881
0.003247762405881
0.003247762405881
0.003247762405881
0.003247762405881
0.003247762405881
0.003247762405881
0.003247762405881
0.003247762405881
0.003247762405881
0.003247762405881
0.003247762405881
0.003247762405881
0.003247762405881
0.003247762405881
0.003247762405881
0.003247762405881
0.003247762405881
0.003247762405881
0.003247762405881
0.003247762405881
0.003247762405881
0.003247762405881
0.003247762405881
0.003247762405881
0.003247762405881
0.003247762405881
0.003247762405881
0.003247762405881
0.003247762405881
0.003247762405881
0.003247762405881
0.003247762405881
0.003247762405881
0.003247762405881
0.003247762405881
0.003247762405881
