1
0.170035424046676
0.088351739945822
0.047509897895395
0.027088976870181
0.016878516357574
0.003334027922484
0.003334027922484
0.003334027922484
0.003334027922484
0.003334027922484
0.003334027922484
0.003334027922484
0.003334027922484
0.003334027922484
0.003334027922484
0.003334027922484
0.003334027922484
0.003334027922484
0.003334027922484
0.003334027922484
0.003334027922484
0.003334027922484
0.003334027922484
0.003334027922484
0.003334027922484
0.003334027922484
0.003334027922484
0.003334027922484
0.003334027922484
0.003334027922484
0.003334027922484
0.003334027922484
0.003334027922484
0.003334027922484
0.003334027922484
0.003334027922484
0.003334027922484
0.003334027922484
0.003334027922484
0.003334027922484
0.003334027922484
0.003334027922484
0.003334027922484
0.003334027922484
0.003334027922484
0.003334027922484
0.003334027922484
0.003334027922484
0.003334027922484
0.003334027922484
0.003334027922484
0.003334027922484
0.003334027922484
0.003334027922484
0.003334027922484
0.003334027922484
0.003334027922484
0.003334027922484
0.003334027922484
0.003334027922484
0.003334027922484
0.003334027922484
0.003334027922484
0.003334027922484
0.003334027922484
0.003334027922484
0.003334027922484
0.003334027922484
0.003334027922484
0.003334027922484
0.003334027922484
0.003334027922484
0.003334027922484
0.003334027922484
0.003334027922484
0.003334027922484
0.003334027922484
0.003334027922484
0.003334027922484
0.003334027922484
0.003334027922484
0.003334027922484
0.003334027922484
0.003334027922484
0.003334027922484
0.003334027922484
0.003334027922484
0.003334027922484
0.003334027922484
0.003334027922484
0.003334027922484
0.003334027922484
0.003334027922484
0.003334027922484
0.003334027922484
0.003334027922484
0.003334027922484
0.003334027922484
0.003334027922484
0.003334027922484
0.003334027922484
0.003334027922484
0.003334027922484
0.003334027922484
0.003334027922484
0.003334027922484
0.003334027922484
0.003334027922484
0.003334027922484
0.003334027922484
0.003334027922484
0.003334027922484
0.003334027922484
0.003334027922484
0.003334027922484
0.003334027922484
0.003334027922484
0.003334027922484
0.003334027922484
0.003334027922484
0.003334027922484
0.003334027922484
0.003334027922484
0.003334027922484
0.003334027922484
0.003334027922484
0.003334027922484
0.003334027922484
0.003334027922484
0.003334027922484
0.003334027922484
0.003334027922484
0.003334027922484
0.003334027922484
0.003334027922484
0.003334027922484
0.003334027922484
0.003334027922484
0.003334027922484
0.003334027922484
0.003334027922484
0.003334027922484
0.003334027922484
0.003334027922484
0.003334027922484
0.003334027922484
0.003334027922484
0.003334027922484
0.003334027922484
0.003334027922484
0.003334027922484
0.003334027922484
0.003334027922484
0.003334027922484
0.003334027922484
0.003334027922484
0.003334027922484
0.003334027922484
0.003334027922484
0.003334027922484
0.003334027922484
0.003334027922484
0.003334027922484
0.003334027922484
0.003334027922484
0.003334027922484
0.003334027922484
0.003334027922484
0.003334027922484
0.003334027922484
0.003334027922484
0.003334027922484
0.003334027922484
0.003334027922484
0.003334027922484
0.003334027922484
0.003334027922484
0.003334027922484
0.003334027922484
0.003334027922484
0.003334027922484
0.003334027922484
0.003334027922484
0.003334027922484
0.003334027922484
0.003334027922484
0.003334027922484
0.003334027922484
0.003334027922484
0.003334027922484
0.003334027922484
0.003334027922484
0.003334027922484
0.003334027922484
0.003334027922484
0.003334027922484
0.003334027922484
0.003334027922484
0.003334027922484
0.003334027922484
