1
0.161398635970947
0.083863997122159
0.045096677697765
0.025713017985567
0.016021188129469
0.011175273201420
0.008752315737395
0.007540837005383
0.006935097639377
0.006632227956374
0.006480793114872
0.006405075694121
0.006367216983746
0.006328971959999
0.006329165116685
0.006329261695028
0.006329309984199
0.006329334128785
0.003164679136685
0.003164679136685
0.003164679136685
0.003164679136685
0.003164679136685
0.003164679136685
0.003164679136685
0.003164679136685
0.003164679136685
0.003164679136685
0.003164679136685
0.003164679136685
0.003164679136685
0.003164679136685
0.003164679136685
0.003164679136685
0.003164679136685
0.003164679136685
0.003164679136685
0.003164679136685
0.003164679136685
0.003164679136685
0.003164679136685
0.003164679136685
0.003164679136685
0.003164679136685
0.003164679136685
0.003164679136685
0.003164679136685
0.003164679136685
0.003164679136685
0.003164679136685
0.003164679136685
0.003164679136685
0.003164679136685
0.003164679136685
0.003164679136685
0.003164679136685
0.003164679136685
0.003164679136685
0.003164679136685
0.003164679136685
0.003164679136685
0.003164679136685
0.003164679136685
0.003164679136685
0.003164679136685
0.003164679136685
0.003164679136685
0.003164679136685
0.003164679136685
0.003164679136685
0.003164679136685
0.003164679136685
0.003164679136685
0.003164679136685
0.003164679136685
0.003164679136685
0.003164679136685
0.003164679136685
0.003164679136685
0.003164679136685
0.003164679136685
0.003164679136685
0.003164679136685
0.003164679136685
0.003164679136685
0.003164679136685
0.003164679136685
0.003164679136685
0.003164679136685
0.003164679136685
0.003164679136685
0.003164679136685
0.003164679136685
0.003164679136685
0.003164679136685
0.003164679136685
0.003164679136685
0.003164679136685
0.003164679136685
0.003164679136685
0.003164679136685
0.003164679136685
0.003164679136685
0.003164679136685
0.003164679136685
0.003164679136685
0.003164679136685
0.003164679136685
0.003164679136685
0.003164679136685
0.003164679136685
0.003164679136685
0.003164679136685
0.003164679136685
0.003164679136685
0.003164679136685
0.003164679136685
0.003164679136685
0.003164679136685
0.003164679136685
0.003164679136685
0.003164679136685
0.003164679136685
0.003164679136685
0.003164679136685
0.003164679136685
0.003164679136685
0.003164679136685
0.003164679136685
0.003164679136685
0.003164679136685
0.003164679136685
0.003164679136685
0.003164679136685
0.003164679136685
0.003164679136685
0.003164679136685
0.003164679136685
0.003164679136685
0.003164679136685
0.003164679136685
0.003164679136685
0.003164679136685
0.003164679136685
0.003164679136685
0.003164679136685
0.003164679136685
0.003164679136685
0.003164679136685
0.003164679136685
0.003164679136685
0.003164679136685
0.003164679136685
0.003164679136685
0.003164679136685
0.003164679136685
0.003164679136685
0.003164679136685
0.003164679136685
0.003164679136685
0.003164679136685
0.003164679136685
0.003164679136685
0.003164679136685
0.003164679136685
0.003164679136685
0.003164679136685
0.003164679136685
0.003164679136685
0.003164679136685
0.003164679136685
0.003164679136685
0.003164679136685
0.003164679136685
0.003164679136685
0.003164679136685
0.003164679136685
0.003164679136685
0.003164679136685
0.003164679136685
0.003164679136685
0.003164679136685
0.003164679136685
0.003164679136685
0.003164679136685
0.003164679136685
0.003164679136685
0.003164679136685
0.003164679136685
0.003164679136685
0.003164679136685
0.003164679136685
0.003164679136685
0.003164679136685
0.003164679136685
0.003164679136685
0.003164679136685
0.003164679136685
0.003164679136685
0.003164679136685
