1
0.160383514153025
0.083336531863827
0.044813040719228
0.025551295146928
0.015920422360778
0.011104985967703
0.008697267771166
0.007493408672897
0.006891479123763
0.006590514349196
0.006440031961912
0.006364790768270
0.006327170171449
0.006289165690987
0.006289357632808
0.006289453603718
0.006289501589173
0.006289525581901
0.006289537578265
0.006289543576447
0.003144774787314
0.003144774787314
0.003144774787314
0.003144774787314
0.003144774787314
0.003144774787314
0.003144774787314
0.003144774787314
0.003144774787314
0.003144774787314
0.003144774787314
0.003144774787314
0.003144774787314
0.003144774787314
0.003144774787314
0.003144774787314
0.003144774787314
0.003144774787314
0.003144774787314
0.003144774787314
0.003144774787314
0.003144774787314
0.003144774787314
0.003144774787314
0.003144774787314
0.003144774787314
0.003144774787314
0.003144774787314
0.003144774787314
0.003144774787314
0.003144774787314
0.003144774787314
0.003144774787314
0.003144774787314
0.003144774787314
0.003144774787314
0.003144774787314
0.003144774787314
0.003144774787314
0.003144774787314
0.003144774787314
0.003144774787314
0.003144774787314
0.003144774787314
0.003144774787314
0.003144774787314
0.003144774787314
0.003144774787314
0.003144774787314
0.003144774787314
0.003144774787314
0.003144774787314
0.003144774787314
0.003144774787314
0.003144774787314
0.003144774787314
0.003144774787314
0.003144774787314
0.003144774787314
0.003144774787314
0.003144774787314
0.003144774787314
0.003144774787314
0.003144774787314
0.003144774787314
0.003144774787314
0.003144774787314
0.003144774787314
0.003144774787314
0.003144774787314
0.003144774787314
0.003144774787314
0.003144774787314
0.003144774787314
0.003144774787314
0.003144774787314
0.003144774787314
0.003144774787314
0.003144774787314
0.003144774787314
0.003144774787314
0.003144774787314
0.003144774787314
0.003144774787314
0.003144774787314
0.003144774787314
0.003144774787314
0.003144774787314
0.003144774787314
0.003144774787314
0.003144774787314
0.003144774787314
0.003144774787314
0.003144774787314
0.003144774787314
0.003144774787314
0.003144774787314
0.003144774787314
0.003144774787314
0.003144774787314
0.003144774787314
0.003144774787314
0.003144774787314
0.003144774787314
0.003144774787314
0.003144774787314
0.003144774787314
0.003144774787314
0.003144774787314
0.003144774787314
0.003144774787314
0.003144774787314
0.003144774787314
0.003144774787314
0.003144774787314
0.003144774787314
0.003144774787314
0.003144774787314
0.003144774787314
0.003144774787314
0.003144774787314
0.003144774787314
0.003144774787314
0.003144774787314
0.003144774787314
0.003144774787314
0.003144774787314
0.003144774787314
0.003144774787314
0.003144774787314
0.003144774787314
0.003144774787314
0.003144774787314
0.003144774787314
0.003144774787314
0.003144774787314
0.003144774787314
0.003144774787314
0.003144774787314
0.003144774787314
0.003144774787314
0.003144774787314
0.003144774787314
0.003144774787314
0.003144774787314
0.003144774787314
0.003144774787314
0.003144774787314
0.003144774787314
0.003144774787314
0.003144774787314
0.003144774787314
0.003144774787314
0.003144774787314
0.003144774787314
0.003144774787314
0.003144774787314
0.003144774787314
0.003144774787314
0.003144774787314
0.003144774787314
0.003144774787314
0.003144774787314
0.003144774787314
0.003144774787314
0.003144774787314
0.003144774787314
0.003144774787314
0.003144774787314
0.003144774787314
0.003144774787314
0.003144774787314
0.003144774787314
0.003144774787314
0.003144774787314
0.003144774787314
0.003144774787314
0.003144774787314
0.003144774787314
0.003144774787314
