1
0.132471732692417
0.068833351300962
0.037014160605234
0.021104565257370
0.013149767583438
0.009172368746473
0.007183669327990
0.006189319618748
0.005692144764127
0.005443557336817
0.005319263623162
0.005257116766334
0.005226043337920
0.005194652833706
0.005194811371606
0.005194890640557
0.005194930275032
0.005194950092269
0.005194960000888
0.005194964955197
0.005194967432352
0.005194968670929
0.005194969290218
0.005194969599862
0.005194969754684
0.005194969832095
0.005194969870801
0.005194969890154
0.005194969899830
0.005194969904668
0.005194969907087
0.005194969908297
0.005194969908902
0.005194969909204
0.005194969909355
0.005194969909431
0.005194969909469
0.005194969909488
0.005194969909497
0.005194969909502
0.005194969909504
0.005194969909505
0.005194969909506
0.005194969909506
0.005194969909506
0.005194969909506
0.005194969909507
0.005194969909507
0.005194969909507
0.005194969909507
0.005194969909507
0.005194969909507
0.005194969909507
0.005194969909507
0.005194969909507
0.005194969909507
0.005194969909507
0.005194969909507
0.005194969909507
0.005194969909507
0.005194969909507
0.005194969909507
0.005194969909507
0.005194969909507
0.005194969909507
0.005194969909507
0.005194969909507
0.005194969909507
0.005194969909507
0.005194969909507
0.005194969909507
0.005194969909507
0.005194969909507
0.005194969909507
0.005194969909507
0.005194969909507
0.005194969909507
0.005194969909507
0.005194969909507
0.005194969909507
0.005194969909507
0.005194969909507
0.005194969909507
0.005194969909507
0.005194969909507
0.005194969909507
0.005194969909507
0.002597484954753
0.002597484954753
0.002597484954753
0.002597484954753
0.002597484954753
0.002597484954753
0.002597484954753
0.002597484954753
0.002597484954753
0.002597484954753
0.002597484954753
0.002597484954753
0.002597484954753
0.002597484954753
0.002597484954753
0.002597484954753
0.002597484954753
0.002597484954753
0.002597484954753
0.002597484954753
0.002597484954753
0.002597484954753
0.002597484954753
0.002597484954753
0.002597484954753
0.002597484954753
0.002597484954753
0.002597484954753
0.002597484954753
0.002597484954753
0.002597484954753
0.002597484954753
0.002597484954753
0.002597484954753
0.002597484954753
0.002597484954753
0.002597484954753
0.002597484954753
0.002597484954753
0.002597484954753
0.002597484954753
0.002597484954753
0.002597484954753
0.002597484954753
0.002597484954753
0.002597484954753
0.002597484954753
0.002597484954753
0.002597484954753
0.002597484954753
0.002597484954753
0.002597484954753
0.002597484954753
0.002597484954753
0.002597484954753
0.002597484954753
0.002597484954753
0.002597484954753
0.002597484954753
0.002597484954753
0.002597484954753
0.002597484954753
0.002597484954753
0.002597484954753
0.002597484954753
0.002597484954753
0.002597484954753
0.002597484954753
0.002597484954753
0.002597484954753
0.002597484954753
0.002597484954753
0.002597484954753
0.002597484954753
0.002597484954753
0.002597484954753
0.002597484954753
0.002597484954753
0.002597484954753
0.002597484954753
0.002597484954753
0.002597484954753
0.002597484954753
0.002597484954753
0.002597484954753
0.002597484954753
0.002597484954753
0.002597484954753
0.002597484954753
0.002597484954753
0.002597484954753
0.002597484954753
0.002597484954753
0.002597484954753
0.002597484954753
0.002597484954753
0.002597484954753
0.002597484954753
0.002597484954753
0.002597484954753
0.002597484954753
0.002597484954753
0.002597484954753
0.002597484954753
0.002597484954753
0.002597484954753
0.002597484954753
0.002597484954753
0.002597484954753
0.002597484954753
0.002597484954753
0.002597484954753
0.002597484954753
