1
0.176623376623377
0.091774891774892
0.049350649350649
0.003463203463203
0.003463203463203
0.003463203463203
0.003463203463203
0.003463203463203
0.003463203463203
0.003463203463203
0.003463203463203
0.003463203463203
0.003463203463203
0.003463203463203
0.003463203463203
0.003463203463203
0.003463203463203
0.003463203463203
0.003463203463203
0.003463203463203
0.003463203463203
0.003463203463203
0.003463203463203
0.003463203463203
0.003463203463203
0.003463203463203
0.003463203463203
0.003463203463203
0.003463203463203
0.003463203463203
0.003463203463203
0.003463203463203
0.003463203463203
0.003463203463203
0.003463203463203
0.003463203463203
0.003463203463203
0.003463203463203
0.003463203463203
0.003463203463203
0.003463203463203
0.003463203463203
0.003463203463203
0.003463203463203
0.003463203463203
0.003463203463203
0.003463203463203
0.003463203463203
0.003463203463203
0.003463203463203
0.003463203463203
0.003463203463203
0.003463203463203
0.003463203463203
0.003463203463203
0.003463203463203
0.003463203463203
0.003463203463203
0.003463203463203
0.003463203463203
0.003463203463203
0.003463203463203
0.003463203463203
0.003463203463203
0.003463203463203
0.003463203463203
0.003463203463203
0.003463203463203
0.003463203463203
0.003463203463203
0.003463203463203
0.003463203463203
0.003463203463203
0.003463203463203
0.003463203463203
0.003463203463203
0.003463203463203
0.003463203463203
0.003463203463203
0.003463203463203
0.003463203463203
0.003463203463203
0.003463203463203
0.003463203463203
0.003463203463203
0.003463203463203
0.003463203463203
0.003463203463203
0.003463203463203
0.003463203463203
0.003463203463203
0.003463203463203
0.003463203463203
0.003463203463203
0.003463203463203
0.003463203463203
0.003463203463203
0.003463203463203
0.003463203463203
0.003463203463203
0.003463203463203
0.003463203463203
0.003463203463203
0.003463203463203
0.003463203463203
0.003463203463203
0.003463203463203
0.003463203463203
0.003463203463203
0.003463203463203
0.003463203463203
0.003463203463203
0.003463203463203
0.003463203463203
0.003463203463203
0.003463203463203
0.003463203463203
0.003463203463203
0.003463203463203
0.003463203463203
0.003463203463203
0.003463203463203
0.003463203463203
0.003463203463203
0.003463203463203
0.003463203463203
0.003463203463203
0.003463203463203
0.003463203463203
0.003463203463203
0.003463203463203
0.003463203463203
0.003463203463203
0.003463203463203
0.003463203463203
0.003463203463203
0.003463203463203
0.003463203463203
0.003463203463203
0.003463203463203
0.003463203463203
0.003463203463203
0.003463203463203
0.003463203463203
0.003463203463203
0.003463203463203
0.003463203463203
0.003463203463203
0.003463203463203
0.003463203463203
0.003463203463203
0.003463203463203
0.003463203463203
0.003463203463203
0.003463203463203
0.003463203463203
0.003463203463203
0.003463203463203
0.003463203463203
0.003463203463203
0.003463203463203
0.003463203463203
0.003463203463203
0.003463203463203
0.003463203463203
0.003463203463203
0.003463203463203
0.003463203463203
0.003463203463203
0.003463203463203
0.003463203463203
0.003463203463203
0.003463203463203
0.003463203463203
0.003463203463203
0.003463203463203
0.003463203463203
0.003463203463203
0.003463203463203
0.003463203463203
0.003463203463203
0.003463203463203
0.003463203463203
0.003463203463203
0.003463203463203
0.003463203463203
0.003463203463203
0.003463203463203
0.003463203463203
0.003463203463203
0.003463203463203
0.003463203463203
0.003463203463203
0.003463203463203
0.003463203463203
0.003463203463203
0.003463203463203
0.003463203463203
0.003463203463203
0.003463203463203
