1
0.152244353586805
0.079107360197065
0.042538863502195
0.024254615154761
0.015112490981043
0.010541428894184
0.008255897850755
0.007113132329040
0.006541749568183
0.006256058187754
0.006113212497540
0.006041789652433
0.006006078229879
0.005970002405055
0.005970184606190
0.005970275706758
0.005970321257042
0.005970344032184
0.005970355419755
0.005970361113540
0.005970363960433
0.005970365383879
0.005970366095602
0.005970366451464
0.005970366629395
0.005970366718360
0.005970366762843
0.005970366785084
0.005970366796205
0.005970366801765
0.005970366804546
0.005970366805936
0.005970366806631
0.005970366806978
0.005970366807152
0.005970366807239
0.005970366807282
0.002985183403663
0.002985183403663
0.002985183403663
0.002985183403663
0.002985183403663
0.002985183403663
0.002985183403663
0.002985183403663
0.002985183403663
0.002985183403663
0.002985183403663
0.002985183403663
0.002985183403663
0.002985183403663
0.002985183403663
0.002985183403663
0.002985183403663
0.002985183403663
0.002985183403663
0.002985183403663
0.002985183403663
0.002985183403663
0.002985183403663
0.002985183403663
0.002985183403663
0.002985183403663
0.002985183403663
0.002985183403663
0.002985183403663
0.002985183403663
0.002985183403663
0.002985183403663
0.002985183403663
0.002985183403663
0.002985183403663
0.002985183403663
0.002985183403663
0.002985183403663
0.002985183403663
0.002985183403663
0.002985183403663
0.002985183403663
0.002985183403663
0.002985183403663
0.002985183403663
0.002985183403663
0.002985183403663
0.002985183403663
0.002985183403663
0.002985183403663
0.002985183403663
0.002985183403663
0.002985183403663
0.002985183403663
0.002985183403663
0.002985183403663
0.002985183403663
0.002985183403663
0.002985183403663
0.002985183403663
0.002985183403663
0.002985183403663
0.002985183403663
0.002985183403663
0.002985183403663
0.002985183403663
0.002985183403663
0.002985183403663
0.002985183403663
0.002985183403663
0.002985183403663
0.002985183403663
0.002985183403663
0.002985183403663
0.002985183403663
0.002985183403663
0.002985183403663
0.002985183403663
0.002985183403663
0.002985183403663
0.002985183403663
0.002985183403663
0.002985183403663
0.002985183403663
0.002985183403663
0.002985183403663
0.002985183403663
0.002985183403663
0.002985183403663
0.002985183403663
0.002985183403663
0.002985183403663
0.002985183403663
0.002985183403663
0.002985183403663
0.002985183403663
0.002985183403663
0.002985183403663
0.002985183403663
0.002985183403663
0.002985183403663
0.002985183403663
0.002985183403663
0.002985183403663
0.002985183403663
0.002985183403663
0.002985183403663
0.002985183403663
0.002985183403663
0.002985183403663
0.002985183403663
0.002985183403663
0.002985183403663
0.002985183403663
0.002985183403663
0.002985183403663
0.002985183403663
0.002985183403663
0.002985183403663
0.002985183403663
0.002985183403663
0.002985183403663
0.002985183403663
0.002985183403663
0.002985183403663
0.002985183403663
0.002985183403663
0.002985183403663
0.002985183403663
0.002985183403663
0.002985183403663
0.002985183403663
0.002985183403663
0.002985183403663
0.002985183403663
0.002985183403663
0.002985183403663
0.002985183403663
0.002985183403663
0.002985183403663
0.002985183403663
0.002985183403663
0.002985183403663
0.002985183403663
0.002985183403663
0.002985183403663
0.002985183403663
0.002985183403663
0.002985183403663
0.002985183403663
0.002985183403663
0.002985183403663
0.002985183403663
0.002985183403663
0.002985183403663
0.002985183403663
0.002985183403663
0.002985183403663
0.002985183403663
0.002985183403663
0.002985183403663
0.002985183403663
0.002985183403663
