1
0.144072764691358
0.074861338516098
0.040255625428468
0.022952768884653
0.014301340612745
0.009975626476791
0.007812769408814
0.006731340874826
0.006190626607832
0.005920269474335
0.005785090907586
0.005717501624212
0.005683706982525
0.005649567497555
0.005649739919196
0.005649826130017
0.005649869235427
0.005649890788132
0.005649901564485
0.005649906952661
0.005649909646749
0.005649910993794
0.005649911667316
0.005649912004077
0.005649912172457
0.005649912256647
0.005649912298742
0.005649912319790
0.005649912330314
0.005649912335576
0.005649912338207
0.005649912339522
0.005649912340180
0.005649912340509
0.005649912340673
0.005649912340755
0.005649912340796
0.005649912340817
0.005649912340827
0.005649912340832
0.005649912340835
0.005649912340836
0.005649912340837
0.005649912340837
0.005649912340837
0.005649912340838
0.005649912340838
0.005649912340838
0.005649912340838
0.005649912340838
0.005649912340838
0.005649912340838
0.005649912340838
0.005649912340838
0.005649912340838
0.005649912340838
0.002824956170419
0.002824956170419
0.002824956170419
0.002824956170419
0.002824956170419
0.002824956170419
0.002824956170419
0.002824956170419
0.002824956170419
0.002824956170419
0.002824956170419
0.002824956170419
0.002824956170419
0.002824956170419
0.002824956170419
0.002824956170419
0.002824956170419
0.002824956170419
0.002824956170419
0.002824956170419
0.002824956170419
0.002824956170419
0.002824956170419
0.002824956170419
0.002824956170419
0.002824956170419
0.002824956170419
0.002824956170419
0.002824956170419
0.002824956170419
0.002824956170419
0.002824956170419
0.002824956170419
0.002824956170419
0.002824956170419
0.002824956170419
0.002824956170419
0.002824956170419
0.002824956170419
0.002824956170419
0.002824956170419
0.002824956170419
0.002824956170419
0.002824956170419
0.002824956170419
0.002824956170419
0.002824956170419
0.002824956170419
0.002824956170419
0.002824956170419
0.002824956170419
0.002824956170419
0.002824956170419
0.002824956170419
0.002824956170419
0.002824956170419
0.002824956170419
0.002824956170419
0.002824956170419
0.002824956170419
0.002824956170419
0.002824956170419
0.002824956170419
0.002824956170419
0.002824956170419
0.002824956170419
0.002824956170419
0.002824956170419
0.002824956170419
0.002824956170419
0.002824956170419
0.002824956170419
0.002824956170419
0.002824956170419
0.002824956170419
0.002824956170419
0.002824956170419
0.002824956170419
0.002824956170419
0.002824956170419
0.002824956170419
0.002824956170419
0.002824956170419
0.002824956170419
0.002824956170419
0.002824956170419
0.002824956170419
0.002824956170419
0.002824956170419
0.002824956170419
0.002824956170419
0.002824956170419
0.002824956170419
0.002824956170419
0.002824956170419
0.002824956170419
0.002824956170419
0.002824956170419
0.002824956170419
0.002824956170419
0.002824956170419
0.002824956170419
0.002824956170419
0.002824956170419
0.002824956170419
0.002824956170419
0.002824956170419
0.002824956170419
0.002824956170419
0.002824956170419
0.002824956170419
0.002824956170419
0.002824956170419
0.002824956170419
0.002824956170419
0.002824956170419
0.002824956170419
0.002824956170419
0.002824956170419
0.002824956170419
0.002824956170419
0.002824956170419
0.002824956170419
0.002824956170419
0.002824956170419
0.002824956170419
0.002824956170419
0.002824956170419
0.002824956170419
0.002824956170419
0.002824956170419
0.002824956170419
0.002824956170419
0.002824956170419
0.002824956170419
0.002824956170419
0.002824956170419
0.002824956170419
0.002824956170419
0.002824956170419
0.002824956170419
0.002824956170419
0.002824956170419
0.002824956170419
