1
0.135282894966914
0.070294053267122
0.037799632417226
0.021552421992278
0.013428816779804
0.009367014173567
0.007336112870448
0.006320662218889
0.005812936893110
0.005559074230220
0.005432142898775
0.005368677233052
0.005336944400191
0.005304887762913
0.005305049665121
0.005305130616226
0.005305171091778
0.005305191329554
0.005305201448442
0.005305206507886
0.005305209037608
0.005305210302469
0.005305210934899
0.005305211251115
0.005305211409222
0.005305211488276
0.005305211527803
0.005305211547566
0.005305211557448
0.005305211562389
0.005305211564860
0.005305211566095
0.005305211566712
0.005305211567021
0.005305211567176
0.005305211567253
0.005305211567291
0.005305211567311
0.005305211567320
0.005305211567325
0.005305211567328
0.005305211567329
0.005305211567329
0.005305211567330
0.005305211567330
0.005305211567330
0.005305211567330
0.005305211567330
0.005305211567330
0.005305211567330
0.005305211567330
0.005305211567330
0.005305211567330
0.005305211567330
0.005305211567330
0.005305211567330
0.005305211567330
0.005305211567330
0.005305211567330
0.005305211567330
0.005305211567330
0.005305211567330
0.005305211567330
0.005305211567330
0.005305211567330
0.005305211567330
0.005305211567330
0.005305211567330
0.005305211567330
0.005305211567330
0.005305211567330
0.005305211567330
0.005305211567330
0.005305211567330
0.005305211567330
0.005305211567330
0.005305211567330
0.005305211567330
0.005305211567330
0.002652605783665
0.002652605783665
0.002652605783665
0.002652605783665
0.002652605783665
0.002652605783665
0.002652605783665
0.002652605783665
0.002652605783665
0.002652605783665
0.002652605783665
0.002652605783665
0.002652605783665
0.002652605783665
0.002652605783665
0.002652605783665
0.002652605783665
0.002652605783665
0.002652605783665
0.002652605783665
0.002652605783665
0.002652605783665
0.002652605783665
0.002652605783665
0.002652605783665
0.002652605783665
0.002652605783665
0.002652605783665
0.002652605783665
0.002652605783665
0.002652605783665
0.002652605783665
0.002652605783665
0.002652605783665
0.002652605783665
0.002652605783665
0.002652605783665
0.002652605783665
0.002652605783665
0.002652605783665
0.002652605783665
0.002652605783665
0.002652605783665
0.002652605783665
0.002652605783665
0.002652605783665
0.002652605783665
0.002652605783665
0.002652605783665
0.002652605783665
0.002652605783665
0.002652605783665
0.002652605783665
0.002652605783665
0.002652605783665
0.002652605783665
0.002652605783665
0.002652605783665
0.002652605783665
0.002652605783665
0.002652605783665
0.002652605783665
0.002652605783665
0.002652605783665
0.002652605783665
0.002652605783665
0.002652605783665
0.002652605783665
0.002652605783665
0.002652605783665
0.002652605783665
0.002652605783665
0.002652605783665
0.002652605783665
0.002652605783665
0.002652605783665
0.002652605783665
0.002652605783665
0.002652605783665
0.002652605783665
0.002652605783665
0.002652605783665
0.002652605783665
0.002652605783665
0.002652605783665
0.002652605783665
0.002652605783665
0.002652605783665
0.002652605783665
0.002652605783665
0.002652605783665
0.002652605783665
0.002652605783665
0.002652605783665
0.002652605783665
0.002652605783665
0.002652605783665
0.002652605783665
0.002652605783665
0.002652605783665
0.002652605783665
0.002652605783665
0.002652605783665
0.002652605783665
0.002652605783665
0.002652605783665
0.002652605783665
0.002652605783665
0.002652605783665
0.002652605783665
0.002652605783665
0.002652605783665
0.002652605783665
0.002652605783665
0.002652605783665
0.002652605783665
0.002652605783665
0.002652605783665
0.002652605783665
0.002652605783665
0.002652605783665
