1
0.151791228929387
0.078871913071152
0.042412255142035
0.024182426177476
0.015067511695196
0.010510054454057
0.008231325833487
0.007091961523202
0.006522279368060
0.006237438290488
0.006095017751703
0.006023807482310
0.005988202347614
0.005952233895216
0.005952415554067
0.005952506383492
0.005952551798205
0.005952574505561
0.005952585859239
0.005952591536078
0.005952594374498
0.005952595793707
0.005952596503312
0.005952596858115
0.005952597035516
0.005952597124217
0.005952597168567
0.005952597190742
0.005952597201830
0.005952597207373
0.005952597210145
0.005952597211531
0.005952597212224
0.005952597212571
0.005952597212744
0.005952597212831
0.005952597212874
0.005952597212895
0.002976298606459
0.002976298606459
0.002976298606459
0.002976298606459
0.002976298606459
0.002976298606459
0.002976298606459
0.002976298606459
0.002976298606459
0.002976298606459
0.002976298606459
0.002976298606459
0.002976298606459
0.002976298606459
0.002976298606459
0.002976298606459
0.002976298606459
0.002976298606459
0.002976298606459
0.002976298606459
0.002976298606459
0.002976298606459
0.002976298606459
0.002976298606459
0.002976298606459
0.002976298606459
0.002976298606459
0.002976298606459
0.002976298606459
0.002976298606459
0.002976298606459
0.002976298606459
0.002976298606459
0.002976298606459
0.002976298606459
0.002976298606459
0.002976298606459
0.002976298606459
0.002976298606459
0.002976298606459
0.002976298606459
0.002976298606459
0.002976298606459
0.002976298606459
0.002976298606459
0.002976298606459
0.002976298606459
0.002976298606459
0.002976298606459
0.002976298606459
0.002976298606459
0.002976298606459
0.002976298606459
0.002976298606459
0.002976298606459
0.002976298606459
0.002976298606459
0.002976298606459
0.002976298606459
0.002976298606459
0.002976298606459
0.002976298606459
0.002976298606459
0.002976298606459
0.002976298606459
0.002976298606459
0.002976298606459
0.002976298606459
0.002976298606459
0.002976298606459
0.002976298606459
0.002976298606459
0.002976298606459
0.002976298606459
0.002976298606459
0.002976298606459
0.002976298606459
0.002976298606459
0.002976298606459
0.002976298606459
0.002976298606459
0.002976298606459
0.002976298606459
0.002976298606459
0.002976298606459
0.002976298606459
0.002976298606459
0.002976298606459
0.002976298606459
0.002976298606459
0.002976298606459
0.002976298606459
0.002976298606459
0.002976298606459
0.002976298606459
0.002976298606459
0.002976298606459
0.002976298606459
0.002976298606459
0.002976298606459
0.002976298606459
0.002976298606459
0.002976298606459
0.002976298606459
0.002976298606459
0.002976298606459
0.002976298606459
0.002976298606459
0.002976298606459
0.002976298606459
0.002976298606459
0.002976298606459
0.002976298606459
0.002976298606459
0.002976298606459
0.002976298606459
0.002976298606459
0.002976298606459
0.002976298606459
0.002976298606459
0.002976298606459
0.002976298606459
0.002976298606459
0.002976298606459
0.002976298606459
0.002976298606459
0.002976298606459
0.002976298606459
0.002976298606459
0.002976298606459
0.002976298606459
0.002976298606459
0.002976298606459
0.002976298606459
0.002976298606459
0.002976298606459
0.002976298606459
0.002976298606459
0.002976298606459
0.002976298606459
0.002976298606459
0.002976298606459
0.002976298606459
0.002976298606459
0.002976298606459
0.002976298606459
0.002976298606459
0.002976298606459
0.002976298606459
0.002976298606459
0.002976298606459
0.002976298606459
0.002976298606459
0.002976298606459
0.002976298606459
0.002976298606459
0.002976298606459
0.002976298606459
0.002976298606459
0.002976298606459
0.002976298606459
0.002976298606459
