1
0.168612459964872
0.087612356648414
0.047112304990185
0.026862279161070
0.016737266246513
0.011674759789234
0.003306126665978
0.003306126665978
0.003306126665978
0.003306126665978
0.003306126665978
0.003306126665978
0.003306126665978
0.003306126665978
0.003306126665978
0.003306126665978
0.003306126665978
0.003306126665978
0.003306126665978
0.003306126665978
0.003306126665978
0.003306126665978
0.003306126665978
0.003306126665978
0.003306126665978
0.003306126665978
0.003306126665978
0.003306126665978
0.003306126665978
0.003306126665978
0.003306126665978
0.003306126665978
0.003306126665978
0.003306126665978
0.003306126665978
0.003306126665978
0.003306126665978
0.003306126665978
0.003306126665978
0.003306126665978
0.003306126665978
0.003306126665978
0.003306126665978
0.003306126665978
0.003306126665978
0.003306126665978
0.003306126665978
0.003306126665978
0.003306126665978
0.003306126665978
0.003306126665978
0.003306126665978
0.003306126665978
0.003306126665978
0.003306126665978
0.003306126665978
0.003306126665978
0.003306126665978
0.003306126665978
0.003306126665978
0.003306126665978
0.003306126665978
0.003306126665978
0.003306126665978
0.003306126665978
0.003306126665978
0.003306126665978
0.003306126665978
0.003306126665978
0.003306126665978
0.003306126665978
0.003306126665978
0.003306126665978
0.003306126665978
0.003306126665978
0.003306126665978
0.003306126665978
0.003306126665978
0.003306126665978
0.003306126665978
0.003306126665978
0.003306126665978
0.003306126665978
0.003306126665978
0.003306126665978
0.003306126665978
0.003306126665978
0.003306126665978
0.003306126665978
0.003306126665978
0.003306126665978
0.003306126665978
0.003306126665978
0.003306126665978
0.003306126665978
0.003306126665978
0.003306126665978
0.003306126665978
0.003306126665978
0.003306126665978
0.003306126665978
0.003306126665978
0.003306126665978
0.003306126665978
0.003306126665978
0.003306126665978
0.003306126665978
0.003306126665978
0.003306126665978
0.003306126665978
0.003306126665978
0.003306126665978
0.003306126665978
0.003306126665978
0.003306126665978
0.003306126665978
0.003306126665978
0.003306126665978
0.003306126665978
0.003306126665978
0.003306126665978
0.003306126665978
0.003306126665978
0.003306126665978
0.003306126665978
0.003306126665978
0.003306126665978
0.003306126665978
0.003306126665978
0.003306126665978
0.003306126665978
0.003306126665978
0.003306126665978
0.003306126665978
0.003306126665978
0.003306126665978
0.003306126665978
0.003306126665978
0.003306126665978
0.003306126665978
0.003306126665978
0.003306126665978
0.003306126665978
0.003306126665978
0.003306126665978
0.003306126665978
0.003306126665978
0.003306126665978
0.003306126665978
0.003306126665978
0.003306126665978
0.003306126665978
0.003306126665978
0.003306126665978
0.003306126665978
0.003306126665978
0.003306126665978
0.003306126665978
0.003306126665978
0.003306126665978
0.003306126665978
0.003306126665978
0.003306126665978
0.003306126665978
0.003306126665978
0.003306126665978
0.003306126665978
0.003306126665978
0.003306126665978
0.003306126665978
0.003306126665978
0.003306126665978
0.003306126665978
0.003306126665978
0.003306126665978
0.003306126665978
0.003306126665978
0.003306126665978
0.003306126665978
0.003306126665978
0.003306126665978
0.003306126665978
0.003306126665978
0.003306126665978
0.003306126665978
0.003306126665978
0.003306126665978
0.003306126665978
0.003306126665978
0.003306126665978
0.003306126665978
0.003306126665978
0.003306126665978
0.003306126665978
0.003306126665978
0.003306126665978
0.003306126665978
0.003306126665978
0.003306126665978
0.003306126665978
