1
0.163993446416922
0.085212280981342
0.045821698263552
0.026126406904657
0.016278761225209
0.011354938385485
0.008893026965624
0.007662071255693
0.007046593400727
0.006738854473244
0.006584985009503
0.006508050277632
0.006469582911697
0.003215557772881
0.003215557772881
0.003215557772881
0.003215557772881
0.003215557772881
0.003215557772881
0.003215557772881
0.003215557772881
0.003215557772881
0.003215557772881
0.003215557772881
0.003215557772881
0.003215557772881
0.003215557772881
0.003215557772881
0.003215557772881
0.003215557772881
0.003215557772881
0.003215557772881
0.003215557772881
0.003215557772881
0.003215557772881
0.003215557772881
0.003215557772881
0.003215557772881
0.003215557772881
0.003215557772881
0.003215557772881
0.003215557772881
0.003215557772881
0.003215557772881
0.003215557772881
0.003215557772881
0.003215557772881
0.003215557772881
0.003215557772881
0.003215557772881
0.003215557772881
0.003215557772881
0.003215557772881
0.003215557772881
0.003215557772881
0.003215557772881
0.003215557772881
0.003215557772881
0.003215557772881
0.003215557772881
0.003215557772881
0.003215557772881
0.003215557772881
0.003215557772881
0.003215557772881
0.003215557772881
0.003215557772881
0.003215557772881
0.003215557772881
0.003215557772881
0.003215557772881
0.003215557772881
0.003215557772881
0.003215557772881
0.003215557772881
0.003215557772881
0.003215557772881
0.003215557772881
0.003215557772881
0.003215557772881
0.003215557772881
0.003215557772881
0.003215557772881
0.003215557772881
0.003215557772881
0.003215557772881
0.003215557772881
0.003215557772881
0.003215557772881
0.003215557772881
0.003215557772881
0.003215557772881
0.003215557772881
0.003215557772881
0.003215557772881
0.003215557772881
0.003215557772881
0.003215557772881
0.003215557772881
0.003215557772881
0.003215557772881
0.003215557772881
0.003215557772881
0.003215557772881
0.003215557772881
0.003215557772881
0.003215557772881
0.003215557772881
0.003215557772881
0.003215557772881
0.003215557772881
0.003215557772881
0.003215557772881
0.003215557772881
0.003215557772881
0.003215557772881
0.003215557772881
0.003215557772881
0.003215557772881
0.003215557772881
0.003215557772881
0.003215557772881
0.003215557772881
0.003215557772881
0.003215557772881
0.003215557772881
0.003215557772881
0.003215557772881
0.003215557772881
0.003215557772881
0.003215557772881
0.003215557772881
0.003215557772881
0.003215557772881
0.003215557772881
0.003215557772881
0.003215557772881
0.003215557772881
0.003215557772881
0.003215557772881
0.003215557772881
0.003215557772881
0.003215557772881
0.003215557772881
0.003215557772881
0.003215557772881
0.003215557772881
0.003215557772881
0.003215557772881
0.003215557772881
0.003215557772881
0.003215557772881
0.003215557772881
0.003215557772881
0.003215557772881
0.003215557772881
0.003215557772881
0.003215557772881
0.003215557772881
0.003215557772881
0.003215557772881
0.003215557772881
0.003215557772881
0.003215557772881
0.003215557772881
0.003215557772881
0.003215557772881
0.003215557772881
0.003215557772881
0.003215557772881
0.003215557772881
0.003215557772881
0.003215557772881
0.003215557772881
0.003215557772881
0.003215557772881
0.003215557772881
0.003215557772881
0.003215557772881
0.003215557772881
0.003215557772881
0.003215557772881
0.003215557772881
0.003215557772881
0.003215557772881
0.003215557772881
0.003215557772881
0.003215557772881
0.003215557772881
0.003215557772881
0.003215557772881
0.003215557772881
0.003215557772881
0.003215557772881
0.003215557772881
0.003215557772881
0.003215557772881
0.003215557772881
0.003215557772881
0.003215557772881
