1
0.137842385530561
0.071623984638429
0.038514784192363
0.021960183969330
0.013682883857813
0.009544233802055
0.007474908774176
0.006440246260236
0.005922915003266
0.005664249374781
0.005534916560539
0.005470250153418
0.005437916949857
0.005405253815648
0.005405418780972
0.005405501263634
0.005405542504965
0.005405563125631
0.005405573435964
0.005405578591130
0.005405581168713
0.005405582457505
0.005405583101901
0.005405583424099
0.005405583585198
0.005405583665747
0.005405583706022
0.005405583726159
0.005405583736228
0.005405583741262
0.005405583743779
0.005405583745038
0.005405583745667
0.005405583745982
0.005405583746139
0.005405583746218
0.005405583746257
0.005405583746277
0.005405583746287
0.005405583746292
0.005405583746294
0.005405583746295
0.005405583746296
0.005405583746296
0.005405583746296
0.005405583746296
0.005405583746296
0.005405583746297
0.005405583746297
0.005405583746297
0.005405583746297
0.005405583746297
0.005405583746297
0.005405583746297
0.005405583746297
0.005405583746297
0.005405583746297
0.005405583746297
0.005405583746297
0.005405583746297
0.005405583746297
0.005405583746297
0.005405583746297
0.005405583746297
0.005405583746297
0.005405583746297
0.005405583746297
0.005405583746297
0.005405583746297
0.005405583746297
0.005405583746297
0.005405583746297
0.002702791873148
0.002702791873148
0.002702791873148
0.002702791873148
0.002702791873148
0.002702791873148
0.002702791873148
0.002702791873148
0.002702791873148
0.002702791873148
0.002702791873148
0.002702791873148
0.002702791873148
0.002702791873148
0.002702791873148
0.002702791873148
0.002702791873148
0.002702791873148
0.002702791873148
0.002702791873148
0.002702791873148
0.002702791873148
0.002702791873148
0.002702791873148
0.002702791873148
0.002702791873148
0.002702791873148
0.002702791873148
0.002702791873148
0.002702791873148
0.002702791873148
0.002702791873148
0.002702791873148
0.002702791873148
0.002702791873148
0.002702791873148
0.002702791873148
0.002702791873148
0.002702791873148
0.002702791873148
0.002702791873148
0.002702791873148
0.002702791873148
0.002702791873148
0.002702791873148
0.002702791873148
0.002702791873148
0.002702791873148
0.002702791873148
0.002702791873148
0.002702791873148
0.002702791873148
0.002702791873148
0.002702791873148
0.002702791873148
0.002702791873148
0.002702791873148
0.002702791873148
0.002702791873148
0.002702791873148
0.002702791873148
0.002702791873148
0.002702791873148
0.002702791873148
0.002702791873148
0.002702791873148
0.002702791873148
0.002702791873148
0.002702791873148
0.002702791873148
0.002702791873148
0.002702791873148
0.002702791873148
0.002702791873148
0.002702791873148
0.002702791873148
0.002702791873148
0.002702791873148
0.002702791873148
0.002702791873148
0.002702791873148
0.002702791873148
0.002702791873148
0.002702791873148
0.002702791873148
0.002702791873148
0.002702791873148
0.002702791873148
0.002702791873148
0.002702791873148
0.002702791873148
0.002702791873148
0.002702791873148
0.002702791873148
0.002702791873148
0.002702791873148
0.002702791873148
0.002702791873148
0.002702791873148
0.002702791873148
0.002702791873148
0.002702791873148
0.002702791873148
0.002702791873148
0.002702791873148
0.002702791873148
0.002702791873148
0.002702791873148
0.002702791873148
0.002702791873148
0.002702791873148
0.002702791873148
0.002702791873148
0.002702791873148
0.002702791873148
0.002702791873148
0.002702791873148
0.002702791873148
0.002702791873148
0.002702791873148
0.002702791873148
0.002702791873148
0.002702791873148
0.002702791873148
0.002702791873148
0.002702791873148
0.002702791873148
0.002702791873148
