1
0.166875431376058
0.086709782969912
0.046626958766840
0.026585546665303
0.016564840614535
0.011554487589151
0.009049311076459
0.007796722820113
0.003272067281883
0.003272067281883
0.003272067281883
0.003272067281883
0.003272067281883
0.003272067281883
0.003272067281883
0.003272067281883
0.003272067281883
0.003272067281883
0.003272067281883
0.003272067281883
0.003272067281883
0.003272067281883
0.003272067281883
0.003272067281883
0.003272067281883
0.003272067281883
0.003272067281883
0.003272067281883
0.003272067281883
0.003272067281883
0.003272067281883
0.003272067281883
0.003272067281883
0.003272067281883
0.003272067281883
0.003272067281883
0.003272067281883
0.003272067281883
0.003272067281883
0.003272067281883
0.003272067281883
0.003272067281883
0.003272067281883
0.003272067281883
0.003272067281883
0.003272067281883
0.003272067281883
0.003272067281883
0.003272067281883
0.003272067281883
0.003272067281883
0.003272067281883
0.003272067281883
0.003272067281883
0.003272067281883
0.003272067281883
0.003272067281883
0.003272067281883
0.003272067281883
0.003272067281883
0.003272067281883
0.003272067281883
0.003272067281883
0.003272067281883
0.003272067281883
0.003272067281883
0.003272067281883
0.003272067281883
0.003272067281883
0.003272067281883
0.003272067281883
0.003272067281883
0.003272067281883
0.003272067281883
0.003272067281883
0.003272067281883
0.003272067281883
0.003272067281883
0.003272067281883
0.003272067281883
0.003272067281883
0.003272067281883
0.003272067281883
0.003272067281883
0.003272067281883
0.003272067281883
0.003272067281883
0.003272067281883
0.003272067281883
0.003272067281883
0.003272067281883
0.003272067281883
0.003272067281883
0.003272067281883
0.003272067281883
0.003272067281883
0.003272067281883
0.003272067281883
0.003272067281883
0.003272067281883
0.003272067281883
0.003272067281883
0.003272067281883
0.003272067281883
0.003272067281883
0.003272067281883
0.003272067281883
0.003272067281883
0.003272067281883
0.003272067281883
0.003272067281883
0.003272067281883
0.003272067281883
0.003272067281883
0.003272067281883
0.003272067281883
0.003272067281883
0.003272067281883
0.003272067281883
0.003272067281883
0.003272067281883
0.003272067281883
0.003272067281883
0.003272067281883
0.003272067281883
0.003272067281883
0.003272067281883
0.003272067281883
0.003272067281883
0.003272067281883
0.003272067281883
0.003272067281883
0.003272067281883
0.003272067281883
0.003272067281883
0.003272067281883
0.003272067281883
0.003272067281883
0.003272067281883
0.003272067281883
0.003272067281883
0.003272067281883
0.003272067281883
0.003272067281883
0.003272067281883
0.003272067281883
0.003272067281883
0.003272067281883
0.003272067281883
0.003272067281883
0.003272067281883
0.003272067281883
0.003272067281883
0.003272067281883
0.003272067281883
0.003272067281883
0.003272067281883
0.003272067281883
0.003272067281883
0.003272067281883
0.003272067281883
0.003272067281883
0.003272067281883
0.003272067281883
0.003272067281883
0.003272067281883
0.003272067281883
0.003272067281883
0.003272067281883
0.003272067281883
0.003272067281883
0.003272067281883
0.003272067281883
0.003272067281883
0.003272067281883
0.003272067281883
0.003272067281883
0.003272067281883
0.003272067281883
0.003272067281883
0.003272067281883
0.003272067281883
0.003272067281883
0.003272067281883
0.003272067281883
0.003272067281883
0.003272067281883
0.003272067281883
0.003272067281883
0.003272067281883
0.003272067281883
0.003272067281883
0.003272067281883
0.003272067281883
0.003272067281883
0.003272067281883
0.003272067281883
0.003272067281883
0.003272067281883
0.003272067281883
