1
0.150005385648324
0.077943974895698
0.041913269519385
0.023897916831228
0.014890240487150
0.010386402315111
0.008134483229091
0.007008523686081
0.006445543914576
0.006164054028824
0.006023309085948
0.005952936614510
0.005917750378791
0.005882205099850
0.005882384621461
0.005882474382266
0.005882519262669
0.005882541702870
0.005882552922971
0.005882558533021
0.005882561338046
0.005882562740559
0.005882563441815
0.005882563792443
0.005882563967757
0.005882564055414
0.005882564099243
0.005882564121157
0.005882564132114
0.005882564137593
0.005882564140332
0.005882564141702
0.005882564142387
0.005882564142729
0.005882564142900
0.005882564142986
0.005882564143029
0.005882564143050
0.005882564143061
0.005882564143066
0.005882564143069
0.005882564143070
0.002941282071536
0.002941282071536
0.002941282071536
0.002941282071536
0.002941282071536
0.002941282071536
0.002941282071536
0.002941282071536
0.002941282071536
0.002941282071536
0.002941282071536
0.002941282071536
0.002941282071536
0.002941282071536
0.002941282071536
0.002941282071536
0.002941282071536
0.002941282071536
0.002941282071536
0.002941282071536
0.002941282071536
0.002941282071536
0.002941282071536
0.002941282071536
0.002941282071536
0.002941282071536
0.002941282071536
0.002941282071536
0.002941282071536
0.002941282071536
0.002941282071536
0.002941282071536
0.002941282071536
0.002941282071536
0.002941282071536
0.002941282071536
0.002941282071536
0.002941282071536
0.002941282071536
0.002941282071536
0.002941282071536
0.002941282071536
0.002941282071536
0.002941282071536
0.002941282071536
0.002941282071536
0.002941282071536
0.002941282071536
0.002941282071536
0.002941282071536
0.002941282071536
0.002941282071536
0.002941282071536
0.002941282071536
0.002941282071536
0.002941282071536
0.002941282071536
0.002941282071536
0.002941282071536
0.002941282071536
0.002941282071536
0.002941282071536
0.002941282071536
0.002941282071536
0.002941282071536
0.002941282071536
0.002941282071536
0.002941282071536
0.002941282071536
0.002941282071536
0.002941282071536
0.002941282071536
0.002941282071536
0.002941282071536
0.002941282071536
0.002941282071536
0.002941282071536
0.002941282071536
0.002941282071536
0.002941282071536
0.002941282071536
0.002941282071536
0.002941282071536
0.002941282071536
0.002941282071536
0.002941282071536
0.002941282071536
0.002941282071536
0.002941282071536
0.002941282071536
0.002941282071536
0.002941282071536
0.002941282071536
0.002941282071536
0.002941282071536
0.002941282071536
0.002941282071536
0.002941282071536
0.002941282071536
0.002941282071536
0.002941282071536
0.002941282071536
0.002941282071536
0.002941282071536
0.002941282071536
0.002941282071536
0.002941282071536
0.002941282071536
0.002941282071536
0.002941282071536
0.002941282071536
0.002941282071536
0.002941282071536
0.002941282071536
0.002941282071536
0.002941282071536
0.002941282071536
0.002941282071536
0.002941282071536
0.002941282071536
0.002941282071536
0.002941282071536
0.002941282071536
0.002941282071536
0.002941282071536
0.002941282071536
0.002941282071536
0.002941282071536
0.002941282071536
0.002941282071536
0.002941282071536
0.002941282071536
0.002941282071536
0.002941282071536
0.002941282071536
0.002941282071536
0.002941282071536
0.002941282071536
0.002941282071536
0.002941282071536
0.002941282071536
0.002941282071536
0.002941282071536
0.002941282071536
0.002941282071536
0.002941282071536
0.002941282071536
0.002941282071536
0.002941282071536
0.002941282071536
0.002941282071536
0.002941282071536
0.002941282071536
0.002941282071536
0.002941282071536
0.002941282071536
0.002941282071536
0.002941282071536
