1
0.155493591813551
0.080795689863904
0.043446738889081
0.024772263401669
0.015435025657963
0.010766406786110
0.008432097350183
0.007264942632220
0.006681365273239
0.006389576593748
0.006243682254002
0.006170735084130
0.006134261499193
0.006097415734819
0.006097601824538
0.006097694869397
0.006097741391827
0.006097764653042
0.006097776283649
0.006097782098953
0.006097785006605
0.006097786460431
0.006097787187344
0.006097787550800
0.006097787732529
0.006097787823393
0.006097787868825
0.006097787891541
0.006097787902899
0.006097787908578
0.003048893957128
0.003048893957128
0.003048893957128
0.003048893957128
0.003048893957128
0.003048893957128
0.003048893957128
0.003048893957128
0.003048893957128
0.003048893957128
0.003048893957128
0.003048893957128
0.003048893957128
0.003048893957128
0.003048893957128
0.003048893957128
0.003048893957128
0.003048893957128
0.003048893957128
0.003048893957128
0.003048893957128
0.003048893957128
0.003048893957128
0.003048893957128
0.003048893957128
0.003048893957128
0.003048893957128
0.003048893957128
0.003048893957128
0.003048893957128
0.003048893957128
0.003048893957128
0.003048893957128
0.003048893957128
0.003048893957128
0.003048893957128
0.003048893957128
0.003048893957128
0.003048893957128
0.003048893957128
0.003048893957128
0.003048893957128
0.003048893957128
0.003048893957128
0.003048893957128
0.003048893957128
0.003048893957128
0.003048893957128
0.003048893957128
0.003048893957128
0.003048893957128
0.003048893957128
0.003048893957128
0.003048893957128
0.003048893957128
0.003048893957128
0.003048893957128
0.003048893957128
0.003048893957128
0.003048893957128
0.003048893957128
0.003048893957128
0.003048893957128
0.003048893957128
0.003048893957128
0.003048893957128
0.003048893957128
0.003048893957128
0.003048893957128
0.003048893957128
0.003048893957128
0.003048893957128
0.003048893957128
0.003048893957128
0.003048893957128
0.003048893957128
0.003048893957128
0.003048893957128
0.003048893957128
0.003048893957128
0.003048893957128
0.003048893957128
0.003048893957128
0.003048893957128
0.003048893957128
0.003048893957128
0.003048893957128
0.003048893957128
0.003048893957128
0.003048893957128
0.003048893957128
0.003048893957128
0.003048893957128
0.003048893957128
0.003048893957128
0.003048893957128
0.003048893957128
0.003048893957128
0.003048893957128
0.003048893957128
0.003048893957128
0.003048893957128
0.003048893957128
0.003048893957128
0.003048893957128
0.003048893957128
0.003048893957128
0.003048893957128
0.003048893957128
0.003048893957128
0.003048893957128
0.003048893957128
0.003048893957128
0.003048893957128
0.003048893957128
0.003048893957128
0.003048893957128
0.003048893957128
0.003048893957128
0.003048893957128
0.003048893957128
0.003048893957128
0.003048893957128
0.003048893957128
0.003048893957128
0.003048893957128
0.003048893957128
0.003048893957128
0.003048893957128
0.003048893957128
0.003048893957128
0.003048893957128
0.003048893957128
0.003048893957128
0.003048893957128
0.003048893957128
0.003048893957128
0.003048893957128
0.003048893957128
0.003048893957128
0.003048893957128
0.003048893957128
0.003048893957128
0.003048893957128
0.003048893957128
0.003048893957128
0.003048893957128
0.003048893957128
0.003048893957128
0.003048893957128
0.003048893957128
0.003048893957128
0.003048893957128
0.003048893957128
0.003048893957128
0.003048893957128
0.003048893957128
0.003048893957128
0.003048893957128
0.003048893957128
0.003048893957128
0.003048893957128
0.003048893957128
0.003048893957128
0.003048893957128
0.003048893957128
0.003048893957128
0.003048893957128
0.003048893957128
0.003048893957128
