1
0.146556865012158
0.076152096525925
0.040949712282809
0.023348520161251
0.014547924100472
0.010147626070082
0.007947477054887
0.006847402547290
0.006297365293491
0.006022346666592
0.005884837353142
0.005816082696417
0.005781705368055
0.005746977250628
0.005747152645160
0.005747240342426
0.005747284191059
0.005747306115376
0.005747317077534
0.005747322558613
0.005747325299153
0.005747326669423
0.005747327354558
0.005747327697125
0.005747327868409
0.005747327954051
0.005747327996872
0.005747328018282
0.005747328028987
0.005747328034340
0.005747328037016
0.005747328038354
0.005747328039023
0.005747328039358
0.005747328039525
0.005747328039609
0.005747328039651
0.005747328039672
0.005747328039682
0.005747328039687
0.005747328039690
0.005747328039691
0.005747328039692
0.005747328039692
0.005747328039692
0.005747328039692
0.005747328039692
0.005747328039692
0.005747328039692
0.005747328039692
0.002873664019846
0.002873664019846
0.002873664019846
0.002873664019846
0.002873664019846
0.002873664019846
0.002873664019846
0.002873664019846
0.002873664019846
0.002873664019846
0.002873664019846
0.002873664019846
0.002873664019846
0.002873664019846
0.002873664019846
0.002873664019846
0.002873664019846
0.002873664019846
0.002873664019846
0.002873664019846
0.002873664019846
0.002873664019846
0.002873664019846
0.002873664019846
0.002873664019846
0.002873664019846
0.002873664019846
0.002873664019846
0.002873664019846
0.002873664019846
0.002873664019846
0.002873664019846
0.002873664019846
0.002873664019846
0.002873664019846
0.002873664019846
0.002873664019846
0.002873664019846
0.002873664019846
0.002873664019846
0.002873664019846
0.002873664019846
0.002873664019846
0.002873664019846
0.002873664019846
0.002873664019846
0.002873664019846
0.002873664019846
0.002873664019846
0.002873664019846
0.002873664019846
0.002873664019846
0.002873664019846
0.002873664019846
0.002873664019846
0.002873664019846
0.002873664019846
0.002873664019846
0.002873664019846
0.002873664019846
0.002873664019846
0.002873664019846
0.002873664019846
0.002873664019846
0.002873664019846
0.002873664019846
0.002873664019846
0.002873664019846
0.002873664019846
0.002873664019846
0.002873664019846
0.002873664019846
0.002873664019846
0.002873664019846
0.002873664019846
0.002873664019846
0.002873664019846
0.002873664019846
0.002873664019846
0.002873664019846
0.002873664019846
0.002873664019846
0.002873664019846
0.002873664019846
0.002873664019846
0.002873664019846
0.002873664019846
0.002873664019846
0.002873664019846
0.002873664019846
0.002873664019846
0.002873664019846
0.002873664019846
0.002873664019846
0.002873664019846
0.002873664019846
0.002873664019846
0.002873664019846
0.002873664019846
0.002873664019846
0.002873664019846
0.002873664019846
0.002873664019846
0.002873664019846
0.002873664019846
0.002873664019846
0.002873664019846
0.002873664019846
0.002873664019846
0.002873664019846
0.002873664019846
0.002873664019846
0.002873664019846
0.002873664019846
0.002873664019846
0.002873664019846
0.002873664019846
0.002873664019846
0.002873664019846
0.002873664019846
0.002873664019846
0.002873664019846
0.002873664019846
0.002873664019846
0.002873664019846
0.002873664019846
0.002873664019846
0.002873664019846
0.002873664019846
0.002873664019846
0.002873664019846
0.002873664019846
0.002873664019846
0.002873664019846
0.002873664019846
0.002873664019846
0.002873664019846
0.002873664019846
0.002873664019846
0.002873664019846
0.002873664019846
0.002873664019846
0.002873664019846
0.002873664019846
0.002873664019846
0.002873664019846
0.002873664019846
0.002873664019846
0.002873664019846
0.002873664019846
