1
0.145304198669213
0.075501201269297
0.040599702569339
0.023148953219360
0.014423578544370
0.010060891206876
0.007879547538128
0.006788875703755
0.006243539786568
0.005970871827974
0.005834537848678
0.005766370859029
0.005732287364205
0.005697856078617
0.005698029973999
0.005698116921690
0.005698160395535
0.005698182132458
0.005698193000920
0.005698198435150
0.005698201152266
0.005698202510823
0.005698203190102
0.005698203529742
0.005698203699561
0.005698203784471
0.005698203826926
0.005698203848153
0.005698203858767
0.005698203864074
0.005698203866727
0.005698203868054
0.005698203868718
0.005698203869049
0.005698203869215
0.005698203869298
0.005698203869339
0.005698203869360
0.005698203869371
0.005698203869376
0.005698203869378
0.005698203869380
0.005698203869380
0.005698203869381
0.005698203869381
0.005698203869381
0.005698203869381
0.005698203869381
0.005698203869381
0.005698203869381
0.005698203869381
0.005698203869381
0.005698203869381
0.002849101934690
0.002849101934690
0.002849101934690
0.002849101934690
0.002849101934690
0.002849101934690
0.002849101934690
0.002849101934690
0.002849101934690
0.002849101934690
0.002849101934690
0.002849101934690
0.002849101934690
0.002849101934690
0.002849101934690
0.002849101934690
0.002849101934690
0.002849101934690
0.002849101934690
0.002849101934690
0.002849101934690
0.002849101934690
0.002849101934690
0.002849101934690
0.002849101934690
0.002849101934690
0.002849101934690
0.002849101934690
0.002849101934690
0.002849101934690
0.002849101934690
0.002849101934690
0.002849101934690
0.002849101934690
0.002849101934690
0.002849101934690
0.002849101934690
0.002849101934690
0.002849101934690
0.002849101934690
0.002849101934690
0.002849101934690
0.002849101934690
0.002849101934690
0.002849101934690
0.002849101934690
0.002849101934690
0.002849101934690
0.002849101934690
0.002849101934690
0.002849101934690
0.002849101934690
0.002849101934690
0.002849101934690
0.002849101934690
0.002849101934690
0.002849101934690
0.002849101934690
0.002849101934690
0.002849101934690
0.002849101934690
0.002849101934690
0.002849101934690
0.002849101934690
0.002849101934690
0.002849101934690
0.002849101934690
0.002849101934690
0.002849101934690
0.002849101934690
0.002849101934690
0.002849101934690
0.002849101934690
0.002849101934690
0.002849101934690
0.002849101934690
0.002849101934690
0.002849101934690
0.002849101934690
0.002849101934690
0.002849101934690
0.002849101934690
0.002849101934690
0.002849101934690
0.002849101934690
0.002849101934690
0.002849101934690
0.002849101934690
0.002849101934690
0.002849101934690
0.002849101934690
0.002849101934690
0.002849101934690
0.002849101934690
0.002849101934690
0.002849101934690
0.002849101934690
0.002849101934690
0.002849101934690
0.002849101934690
0.002849101934690
0.002849101934690
0.002849101934690
0.002849101934690
0.002849101934690
0.002849101934690
0.002849101934690
0.002849101934690
0.002849101934690
0.002849101934690
0.002849101934690
0.002849101934690
0.002849101934690
0.002849101934690
0.002849101934690
0.002849101934690
0.002849101934690
0.002849101934690
0.002849101934690
0.002849101934690
0.002849101934690
0.002849101934690
0.002849101934690
0.002849101934690
0.002849101934690
0.002849101934690
0.002849101934690
0.002849101934690
0.002849101934690
0.002849101934690
0.002849101934690
0.002849101934690
0.002849101934690
0.002849101934690
0.002849101934690
0.002849101934690
0.002849101934690
0.002849101934690
0.002849101934690
0.002849101934690
0.002849101934690
0.002849101934690
0.002849101934690
0.002849101934690
0.002849101934690
0.002849101934690
0.002849101934690
