1
0.155020949378204
0.080550101147498
0.043314677032145
0.024696964974469
0.015388108945631
0.010733680931211
0.008406466924002
0.007242859920397
0.006661056418595
0.006370154667694
0.006224703792243
0.006151978354518
0.006115615635655
0.006078881868641
0.006079067392716
0.006079160154754
0.006079206535773
0.006079229726283
0.006079241321538
0.006079247119165
0.006079250017979
0.006079251467385
0.006079252192089
0.006079252554441
0.006079252735616
0.006079252826204
0.006079252871498
0.006079252894145
0.006079252905469
0.006079252911131
0.006079252913961
0.003039626458396
0.003039626458396
0.003039626458396
0.003039626458396
0.003039626458396
0.003039626458396
0.003039626458396
0.003039626458396
0.003039626458396
0.003039626458396
0.003039626458396
0.003039626458396
0.003039626458396
0.003039626458396
0.003039626458396
0.003039626458396
0.003039626458396
0.003039626458396
0.003039626458396
0.003039626458396
0.003039626458396
0.003039626458396
0.003039626458396
0.003039626458396
0.003039626458396
0.003039626458396
0.003039626458396
0.003039626458396
0.003039626458396
0.003039626458396
0.003039626458396
0.003039626458396
0.003039626458396
0.003039626458396
0.003039626458396
0.003039626458396
0.003039626458396
0.003039626458396
0.003039626458396
0.003039626458396
0.003039626458396
0.003039626458396
0.003039626458396
0.003039626458396
0.003039626458396
0.003039626458396
0.003039626458396
0.003039626458396
0.003039626458396
0.003039626458396
0.003039626458396
0.003039626458396
0.003039626458396
0.003039626458396
0.003039626458396
0.003039626458396
0.003039626458396
0.003039626458396
0.003039626458396
0.003039626458396
0.003039626458396
0.003039626458396
0.003039626458396
0.003039626458396
0.003039626458396
0.003039626458396
0.003039626458396
0.003039626458396
0.003039626458396
0.003039626458396
0.003039626458396
0.003039626458396
0.003039626458396
0.003039626458396
0.003039626458396
0.003039626458396
0.003039626458396
0.003039626458396
0.003039626458396
0.003039626458396
0.003039626458396
0.003039626458396
0.003039626458396
0.003039626458396
0.003039626458396
0.003039626458396
0.003039626458396
0.003039626458396
0.003039626458396
0.003039626458396
0.003039626458396
0.003039626458396
0.003039626458396
0.003039626458396
0.003039626458396
0.003039626458396
0.003039626458396
0.003039626458396
0.003039626458396
0.003039626458396
0.003039626458396
0.003039626458396
0.003039626458396
0.003039626458396
0.003039626458396
0.003039626458396
0.003039626458396
0.003039626458396
0.003039626458396
0.003039626458396
0.003039626458396
0.003039626458396
0.003039626458396
0.003039626458396
0.003039626458396
0.003039626458396
0.003039626458396
0.003039626458396
0.003039626458396
0.003039626458396
0.003039626458396
0.003039626458396
0.003039626458396
0.003039626458396
0.003039626458396
0.003039626458396
0.003039626458396
0.003039626458396
0.003039626458396
0.003039626458396
0.003039626458396
0.003039626458396
0.003039626458396
0.003039626458396
0.003039626458396
0.003039626458396
0.003039626458396
0.003039626458396
0.003039626458396
0.003039626458396
0.003039626458396
0.003039626458396
0.003039626458396
0.003039626458396
0.003039626458396
0.003039626458396
0.003039626458396
0.003039626458396
0.003039626458396
0.003039626458396
0.003039626458396
0.003039626458396
0.003039626458396
0.003039626458396
0.003039626458396
0.003039626458396
0.003039626458396
0.003039626458396
0.003039626458396
0.003039626458396
0.003039626458396
0.003039626458396
0.003039626458396
0.003039626458396
0.003039626458396
0.003039626458396
0.003039626458396
0.003039626458396
0.003039626458396
