1
0.154084232359528
0.080063375637794
0.043052947276927
0.024547733096493
0.015295126006277
0.010668822461168
0.008355670688614
0.007199094802337
0.006620806859198
0.006331662887629
0.006187090901845
0.006114804908952
0.006078661912506
0.006042150109974
0.006042334513017
0.006042426714538
0.006042472815299
0.006042495865680
0.006042507390870
0.006042513153465
0.006042516034762
0.006042517475411
0.006042518195736
0.006042518555898
0.006042518735979
0.006042518826019
0.006042518871040
0.006042518893550
0.006042518904805
0.006042518910432
0.006042518913246
0.006042518914653
0.006042518915356
0.003021259458030
0.003021259458030
0.003021259458030
0.003021259458030
0.003021259458030
0.003021259458030
0.003021259458030
0.003021259458030
0.003021259458030
0.003021259458030
0.003021259458030
0.003021259458030
0.003021259458030
0.003021259458030
0.003021259458030
0.003021259458030
0.003021259458030
0.003021259458030
0.003021259458030
0.003021259458030
0.003021259458030
0.003021259458030
0.003021259458030
0.003021259458030
0.003021259458030
0.003021259458030
0.003021259458030
0.003021259458030
0.003021259458030
0.003021259458030
0.003021259458030
0.003021259458030
0.003021259458030
0.003021259458030
0.003021259458030
0.003021259458030
0.003021259458030
0.003021259458030
0.003021259458030
0.003021259458030
0.003021259458030
0.003021259458030
0.003021259458030
0.003021259458030
0.003021259458030
0.003021259458030
0.003021259458030
0.003021259458030
0.003021259458030
0.003021259458030
0.003021259458030
0.003021259458030
0.003021259458030
0.003021259458030
0.003021259458030
0.003021259458030
0.003021259458030
0.003021259458030
0.003021259458030
0.003021259458030
0.003021259458030
0.003021259458030
0.003021259458030
0.003021259458030
0.003021259458030
0.003021259458030
0.003021259458030
0.003021259458030
0.003021259458030
0.003021259458030
0.003021259458030
0.003021259458030
0.003021259458030
0.003021259458030
0.003021259458030
0.003021259458030
0.003021259458030
0.003021259458030
0.003021259458030
0.003021259458030
0.003021259458030
0.003021259458030
0.003021259458030
0.003021259458030
0.003021259458030
0.003021259458030
0.003021259458030
0.003021259458030
0.003021259458030
0.003021259458030
0.003021259458030
0.003021259458030
0.003021259458030
0.003021259458030
0.003021259458030
0.003021259458030
0.003021259458030
0.003021259458030
0.003021259458030
0.003021259458030
0.003021259458030
0.003021259458030
0.003021259458030
0.003021259458030
0.003021259458030
0.003021259458030
0.003021259458030
0.003021259458030
0.003021259458030
0.003021259458030
0.003021259458030
0.003021259458030
0.003021259458030
0.003021259458030
0.003021259458030
0.003021259458030
0.003021259458030
0.003021259458030
0.003021259458030
0.003021259458030
0.003021259458030
0.003021259458030
0.003021259458030
0.003021259458030
0.003021259458030
0.003021259458030
0.003021259458030
0.003021259458030
0.003021259458030
0.003021259458030
0.003021259458030
0.003021259458030
0.003021259458030
0.003021259458030
0.003021259458030
0.003021259458030
0.003021259458030
0.003021259458030
0.003021259458030
0.003021259458030
0.003021259458030
0.003021259458030
0.003021259458030
0.003021259458030
0.003021259458030
0.003021259458030
0.003021259458030
0.003021259458030
0.003021259458030
0.003021259458030
0.003021259458030
0.003021259458030
0.003021259458030
0.003021259458030
0.003021259458030
0.003021259458030
0.003021259458030
0.003021259458030
0.003021259458030
0.003021259458030
0.003021259458030
0.003021259458030
0.003021259458030
0.003021259458030
0.003021259458030
0.003021259458030
0.003021259458030
