1
0.142862027790582
0.074232230126479
0.039917331294427
0.022759881878402
0.014181157170389
0.009891794816382
0.007747113639379
0.006674773050877
0.006138602756627
0.005870517609501
0.005736475035938
0.005669453749157
0.005635943105766
0.005602090517035
0.005602261489705
0.005602346976041
0.005602389719208
0.005602411090792
0.005602421776584
0.005602427119480
0.005602429790928
0.005602431126652
0.005602431794514
0.005602432128445
0.005602432295410
0.005602432378893
0.005602432420634
0.005602432441505
0.005602432451940
0.005602432457158
0.005602432459767
0.005602432461071
0.005602432461724
0.005602432462050
0.005602432462213
0.005602432462294
0.005602432462335
0.005602432462355
0.005602432462366
0.005602432462371
0.005602432462373
0.005602432462374
0.005602432462375
0.005602432462375
0.005602432462376
0.005602432462376
0.005602432462376
0.005602432462376
0.005602432462376
0.005602432462376
0.005602432462376
0.005602432462376
0.005602432462376
0.005602432462376
0.005602432462376
0.005602432462376
0.005602432462376
0.005602432462376
0.005602432462376
0.002801216231188
0.002801216231188
0.002801216231188
0.002801216231188
0.002801216231188
0.002801216231188
0.002801216231188
0.002801216231188
0.002801216231188
0.002801216231188
0.002801216231188
0.002801216231188
0.002801216231188
0.002801216231188
0.002801216231188
0.002801216231188
0.002801216231188
0.002801216231188
0.002801216231188
0.002801216231188
0.002801216231188
0.002801216231188
0.002801216231188
0.002801216231188
0.002801216231188
0.002801216231188
0.002801216231188
0.002801216231188
0.002801216231188
0.002801216231188
0.002801216231188
0.002801216231188
0.002801216231188
0.002801216231188
0.002801216231188
0.002801216231188
0.002801216231188
0.002801216231188
0.002801216231188
0.002801216231188
0.002801216231188
0.002801216231188
0.002801216231188
0.002801216231188
0.002801216231188
0.002801216231188
0.002801216231188
0.002801216231188
0.002801216231188
0.002801216231188
0.002801216231188
0.002801216231188
0.002801216231188
0.002801216231188
0.002801216231188
0.002801216231188
0.002801216231188
0.002801216231188
0.002801216231188
0.002801216231188
0.002801216231188
0.002801216231188
0.002801216231188
0.002801216231188
0.002801216231188
0.002801216231188
0.002801216231188
0.002801216231188
0.002801216231188
0.002801216231188
0.002801216231188
0.002801216231188
0.002801216231188
0.002801216231188
0.002801216231188
0.002801216231188
0.002801216231188
0.002801216231188
0.002801216231188
0.002801216231188
0.002801216231188
0.002801216231188
0.002801216231188
0.002801216231188
0.002801216231188
0.002801216231188
0.002801216231188
0.002801216231188
0.002801216231188
0.002801216231188
0.002801216231188
0.002801216231188
0.002801216231188
0.002801216231188
0.002801216231188
0.002801216231188
0.002801216231188
0.002801216231188
0.002801216231188
0.002801216231188
0.002801216231188
0.002801216231188
0.002801216231188
0.002801216231188
0.002801216231188
0.002801216231188
0.002801216231188
0.002801216231188
0.002801216231188
0.002801216231188
0.002801216231188
0.002801216231188
0.002801216231188
0.002801216231188
0.002801216231188
0.002801216231188
0.002801216231188
0.002801216231188
0.002801216231188
0.002801216231188
0.002801216231188
0.002801216231188
0.002801216231188
0.002801216231188
0.002801216231188
0.002801216231188
0.002801216231188
0.002801216231188
0.002801216231188
0.002801216231188
0.002801216231188
0.002801216231188
0.002801216231188
0.002801216231188
0.002801216231188
0.002801216231188
0.002801216231188
0.002801216231188
0.002801216231188
0.002801216231188
0.002801216231188
