1
0.132816722129889
0.069012610518472
0.037110554712763
0.021159526809909
0.013184012858482
0.009196255882768
0.007202377394911
0.006205438150983
0.005706968529019
0.005457733718037
0.005333116312546
0.005270807609800
0.005239653258427
0.005208181005510
0.005208339956282
0.005208419431668
0.005208459169361
0.005208479038208
0.005208488972631
0.005208493939843
0.005208496423449
0.005208497665252
0.005208498286153
0.005208498596604
0.005208498751829
0.005208498829442
0.005208498868248
0.005208498887651
0.005208498897353
0.005208498902204
0.005208498904629
0.005208498905842
0.005208498906448
0.005208498906751
0.005208498906903
0.005208498906979
0.005208498907017
0.005208498907036
0.005208498907045
0.005208498907050
0.005208498907052
0.005208498907053
0.005208498907054
0.005208498907054
0.005208498907054
0.005208498907054
0.005208498907054
0.005208498907054
0.005208498907054
0.005208498907054
0.005208498907054
0.005208498907054
0.005208498907054
0.005208498907054
0.005208498907054
0.005208498907054
0.005208498907054
0.005208498907054
0.005208498907054
0.005208498907054
0.005208498907054
0.005208498907054
0.005208498907054
0.005208498907054
0.005208498907054
0.005208498907054
0.005208498907054
0.005208498907054
0.005208498907054
0.005208498907054
0.005208498907054
0.005208498907054
0.005208498907054
0.005208498907054
0.005208498907054
0.005208498907054
0.005208498907054
0.005208498907054
0.005208498907054
0.005208498907054
0.005208498907054
0.005208498907054
0.005208498907054
0.005208498907054
0.005208498907054
0.005208498907054
0.002604249453527
0.002604249453527
0.002604249453527
0.002604249453527
0.002604249453527
0.002604249453527
0.002604249453527
0.002604249453527
0.002604249453527
0.002604249453527
0.002604249453527
0.002604249453527
0.002604249453527
0.002604249453527
0.002604249453527
0.002604249453527
0.002604249453527
0.002604249453527
0.002604249453527
0.002604249453527
0.002604249453527
0.002604249453527
0.002604249453527
0.002604249453527
0.002604249453527
0.002604249453527
0.002604249453527
0.002604249453527
0.002604249453527
0.002604249453527
0.002604249453527
0.002604249453527
0.002604249453527
0.002604249453527
0.002604249453527
0.002604249453527
0.002604249453527
0.002604249453527
0.002604249453527
0.002604249453527
0.002604249453527
0.002604249453527
0.002604249453527
0.002604249453527
0.002604249453527
0.002604249453527
0.002604249453527
0.002604249453527
0.002604249453527
0.002604249453527
0.002604249453527
0.002604249453527
0.002604249453527
0.002604249453527
0.002604249453527
0.002604249453527
0.002604249453527
0.002604249453527
0.002604249453527
0.002604249453527
0.002604249453527
0.002604249453527
0.002604249453527
0.002604249453527
0.002604249453527
0.002604249453527
0.002604249453527
0.002604249453527
0.002604249453527
0.002604249453527
0.002604249453527
0.002604249453527
0.002604249453527
0.002604249453527
0.002604249453527
0.002604249453527
0.002604249453527
0.002604249453527
0.002604249453527
0.002604249453527
0.002604249453527
0.002604249453527
0.002604249453527
0.002604249453527
0.002604249453527
0.002604249453527
0.002604249453527
0.002604249453527
0.002604249453527
0.002604249453527
0.002604249453527
0.002604249453527
0.002604249453527
0.002604249453527
0.002604249453527
0.002604249453527
0.002604249453527
0.002604249453527
0.002604249453527
0.002604249453527
0.002604249453527
0.002604249453527
0.002604249453527
0.002604249453527
0.002604249453527
0.002604249453527
0.002604249453527
0.002604249453527
0.002604249453527
0.002604249453527
0.002604249453527
0.002604249453527
0.002604249453527
0.002604249453527
