1
0.133862556599506
0.069556034311508
0.037402773167509
0.021326142595509
0.013287827309510
0.009268669666510
0.007259090845010
0.006254301434260
0.005751906728885
0.005500709376198
0.005375110699854
0.005312311361682
0.005280911692596
0.005249191618723
0.005249351821117
0.005249431922313
0.005249471972912
0.005249491998211
0.005249502010860
0.005249507017185
0.005249509520348
0.005249510771929
0.005249511397719
0.005249511710615
0.005249511867062
0.005249511945286
0.005249511984398
0.005249512003954
0.005249512013732
0.005249512018621
0.005249512021066
0.005249512022288
0.005249512022899
0.005249512023204
0.005249512023357
0.005249512023434
0.005249512023472
0.005249512023491
0.005249512023500
0.005249512023505
0.005249512023508
0.005249512023509
0.005249512023509
0.005249512023510
0.005249512023510
0.005249512023510
0.005249512023510
0.005249512023510
0.005249512023510
0.005249512023510
0.005249512023510
0.005249512023510
0.005249512023510
0.005249512023510
0.005249512023510
0.005249512023510
0.005249512023510
0.005249512023510
0.005249512023510
0.005249512023510
0.005249512023510
0.005249512023510
0.005249512023510
0.005249512023510
0.005249512023510
0.005249512023510
0.005249512023510
0.005249512023510
0.005249512023510
0.005249512023510
0.005249512023510
0.005249512023510
0.005249512023510
0.005249512023510
0.005249512023510
0.005249512023510
0.005249512023510
0.005249512023510
0.005249512023510
0.005249512023510
0.005249512023510
0.005249512023510
0.005249512023510
0.002624756011755
0.002624756011755
0.002624756011755
0.002624756011755
0.002624756011755
0.002624756011755
0.002624756011755
0.002624756011755
0.002624756011755
0.002624756011755
0.002624756011755
0.002624756011755
0.002624756011755
0.002624756011755
0.002624756011755
0.002624756011755
0.002624756011755
0.002624756011755
0.002624756011755
0.002624756011755
0.002624756011755
0.002624756011755
0.002624756011755
0.002624756011755
0.002624756011755
0.002624756011755
0.002624756011755
0.002624756011755
0.002624756011755
0.002624756011755
0.002624756011755
0.002624756011755
0.002624756011755
0.002624756011755
0.002624756011755
0.002624756011755
0.002624756011755
0.002624756011755
0.002624756011755
0.002624756011755
0.002624756011755
0.002624756011755
0.002624756011755
0.002624756011755
0.002624756011755
0.002624756011755
0.002624756011755
0.002624756011755
0.002624756011755
0.002624756011755
0.002624756011755
0.002624756011755
0.002624756011755
0.002624756011755
0.002624756011755
0.002624756011755
0.002624756011755
0.002624756011755
0.002624756011755
0.002624756011755
0.002624756011755
0.002624756011755
0.002624756011755
0.002624756011755
0.002624756011755
0.002624756011755
0.002624756011755
0.002624756011755
0.002624756011755
0.002624756011755
0.002624756011755
0.002624756011755
0.002624756011755
0.002624756011755
0.002624756011755
0.002624756011755
0.002624756011755
0.002624756011755
0.002624756011755
0.002624756011755
0.002624756011755
0.002624756011755
0.002624756011755
0.002624756011755
0.002624756011755
0.002624756011755
0.002624756011755
0.002624756011755
0.002624756011755
0.002624756011755
0.002624756011755
0.002624756011755
0.002624756011755
0.002624756011755
0.002624756011755
0.002624756011755
0.002624756011755
0.002624756011755
0.002624756011755
0.002624756011755
0.002624756011755
0.002624756011755
0.002624756011755
0.002624756011755
0.002624756011755
0.002624756011755
0.002624756011755
0.002624756011755
0.002624756011755
0.002624756011755
0.002624756011755
0.002624756011755
0.002624756011755
0.002624756011755
0.002624756011755
0.002624756011755
0.002624756011755
