1
0.140114588964742
0.072804639364033
0.039149664563678
0.022322177163501
0.013908433463412
0.009701561613368
0.007598125688345
0.006546407725834
0.006020548744579
0.005757619253951
0.005626154508637
0.005560422135980
0.005527555949652
0.005494354394075
0.005494522078699
0.005494605921011
0.005494647842167
0.005494668802745
0.005494679283034
0.005494684523179
0.005494687143251
0.005494688453287
0.005494689108305
0.005494689435814
0.005494689599569
0.005494689681446
0.005494689722385
0.005494689742854
0.005494689753089
0.005494689758206
0.005494689760765
0.005494689762044
0.005494689762684
0.005494689763003
0.005494689763163
0.005494689763243
0.005494689763283
0.005494689763303
0.005494689763313
0.005494689763318
0.005494689763321
0.005494689763322
0.005494689763323
0.005494689763323
0.005494689763323
0.005494689763323
0.005494689763323
0.005494689763323
0.005494689763323
0.005494689763323
0.005494689763323
0.005494689763323
0.005494689763323
0.005494689763323
0.005494689763323
0.005494689763323
0.005494689763323
0.005494689763323
0.005494689763323
0.005494689763323
0.005494689763323
0.005494689763323
0.005494689763323
0.005494689763323
0.005494689763323
0.005494689763323
0.002747344881662
0.002747344881662
0.002747344881662
0.002747344881662
0.002747344881662
0.002747344881662
0.002747344881662
0.002747344881662
0.002747344881662
0.002747344881662
0.002747344881662
0.002747344881662
0.002747344881662
0.002747344881662
0.002747344881662
0.002747344881662
0.002747344881662
0.002747344881662
0.002747344881662
0.002747344881662
0.002747344881662
0.002747344881662
0.002747344881662
0.002747344881662
0.002747344881662
0.002747344881662
0.002747344881662
0.002747344881662
0.002747344881662
0.002747344881662
0.002747344881662
0.002747344881662
0.002747344881662
0.002747344881662
0.002747344881662
0.002747344881662
0.002747344881662
0.002747344881662
0.002747344881662
0.002747344881662
0.002747344881662
0.002747344881662
0.002747344881662
0.002747344881662
0.002747344881662
0.002747344881662
0.002747344881662
0.002747344881662
0.002747344881662
0.002747344881662
0.002747344881662
0.002747344881662
0.002747344881662
0.002747344881662
0.002747344881662
0.002747344881662
0.002747344881662
0.002747344881662
0.002747344881662
0.002747344881662
0.002747344881662
0.002747344881662
0.002747344881662
0.002747344881662
0.002747344881662
0.002747344881662
0.002747344881662
0.002747344881662
0.002747344881662
0.002747344881662
0.002747344881662
0.002747344881662
0.002747344881662
0.002747344881662
0.002747344881662
0.002747344881662
0.002747344881662
0.002747344881662
0.002747344881662
0.002747344881662
0.002747344881662
0.002747344881662
0.002747344881662
0.002747344881662
0.002747344881662
0.002747344881662
0.002747344881662
0.002747344881662
0.002747344881662
0.002747344881662
0.002747344881662
0.002747344881662
0.002747344881662
0.002747344881662
0.002747344881662
0.002747344881662
0.002747344881662
0.002747344881662
0.002747344881662
0.002747344881662
0.002747344881662
0.002747344881662
0.002747344881662
0.002747344881662
0.002747344881662
0.002747344881662
0.002747344881662
0.002747344881662
0.002747344881662
0.002747344881662
0.002747344881662
0.002747344881662
0.002747344881662
0.002747344881662
0.002747344881662
0.002747344881662
0.002747344881662
0.002747344881662
0.002747344881662
0.002747344881662
0.002747344881662
0.002747344881662
0.002747344881662
0.002747344881662
0.002747344881662
0.002747344881662
0.002747344881662
0.002747344881662
0.002747344881662
0.002747344881662
0.002747344881662
0.002747344881662
0.002747344881662
0.002747344881662
