1
0.155969125135791
0.081042780707813
0.043579608493824
0.024848022386829
0.015482229333332
0.010799332806584
0.008457884543209
0.007287160411522
0.006701798345679
0.006409117312757
0.006262776796296
0.006189606538065
0.006153021408950
0.006116062962191
0.006116249621013
0.006116342950424
0.006116389615129
0.006116412947482
0.006116424613659
0.006116430446747
0.006116433363291
0.006116434821563
0.006116435550699
0.006116435915267
0.006116436097551
0.006116436188693
0.006116436234264
0.006116436257049
0.006116436268442
0.003058218139917
0.003058218139917
0.003058218139917
0.003058218139917
0.003058218139917
0.003058218139917
0.003058218139917
0.003058218139917
0.003058218139917
0.003058218139917
0.003058218139917
0.003058218139917
0.003058218139917
0.003058218139917
0.003058218139917
0.003058218139917
0.003058218139917
0.003058218139917
0.003058218139917
0.003058218139917
0.003058218139917
0.003058218139917
0.003058218139917
0.003058218139917
0.003058218139917
0.003058218139917
0.003058218139917
0.003058218139917
0.003058218139917
0.003058218139917
0.003058218139917
0.003058218139917
0.003058218139917
0.003058218139917
0.003058218139917
0.003058218139917
0.003058218139917
0.003058218139917
0.003058218139917
0.003058218139917
0.003058218139917
0.003058218139917
0.003058218139917
0.003058218139917
0.003058218139917
0.003058218139917
0.003058218139917
0.003058218139917
0.003058218139917
0.003058218139917
0.003058218139917
0.003058218139917
0.003058218139917
0.003058218139917
0.003058218139917
0.003058218139917
0.003058218139917
0.003058218139917
0.003058218139917
0.003058218139917
0.003058218139917
0.003058218139917
0.003058218139917
0.003058218139917
0.003058218139917
0.003058218139917
0.003058218139917
0.003058218139917
0.003058218139917
0.003058218139917
0.003058218139917
0.003058218139917
0.003058218139917
0.003058218139917
0.003058218139917
0.003058218139917
0.003058218139917
0.003058218139917
0.003058218139917
0.003058218139917
0.003058218139917
0.003058218139917
0.003058218139917
0.003058218139917
0.003058218139917
0.003058218139917
0.003058218139917
0.003058218139917
0.003058218139917
0.003058218139917
0.003058218139917
0.003058218139917
0.003058218139917
0.003058218139917
0.003058218139917
0.003058218139917
0.003058218139917
0.003058218139917
0.003058218139917
0.003058218139917
0.003058218139917
0.003058218139917
0.003058218139917
0.003058218139917
0.003058218139917
0.003058218139917
0.003058218139917
0.003058218139917
0.003058218139917
0.003058218139917
0.003058218139917
0.003058218139917
0.003058218139917
0.003058218139917
0.003058218139917
0.003058218139917
0.003058218139917
0.003058218139917
0.003058218139917
0.003058218139917
0.003058218139917
0.003058218139917
0.003058218139917
0.003058218139917
0.003058218139917
0.003058218139917
0.003058218139917
0.003058218139917
0.003058218139917
0.003058218139917
0.003058218139917
0.003058218139917
0.003058218139917
0.003058218139917
0.003058218139917
0.003058218139917
0.003058218139917
0.003058218139917
0.003058218139917
0.003058218139917
0.003058218139917
0.003058218139917
0.003058218139917
0.003058218139917
0.003058218139917
0.003058218139917
0.003058218139917
0.003058218139917
0.003058218139917
0.003058218139917
0.003058218139917
0.003058218139917
0.003058218139917
0.003058218139917
0.003058218139917
0.003058218139917
0.003058218139917
0.003058218139917
0.003058218139917
0.003058218139917
0.003058218139917
0.003058218139917
0.003058218139917
0.003058218139917
0.003058218139917
0.003058218139917
0.003058218139917
0.003058218139917
0.003058218139917
0.003058218139917
0.003058218139917
