1
0.146979233948420
0.076371562737905
0.041067727132647
0.023415809330018
0.014589850428704
0.010176870978046
0.007970381252718
0.006867136390053
0.006315513958721
0.006039702743055
0.005901797135222
0.005832844331306
0.005798367929347
0.005763539727369
0.005763715627379
0.005763803577384
0.005763847552387
0.005763869539888
0.005763880533638
0.005763886030514
0.005763888778951
0.005763890153170
0.005763890840280
0.005763891183834
0.005763891355612
0.005763891441500
0.005763891484445
0.005763891505917
0.005763891516653
0.005763891522021
0.005763891524705
0.005763891526047
0.005763891526718
0.005763891527054
0.005763891527221
0.005763891527305
0.005763891527347
0.005763891527368
0.005763891527379
0.005763891527384
0.005763891527386
0.005763891527388
0.005763891527388
0.005763891527389
0.005763891527389
0.005763891527389
0.005763891527389
0.005763891527389
0.005763891527389
0.002881945763695
0.002881945763695
0.002881945763695
0.002881945763695
0.002881945763695
0.002881945763695
0.002881945763695
0.002881945763695
0.002881945763695
0.002881945763695
0.002881945763695
0.002881945763695
0.002881945763695
0.002881945763695
0.002881945763695
0.002881945763695
0.002881945763695
0.002881945763695
0.002881945763695
0.002881945763695
0.002881945763695
0.002881945763695
0.002881945763695
0.002881945763695
0.002881945763695
0.002881945763695
0.002881945763695
0.002881945763695
0.002881945763695
0.002881945763695
0.002881945763695
0.002881945763695
0.002881945763695
0.002881945763695
0.002881945763695
0.002881945763695
0.002881945763695
0.002881945763695
0.002881945763695
0.002881945763695
0.002881945763695
0.002881945763695
0.002881945763695
0.002881945763695
0.002881945763695
0.002881945763695
0.002881945763695
0.002881945763695
0.002881945763695
0.002881945763695
0.002881945763695
0.002881945763695
0.002881945763695
0.002881945763695
0.002881945763695
0.002881945763695
0.002881945763695
0.002881945763695
0.002881945763695
0.002881945763695
0.002881945763695
0.002881945763695
0.002881945763695
0.002881945763695
0.002881945763695
0.002881945763695
0.002881945763695
0.002881945763695
0.002881945763695
0.002881945763695
0.002881945763695
0.002881945763695
0.002881945763695
0.002881945763695
0.002881945763695
0.002881945763695
0.002881945763695
0.002881945763695
0.002881945763695
0.002881945763695
0.002881945763695
0.002881945763695
0.002881945763695
0.002881945763695
0.002881945763695
0.002881945763695
0.002881945763695
0.002881945763695
0.002881945763695
0.002881945763695
0.002881945763695
0.002881945763695
0.002881945763695
0.002881945763695
0.002881945763695
0.002881945763695
0.002881945763695
0.002881945763695
0.002881945763695
0.002881945763695
0.002881945763695
0.002881945763695
0.002881945763695
0.002881945763695
0.002881945763695
0.002881945763695
0.002881945763695
0.002881945763695
0.002881945763695
0.002881945763695
0.002881945763695
0.002881945763695
0.002881945763695
0.002881945763695
0.002881945763695
0.002881945763695
0.002881945763695
0.002881945763695
0.002881945763695
0.002881945763695
0.002881945763695
0.002881945763695
0.002881945763695
0.002881945763695
0.002881945763695
0.002881945763695
0.002881945763695
0.002881945763695
0.002881945763695
0.002881945763695
0.002881945763695
0.002881945763695
0.002881945763695
0.002881945763695
0.002881945763695
0.002881945763695
0.002881945763695
0.002881945763695
0.002881945763695
0.002881945763695
0.002881945763695
0.002881945763695
0.002881945763695
0.002881945763695
0.002881945763695
0.002881945763695
0.002881945763695
0.002881945763695
0.002881945763695
0.002881945763695
0.002881945763695
