1
0.153158767609170
0.079582496894961
0.042794361537856
0.024400293859304
0.015203260020028
0.010604743100390
0.008305484640571
0.007155855410661
0.006581040795707
0.006293633488229
0.006149929834490
0.006078078007621
0.006042152094186
0.006005859589798
0.006006042885275
0.006006134533013
0.006006180356883
0.006006203268817
0.006006214724784
0.006006220452768
0.006006223316760
0.006006224748756
0.006006225464754
0.006006225822753
0.006006226001752
0.006006226091252
0.006006226136002
0.006006226158377
0.006006226169564
0.006006226175158
0.006006226177955
0.006006226179353
0.006006226180053
0.006006226180402
0.006006226180577
0.003003113090376
0.003003113090376
0.003003113090376
0.003003113090376
0.003003113090376
0.003003113090376
0.003003113090376
0.003003113090376
0.003003113090376
0.003003113090376
0.003003113090376
0.003003113090376
0.003003113090376
0.003003113090376
0.003003113090376
0.003003113090376
0.003003113090376
0.003003113090376
0.003003113090376
0.003003113090376
0.003003113090376
0.003003113090376
0.003003113090376
0.003003113090376
0.003003113090376
0.003003113090376
0.003003113090376
0.003003113090376
0.003003113090376
0.003003113090376
0.003003113090376
0.003003113090376
0.003003113090376
0.003003113090376
0.003003113090376
0.003003113090376
0.003003113090376
0.003003113090376
0.003003113090376
0.003003113090376
0.003003113090376
0.003003113090376
0.003003113090376
0.003003113090376
0.003003113090376
0.003003113090376
0.003003113090376
0.003003113090376
0.003003113090376
0.003003113090376
0.003003113090376
0.003003113090376
0.003003113090376
0.003003113090376
0.003003113090376
0.003003113090376
0.003003113090376
0.003003113090376
0.003003113090376
0.003003113090376
0.003003113090376
0.003003113090376
0.003003113090376
0.003003113090376
0.003003113090376
0.003003113090376
0.003003113090376
0.003003113090376
0.003003113090376
0.003003113090376
0.003003113090376
0.003003113090376
0.003003113090376
0.003003113090376
0.003003113090376
0.003003113090376
0.003003113090376
0.003003113090376
0.003003113090376
0.003003113090376
0.003003113090376
0.003003113090376
0.003003113090376
0.003003113090376
0.003003113090376
0.003003113090376
0.003003113090376
0.003003113090376
0.003003113090376
0.003003113090376
0.003003113090376
0.003003113090376
0.003003113090376
0.003003113090376
0.003003113090376
0.003003113090376
0.003003113090376
0.003003113090376
0.003003113090376
0.003003113090376
0.003003113090376
0.003003113090376
0.003003113090376
0.003003113090376
0.003003113090376
0.003003113090376
0.003003113090376
0.003003113090376
0.003003113090376
0.003003113090376
0.003003113090376
0.003003113090376
0.003003113090376
0.003003113090376
0.003003113090376
0.003003113090376
0.003003113090376
0.003003113090376
0.003003113090376
0.003003113090376
0.003003113090376
0.003003113090376
0.003003113090376
0.003003113090376
0.003003113090376
0.003003113090376
0.003003113090376
0.003003113090376
0.003003113090376
0.003003113090376
0.003003113090376
0.003003113090376
0.003003113090376
0.003003113090376
0.003003113090376
0.003003113090376
0.003003113090376
0.003003113090376
0.003003113090376
0.003003113090376
0.003003113090376
0.003003113090376
0.003003113090376
0.003003113090376
0.003003113090376
0.003003113090376
0.003003113090376
0.003003113090376
0.003003113090376
0.003003113090376
0.003003113090376
0.003003113090376
0.003003113090376
0.003003113090376
0.003003113090376
0.003003113090376
0.003003113090376
0.003003113090376
0.003003113090376
0.003003113090376
0.003003113090376
0.003003113090376
0.003003113090376
0.003003113090376
0.003003113090376
