1
0.185117967332123
0.096188747731397
0.003629764065336
0.003629764065336
0.003629764065336
0.003629764065336
0.003629764065336
0.003629764065336
0.003629764065336
0.003629764065336
0.003629764065336
0.003629764065336
0.003629764065336
0.003629764065336
0.003629764065336
0.003629764065336
0.003629764065336
0.003629764065336
0.003629764065336
0.003629764065336
0.003629764065336
0.003629764065336
0.003629764065336
0.003629764065336
0.003629764065336
0.003629764065336
0.003629764065336
0.003629764065336
0.003629764065336
0.003629764065336
0.003629764065336
0.003629764065336
0.003629764065336
0.003629764065336
0.003629764065336
0.003629764065336
0.003629764065336
0.003629764065336
0.003629764065336
0.003629764065336
0.003629764065336
0.003629764065336
0.003629764065336
0.003629764065336
0.003629764065336
0.003629764065336
0.003629764065336
0.003629764065336
0.003629764065336
0.003629764065336
0.003629764065336
0.003629764065336
0.003629764065336
0.003629764065336
0.003629764065336
0.003629764065336
0.003629764065336
0.003629764065336
0.003629764065336
0.003629764065336
0.003629764065336
0.003629764065336
0.003629764065336
0.003629764065336
0.003629764065336
0.003629764065336
0.003629764065336
0.003629764065336
0.003629764065336
0.003629764065336
0.003629764065336
0.003629764065336
0.003629764065336
0.003629764065336
0.003629764065336
0.003629764065336
0.003629764065336
0.003629764065336
0.003629764065336
0.003629764065336
0.003629764065336
0.003629764065336
0.003629764065336
0.003629764065336
0.003629764065336
0.003629764065336
0.003629764065336
0.003629764065336
0.003629764065336
0.003629764065336
0.003629764065336
0.003629764065336
0.003629764065336
0.003629764065336
0.003629764065336
0.003629764065336
0.003629764065336
0.003629764065336
0.003629764065336
0.003629764065336
0.003629764065336
0.003629764065336
0.003629764065336
0.003629764065336
0.003629764065336
0.003629764065336
0.003629764065336
0.003629764065336
0.003629764065336
0.003629764065336
0.003629764065336
0.003629764065336
0.003629764065336
0.003629764065336
0.003629764065336
0.003629764065336
0.003629764065336
0.003629764065336
0.003629764065336
0.003629764065336
0.003629764065336
0.003629764065336
0.003629764065336
0.003629764065336
0.003629764065336
0.003629764065336
0.003629764065336
0.003629764065336
0.003629764065336
0.003629764065336
0.003629764065336
0.003629764065336
0.003629764065336
0.003629764065336
0.003629764065336
0.003629764065336
0.003629764065336
0.003629764065336
0.003629764065336
0.003629764065336
0.003629764065336
0.003629764065336
0.003629764065336
0.003629764065336
0.003629764065336
0.003629764065336
0.003629764065336
0.003629764065336
0.003629764065336
0.003629764065336
0.003629764065336
0.003629764065336
0.003629764065336
0.003629764065336
0.003629764065336
0.003629764065336
0.003629764065336
0.003629764065336
0.003629764065336
0.003629764065336
0.003629764065336
0.003629764065336
0.003629764065336
0.003629764065336
0.003629764065336
0.003629764065336
0.003629764065336
0.003629764065336
0.003629764065336
0.003629764065336
0.003629764065336
0.003629764065336
0.003629764065336
0.003629764065336
0.003629764065336
0.003629764065336
0.003629764065336
0.003629764065336
0.003629764065336
0.003629764065336
0.003629764065336
0.003629764065336
0.003629764065336
0.003629764065336
0.003629764065336
0.003629764065336
0.003629764065336
0.003629764065336
0.003629764065336
0.003629764065336
0.003629764065336
0.003629764065336
0.003629764065336
0.003629764065336
0.003629764065336
0.003629764065336
0.003629764065336
0.003629764065336
0.003629764065336
0.003629764065336
