1
0.136004427227449
0.070668967088772
0.038001237019434
0.021667371984765
0.013500439467431
0.009416973208763
0.007375240079430
0.006354373514763
0.005843940232429
0.005588723591263
0.005461115270679
0.005397311110388
0.005365409030242
0.005333181418666
0.005333344184381
0.005333425567239
0.005333466258667
0.005333486604382
0.005333496777239
0.005333501863667
0.005333504406882
0.005333505678489
0.005333506314292
0.005333506632194
0.005333506791145
0.005333506870621
0.005333506910358
0.005333506930227
0.005333506940162
0.005333506945129
0.005333506947612
0.005333506948854
0.005333506949475
0.005333506949786
0.005333506949941
0.005333506950018
0.005333506950057
0.005333506950077
0.005333506950086
0.005333506950091
0.005333506950094
0.005333506950095
0.005333506950095
0.005333506950096
0.005333506950096
0.005333506950096
0.005333506950096
0.005333506950096
0.005333506950096
0.005333506950096
0.005333506950096
0.005333506950096
0.005333506950096
0.005333506950096
0.005333506950096
0.005333506950096
0.005333506950096
0.005333506950096
0.005333506950096
0.005333506950096
0.005333506950096
0.005333506950096
0.005333506950096
0.005333506950096
0.005333506950096
0.005333506950096
0.005333506950096
0.005333506950096
0.005333506950096
0.005333506950096
0.005333506950096
0.005333506950096
0.005333506950096
0.005333506950096
0.005333506950096
0.005333506950096
0.005333506950096
0.002666753475048
0.002666753475048
0.002666753475048
0.002666753475048
0.002666753475048
0.002666753475048
0.002666753475048
0.002666753475048
0.002666753475048
0.002666753475048
0.002666753475048
0.002666753475048
0.002666753475048
0.002666753475048
0.002666753475048
0.002666753475048
0.002666753475048
0.002666753475048
0.002666753475048
0.002666753475048
0.002666753475048
0.002666753475048
0.002666753475048
0.002666753475048
0.002666753475048
0.002666753475048
0.002666753475048
0.002666753475048
0.002666753475048
0.002666753475048
0.002666753475048
0.002666753475048
0.002666753475048
0.002666753475048
0.002666753475048
0.002666753475048
0.002666753475048
0.002666753475048
0.002666753475048
0.002666753475048
0.002666753475048
0.002666753475048
0.002666753475048
0.002666753475048
0.002666753475048
0.002666753475048
0.002666753475048
0.002666753475048
0.002666753475048
0.002666753475048
0.002666753475048
0.002666753475048
0.002666753475048
0.002666753475048
0.002666753475048
0.002666753475048
0.002666753475048
0.002666753475048
0.002666753475048
0.002666753475048
0.002666753475048
0.002666753475048
0.002666753475048
0.002666753475048
0.002666753475048
0.002666753475048
0.002666753475048
0.002666753475048
0.002666753475048
0.002666753475048
0.002666753475048
0.002666753475048
0.002666753475048
0.002666753475048
0.002666753475048
0.002666753475048
0.002666753475048
0.002666753475048
0.002666753475048
0.002666753475048
0.002666753475048
0.002666753475048
0.002666753475048
0.002666753475048
0.002666753475048
0.002666753475048
0.002666753475048
0.002666753475048
0.002666753475048
0.002666753475048
0.002666753475048
0.002666753475048
0.002666753475048
0.002666753475048
0.002666753475048
0.002666753475048
0.002666753475048
0.002666753475048
0.002666753475048
0.002666753475048
0.002666753475048
0.002666753475048
0.002666753475048
0.002666753475048
0.002666753475048
0.002666753475048
0.002666753475048
0.002666753475048
0.002666753475048
0.002666753475048
0.002666753475048
0.002666753475048
0.002666753475048
0.002666753475048
0.002666753475048
0.002666753475048
0.002666753475048
0.002666753475048
0.002666753475048
0.002666753475048
0.002666753475048
0.002666753475048
0.002666753475048
