1
0.140500592548551
0.073005209853659
0.039257518506213
0.022383672832490
0.013946749995628
0.009728288577197
0.007619057867982
0.006564442513374
0.006037134836071
0.005773480997419
0.005641654078093
0.005575740618430
0.005542783888598
0.005509490865605
0.005509659012186
0.005509743085476
0.005509785122121
0.005509806140444
0.005509816649605
0.005509821904186
0.005509824531476
0.005509825845122
0.005509826501944
0.005509826830355
0.005509826994561
0.005509827076664
0.005509827117715
0.005509827138241
0.005509827148504
0.005509827153635
0.005509827156201
0.005509827157484
0.005509827158125
0.005509827158446
0.005509827158606
0.005509827158687
0.005509827158727
0.005509827158747
0.005509827158757
0.005509827158762
0.005509827158764
0.005509827158765
0.005509827158766
0.005509827158766
0.005509827158767
0.005509827158767
0.005509827158767
0.005509827158767
0.005509827158767
0.005509827158767
0.005509827158767
0.005509827158767
0.005509827158767
0.005509827158767
0.005509827158767
0.005509827158767
0.005509827158767
0.005509827158767
0.005509827158767
0.005509827158767
0.005509827158767
0.005509827158767
0.005509827158767
0.005509827158767
0.005509827158767
0.002754913579383
0.002754913579383
0.002754913579383
0.002754913579383
0.002754913579383
0.002754913579383
0.002754913579383
0.002754913579383
0.002754913579383
0.002754913579383
0.002754913579383
0.002754913579383
0.002754913579383
0.002754913579383
0.002754913579383
0.002754913579383
0.002754913579383
0.002754913579383
0.002754913579383
0.002754913579383
0.002754913579383
0.002754913579383
0.002754913579383
0.002754913579383
0.002754913579383
0.002754913579383
0.002754913579383
0.002754913579383
0.002754913579383
0.002754913579383
0.002754913579383
0.002754913579383
0.002754913579383
0.002754913579383
0.002754913579383
0.002754913579383
0.002754913579383
0.002754913579383
0.002754913579383
0.002754913579383
0.002754913579383
0.002754913579383
0.002754913579383
0.002754913579383
0.002754913579383
0.002754913579383
0.002754913579383
0.002754913579383
0.002754913579383
0.002754913579383
0.002754913579383
0.002754913579383
0.002754913579383
0.002754913579383
0.002754913579383
0.002754913579383
0.002754913579383
0.002754913579383
0.002754913579383
0.002754913579383
0.002754913579383
0.002754913579383
0.002754913579383
0.002754913579383
0.002754913579383
0.002754913579383
0.002754913579383
0.002754913579383
0.002754913579383
0.002754913579383
0.002754913579383
0.002754913579383
0.002754913579383
0.002754913579383
0.002754913579383
0.002754913579383
0.002754913579383
0.002754913579383
0.002754913579383
0.002754913579383
0.002754913579383
0.002754913579383
0.002754913579383
0.002754913579383
0.002754913579383
0.002754913579383
0.002754913579383
0.002754913579383
0.002754913579383
0.002754913579383
0.002754913579383
0.002754913579383
0.002754913579383
0.002754913579383
0.002754913579383
0.002754913579383
0.002754913579383
0.002754913579383
0.002754913579383
0.002754913579383
0.002754913579383
0.002754913579383
0.002754913579383
0.002754913579383
0.002754913579383
0.002754913579383
0.002754913579383
0.002754913579383
0.002754913579383
0.002754913579383
0.002754913579383
0.002754913579383
0.002754913579383
0.002754913579383
0.002754913579383
0.002754913579383
0.002754913579383
0.002754913579383
0.002754913579383
0.002754913579383
0.002754913579383
0.002754913579383
0.002754913579383
0.002754913579383
0.002754913579383
0.002754913579383
0.002754913579383
0.002754913579383
0.002754913579383
0.002754913579383
0.002754913579383
0.002754913579383
0.002754913579383
0.002754913579383
0.002754913579383
