1
0.162945620245581
0.084667822284469
0.045528923303912
0.025959473813634
0.016174749068495
0.011282386695926
0.008836205509641
0.007613114916499
0.007001569619927
0.006695796971642
0.006542910647499
0.006466467485428
0.006428245904392
0.006389634307223
0.006389829315290
0.003195012161678
0.003195012161678
0.003195012161678
0.003195012161678
0.003195012161678
0.003195012161678
0.003195012161678
0.003195012161678
0.003195012161678
0.003195012161678
0.003195012161678
0.003195012161678
0.003195012161678
0.003195012161678
0.003195012161678
0.003195012161678
0.003195012161678
0.003195012161678
0.003195012161678
0.003195012161678
0.003195012161678
0.003195012161678
0.003195012161678
0.003195012161678
0.003195012161678
0.003195012161678
0.003195012161678
0.003195012161678
0.003195012161678
0.003195012161678
0.003195012161678
0.003195012161678
0.003195012161678
0.003195012161678
0.003195012161678
0.003195012161678
0.003195012161678
0.003195012161678
0.003195012161678
0.003195012161678
0.003195012161678
0.003195012161678
0.003195012161678
0.003195012161678
0.003195012161678
0.003195012161678
0.003195012161678
0.003195012161678
0.003195012161678
0.003195012161678
0.003195012161678
0.003195012161678
0.003195012161678
0.003195012161678
0.003195012161678
0.003195012161678
0.003195012161678
0.003195012161678
0.003195012161678
0.003195012161678
0.003195012161678
0.003195012161678
0.003195012161678
0.003195012161678
0.003195012161678
0.003195012161678
0.003195012161678
0.003195012161678
0.003195012161678
0.003195012161678
0.003195012161678
0.003195012161678
0.003195012161678
0.003195012161678
0.003195012161678
0.003195012161678
0.003195012161678
0.003195012161678
0.003195012161678
0.003195012161678
0.003195012161678
0.003195012161678
0.003195012161678
0.003195012161678
0.003195012161678
0.003195012161678
0.003195012161678
0.003195012161678
0.003195012161678
0.003195012161678
0.003195012161678
0.003195012161678
0.003195012161678
0.003195012161678
0.003195012161678
0.003195012161678
0.003195012161678
0.003195012161678
0.003195012161678
0.003195012161678
0.003195012161678
0.003195012161678
0.003195012161678
0.003195012161678
0.003195012161678
0.003195012161678
0.003195012161678
0.003195012161678
0.003195012161678
0.003195012161678
0.003195012161678
0.003195012161678
0.003195012161678
0.003195012161678
0.003195012161678
0.003195012161678
0.003195012161678
0.003195012161678
0.003195012161678
0.003195012161678
0.003195012161678
0.003195012161678
0.003195012161678
0.003195012161678
0.003195012161678
0.003195012161678
0.003195012161678
0.003195012161678
0.003195012161678
0.003195012161678
0.003195012161678
0.003195012161678
0.003195012161678
0.003195012161678
0.003195012161678
0.003195012161678
0.003195012161678
0.003195012161678
0.003195012161678
0.003195012161678
0.003195012161678
0.003195012161678
0.003195012161678
0.003195012161678
0.003195012161678
0.003195012161678
0.003195012161678
0.003195012161678
0.003195012161678
0.003195012161678
0.003195012161678
0.003195012161678
0.003195012161678
0.003195012161678
0.003195012161678
0.003195012161678
0.003195012161678
0.003195012161678
0.003195012161678
0.003195012161678
0.003195012161678
0.003195012161678
0.003195012161678
0.003195012161678
0.003195012161678
0.003195012161678
0.003195012161678
0.003195012161678
0.003195012161678
0.003195012161678
0.003195012161678
0.003195012161678
0.003195012161678
0.003195012161678
0.003195012161678
0.003195012161678
0.003195012161678
0.003195012161678
0.003195012161678
0.003195012161678
0.003195012161678
0.003195012161678
0.003195012161678
0.003195012161678
0.003195012161678
