1
0.136733697352591
0.071047901565562
0.038205003672048
0.021783554725290
0.013572830251912
0.009467468015222
0.007414786896878
0.006388446337705
0.005875276058119
0.005618690918326
0.005490398348430
0.005426252063481
0.005394178921007
0.005361778501569
0.005361942140051
0.005362023959292
0.005362064868912
0.005362085323723
0.005362095551128
0.005362100664830
0.005362103221682
0.005362104500107
0.005362105139320
0.005362105458927
0.005362105618730
0.005362105698631
0.005362105738582
0.005362105758558
0.005362105768545
0.005362105773539
0.005362105776036
0.005362105777285
0.005362105777909
0.005362105778221
0.005362105778377
0.005362105778455
0.005362105778494
0.005362105778513
0.005362105778523
0.005362105778528
0.005362105778531
0.005362105778532
0.005362105778532
0.005362105778533
0.005362105778533
0.005362105778533
0.005362105778533
0.005362105778533
0.005362105778533
0.005362105778533
0.005362105778533
0.005362105778533
0.005362105778533
0.005362105778533
0.005362105778533
0.005362105778533
0.005362105778533
0.005362105778533
0.005362105778533
0.005362105778533
0.005362105778533
0.005362105778533
0.005362105778533
0.005362105778533
0.005362105778533
0.005362105778533
0.005362105778533
0.005362105778533
0.005362105778533
0.005362105778533
0.005362105778533
0.005362105778533
0.005362105778533
0.005362105778533
0.005362105778533
0.002681052889266
0.002681052889266
0.002681052889266
0.002681052889266
0.002681052889266
0.002681052889266
0.002681052889266
0.002681052889266
0.002681052889266
0.002681052889266
0.002681052889266
0.002681052889266
0.002681052889266
0.002681052889266
0.002681052889266
0.002681052889266
0.002681052889266
0.002681052889266
0.002681052889266
0.002681052889266
0.002681052889266
0.002681052889266
0.002681052889266
0.002681052889266
0.002681052889266
0.002681052889266
0.002681052889266
0.002681052889266
0.002681052889266
0.002681052889266
0.002681052889266
0.002681052889266
0.002681052889266
0.002681052889266
0.002681052889266
0.002681052889266
0.002681052889266
0.002681052889266
0.002681052889266
0.002681052889266
0.002681052889266
0.002681052889266
0.002681052889266
0.002681052889266
0.002681052889266
0.002681052889266
0.002681052889266
0.002681052889266
0.002681052889266
0.002681052889266
0.002681052889266
0.002681052889266
0.002681052889266
0.002681052889266
0.002681052889266
0.002681052889266
0.002681052889266
0.002681052889266
0.002681052889266
0.002681052889266
0.002681052889266
0.002681052889266
0.002681052889266
0.002681052889266
0.002681052889266
0.002681052889266
0.002681052889266
0.002681052889266
0.002681052889266
0.002681052889266
0.002681052889266
0.002681052889266
0.002681052889266
0.002681052889266
0.002681052889266
0.002681052889266
0.002681052889266
0.002681052889266
0.002681052889266
0.002681052889266
0.002681052889266
0.002681052889266
0.002681052889266
0.002681052889266
0.002681052889266
0.002681052889266
0.002681052889266
0.002681052889266
0.002681052889266
0.002681052889266
0.002681052889266
0.002681052889266
0.002681052889266
0.002681052889266
0.002681052889266
0.002681052889266
0.002681052889266
0.002681052889266
0.002681052889266
0.002681052889266
0.002681052889266
0.002681052889266
0.002681052889266
0.002681052889266
0.002681052889266
0.002681052889266
0.002681052889266
0.002681052889266
0.002681052889266
0.002681052889266
0.002681052889266
0.002681052889266
0.002681052889266
0.002681052889266
0.002681052889266
0.002681052889266
0.002681052889266
0.002681052889266
0.002681052889266
0.002681052889266
0.002681052889266
0.002681052889266
0.002681052889266
0.002681052889266
0.002681052889266
