1
0.139730700539803
0.072605167927545
0.039042401621416
0.022261018468351
0.013870326891819
0.009674981103553
0.007577308209419
0.006528471762353
0.006004053538820
0.005741844427053
0.005610739871170
0.005545187593228
0.005512411454257
0.005479300864889
0.005479468090088
0.005479551702687
0.005479593508987
0.005479614412137
0.005479624863711
0.005479630089499
0.005479632702393
0.005479634008840
0.005479634662063
0.005479634988675
0.005479635151981
0.005479635233633
0.005479635274460
0.005479635294873
0.005479635305080
0.005479635310183
0.005479635312735
0.005479635314011
0.005479635314648
0.005479635314967
0.005479635315127
0.005479635315207
0.005479635315247
0.005479635315266
0.005479635315276
0.005479635315281
0.005479635315284
0.005479635315285
0.005479635315286
0.005479635315286
0.005479635315286
0.005479635315286
0.005479635315286
0.005479635315286
0.005479635315286
0.005479635315286
0.005479635315286
0.005479635315286
0.005479635315286
0.005479635315286
0.005479635315286
0.005479635315286
0.005479635315286
0.005479635315286
0.005479635315286
0.005479635315286
0.005479635315286
0.005479635315286
0.005479635315286
0.005479635315286
0.005479635315286
0.005479635315286
0.005479635315286
0.002739817657643
0.002739817657643
0.002739817657643
0.002739817657643
0.002739817657643
0.002739817657643
0.002739817657643
0.002739817657643
0.002739817657643
0.002739817657643
0.002739817657643
0.002739817657643
0.002739817657643
0.002739817657643
0.002739817657643
0.002739817657643
0.002739817657643
0.002739817657643
0.002739817657643
0.002739817657643
0.002739817657643
0.002739817657643
0.002739817657643
0.002739817657643
0.002739817657643
0.002739817657643
0.002739817657643
0.002739817657643
0.002739817657643
0.002739817657643
0.002739817657643
0.002739817657643
0.002739817657643
0.002739817657643
0.002739817657643
0.002739817657643
0.002739817657643
0.002739817657643
0.002739817657643
0.002739817657643
0.002739817657643
0.002739817657643
0.002739817657643
0.002739817657643
0.002739817657643
0.002739817657643
0.002739817657643
0.002739817657643
0.002739817657643
0.002739817657643
0.002739817657643
0.002739817657643
0.002739817657643
0.002739817657643
0.002739817657643
0.002739817657643
0.002739817657643
0.002739817657643
0.002739817657643
0.002739817657643
0.002739817657643
0.002739817657643
0.002739817657643
0.002739817657643
0.002739817657643
0.002739817657643
0.002739817657643
0.002739817657643
0.002739817657643
0.002739817657643
0.002739817657643
0.002739817657643
0.002739817657643
0.002739817657643
0.002739817657643
0.002739817657643
0.002739817657643
0.002739817657643
0.002739817657643
0.002739817657643
0.002739817657643
0.002739817657643
0.002739817657643
0.002739817657643
0.002739817657643
0.002739817657643
0.002739817657643
0.002739817657643
0.002739817657643
0.002739817657643
0.002739817657643
0.002739817657643
0.002739817657643
0.002739817657643
0.002739817657643
0.002739817657643
0.002739817657643
0.002739817657643
0.002739817657643
0.002739817657643
0.002739817657643
0.002739817657643
0.002739817657643
0.002739817657643
0.002739817657643
0.002739817657643
0.002739817657643
0.002739817657643
0.002739817657643
0.002739817657643
0.002739817657643
0.002739817657643
0.002739817657643
0.002739817657643
0.002739817657643
0.002739817657643
0.002739817657643
0.002739817657643
0.002739817657643
0.002739817657643
0.002739817657643
0.002739817657643
0.002739817657643
0.002739817657643
0.002739817657643
0.002739817657643
0.002739817657643
0.002739817657643
0.002739817657643
0.002739817657643
0.002739817657643
0.002739817657643
0.002739817657643
