1
0.131447434492115
0.068301117922373
0.036727959637503
0.020941380495067
0.013048090923850
0.009101446138241
0.007128123745436
0.006141462549034
0.005648131950833
0.005401466651733
0.005278134002182
0.005216467677407
0.005185634515020
0.005154486728526
0.005154644040579
0.005154722696605
0.005154762024619
0.005154781688625
0.005154791520629
0.005154796436630
0.005154798894631
0.005154800123632
0.005154800738132
0.005154801045382
0.005154801199007
0.005154801275819
0.005154801314226
0.005154801333429
0.005154801343030
0.005154801347831
0.005154801350232
0.005154801351432
0.005154801352032
0.005154801352332
0.005154801352482
0.005154801352557
0.005154801352594
0.005154801352613
0.005154801352623
0.005154801352627
0.005154801352630
0.005154801352631
0.005154801352631
0.005154801352632
0.005154801352632
0.005154801352632
0.005154801352632
0.005154801352632
0.005154801352632
0.005154801352632
0.005154801352632
0.005154801352632
0.005154801352632
0.005154801352632
0.005154801352632
0.005154801352632
0.005154801352632
0.005154801352632
0.005154801352632
0.005154801352632
0.005154801352632
0.005154801352632
0.005154801352632
0.005154801352632
0.005154801352632
0.005154801352632
0.005154801352632
0.005154801352632
0.005154801352632
0.005154801352632
0.005154801352632
0.005154801352632
0.005154801352632
0.005154801352632
0.005154801352632
0.005154801352632
0.005154801352632
0.005154801352632
0.005154801352632
0.005154801352632
0.005154801352632
0.005154801352632
0.005154801352632
0.005154801352632
0.005154801352632
0.005154801352632
0.005154801352632
0.005154801352632
0.005154801352632
0.005154801352632
0.002577400676316
0.002577400676316
0.002577400676316
0.002577400676316
0.002577400676316
0.002577400676316
0.002577400676316
0.002577400676316
0.002577400676316
0.002577400676316
0.002577400676316
0.002577400676316
0.002577400676316
0.002577400676316
0.002577400676316
0.002577400676316
0.002577400676316
0.002577400676316
0.002577400676316
0.002577400676316
0.002577400676316
0.002577400676316
0.002577400676316
0.002577400676316
0.002577400676316
0.002577400676316
0.002577400676316
0.002577400676316
0.002577400676316
0.002577400676316
0.002577400676316
0.002577400676316
0.002577400676316
0.002577400676316
0.002577400676316
0.002577400676316
0.002577400676316
0.002577400676316
0.002577400676316
0.002577400676316
0.002577400676316
0.002577400676316
0.002577400676316
0.002577400676316
0.002577400676316
0.002577400676316
0.002577400676316
0.002577400676316
0.002577400676316
0.002577400676316
0.002577400676316
0.002577400676316
0.002577400676316
0.002577400676316
0.002577400676316
0.002577400676316
0.002577400676316
0.002577400676316
0.002577400676316
0.002577400676316
0.002577400676316
0.002577400676316
0.002577400676316
0.002577400676316
0.002577400676316
0.002577400676316
0.002577400676316
0.002577400676316
0.002577400676316
0.002577400676316
0.002577400676316
0.002577400676316
0.002577400676316
0.002577400676316
0.002577400676316
0.002577400676316
0.002577400676316
0.002577400676316
0.002577400676316
0.002577400676316
0.002577400676316
0.002577400676316
0.002577400676316
0.002577400676316
0.002577400676316
0.002577400676316
0.002577400676316
0.002577400676316
0.002577400676316
0.002577400676316
0.002577400676316
0.002577400676316
0.002577400676316
0.002577400676316
0.002577400676316
0.002577400676316
0.002577400676316
0.002577400676316
0.002577400676316
0.002577400676316
0.002577400676316
0.002577400676316
0.002577400676316
0.002577400676316
0.002577400676316
0.002577400676316
0.002577400676316
0.002577400676316
0.002577400676316
0.002577400676316
