1
0.157900704301610
0.082046444392013
0.044119314437215
0.025155749459815
0.015673966971116
0.010933075726766
0.008562630104591
0.007377407293504
0.006784795887960
0.006488490185188
0.006340337333802
0.006266260908109
0.006229222695263
0.006191806541469
0.006191995511942
0.006192089997179
0.006192137239798
0.006192160861107
0.006192172671761
0.006192178577089
0.006192181529752
0.006192183006084
0.006192183744250
0.006192184113333
0.006192184297875
0.003096092241208
0.003096092241208
0.003096092241208
0.003096092241208
0.003096092241208
0.003096092241208
0.003096092241208
0.003096092241208
0.003096092241208
0.003096092241208
0.003096092241208
0.003096092241208
0.003096092241208
0.003096092241208
0.003096092241208
0.003096092241208
0.003096092241208
0.003096092241208
0.003096092241208
0.003096092241208
0.003096092241208
0.003096092241208
0.003096092241208
0.003096092241208
0.003096092241208
0.003096092241208
0.003096092241208
0.003096092241208
0.003096092241208
0.003096092241208
0.003096092241208
0.003096092241208
0.003096092241208
0.003096092241208
0.003096092241208
0.003096092241208
0.003096092241208
0.003096092241208
0.003096092241208
0.003096092241208
0.003096092241208
0.003096092241208
0.003096092241208
0.003096092241208
0.003096092241208
0.003096092241208
0.003096092241208
0.003096092241208
0.003096092241208
0.003096092241208
0.003096092241208
0.003096092241208
0.003096092241208
0.003096092241208
0.003096092241208
0.003096092241208
0.003096092241208
0.003096092241208
0.003096092241208
0.003096092241208
0.003096092241208
0.003096092241208
0.003096092241208
0.003096092241208
0.003096092241208
0.003096092241208
0.003096092241208
0.003096092241208
0.003096092241208
0.003096092241208
0.003096092241208
0.003096092241208
0.003096092241208
0.003096092241208
0.003096092241208
0.003096092241208
0.003096092241208
0.003096092241208
0.003096092241208
0.003096092241208
0.003096092241208
0.003096092241208
0.003096092241208
0.003096092241208
0.003096092241208
0.003096092241208
0.003096092241208
0.003096092241208
0.003096092241208
0.003096092241208
0.003096092241208
0.003096092241208
0.003096092241208
0.003096092241208
0.003096092241208
0.003096092241208
0.003096092241208
0.003096092241208
0.003096092241208
0.003096092241208
0.003096092241208
0.003096092241208
0.003096092241208
0.003096092241208
0.003096092241208
0.003096092241208
0.003096092241208
0.003096092241208
0.003096092241208
0.003096092241208
0.003096092241208
0.003096092241208
0.003096092241208
0.003096092241208
0.003096092241208
0.003096092241208
0.003096092241208
0.003096092241208
0.003096092241208
0.003096092241208
0.003096092241208
0.003096092241208
0.003096092241208
0.003096092241208
0.003096092241208
0.003096092241208
0.003096092241208
0.003096092241208
0.003096092241208
0.003096092241208
0.003096092241208
0.003096092241208
0.003096092241208
0.003096092241208
0.003096092241208
0.003096092241208
0.003096092241208
0.003096092241208
0.003096092241208
0.003096092241208
0.003096092241208
0.003096092241208
0.003096092241208
0.003096092241208
0.003096092241208
0.003096092241208
0.003096092241208
0.003096092241208
0.003096092241208
0.003096092241208
0.003096092241208
0.003096092241208
0.003096092241208
0.003096092241208
0.003096092241208
0.003096092241208
0.003096092241208
0.003096092241208
0.003096092241208
0.003096092241208
0.003096092241208
0.003096092241208
0.003096092241208
0.003096092241208
0.003096092241208
0.003096092241208
0.003096092241208
0.003096092241208
0.003096092241208
0.003096092241208
0.003096092241208
0.003096092241208
0.003096092241208
0.003096092241208
0.003096092241208
