1
0.149565471408749
0.077715392006507
0.041790352305386
0.023827832454825
0.014846572529545
0.010355942566905
0.008110627585585
0.006987970094925
0.006426641349595
0.006145976976930
0.006005644790597
0.005935478697431
0.005900395650848
0.005864954613993
0.005865133609129
0.005865223106697
0.005865267855481
0.005865290229873
0.005865301417069
0.005865307010667
0.005865309807466
0.005865311205865
0.005865311905065
0.005865312254665
0.005865312429465
0.005865312516865
0.005865312560565
0.005865312582415
0.005865312593340
0.005865312598802
0.005865312601533
0.005865312602899
0.005865312603582
0.005865312603923
0.005865312604094
0.005865312604179
0.005865312604222
0.005865312604243
0.005865312604254
0.005865312604259
0.005865312604262
0.005865312604263
0.005865312604264
0.002932656302132
0.002932656302132
0.002932656302132
0.002932656302132
0.002932656302132
0.002932656302132
0.002932656302132
0.002932656302132
0.002932656302132
0.002932656302132
0.002932656302132
0.002932656302132
0.002932656302132
0.002932656302132
0.002932656302132
0.002932656302132
0.002932656302132
0.002932656302132
0.002932656302132
0.002932656302132
0.002932656302132
0.002932656302132
0.002932656302132
0.002932656302132
0.002932656302132
0.002932656302132
0.002932656302132
0.002932656302132
0.002932656302132
0.002932656302132
0.002932656302132
0.002932656302132
0.002932656302132
0.002932656302132
0.002932656302132
0.002932656302132
0.002932656302132
0.002932656302132
0.002932656302132
0.002932656302132
0.002932656302132
0.002932656302132
0.002932656302132
0.002932656302132
0.002932656302132
0.002932656302132
0.002932656302132
0.002932656302132
0.002932656302132
0.002932656302132
0.002932656302132
0.002932656302132
0.002932656302132
0.002932656302132
0.002932656302132
0.002932656302132
0.002932656302132
0.002932656302132
0.002932656302132
0.002932656302132
0.002932656302132
0.002932656302132
0.002932656302132
0.002932656302132
0.002932656302132
0.002932656302132
0.002932656302132
0.002932656302132
0.002932656302132
0.002932656302132
0.002932656302132
0.002932656302132
0.002932656302132
0.002932656302132
0.002932656302132
0.002932656302132
0.002932656302132
0.002932656302132
0.002932656302132
0.002932656302132
0.002932656302132
0.002932656302132
0.002932656302132
0.002932656302132
0.002932656302132
0.002932656302132
0.002932656302132
0.002932656302132
0.002932656302132
0.002932656302132
0.002932656302132
0.002932656302132
0.002932656302132
0.002932656302132
0.002932656302132
0.002932656302132
0.002932656302132
0.002932656302132
0.002932656302132
0.002932656302132
0.002932656302132
0.002932656302132
0.002932656302132
0.002932656302132
0.002932656302132
0.002932656302132
0.002932656302132
0.002932656302132
0.002932656302132
0.002932656302132
0.002932656302132
0.002932656302132
0.002932656302132
0.002932656302132
0.002932656302132
0.002932656302132
0.002932656302132
0.002932656302132
0.002932656302132
0.002932656302132
0.002932656302132
0.002932656302132
0.002932656302132
0.002932656302132
0.002932656302132
0.002932656302132
0.002932656302132
0.002932656302132
0.002932656302132
0.002932656302132
0.002932656302132
0.002932656302132
0.002932656302132
0.002932656302132
0.002932656302132
0.002932656302132
0.002932656302132
0.002932656302132
0.002932656302132
0.002932656302132
0.002932656302132
0.002932656302132
0.002932656302132
0.002932656302132
0.002932656302132
0.002932656302132
0.002932656302132
0.002932656302132
0.002932656302132
0.002932656302132
0.002932656302132
0.002932656302132
0.002932656302132
0.002932656302132
0.002932656302132
0.002932656302132
0.002932656302132
