1
0.139348909935788
0.072406786535262
0.038935724834999
0.022200193984868
0.013832428559802
0.009648545847270
0.007556604491003
0.006510633812870
0.005987648473803
0.005726155804270
0.005595409469503
0.005530036302120
0.005497349718428
0.005464329598168
0.005464496366453
0.005464579750595
0.005464621442666
0.005464642288701
0.005464652711719
0.005464657923228
0.005464660528982
0.005464661831860
0.005464662483298
0.005464662809017
0.005464662971877
0.005464663053307
0.005464663094022
0.005464663114379
0.005464663124558
0.005464663129647
0.005464663132192
0.005464663133464
0.005464663134101
0.005464663134419
0.005464663134578
0.005464663134657
0.005464663134697
0.005464663134717
0.005464663134727
0.005464663134732
0.005464663134734
0.005464663134736
0.005464663134736
0.005464663134736
0.005464663134737
0.005464663134737
0.005464663134737
0.005464663134737
0.005464663134737
0.005464663134737
0.005464663134737
0.005464663134737
0.005464663134737
0.005464663134737
0.005464663134737
0.005464663134737
0.005464663134737
0.005464663134737
0.005464663134737
0.005464663134737
0.005464663134737
0.005464663134737
0.005464663134737
0.005464663134737
0.005464663134737
0.005464663134737
0.005464663134737
0.005464663134737
0.002732331567368
0.002732331567368
0.002732331567368
0.002732331567368
0.002732331567368
0.002732331567368
0.002732331567368
0.002732331567368
0.002732331567368
0.002732331567368
0.002732331567368
0.002732331567368
0.002732331567368
0.002732331567368
0.002732331567368
0.002732331567368
0.002732331567368
0.002732331567368
0.002732331567368
0.002732331567368
0.002732331567368
0.002732331567368
0.002732331567368
0.002732331567368
0.002732331567368
0.002732331567368
0.002732331567368
0.002732331567368
0.002732331567368
0.002732331567368
0.002732331567368
0.002732331567368
0.002732331567368
0.002732331567368
0.002732331567368
0.002732331567368
0.002732331567368
0.002732331567368
0.002732331567368
0.002732331567368
0.002732331567368
0.002732331567368
0.002732331567368
0.002732331567368
0.002732331567368
0.002732331567368
0.002732331567368
0.002732331567368
0.002732331567368
0.002732331567368
0.002732331567368
0.002732331567368
0.002732331567368
0.002732331567368
0.002732331567368
0.002732331567368
0.002732331567368
0.002732331567368
0.002732331567368
0.002732331567368
0.002732331567368
0.002732331567368
0.002732331567368
0.002732331567368
0.002732331567368
0.002732331567368
0.002732331567368
0.002732331567368
0.002732331567368
0.002732331567368
0.002732331567368
0.002732331567368
0.002732331567368
0.002732331567368
0.002732331567368
0.002732331567368
0.002732331567368
0.002732331567368
0.002732331567368
0.002732331567368
0.002732331567368
0.002732331567368
0.002732331567368
0.002732331567368
0.002732331567368
0.002732331567368
0.002732331567368
0.002732331567368
0.002732331567368
0.002732331567368
0.002732331567368
0.002732331567368
0.002732331567368
0.002732331567368
0.002732331567368
0.002732331567368
0.002732331567368
0.002732331567368
0.002732331567368
0.002732331567368
0.002732331567368
0.002732331567368
0.002732331567368
0.002732331567368
0.002732331567368
0.002732331567368
0.002732331567368
0.002732331567368
0.002732331567368
0.002732331567368
0.002732331567368
0.002732331567368
0.002732331567368
0.002732331567368
0.002732331567368
0.002732331567368
0.002732331567368
0.002732331567368
0.002732331567368
0.002732331567368
0.002732331567368
0.002732331567368
0.002732331567368
0.002732331567368
0.002732331567368
0.002732331567368
0.002732331567368
0.002732331567368
0.002732331567368
0.002732331567368
0.002732331567368
0.002732331567368
