1
0.132128530821515
0.068655020917062
0.036918265964835
0.021049888488722
0.013115699750665
0.009148605381637
0.007165058197123
0.006173284604866
0.005677397808737
0.005429454410673
0.005305482711641
0.005243496862124
0.005212503937366
0.005181194758274
0.005181352885441
0.005181431949025
0.005181471480817
0.005181491246713
0.005181501129660
0.005181506071134
0.005181508541871
0.005181509777240
0.005181510394924
0.005181510703766
0.005181510858187
0.005181510935398
0.005181510974003
0.005181510993306
0.005181511002957
0.005181511007783
0.005181511010196
0.005181511011402
0.005181511012005
0.005181511012307
0.005181511012458
0.005181511012533
0.005181511012571
0.005181511012590
0.005181511012599
0.005181511012604
0.005181511012606
0.005181511012607
0.005181511012608
0.005181511012608
0.005181511012608
0.005181511012608
0.005181511012608
0.005181511012608
0.005181511012608
0.005181511012608
0.005181511012608
0.005181511012608
0.005181511012608
0.005181511012608
0.005181511012608
0.005181511012608
0.005181511012608
0.005181511012608
0.005181511012608
0.005181511012608
0.005181511012608
0.005181511012608
0.005181511012608
0.005181511012608
0.005181511012608
0.005181511012608
0.005181511012608
0.005181511012608
0.005181511012608
0.005181511012608
0.005181511012608
0.005181511012608
0.005181511012608
0.005181511012608
0.005181511012608
0.005181511012608
0.005181511012608
0.005181511012608
0.005181511012608
0.005181511012608
0.005181511012608
0.005181511012608
0.005181511012608
0.005181511012608
0.005181511012608
0.005181511012608
0.005181511012608
0.005181511012608
0.002590755506304
0.002590755506304
0.002590755506304
0.002590755506304
0.002590755506304
0.002590755506304
0.002590755506304
0.002590755506304
0.002590755506304
0.002590755506304
0.002590755506304
0.002590755506304
0.002590755506304
0.002590755506304
0.002590755506304
0.002590755506304
0.002590755506304
0.002590755506304
0.002590755506304
0.002590755506304
0.002590755506304
0.002590755506304
0.002590755506304
0.002590755506304
0.002590755506304
0.002590755506304
0.002590755506304
0.002590755506304
0.002590755506304
0.002590755506304
0.002590755506304
0.002590755506304
0.002590755506304
0.002590755506304
0.002590755506304
0.002590755506304
0.002590755506304
0.002590755506304
0.002590755506304
0.002590755506304
0.002590755506304
0.002590755506304
0.002590755506304
0.002590755506304
0.002590755506304
0.002590755506304
0.002590755506304
0.002590755506304
0.002590755506304
0.002590755506304
0.002590755506304
0.002590755506304
0.002590755506304
0.002590755506304
0.002590755506304
0.002590755506304
0.002590755506304
0.002590755506304
0.002590755506304
0.002590755506304
0.002590755506304
0.002590755506304
0.002590755506304
0.002590755506304
0.002590755506304
0.002590755506304
0.002590755506304
0.002590755506304
0.002590755506304
0.002590755506304
0.002590755506304
0.002590755506304
0.002590755506304
0.002590755506304
0.002590755506304
0.002590755506304
0.002590755506304
0.002590755506304
0.002590755506304
0.002590755506304
0.002590755506304
0.002590755506304
0.002590755506304
0.002590755506304
0.002590755506304
0.002590755506304
0.002590755506304
0.002590755506304
0.002590755506304
0.002590755506304
0.002590755506304
0.002590755506304
0.002590755506304
0.002590755506304
0.002590755506304
0.002590755506304
0.002590755506304
0.002590755506304
0.002590755506304
0.002590755506304
0.002590755506304
0.002590755506304
0.002590755506304
0.002590755506304
0.002590755506304
0.002590755506304
0.002590755506304
0.002590755506304
0.002590755506304
0.002590755506304
0.002590755506304
0.002590755506304
