1
0.143666911961927
0.074650454254727
0.040142225401127
0.022888110974327
0.014261053760927
0.009947525154227
0.007790760850877
0.006712378699202
0.006173187623364
0.005903592085445
0.005768794316486
0.005701395432006
0.005667695989766
0.005633652675667
0.005633824611597
0.005633910579562
0.005633953563544
0.005633975055535
0.005633985801531
0.005633991174529
0.005633993861028
0.005633995204277
0.005633995875902
0.005633996211714
0.005633996379620
0.005633996463573
0.005633996505550
0.005633996526538
0.005633996537032
0.005633996542279
0.005633996544903
0.005633996546215
0.005633996546871
0.005633996547199
0.005633996547363
0.005633996547445
0.005633996547486
0.005633996547506
0.005633996547516
0.005633996547521
0.005633996547524
0.005633996547525
0.005633996547526
0.005633996547526
0.005633996547526
0.005633996547526
0.005633996547526
0.005633996547527
0.005633996547527
0.005633996547527
0.005633996547527
0.005633996547527
0.005633996547527
0.005633996547527
0.005633996547527
0.005633996547527
0.005633996547527
0.002816998273763
0.002816998273763
0.002816998273763
0.002816998273763
0.002816998273763
0.002816998273763
0.002816998273763
0.002816998273763
0.002816998273763
0.002816998273763
0.002816998273763
0.002816998273763
0.002816998273763
0.002816998273763
0.002816998273763
0.002816998273763
0.002816998273763
0.002816998273763
0.002816998273763
0.002816998273763
0.002816998273763
0.002816998273763
0.002816998273763
0.002816998273763
0.002816998273763
0.002816998273763
0.002816998273763
0.002816998273763
0.002816998273763
0.002816998273763
0.002816998273763
0.002816998273763
0.002816998273763
0.002816998273763
0.002816998273763
0.002816998273763
0.002816998273763
0.002816998273763
0.002816998273763
0.002816998273763
0.002816998273763
0.002816998273763
0.002816998273763
0.002816998273763
0.002816998273763
0.002816998273763
0.002816998273763
0.002816998273763
0.002816998273763
0.002816998273763
0.002816998273763
0.002816998273763
0.002816998273763
0.002816998273763
0.002816998273763
0.002816998273763
0.002816998273763
0.002816998273763
0.002816998273763
0.002816998273763
0.002816998273763
0.002816998273763
0.002816998273763
0.002816998273763
0.002816998273763
0.002816998273763
0.002816998273763
0.002816998273763
0.002816998273763
0.002816998273763
0.002816998273763
0.002816998273763
0.002816998273763
0.002816998273763
0.002816998273763
0.002816998273763
0.002816998273763
0.002816998273763
0.002816998273763
0.002816998273763
0.002816998273763
0.002816998273763
0.002816998273763
0.002816998273763
0.002816998273763
0.002816998273763
0.002816998273763
0.002816998273763
0.002816998273763
0.002816998273763
0.002816998273763
0.002816998273763
0.002816998273763
0.002816998273763
0.002816998273763
0.002816998273763
0.002816998273763
0.002816998273763
0.002816998273763
0.002816998273763
0.002816998273763
0.002816998273763
0.002816998273763
0.002816998273763
0.002816998273763
0.002816998273763
0.002816998273763
0.002816998273763
0.002816998273763
0.002816998273763
0.002816998273763
0.002816998273763
0.002816998273763
0.002816998273763
0.002816998273763
0.002816998273763
0.002816998273763
0.002816998273763
0.002816998273763
0.002816998273763
0.002816998273763
0.002816998273763
0.002816998273763
0.002816998273763
0.002816998273763
0.002816998273763
0.002816998273763
0.002816998273763
0.002816998273763
0.002816998273763
0.002816998273763
0.002816998273763
0.002816998273763
0.002816998273763
0.002816998273763
0.002816998273763
0.002816998273763
0.002816998273763
0.002816998273763
0.002816998273763
0.002816998273763
0.002816998273763
0.002816998273763
