1
0.165074106970702
0.085773800680855
0.046123647535931
0.026298570963470
0.016386032677239
0.011429763534123
0.008951628962566
0.007712561676787
0.007093028033897
0.006783261212453
0.006628377801730
0.003236747195504
0.003236747195504
0.003236747195504
0.003236747195504
0.003236747195504
0.003236747195504
0.003236747195504
0.003236747195504
0.003236747195504
0.003236747195504
0.003236747195504
0.003236747195504
0.003236747195504
0.003236747195504
0.003236747195504
0.003236747195504
0.003236747195504
0.003236747195504
0.003236747195504
0.003236747195504
0.003236747195504
0.003236747195504
0.003236747195504
0.003236747195504
0.003236747195504
0.003236747195504
0.003236747195504
0.003236747195504
0.003236747195504
0.003236747195504
0.003236747195504
0.003236747195504
0.003236747195504
0.003236747195504
0.003236747195504
0.003236747195504
0.003236747195504
0.003236747195504
0.003236747195504
0.003236747195504
0.003236747195504
0.003236747195504
0.003236747195504
0.003236747195504
0.003236747195504
0.003236747195504
0.003236747195504
0.003236747195504
0.003236747195504
0.003236747195504
0.003236747195504
0.003236747195504
0.003236747195504
0.003236747195504
0.003236747195504
0.003236747195504
0.003236747195504
0.003236747195504
0.003236747195504
0.003236747195504
0.003236747195504
0.003236747195504
0.003236747195504
0.003236747195504
0.003236747195504
0.003236747195504
0.003236747195504
0.003236747195504
0.003236747195504
0.003236747195504
0.003236747195504
0.003236747195504
0.003236747195504
0.003236747195504
0.003236747195504
0.003236747195504
0.003236747195504
0.003236747195504
0.003236747195504
0.003236747195504
0.003236747195504
0.003236747195504
0.003236747195504
0.003236747195504
0.003236747195504
0.003236747195504
0.003236747195504
0.003236747195504
0.003236747195504
0.003236747195504
0.003236747195504
0.003236747195504
0.003236747195504
0.003236747195504
0.003236747195504
0.003236747195504
0.003236747195504
0.003236747195504
0.003236747195504
0.003236747195504
0.003236747195504
0.003236747195504
0.003236747195504
0.003236747195504
0.003236747195504
0.003236747195504
0.003236747195504
0.003236747195504
0.003236747195504
0.003236747195504
0.003236747195504
0.003236747195504
0.003236747195504
0.003236747195504
0.003236747195504
0.003236747195504
0.003236747195504
0.003236747195504
0.003236747195504
0.003236747195504
0.003236747195504
0.003236747195504
0.003236747195504
0.003236747195504
0.003236747195504
0.003236747195504
0.003236747195504
0.003236747195504
0.003236747195504
0.003236747195504
0.003236747195504
0.003236747195504
0.003236747195504
0.003236747195504
0.003236747195504
0.003236747195504
0.003236747195504
0.003236747195504
0.003236747195504
0.003236747195504
0.003236747195504
0.003236747195504
0.003236747195504
0.003236747195504
0.003236747195504
0.003236747195504
0.003236747195504
0.003236747195504
0.003236747195504
0.003236747195504
0.003236747195504
0.003236747195504
0.003236747195504
0.003236747195504
0.003236747195504
0.003236747195504
0.003236747195504
0.003236747195504
0.003236747195504
0.003236747195504
0.003236747195504
0.003236747195504
0.003236747195504
0.003236747195504
0.003236747195504
0.003236747195504
0.003236747195504
0.003236747195504
0.003236747195504
0.003236747195504
0.003236747195504
0.003236747195504
0.003236747195504
0.003236747195504
0.003236747195504
0.003236747195504
0.003236747195504
0.003236747195504
0.003236747195504
0.003236747195504
0.003236747195504
0.003236747195504
0.003236747195504
0.003236747195504
0.003236747195504
0.003236747195504
0.003236747195504
0.003236747195504
0.003236747195504
