1
0.158391097721112
0.082301256659009
0.044256336127958
0.025233875862432
0.015722645729669
0.010967030663288
0.008589223130097
0.007400319363502
0.006805867480204
0.006508641538555
0.006360028567731
0.006285722082319
0.006248568839612
0.006211036482185
0.006211226039546
0.006211320818226
0.006211368207566
0.006211391902236
0.006211403749571
0.006211409673239
0.006211412635073
0.006211414115989
0.006211414856448
0.006211415226677
0.003105707798453
0.003105707798453
0.003105707798453
0.003105707798453
0.003105707798453
0.003105707798453
0.003105707798453
0.003105707798453
0.003105707798453
0.003105707798453
0.003105707798453
0.003105707798453
0.003105707798453
0.003105707798453
0.003105707798453
0.003105707798453
0.003105707798453
0.003105707798453
0.003105707798453
0.003105707798453
0.003105707798453
0.003105707798453
0.003105707798453
0.003105707798453
0.003105707798453
0.003105707798453
0.003105707798453
0.003105707798453
0.003105707798453
0.003105707798453
0.003105707798453
0.003105707798453
0.003105707798453
0.003105707798453
0.003105707798453
0.003105707798453
0.003105707798453
0.003105707798453
0.003105707798453
0.003105707798453
0.003105707798453
0.003105707798453
0.003105707798453
0.003105707798453
0.003105707798453
0.003105707798453
0.003105707798453
0.003105707798453
0.003105707798453
0.003105707798453
0.003105707798453
0.003105707798453
0.003105707798453
0.003105707798453
0.003105707798453
0.003105707798453
0.003105707798453
0.003105707798453
0.003105707798453
0.003105707798453
0.003105707798453
0.003105707798453
0.003105707798453
0.003105707798453
0.003105707798453
0.003105707798453
0.003105707798453
0.003105707798453
0.003105707798453
0.003105707798453
0.003105707798453
0.003105707798453
0.003105707798453
0.003105707798453
0.003105707798453
0.003105707798453
0.003105707798453
0.003105707798453
0.003105707798453
0.003105707798453
0.003105707798453
0.003105707798453
0.003105707798453
0.003105707798453
0.003105707798453
0.003105707798453
0.003105707798453
0.003105707798453
0.003105707798453
0.003105707798453
0.003105707798453
0.003105707798453
0.003105707798453
0.003105707798453
0.003105707798453
0.003105707798453
0.003105707798453
0.003105707798453
0.003105707798453
0.003105707798453
0.003105707798453
0.003105707798453
0.003105707798453
0.003105707798453
0.003105707798453
0.003105707798453
0.003105707798453
0.003105707798453
0.003105707798453
0.003105707798453
0.003105707798453
0.003105707798453
0.003105707798453
0.003105707798453
0.003105707798453
0.003105707798453
0.003105707798453
0.003105707798453
0.003105707798453
0.003105707798453
0.003105707798453
0.003105707798453
0.003105707798453
0.003105707798453
0.003105707798453
0.003105707798453
0.003105707798453
0.003105707798453
0.003105707798453
0.003105707798453
0.003105707798453
0.003105707798453
0.003105707798453
0.003105707798453
0.003105707798453
0.003105707798453
0.003105707798453
0.003105707798453
0.003105707798453
0.003105707798453
0.003105707798453
0.003105707798453
0.003105707798453
0.003105707798453
0.003105707798453
0.003105707798453
0.003105707798453
0.003105707798453
0.003105707798453
0.003105707798453
0.003105707798453
0.003105707798453
0.003105707798453
0.003105707798453
0.003105707798453
0.003105707798453
0.003105707798453
0.003105707798453
0.003105707798453
0.003105707798453
0.003105707798453
0.003105707798453
0.003105707798453
0.003105707798453
0.003105707798453
0.003105707798453
0.003105707798453
0.003105707798453
0.003105707798453
0.003105707798453
0.003105707798453
0.003105707798453
0.003105707798453
0.003105707798453
0.003105707798453
0.003105707798453
