1
0.138969200003725
0.072209486276446
0.038829629412806
0.022139700980986
0.013794736765076
0.009622254657121
0.007536013603143
0.006492893076154
0.005971332812660
0.005710552680913
0.005580162615039
0.005514967582102
0.005482370065634
0.005449439921447
0.005449606235306
0.005449689392236
0.005449730970701
0.005449751759933
0.005449762154549
0.005449767351858
0.005449769950512
0.005449771249839
0.005449771899502
0.005449772224334
0.005449772386750
0.005449772467958
0.005449772508562
0.005449772528864
0.005449772539015
0.005449772544090
0.005449772546628
0.005449772547897
0.005449772548531
0.005449772548848
0.005449772549007
0.005449772549086
0.005449772549126
0.005449772549146
0.005449772549156
0.005449772549161
0.005449772549163
0.005449772549164
0.005449772549165
0.005449772549165
0.005449772549166
0.005449772549166
0.005449772549166
0.005449772549166
0.005449772549166
0.005449772549166
0.005449772549166
0.005449772549166
0.005449772549166
0.005449772549166
0.005449772549166
0.005449772549166
0.005449772549166
0.005449772549166
0.005449772549166
0.005449772549166
0.005449772549166
0.005449772549166
0.005449772549166
0.005449772549166
0.005449772549166
0.005449772549166
0.005449772549166
0.005449772549166
0.005449772549166
0.002724886274583
0.002724886274583
0.002724886274583
0.002724886274583
0.002724886274583
0.002724886274583
0.002724886274583
0.002724886274583
0.002724886274583
0.002724886274583
0.002724886274583
0.002724886274583
0.002724886274583
0.002724886274583
0.002724886274583
0.002724886274583
0.002724886274583
0.002724886274583
0.002724886274583
0.002724886274583
0.002724886274583
0.002724886274583
0.002724886274583
0.002724886274583
0.002724886274583
0.002724886274583
0.002724886274583
0.002724886274583
0.002724886274583
0.002724886274583
0.002724886274583
0.002724886274583
0.002724886274583
0.002724886274583
0.002724886274583
0.002724886274583
0.002724886274583
0.002724886274583
0.002724886274583
0.002724886274583
0.002724886274583
0.002724886274583
0.002724886274583
0.002724886274583
0.002724886274583
0.002724886274583
0.002724886274583
0.002724886274583
0.002724886274583
0.002724886274583
0.002724886274583
0.002724886274583
0.002724886274583
0.002724886274583
0.002724886274583
0.002724886274583
0.002724886274583
0.002724886274583
0.002724886274583
0.002724886274583
0.002724886274583
0.002724886274583
0.002724886274583
0.002724886274583
0.002724886274583
0.002724886274583
0.002724886274583
0.002724886274583
0.002724886274583
0.002724886274583
0.002724886274583
0.002724886274583
0.002724886274583
0.002724886274583
0.002724886274583
0.002724886274583
0.002724886274583
0.002724886274583
0.002724886274583
0.002724886274583
0.002724886274583
0.002724886274583
0.002724886274583
0.002724886274583
0.002724886274583
0.002724886274583
0.002724886274583
0.002724886274583
0.002724886274583
0.002724886274583
0.002724886274583
0.002724886274583
0.002724886274583
0.002724886274583
0.002724886274583
0.002724886274583
0.002724886274583
0.002724886274583
0.002724886274583
0.002724886274583
0.002724886274583
0.002724886274583
0.002724886274583
0.002724886274583
0.002724886274583
0.002724886274583
0.002724886274583
0.002724886274583
0.002724886274583
0.002724886274583
0.002724886274583
0.002724886274583
0.002724886274583
0.002724886274583
0.002724886274583
0.002724886274583
0.002724886274583
0.002724886274583
0.002724886274583
0.002724886274583
0.002724886274583
0.002724886274583
0.002724886274583
0.002724886274583
0.002724886274583
0.002724886274583
0.002724886274583
0.002724886274583
0.002724886274583
0.002724886274583
0.002724886274583
