1
0.130438854913499
0.067777052062897
0.036446150637595
0.020780699924945
0.012947974568619
0.009031611890457
0.007073430551375
0.006094339881835
0.005604794547064
0.005360021879679
0.005237635545987
0.005176442379140
0.005145845795717
0.005114937002259
0.005115093107277
0.005115171159785
0.005115210186040
0.005115229699167
0.005115239455730
0.005115244334012
0.005115246773153
0.005115247992724
0.005115248602509
0.005115248907401
0.005115249059848
0.005115249136071
0.005115249174183
0.005115249193238
0.005115249202766
0.005115249207530
0.005115249209912
0.005115249211103
0.005115249211699
0.005115249211996
0.005115249212145
0.005115249212220
0.005115249212257
0.005115249212275
0.005115249212285
0.005115249212289
0.005115249212292
0.005115249212293
0.005115249212294
0.005115249212294
0.005115249212294
0.005115249212294
0.005115249212294
0.005115249212294
0.005115249212294
0.005115249212294
0.005115249212294
0.005115249212294
0.005115249212294
0.005115249212294
0.005115249212294
0.005115249212294
0.005115249212294
0.005115249212294
0.005115249212294
0.005115249212294
0.005115249212294
0.005115249212294
0.005115249212294
0.005115249212294
0.005115249212294
0.005115249212294
0.005115249212294
0.005115249212294
0.005115249212294
0.005115249212294
0.005115249212294
0.005115249212294
0.005115249212294
0.005115249212294
0.005115249212294
0.005115249212294
0.005115249212294
0.005115249212294
0.005115249212294
0.005115249212294
0.005115249212294
0.005115249212294
0.005115249212294
0.005115249212294
0.005115249212294
0.005115249212294
0.005115249212294
0.005115249212294
0.005115249212294
0.005115249212294
0.005115249212294
0.005115249212294
0.005115249212294
0.002557624606147
0.002557624606147
0.002557624606147
0.002557624606147
0.002557624606147
0.002557624606147
0.002557624606147
0.002557624606147
0.002557624606147
0.002557624606147
0.002557624606147
0.002557624606147
0.002557624606147
0.002557624606147
0.002557624606147
0.002557624606147
0.002557624606147
0.002557624606147
0.002557624606147
0.002557624606147
0.002557624606147
0.002557624606147
0.002557624606147
0.002557624606147
0.002557624606147
0.002557624606147
0.002557624606147
0.002557624606147
0.002557624606147
0.002557624606147
0.002557624606147
0.002557624606147
0.002557624606147
0.002557624606147
0.002557624606147
0.002557624606147
0.002557624606147
0.002557624606147
0.002557624606147
0.002557624606147
0.002557624606147
0.002557624606147
0.002557624606147
0.002557624606147
0.002557624606147
0.002557624606147
0.002557624606147
0.002557624606147
0.002557624606147
0.002557624606147
0.002557624606147
0.002557624606147
0.002557624606147
0.002557624606147
0.002557624606147
0.002557624606147
0.002557624606147
0.002557624606147
0.002557624606147
0.002557624606147
0.002557624606147
0.002557624606147
0.002557624606147
0.002557624606147
0.002557624606147
0.002557624606147
0.002557624606147
0.002557624606147
0.002557624606147
0.002557624606147
0.002557624606147
0.002557624606147
0.002557624606147
0.002557624606147
0.002557624606147
0.002557624606147
0.002557624606147
0.002557624606147
0.002557624606147
0.002557624606147
0.002557624606147
0.002557624606147
0.002557624606147
0.002557624606147
0.002557624606147
0.002557624606147
0.002557624606147
0.002557624606147
0.002557624606147
0.002557624606147
0.002557624606147
0.002557624606147
0.002557624606147
0.002557624606147
0.002557624606147
0.002557624606147
0.002557624606147
0.002557624606147
0.002557624606147
0.002557624606147
0.002557624606147
0.002557624606147
0.002557624606147
0.002557624606147
0.002557624606147
0.002557624606147
0.002557624606147
