1
0.134568978067864
0.069923096447028
0.037600155636609
0.021438685231400
0.013357950028795
0.009317582427493
0.007297398626842
0.006287306726516
0.005782260776354
0.005529737801272
0.005403476313731
0.005340345569961
0.005308780198076
0.005276892730559
0.005277053778375
0.005277134302283
0.005277174564237
0.005277194695214
0.005277204760702
0.005277209793447
0.005277212309819
0.005277213568005
0.005277214197098
0.005277214511644
0.005277214668917
0.005277214747554
0.005277214786872
0.005277214806532
0.005277214816361
0.005277214821276
0.005277214823733
0.005277214824962
0.005277214825576
0.005277214825884
0.005277214826037
0.005277214826114
0.005277214826152
0.005277214826172
0.005277214826181
0.005277214826186
0.005277214826188
0.005277214826190
0.005277214826190
0.005277214826190
0.005277214826191
0.005277214826191
0.005277214826191
0.005277214826191
0.005277214826191
0.005277214826191
0.005277214826191
0.005277214826191
0.005277214826191
0.005277214826191
0.005277214826191
0.005277214826191
0.005277214826191
0.005277214826191
0.005277214826191
0.005277214826191
0.005277214826191
0.005277214826191
0.005277214826191
0.005277214826191
0.005277214826191
0.005277214826191
0.005277214826191
0.005277214826191
0.005277214826191
0.005277214826191
0.005277214826191
0.005277214826191
0.005277214826191
0.005277214826191
0.005277214826191
0.005277214826191
0.005277214826191
0.005277214826191
0.005277214826191
0.005277214826191
0.005277214826191
0.002638607413095
0.002638607413095
0.002638607413095
0.002638607413095
0.002638607413095
0.002638607413095
0.002638607413095
0.002638607413095
0.002638607413095
0.002638607413095
0.002638607413095
0.002638607413095
0.002638607413095
0.002638607413095
0.002638607413095
0.002638607413095
0.002638607413095
0.002638607413095
0.002638607413095
0.002638607413095
0.002638607413095
0.002638607413095
0.002638607413095
0.002638607413095
0.002638607413095
0.002638607413095
0.002638607413095
0.002638607413095
0.002638607413095
0.002638607413095
0.002638607413095
0.002638607413095
0.002638607413095
0.002638607413095
0.002638607413095
0.002638607413095
0.002638607413095
0.002638607413095
0.002638607413095
0.002638607413095
0.002638607413095
0.002638607413095
0.002638607413095
0.002638607413095
0.002638607413095
0.002638607413095
0.002638607413095
0.002638607413095
0.002638607413095
0.002638607413095
0.002638607413095
0.002638607413095
0.002638607413095
0.002638607413095
0.002638607413095
0.002638607413095
0.002638607413095
0.002638607413095
0.002638607413095
0.002638607413095
0.002638607413095
0.002638607413095
0.002638607413095
0.002638607413095
0.002638607413095
0.002638607413095
0.002638607413095
0.002638607413095
0.002638607413095
0.002638607413095
0.002638607413095
0.002638607413095
0.002638607413095
0.002638607413095
0.002638607413095
0.002638607413095
0.002638607413095
0.002638607413095
0.002638607413095
0.002638607413095
0.002638607413095
0.002638607413095
0.002638607413095
0.002638607413095
0.002638607413095
0.002638607413095
0.002638607413095
0.002638607413095
0.002638607413095
0.002638607413095
0.002638607413095
0.002638607413095
0.002638607413095
0.002638607413095
0.002638607413095
0.002638607413095
0.002638607413095
0.002638607413095
0.002638607413095
0.002638607413095
0.002638607413095
0.002638607413095
0.002638607413095
0.002638607413095
0.002638607413095
0.002638607413095
0.002638607413095
0.002638607413095
0.002638607413095
0.002638607413095
0.002638607413095
0.002638607413095
0.002638607413095
0.002638607413095
0.002638607413095
0.002638607413095
0.002638607413095
0.002638607413095
0.002638607413095
