1
0.131109512745294
0.068125531132359
0.036633540325891
0.020887544922657
0.013014547221040
0.009078048370232
0.007109798944828
0.006125674232125
0.005633611875774
0.005387580697599
0.005264565108511
0.005203057313967
0.005172303416695
0.005141235704145
0.005141392611784
0.005141471065604
0.005141510292513
0.005141529905968
0.005141539712696
0.005141544616060
0.005141547067741
0.005141548293582
0.005141548906503
0.005141549212963
0.005141549366193
0.005141549442808
0.005141549481116
0.005141549500270
0.005141549509846
0.005141549514635
0.005141549517029
0.005141549518226
0.005141549518825
0.005141549519124
0.005141549519274
0.005141549519348
0.005141549519386
0.005141549519405
0.005141549519414
0.005141549519419
0.005141549519421
0.005141549519422
0.005141549519423
0.005141549519423
0.005141549519423
0.005141549519423
0.005141549519423
0.005141549519423
0.005141549519423
0.005141549519423
0.005141549519423
0.005141549519423
0.005141549519423
0.005141549519423
0.005141549519423
0.005141549519423
0.005141549519423
0.005141549519423
0.005141549519423
0.005141549519423
0.005141549519423
0.005141549519423
0.005141549519423
0.005141549519423
0.005141549519423
0.005141549519423
0.005141549519423
0.005141549519423
0.005141549519423
0.005141549519423
0.005141549519423
0.005141549519423
0.005141549519423
0.005141549519423
0.005141549519423
0.005141549519423
0.005141549519423
0.005141549519423
0.005141549519423
0.005141549519423
0.005141549519423
0.005141549519423
0.005141549519423
0.005141549519423
0.005141549519423
0.005141549519423
0.005141549519423
0.005141549519423
0.005141549519423
0.005141549519423
0.005141549519423
0.002570774759712
0.002570774759712
0.002570774759712
0.002570774759712
0.002570774759712
0.002570774759712
0.002570774759712
0.002570774759712
0.002570774759712
0.002570774759712
0.002570774759712
0.002570774759712
0.002570774759712
0.002570774759712
0.002570774759712
0.002570774759712
0.002570774759712
0.002570774759712
0.002570774759712
0.002570774759712
0.002570774759712
0.002570774759712
0.002570774759712
0.002570774759712
0.002570774759712
0.002570774759712
0.002570774759712
0.002570774759712
0.002570774759712
0.002570774759712
0.002570774759712
0.002570774759712
0.002570774759712
0.002570774759712
0.002570774759712
0.002570774759712
0.002570774759712
0.002570774759712
0.002570774759712
0.002570774759712
0.002570774759712
0.002570774759712
0.002570774759712
0.002570774759712
0.002570774759712
0.002570774759712
0.002570774759712
0.002570774759712
0.002570774759712
0.002570774759712
0.002570774759712
0.002570774759712
0.002570774759712
0.002570774759712
0.002570774759712
0.002570774759712
0.002570774759712
0.002570774759712
0.002570774759712
0.002570774759712
0.002570774759712
0.002570774759712
0.002570774759712
0.002570774759712
0.002570774759712
0.002570774759712
0.002570774759712
0.002570774759712
0.002570774759712
0.002570774759712
0.002570774759712
0.002570774759712
0.002570774759712
0.002570774759712
0.002570774759712
0.002570774759712
0.002570774759712
0.002570774759712
0.002570774759712
0.002570774759712
0.002570774759712
0.002570774759712
0.002570774759712
0.002570774759712
0.002570774759712
0.002570774759712
0.002570774759712
0.002570774759712
0.002570774759712
0.002570774759712
0.002570774759712
0.002570774759712
0.002570774759712
0.002570774759712
0.002570774759712
0.002570774759712
0.002570774759712
0.002570774759712
0.002570774759712
0.002570774759712
0.002570774759712
0.002570774759712
0.002570774759712
0.002570774759712
0.002570774759712
0.002570774759712
0.002570774759712
0.002570774759712
0.002570774759712
