1
0.130106092370243
0.067604146035519
0.036353172868156
0.020727686284475
0.012914942992634
0.009008571346714
0.007055385523754
0.006078792612274
0.005590496156534
0.005346347928664
0.005224273814729
0.005163236757761
0.005132718229278
0.005101888287238
0.005102043994016
0.005102121847405
0.005102160774099
0.005102180237447
0.005102189969120
0.005102194834957
0.005102197267875
0.005102198484335
0.005102199092564
0.005102199396679
0.005102199548736
0.005102199624765
0.005102199662780
0.005102199681787
0.005102199691290
0.005102199696042
0.005102199698418
0.005102199699606
0.005102199700200
0.005102199700497
0.005102199700645
0.005102199700720
0.005102199700757
0.005102199700775
0.005102199700785
0.005102199700789
0.005102199700792
0.005102199700793
0.005102199700793
0.005102199700794
0.005102199700794
0.005102199700794
0.005102199700794
0.005102199700794
0.005102199700794
0.005102199700794
0.005102199700794
0.005102199700794
0.005102199700794
0.005102199700794
0.005102199700794
0.005102199700794
0.005102199700794
0.005102199700794
0.005102199700794
0.005102199700794
0.005102199700794
0.005102199700794
0.005102199700794
0.005102199700794
0.005102199700794
0.005102199700794
0.005102199700794
0.005102199700794
0.005102199700794
0.005102199700794
0.005102199700794
0.005102199700794
0.005102199700794
0.005102199700794
0.005102199700794
0.005102199700794
0.005102199700794
0.005102199700794
0.005102199700794
0.005102199700794
0.005102199700794
0.005102199700794
0.005102199700794
0.005102199700794
0.005102199700794
0.005102199700794
0.005102199700794
0.005102199700794
0.005102199700794
0.005102199700794
0.005102199700794
0.005102199700794
0.005102199700794
0.005102199700794
0.002551099850397
0.002551099850397
0.002551099850397
0.002551099850397
0.002551099850397
0.002551099850397
0.002551099850397
0.002551099850397
0.002551099850397
0.002551099850397
0.002551099850397
0.002551099850397
0.002551099850397
0.002551099850397
0.002551099850397
0.002551099850397
0.002551099850397
0.002551099850397
0.002551099850397
0.002551099850397
0.002551099850397
0.002551099850397
0.002551099850397
0.002551099850397
0.002551099850397
0.002551099850397
0.002551099850397
0.002551099850397
0.002551099850397
0.002551099850397
0.002551099850397
0.002551099850397
0.002551099850397
0.002551099850397
0.002551099850397
0.002551099850397
0.002551099850397
0.002551099850397
0.002551099850397
0.002551099850397
0.002551099850397
0.002551099850397
0.002551099850397
0.002551099850397
0.002551099850397
0.002551099850397
0.002551099850397
0.002551099850397
0.002551099850397
0.002551099850397
0.002551099850397
0.002551099850397
0.002551099850397
0.002551099850397
0.002551099850397
0.002551099850397
0.002551099850397
0.002551099850397
0.002551099850397
0.002551099850397
0.002551099850397
0.002551099850397
0.002551099850397
0.002551099850397
0.002551099850397
0.002551099850397
0.002551099850397
0.002551099850397
0.002551099850397
0.002551099850397
0.002551099850397
0.002551099850397
0.002551099850397
0.002551099850397
0.002551099850397
0.002551099850397
0.002551099850397
0.002551099850397
0.002551099850397
0.002551099850397
0.002551099850397
0.002551099850397
0.002551099850397
0.002551099850397
0.002551099850397
0.002551099850397
0.002551099850397
0.002551099850397
0.002551099850397
0.002551099850397
0.002551099850397
0.002551099850397
0.002551099850397
0.002551099850397
0.002551099850397
0.002551099850397
0.002551099850397
0.002551099850397
0.002551099850397
0.002551099850397
0.002551099850397
0.002551099850397
0.002551099850397
0.002551099850397
0.002551099850397
0.002551099850397
