1
0.149128129858893
0.077488145907072
0.041668153931161
0.023758157943206
0.014803159949228
0.010325660952240
0.008086911453745
0.006967536704498
0.006407849329874
0.006128005642563
0.005988083798907
0.005918122877079
0.005883142416165
0.005847805011772
0.005847983483511
0.005848072719381
0.005848117337316
0.005848139646283
0.005848150800767
0.005848156378009
0.005848159166630
0.005848160560940
0.005848161258095
0.005848161606673
0.005848161780962
0.005848161868106
0.005848161911679
0.005848161933465
0.005848161944358
0.005848161949804
0.005848161952527
0.005848161953889
0.005848161954570
0.005848161954910
0.005848161955081
0.005848161955166
0.005848161955208
0.005848161955229
0.005848161955240
0.005848161955245
0.005848161955248
0.005848161955249
0.005848161955250
0.005848161955250
0.002924080977625
0.002924080977625
0.002924080977625
0.002924080977625
0.002924080977625
0.002924080977625
0.002924080977625
0.002924080977625
0.002924080977625
0.002924080977625
0.002924080977625
0.002924080977625
0.002924080977625
0.002924080977625
0.002924080977625
0.002924080977625
0.002924080977625
0.002924080977625
0.002924080977625
0.002924080977625
0.002924080977625
0.002924080977625
0.002924080977625
0.002924080977625
0.002924080977625
0.002924080977625
0.002924080977625
0.002924080977625
0.002924080977625
0.002924080977625
0.002924080977625
0.002924080977625
0.002924080977625
0.002924080977625
0.002924080977625
0.002924080977625
0.002924080977625
0.002924080977625
0.002924080977625
0.002924080977625
0.002924080977625
0.002924080977625
0.002924080977625
0.002924080977625
0.002924080977625
0.002924080977625
0.002924080977625
0.002924080977625
0.002924080977625
0.002924080977625
0.002924080977625
0.002924080977625
0.002924080977625
0.002924080977625
0.002924080977625
0.002924080977625
0.002924080977625
0.002924080977625
0.002924080977625
0.002924080977625
0.002924080977625
0.002924080977625
0.002924080977625
0.002924080977625
0.002924080977625
0.002924080977625
0.002924080977625
0.002924080977625
0.002924080977625
0.002924080977625
0.002924080977625
0.002924080977625
0.002924080977625
0.002924080977625
0.002924080977625
0.002924080977625
0.002924080977625
0.002924080977625
0.002924080977625
0.002924080977625
0.002924080977625
0.002924080977625
0.002924080977625
0.002924080977625
0.002924080977625
0.002924080977625
0.002924080977625
0.002924080977625
0.002924080977625
0.002924080977625
0.002924080977625
0.002924080977625
0.002924080977625
0.002924080977625
0.002924080977625
0.002924080977625
0.002924080977625
0.002924080977625
0.002924080977625
0.002924080977625
0.002924080977625
0.002924080977625
0.002924080977625
0.002924080977625
0.002924080977625
0.002924080977625
0.002924080977625
0.002924080977625
0.002924080977625
0.002924080977625
0.002924080977625
0.002924080977625
0.002924080977625
0.002924080977625
0.002924080977625
0.002924080977625
0.002924080977625
0.002924080977625
0.002924080977625
0.002924080977625
0.002924080977625
0.002924080977625
0.002924080977625
0.002924080977625
0.002924080977625
0.002924080977625
0.002924080977625
0.002924080977625
0.002924080977625
0.002924080977625
0.002924080977625
0.002924080977625
0.002924080977625
0.002924080977625
0.002924080977625
0.002924080977625
0.002924080977625
0.002924080977625
0.002924080977625
0.002924080977625
0.002924080977625
0.002924080977625
0.002924080977625
0.002924080977625
0.002924080977625
0.002924080977625
0.002924080977625
0.002924080977625
0.002924080977625
0.002924080977625
0.002924080977625
0.002924080977625
0.002924080977625
0.002924080977625
0.002924080977625
0.002924080977625
