1
0.164528827357202
0.085490469116978
0.045971289996865
0.026211700436809
0.016331905656781
0.011392008266767
0.008922059571760
0.007687085224257
0.007069598050505
0.006760854463629
0.006606482670191
0.006529296773472
0.003226055438377
0.003226055438377
0.003226055438377
0.003226055438377
0.003226055438377
0.003226055438377
0.003226055438377
0.003226055438377
0.003226055438377
0.003226055438377
0.003226055438377
0.003226055438377
0.003226055438377
0.003226055438377
0.003226055438377
0.003226055438377
0.003226055438377
0.003226055438377
0.003226055438377
0.003226055438377
0.003226055438377
0.003226055438377
0.003226055438377
0.003226055438377
0.003226055438377
0.003226055438377
0.003226055438377
0.003226055438377
0.003226055438377
0.003226055438377
0.003226055438377
0.003226055438377
0.003226055438377
0.003226055438377
0.003226055438377
0.003226055438377
0.003226055438377
0.003226055438377
0.003226055438377
0.003226055438377
0.003226055438377
0.003226055438377
0.003226055438377
0.003226055438377
0.003226055438377
0.003226055438377
0.003226055438377
0.003226055438377
0.003226055438377
0.003226055438377
0.003226055438377
0.003226055438377
0.003226055438377
0.003226055438377
0.003226055438377
0.003226055438377
0.003226055438377
0.003226055438377
0.003226055438377
0.003226055438377
0.003226055438377
0.003226055438377
0.003226055438377
0.003226055438377
0.003226055438377
0.003226055438377
0.003226055438377
0.003226055438377
0.003226055438377
0.003226055438377
0.003226055438377
0.003226055438377
0.003226055438377
0.003226055438377
0.003226055438377
0.003226055438377
0.003226055438377
0.003226055438377
0.003226055438377
0.003226055438377
0.003226055438377
0.003226055438377
0.003226055438377
0.003226055438377
0.003226055438377
0.003226055438377
0.003226055438377
0.003226055438377
0.003226055438377
0.003226055438377
0.003226055438377
0.003226055438377
0.003226055438377
0.003226055438377
0.003226055438377
0.003226055438377
0.003226055438377
0.003226055438377
0.003226055438377
0.003226055438377
0.003226055438377
0.003226055438377
0.003226055438377
0.003226055438377
0.003226055438377
0.003226055438377
0.003226055438377
0.003226055438377
0.003226055438377
0.003226055438377
0.003226055438377
0.003226055438377
0.003226055438377
0.003226055438377
0.003226055438377
0.003226055438377
0.003226055438377
0.003226055438377
0.003226055438377
0.003226055438377
0.003226055438377
0.003226055438377
0.003226055438377
0.003226055438377
0.003226055438377
0.003226055438377
0.003226055438377
0.003226055438377
0.003226055438377
0.003226055438377
0.003226055438377
0.003226055438377
0.003226055438377
0.003226055438377
0.003226055438377
0.003226055438377
0.003226055438377
0.003226055438377
0.003226055438377
0.003226055438377
0.003226055438377
0.003226055438377
0.003226055438377
0.003226055438377
0.003226055438377
0.003226055438377
0.003226055438377
0.003226055438377
0.003226055438377
0.003226055438377
0.003226055438377
0.003226055438377
0.003226055438377
0.003226055438377
0.003226055438377
0.003226055438377
0.003226055438377
0.003226055438377
0.003226055438377
0.003226055438377
0.003226055438377
0.003226055438377
0.003226055438377
0.003226055438377
0.003226055438377
0.003226055438377
0.003226055438377
0.003226055438377
0.003226055438377
0.003226055438377
0.003226055438377
0.003226055438377
0.003226055438377
0.003226055438377
0.003226055438377
0.003226055438377
0.003226055438377
0.003226055438377
0.003226055438377
0.003226055438377
0.003226055438377
0.003226055438377
0.003226055438377
0.003226055438377
0.003226055438377
0.003226055438377
0.003226055438377
0.003226055438377
