1
0.151340793536485
0.078637863308174
0.042286398194018
0.024110665636940
0.015022799358401
0.010478866219132
0.008206899649497
0.007070916364680
0.006502924722271
0.006218928901067
0.006076930990464
0.006005932035163
0.005970432557513
0.005934570840294
0.005934751960078
0.005934842519970
0.005934887799916
0.005934910439889
0.005934921759876
0.005934927419869
0.005934930249866
0.005934931664864
0.005934932372363
0.005934932726113
0.005934932902987
0.005934932991425
0.005934933035643
0.005934933057753
0.005934933068807
0.005934933074335
0.005934933077099
0.005934933078480
0.005934933079171
0.005934933079517
0.005934933079689
0.005934933079776
0.005934933079819
0.005934933079841
0.005934933079851
0.002967466539931
0.002967466539931
0.002967466539931
0.002967466539931
0.002967466539931
0.002967466539931
0.002967466539931
0.002967466539931
0.002967466539931
0.002967466539931
0.002967466539931
0.002967466539931
0.002967466539931
0.002967466539931
0.002967466539931
0.002967466539931
0.002967466539931
0.002967466539931
0.002967466539931
0.002967466539931
0.002967466539931
0.002967466539931
0.002967466539931
0.002967466539931
0.002967466539931
0.002967466539931
0.002967466539931
0.002967466539931
0.002967466539931
0.002967466539931
0.002967466539931
0.002967466539931
0.002967466539931
0.002967466539931
0.002967466539931
0.002967466539931
0.002967466539931
0.002967466539931
0.002967466539931
0.002967466539931
0.002967466539931
0.002967466539931
0.002967466539931
0.002967466539931
0.002967466539931
0.002967466539931
0.002967466539931
0.002967466539931
0.002967466539931
0.002967466539931
0.002967466539931
0.002967466539931
0.002967466539931
0.002967466539931
0.002967466539931
0.002967466539931
0.002967466539931
0.002967466539931
0.002967466539931
0.002967466539931
0.002967466539931
0.002967466539931
0.002967466539931
0.002967466539931
0.002967466539931
0.002967466539931
0.002967466539931
0.002967466539931
0.002967466539931
0.002967466539931
0.002967466539931
0.002967466539931
0.002967466539931
0.002967466539931
0.002967466539931
0.002967466539931
0.002967466539931
0.002967466539931
0.002967466539931
0.002967466539931
0.002967466539931
0.002967466539931
0.002967466539931
0.002967466539931
0.002967466539931
0.002967466539931
0.002967466539931
0.002967466539931
0.002967466539931
0.002967466539931
0.002967466539931
0.002967466539931
0.002967466539931
0.002967466539931
0.002967466539931
0.002967466539931
0.002967466539931
0.002967466539931
0.002967466539931
0.002967466539931
0.002967466539931
0.002967466539931
0.002967466539931
0.002967466539931
0.002967466539931
0.002967466539931
0.002967466539931
0.002967466539931
0.002967466539931
0.002967466539931
0.002967466539931
0.002967466539931
0.002967466539931
0.002967466539931
0.002967466539931
0.002967466539931
0.002967466539931
0.002967466539931
0.002967466539931
0.002967466539931
0.002967466539931
0.002967466539931
0.002967466539931
0.002967466539931
0.002967466539931
0.002967466539931
0.002967466539931
0.002967466539931
0.002967466539931
0.002967466539931
0.002967466539931
0.002967466539931
0.002967466539931
0.002967466539931
0.002967466539931
0.002967466539931
0.002967466539931
0.002967466539931
0.002967466539931
0.002967466539931
0.002967466539931
0.002967466539931
0.002967466539931
0.002967466539931
0.002967466539931
0.002967466539931
0.002967466539931
0.002967466539931
0.002967466539931
0.002967466539931
0.002967466539931
0.002967466539931
0.002967466539931
0.002967466539931
0.002967466539931
0.002967466539931
0.002967466539931
0.002967466539931
0.002967466539931
0.002967466539931
0.002967466539931
