1
0.142066111992949
0.073818666035552
0.039694943056853
0.022633081567504
0.014102150822829
0.009836685450492
0.007703952764324
0.006637586421239
0.006104403249697
0.005837811663926
0.005704515871040
0.005637867974598
0.005604544026376
0.005570880037867
0.005571050058011
0.005571135068083
0.005571177573119
0.005571198825637
0.005571209451896
0.005571214765025
0.005571217421590
0.005571218749872
0.005571219414014
0.005571219746084
0.005571219912120
0.005571219995137
0.005571220036646
0.005571220057400
0.005571220067778
0.005571220072966
0.005571220075561
0.005571220076858
0.005571220077506
0.005571220077831
0.005571220077993
0.005571220078074
0.005571220078114
0.005571220078135
0.005571220078145
0.005571220078150
0.005571220078152
0.005571220078154
0.005571220078154
0.005571220078155
0.005571220078155
0.005571220078155
0.005571220078155
0.005571220078155
0.005571220078155
0.005571220078155
0.005571220078155
0.005571220078155
0.005571220078155
0.005571220078155
0.005571220078155
0.005571220078155
0.005571220078155
0.005571220078155
0.005571220078155
0.005571220078155
0.005571220078155
0.002785610039077
0.002785610039077
0.002785610039077
0.002785610039077
0.002785610039077
0.002785610039077
0.002785610039077
0.002785610039077
0.002785610039077
0.002785610039077
0.002785610039077
0.002785610039077
0.002785610039077
0.002785610039077
0.002785610039077
0.002785610039077
0.002785610039077
0.002785610039077
0.002785610039077
0.002785610039077
0.002785610039077
0.002785610039077
0.002785610039077
0.002785610039077
0.002785610039077
0.002785610039077
0.002785610039077
0.002785610039077
0.002785610039077
0.002785610039077
0.002785610039077
0.002785610039077
0.002785610039077
0.002785610039077
0.002785610039077
0.002785610039077
0.002785610039077
0.002785610039077
0.002785610039077
0.002785610039077
0.002785610039077
0.002785610039077
0.002785610039077
0.002785610039077
0.002785610039077
0.002785610039077
0.002785610039077
0.002785610039077
0.002785610039077
0.002785610039077
0.002785610039077
0.002785610039077
0.002785610039077
0.002785610039077
0.002785610039077
0.002785610039077
0.002785610039077
0.002785610039077
0.002785610039077
0.002785610039077
0.002785610039077
0.002785610039077
0.002785610039077
0.002785610039077
0.002785610039077
0.002785610039077
0.002785610039077
0.002785610039077
0.002785610039077
0.002785610039077
0.002785610039077
0.002785610039077
0.002785610039077
0.002785610039077
0.002785610039077
0.002785610039077
0.002785610039077
0.002785610039077
0.002785610039077
0.002785610039077
0.002785610039077
0.002785610039077
0.002785610039077
0.002785610039077
0.002785610039077
0.002785610039077
0.002785610039077
0.002785610039077
0.002785610039077
0.002785610039077
0.002785610039077
0.002785610039077
0.002785610039077
0.002785610039077
0.002785610039077
0.002785610039077
0.002785610039077
0.002785610039077
0.002785610039077
0.002785610039077
0.002785610039077
0.002785610039077
0.002785610039077
0.002785610039077
0.002785610039077
0.002785610039077
0.002785610039077
0.002785610039077
0.002785610039077
0.002785610039077
0.002785610039077
0.002785610039077
0.002785610039077
0.002785610039077
0.002785610039077
0.002785610039077
0.002785610039077
0.002785610039077
0.002785610039077
0.002785610039077
0.002785610039077
0.002785610039077
0.002785610039077
0.002785610039077
0.002785610039077
0.002785610039077
0.002785610039077
0.002785610039077
0.002785610039077
0.002785610039077
0.002785610039077
0.002785610039077
0.002785610039077
0.002785610039077
0.002785610039077
0.002785610039077
0.002785610039077
0.002785610039077
0.002785610039077
