1
0.143263339382193
0.074440754777022
0.040029462474436
0.022823816323144
0.014220993247497
0.009919581709674
0.007768875940762
0.006693523056307
0.006155846614079
0.005887008392965
0.005752589282408
0.005685379727129
0.005651774949490
0.005617827265956
0.005617998718904
0.005618084445377
0.005618127308614
0.005618148740232
0.005618159456042
0.005618164813946
0.005618167492898
0.005618168832375
0.005618169502113
0.005618169836982
0.005618170004416
0.005618170088133
0.005618170129992
0.005618170150921
0.005618170161386
0.005618170166618
0.005618170169235
0.005618170170543
0.005618170171197
0.005618170171524
0.005618170171687
0.005618170171769
0.005618170171810
0.005618170171830
0.005618170171840
0.005618170171846
0.005618170171848
0.005618170171849
0.005618170171850
0.005618170171850
0.005618170171851
0.005618170171851
0.005618170171851
0.005618170171851
0.005618170171851
0.005618170171851
0.005618170171851
0.005618170171851
0.005618170171851
0.005618170171851
0.005618170171851
0.005618170171851
0.005618170171851
0.005618170171851
0.002809085085925
0.002809085085925
0.002809085085925
0.002809085085925
0.002809085085925
0.002809085085925
0.002809085085925
0.002809085085925
0.002809085085925
0.002809085085925
0.002809085085925
0.002809085085925
0.002809085085925
0.002809085085925
0.002809085085925
0.002809085085925
0.002809085085925
0.002809085085925
0.002809085085925
0.002809085085925
0.002809085085925
0.002809085085925
0.002809085085925
0.002809085085925
0.002809085085925
0.002809085085925
0.002809085085925
0.002809085085925
0.002809085085925
0.002809085085925
0.002809085085925
0.002809085085925
0.002809085085925
0.002809085085925
0.002809085085925
0.002809085085925
0.002809085085925
0.002809085085925
0.002809085085925
0.002809085085925
0.002809085085925
0.002809085085925
0.002809085085925
0.002809085085925
0.002809085085925
0.002809085085925
0.002809085085925
0.002809085085925
0.002809085085925
0.002809085085925
0.002809085085925
0.002809085085925
0.002809085085925
0.002809085085925
0.002809085085925
0.002809085085925
0.002809085085925
0.002809085085925
0.002809085085925
0.002809085085925
0.002809085085925
0.002809085085925
0.002809085085925
0.002809085085925
0.002809085085925
0.002809085085925
0.002809085085925
0.002809085085925
0.002809085085925
0.002809085085925
0.002809085085925
0.002809085085925
0.002809085085925
0.002809085085925
0.002809085085925
0.002809085085925
0.002809085085925
0.002809085085925
0.002809085085925
0.002809085085925
0.002809085085925
0.002809085085925
0.002809085085925
0.002809085085925
0.002809085085925
0.002809085085925
0.002809085085925
0.002809085085925
0.002809085085925
0.002809085085925
0.002809085085925
0.002809085085925
0.002809085085925
0.002809085085925
0.002809085085925
0.002809085085925
0.002809085085925
0.002809085085925
0.002809085085925
0.002809085085925
0.002809085085925
0.002809085085925
0.002809085085925
0.002809085085925
0.002809085085925
0.002809085085925
0.002809085085925
0.002809085085925
0.002809085085925
0.002809085085925
0.002809085085925
0.002809085085925
0.002809085085925
0.002809085085925
0.002809085085925
0.002809085085925
0.002809085085925
0.002809085085925
0.002809085085925
0.002809085085925
0.002809085085925
0.002809085085925
0.002809085085925
0.002809085085925
0.002809085085925
0.002809085085925
0.002809085085925
0.002809085085925
0.002809085085925
0.002809085085925
0.002809085085925
0.002809085085925
0.002809085085925
0.002809085085925
0.002809085085925
0.002809085085925
0.002809085085925
0.002809085085925
0.002809085085925
0.002809085085925
0.002809085085925
0.002809085085925
