1
0.141279015505145
0.073409684527183
0.039475019038202
0.022507686293712
0.014024019921467
0.009782186735344
0.007661270142283
0.006600811845752
0.006070582697487
0.005805468123354
0.005672910836288
0.005606632192755
0.005573492870988
0.005540015392877
0.005540184471049
0.005540269010135
0.005540311279678
0.005540332414450
0.005540342981836
0.005540348265528
0.005540350907375
0.005540352228298
0.005540352888760
0.005540353218991
0.005540353384106
0.005540353466664
0.005540353507943
0.005540353528582
0.005540353538902
0.005540353544062
0.005540353546641
0.005540353547931
0.005540353548576
0.005540353548899
0.005540353549060
0.005540353549141
0.005540353549181
0.005540353549201
0.005540353549211
0.005540353549216
0.005540353549219
0.005540353549220
0.005540353549221
0.005540353549221
0.005540353549221
0.005540353549221
0.005540353549221
0.005540353549221
0.005540353549221
0.005540353549221
0.005540353549221
0.005540353549221
0.005540353549221
0.005540353549221
0.005540353549221
0.005540353549221
0.005540353549221
0.005540353549221
0.005540353549221
0.005540353549221
0.005540353549221
0.005540353549221
0.005540353549221
0.002770176774611
0.002770176774611
0.002770176774611
0.002770176774611
0.002770176774611
0.002770176774611
0.002770176774611
0.002770176774611
0.002770176774611
0.002770176774611
0.002770176774611
0.002770176774611
0.002770176774611
0.002770176774611
0.002770176774611
0.002770176774611
0.002770176774611
0.002770176774611
0.002770176774611
0.002770176774611
0.002770176774611
0.002770176774611
0.002770176774611
0.002770176774611
0.002770176774611
0.002770176774611
0.002770176774611
0.002770176774611
0.002770176774611
0.002770176774611
0.002770176774611
0.002770176774611
0.002770176774611
0.002770176774611
0.002770176774611
0.002770176774611
0.002770176774611
0.002770176774611
0.002770176774611
0.002770176774611
0.002770176774611
0.002770176774611
0.002770176774611
0.002770176774611
0.002770176774611
0.002770176774611
0.002770176774611
0.002770176774611
0.002770176774611
0.002770176774611
0.002770176774611
0.002770176774611
0.002770176774611
0.002770176774611
0.002770176774611
0.002770176774611
0.002770176774611
0.002770176774611
0.002770176774611
0.002770176774611
0.002770176774611
0.002770176774611
0.002770176774611
0.002770176774611
0.002770176774611
0.002770176774611
0.002770176774611
0.002770176774611
0.002770176774611
0.002770176774611
0.002770176774611
0.002770176774611
0.002770176774611
0.002770176774611
0.002770176774611
0.002770176774611
0.002770176774611
0.002770176774611
0.002770176774611
0.002770176774611
0.002770176774611
0.002770176774611
0.002770176774611
0.002770176774611
0.002770176774611
0.002770176774611
0.002770176774611
0.002770176774611
0.002770176774611
0.002770176774611
0.002770176774611
0.002770176774611
0.002770176774611
0.002770176774611
0.002770176774611
0.002770176774611
0.002770176774611
0.002770176774611
0.002770176774611
0.002770176774611
0.002770176774611
0.002770176774611
0.002770176774611
0.002770176774611
0.002770176774611
0.002770176774611
0.002770176774611
0.002770176774611
0.002770176774611
0.002770176774611
0.002770176774611
0.002770176774611
0.002770176774611
0.002770176774611
0.002770176774611
0.002770176774611
0.002770176774611
0.002770176774611
0.002770176774611
0.002770176774611
0.002770176774611
0.002770176774611
0.002770176774611
0.002770176774611
0.002770176774611
0.002770176774611
0.002770176774611
0.002770176774611
0.002770176774611
0.002770176774611
0.002770176774611
0.002770176774611
0.002770176774611
0.002770176774611
0.002770176774611
0.002770176774611
0.002770176774611
