1
0.134924992152369
0.070108084157604
0.037699630160221
0.021495403161529
0.013393289662184
0.009342232912511
0.007316704537674
0.006303940350256
0.005797558256547
0.005544367209693
0.005417771686265
0.005354473924552
0.005322825043695
0.005290853215074
0.005291014688956
0.005291095425897
0.005291135794368
0.005291155978603
0.005291166070720
0.005291171116779
0.005291173639809
0.005291174901323
0.005291175532081
0.005291175847459
0.005291176005149
0.005291176083993
0.005291176123416
0.005291176143127
0.005291176152982
0.005291176157910
0.005291176160374
0.005291176161606
0.005291176162222
0.005291176162530
0.005291176162684
0.005291176162761
0.005291176162800
0.005291176162819
0.005291176162828
0.005291176162833
0.005291176162836
0.005291176162837
0.005291176162837
0.005291176162838
0.005291176162838
0.005291176162838
0.005291176162838
0.005291176162838
0.005291176162838
0.005291176162838
0.005291176162838
0.005291176162838
0.005291176162838
0.005291176162838
0.005291176162838
0.005291176162838
0.005291176162838
0.005291176162838
0.005291176162838
0.005291176162838
0.005291176162838
0.005291176162838
0.005291176162838
0.005291176162838
0.005291176162838
0.005291176162838
0.005291176162838
0.005291176162838
0.005291176162838
0.005291176162838
0.005291176162838
0.005291176162838
0.005291176162838
0.005291176162838
0.005291176162838
0.005291176162838
0.005291176162838
0.005291176162838
0.005291176162838
0.005291176162838
0.002645588081419
0.002645588081419
0.002645588081419
0.002645588081419
0.002645588081419
0.002645588081419
0.002645588081419
0.002645588081419
0.002645588081419
0.002645588081419
0.002645588081419
0.002645588081419
0.002645588081419
0.002645588081419
0.002645588081419
0.002645588081419
0.002645588081419
0.002645588081419
0.002645588081419
0.002645588081419
0.002645588081419
0.002645588081419
0.002645588081419
0.002645588081419
0.002645588081419
0.002645588081419
0.002645588081419
0.002645588081419
0.002645588081419
0.002645588081419
0.002645588081419
0.002645588081419
0.002645588081419
0.002645588081419
0.002645588081419
0.002645588081419
0.002645588081419
0.002645588081419
0.002645588081419
0.002645588081419
0.002645588081419
0.002645588081419
0.002645588081419
0.002645588081419
0.002645588081419
0.002645588081419
0.002645588081419
0.002645588081419
0.002645588081419
0.002645588081419
0.002645588081419
0.002645588081419
0.002645588081419
0.002645588081419
0.002645588081419
0.002645588081419
0.002645588081419
0.002645588081419
0.002645588081419
0.002645588081419
0.002645588081419
0.002645588081419
0.002645588081419
0.002645588081419
0.002645588081419
0.002645588081419
0.002645588081419
0.002645588081419
0.002645588081419
0.002645588081419
0.002645588081419
0.002645588081419
0.002645588081419
0.002645588081419
0.002645588081419
0.002645588081419
0.002645588081419
0.002645588081419
0.002645588081419
0.002645588081419
0.002645588081419
0.002645588081419
0.002645588081419
0.002645588081419
0.002645588081419
0.002645588081419
0.002645588081419
0.002645588081419
0.002645588081419
0.002645588081419
0.002645588081419
0.002645588081419
0.002645588081419
0.002645588081419
0.002645588081419
0.002645588081419
0.002645588081419
0.002645588081419
0.002645588081419
0.002645588081419
0.002645588081419
0.002645588081419
0.002645588081419
0.002645588081419
0.002645588081419
0.002645588081419
0.002645588081419
0.002645588081419
0.002645588081419
0.002645588081419
0.002645588081419
0.002645588081419
0.002645588081419
0.002645588081419
0.002645588081419
0.002645588081419
0.002645588081419
0.002645588081419
0.002645588081419
0.002645588081419
