1
0.142462958239618
0.074024870457841
0.039805826566952
0.022696304621508
0.014141543648786
0.009864163162425
0.007725472919244
0.006656127797654
0.006121455236859
0.005854118956461
0.005720450816262
0.005653616746163
0.005620199711113
0.005586441685910
0.005586612180987
0.005586697428525
0.005586740052294
0.005586761364179
0.005586772020121
0.005586777348092
0.005586780012078
0.005586781344071
0.005586782010067
0.005586782343065
0.005586782509564
0.005586782592814
0.005586782634439
0.005586782655251
0.005586782665657
0.005586782670860
0.005586782673462
0.005586782674763
0.005586782675413
0.005586782675738
0.005586782675901
0.005586782675982
0.005586782676023
0.005586782676043
0.005586782676053
0.005586782676058
0.005586782676061
0.005586782676062
0.005586782676063
0.005586782676063
0.005586782676063
0.005586782676063
0.005586782676063
0.005586782676063
0.005586782676063
0.005586782676063
0.005586782676063
0.005586782676063
0.005586782676063
0.005586782676063
0.005586782676063
0.005586782676063
0.005586782676063
0.005586782676063
0.005586782676063
0.005586782676063
0.002793391338032
0.002793391338032
0.002793391338032
0.002793391338032
0.002793391338032
0.002793391338032
0.002793391338032
0.002793391338032
0.002793391338032
0.002793391338032
0.002793391338032
0.002793391338032
0.002793391338032
0.002793391338032
0.002793391338032
0.002793391338032
0.002793391338032
0.002793391338032
0.002793391338032
0.002793391338032
0.002793391338032
0.002793391338032
0.002793391338032
0.002793391338032
0.002793391338032
0.002793391338032
0.002793391338032
0.002793391338032
0.002793391338032
0.002793391338032
0.002793391338032
0.002793391338032
0.002793391338032
0.002793391338032
0.002793391338032
0.002793391338032
0.002793391338032
0.002793391338032
0.002793391338032
0.002793391338032
0.002793391338032
0.002793391338032
0.002793391338032
0.002793391338032
0.002793391338032
0.002793391338032
0.002793391338032
0.002793391338032
0.002793391338032
0.002793391338032
0.002793391338032
0.002793391338032
0.002793391338032
0.002793391338032
0.002793391338032
0.002793391338032
0.002793391338032
0.002793391338032
0.002793391338032
0.002793391338032
0.002793391338032
0.002793391338032
0.002793391338032
0.002793391338032
0.002793391338032
0.002793391338032
0.002793391338032
0.002793391338032
0.002793391338032
0.002793391338032
0.002793391338032
0.002793391338032
0.002793391338032
0.002793391338032
0.002793391338032
0.002793391338032
0.002793391338032
0.002793391338032
0.002793391338032
0.002793391338032
0.002793391338032
0.002793391338032
0.002793391338032
0.002793391338032
0.002793391338032
0.002793391338032
0.002793391338032
0.002793391338032
0.002793391338032
0.002793391338032
0.002793391338032
0.002793391338032
0.002793391338032
0.002793391338032
0.002793391338032
0.002793391338032
0.002793391338032
0.002793391338032
0.002793391338032
0.002793391338032
0.002793391338032
0.002793391338032
0.002793391338032
0.002793391338032
0.002793391338032
0.002793391338032
0.002793391338032
0.002793391338032
0.002793391338032
0.002793391338032
0.002793391338032
0.002793391338032
0.002793391338032
0.002793391338032
0.002793391338032
0.002793391338032
0.002793391338032
0.002793391338032
0.002793391338032
0.002793391338032
0.002793391338032
0.002793391338032
0.002793391338032
0.002793391338032
0.002793391338032
0.002793391338032
0.002793391338032
0.002793391338032
0.002793391338032
0.002793391338032
0.002793391338032
0.002793391338032
0.002793391338032
0.002793391338032
0.002793391338032
0.002793391338032
0.002793391338032
0.002793391338032
0.002793391338032
0.002793391338032
