1
0.147831317627577
0.076814312100604
0.041305809337117
0.023551557955374
0.014674432264502
0.010235869419066
0.008016587996348
0.006906947284989
0.006352126929310
0.006074716751470
0.005936011662550
0.005866659118090
0.005831982845860
0.005796952734118
0.005797129653874
0.005797218113752
0.005797262343691
0.005797284458661
0.005797295516146
0.005797301044888
0.005797303809259
0.005797305191445
0.005797305882538
0.005797306228084
0.005797306400857
0.005797306487244
0.005797306530437
0.005797306552034
0.005797306562832
0.005797306568231
0.005797306570931
0.005797306572281
0.005797306572956
0.005797306573293
0.005797306573462
0.005797306573546
0.005797306573588
0.005797306573609
0.005797306573620
0.005797306573625
0.005797306573628
0.005797306573629
0.005797306573630
0.005797306573630
0.005797306573630
0.005797306573630
0.005797306573630
0.002898653286815
0.002898653286815
0.002898653286815
0.002898653286815
0.002898653286815
0.002898653286815
0.002898653286815
0.002898653286815
0.002898653286815
0.002898653286815
0.002898653286815
0.002898653286815
0.002898653286815
0.002898653286815
0.002898653286815
0.002898653286815
0.002898653286815
0.002898653286815
0.002898653286815
0.002898653286815
0.002898653286815
0.002898653286815
0.002898653286815
0.002898653286815
0.002898653286815
0.002898653286815
0.002898653286815
0.002898653286815
0.002898653286815
0.002898653286815
0.002898653286815
0.002898653286815
0.002898653286815
0.002898653286815
0.002898653286815
0.002898653286815
0.002898653286815
0.002898653286815
0.002898653286815
0.002898653286815
0.002898653286815
0.002898653286815
0.002898653286815
0.002898653286815
0.002898653286815
0.002898653286815
0.002898653286815
0.002898653286815
0.002898653286815
0.002898653286815
0.002898653286815
0.002898653286815
0.002898653286815
0.002898653286815
0.002898653286815
0.002898653286815
0.002898653286815
0.002898653286815
0.002898653286815
0.002898653286815
0.002898653286815
0.002898653286815
0.002898653286815
0.002898653286815
0.002898653286815
0.002898653286815
0.002898653286815
0.002898653286815
0.002898653286815
0.002898653286815
0.002898653286815
0.002898653286815
0.002898653286815
0.002898653286815
0.002898653286815
0.002898653286815
0.002898653286815
0.002898653286815
0.002898653286815
0.002898653286815
0.002898653286815
0.002898653286815
0.002898653286815
0.002898653286815
0.002898653286815
0.002898653286815
0.002898653286815
0.002898653286815
0.002898653286815
0.002898653286815
0.002898653286815
0.002898653286815
0.002898653286815
0.002898653286815
0.002898653286815
0.002898653286815
0.002898653286815
0.002898653286815
0.002898653286815
0.002898653286815
0.002898653286815
0.002898653286815
0.002898653286815
0.002898653286815
0.002898653286815
0.002898653286815
0.002898653286815
0.002898653286815
0.002898653286815
0.002898653286815
0.002898653286815
0.002898653286815
0.002898653286815
0.002898653286815
0.002898653286815
0.002898653286815
0.002898653286815
0.002898653286815
0.002898653286815
0.002898653286815
0.002898653286815
0.002898653286815
0.002898653286815
0.002898653286815
0.002898653286815
0.002898653286815
0.002898653286815
0.002898653286815
0.002898653286815
0.002898653286815
0.002898653286815
0.002898653286815
0.002898653286815
0.002898653286815
0.002898653286815
0.002898653286815
0.002898653286815
0.002898653286815
0.002898653286815
0.002898653286815
0.002898653286815
0.002898653286815
0.002898653286815
0.002898653286815
0.002898653286815
0.002898653286815
0.002898653286815
0.002898653286815
0.002898653286815
0.002898653286815
0.002898653286815
0.002898653286815
0.002898653286815
