1
0.128791848904354
0.066921254822851
0.035985957782099
0.020518309261723
0.012784485001535
0.008917572871441
0.006984116806394
0.006017388773871
0.005534024757609
0.005292342749478
0.005171501745413
0.005111081243380
0.005080870992364
0.005050352473480
0.005050506607413
0.005050583674380
0.005050622207864
0.005050641474606
0.005050651107976
0.005050655924662
0.005050658333005
0.005050659537176
0.005050660139262
0.005050660440304
0.005050660590826
0.005050660666087
0.005050660703717
0.005050660722532
0.005050660731940
0.005050660736643
0.005050660738995
0.005050660740171
0.005050660740759
0.005050660741053
0.005050660741200
0.005050660741274
0.005050660741310
0.005050660741329
0.005050660741338
0.005050660741343
0.005050660741345
0.005050660741346
0.005050660741347
0.005050660741347
0.005050660741347
0.005050660741347
0.005050660741347
0.005050660741347
0.005050660741347
0.005050660741347
0.005050660741347
0.005050660741347
0.005050660741347
0.005050660741347
0.005050660741347
0.005050660741347
0.005050660741347
0.005050660741347
0.005050660741347
0.005050660741347
0.005050660741347
0.005050660741347
0.005050660741347
0.005050660741347
0.005050660741347
0.005050660741347
0.005050660741347
0.005050660741347
0.005050660741347
0.005050660741347
0.005050660741347
0.005050660741347
0.005050660741347
0.005050660741347
0.005050660741347
0.005050660741347
0.005050660741347
0.005050660741347
0.005050660741347
0.005050660741347
0.005050660741347
0.005050660741347
0.005050660741347
0.005050660741347
0.005050660741347
0.005050660741347
0.005050660741347
0.005050660741347
0.005050660741347
0.005050660741347
0.005050660741347
0.005050660741347
0.005050660741347
0.005050660741347
0.005050660741347
0.005050660741347
0.005050660741347
0.005050660741347
0.002525330370674
0.002525330370674
0.002525330370674
0.002525330370674
0.002525330370674
0.002525330370674
0.002525330370674
0.002525330370674
0.002525330370674
0.002525330370674
0.002525330370674
0.002525330370674
0.002525330370674
0.002525330370674
0.002525330370674
0.002525330370674
0.002525330370674
0.002525330370674
0.002525330370674
0.002525330370674
0.002525330370674
0.002525330370674
0.002525330370674
0.002525330370674
0.002525330370674
0.002525330370674
0.002525330370674
0.002525330370674
0.002525330370674
0.002525330370674
0.002525330370674
0.002525330370674
0.002525330370674
0.002525330370674
0.002525330370674
0.002525330370674
0.002525330370674
0.002525330370674
0.002525330370674
0.002525330370674
0.002525330370674
0.002525330370674
0.002525330370674
0.002525330370674
0.002525330370674
0.002525330370674
0.002525330370674
0.002525330370674
0.002525330370674
0.002525330370674
0.002525330370674
0.002525330370674
0.002525330370674
0.002525330370674
0.002525330370674
0.002525330370674
0.002525330370674
0.002525330370674
0.002525330370674
0.002525330370674
0.002525330370674
0.002525330370674
0.002525330370674
0.002525330370674
0.002525330370674
0.002525330370674
0.002525330370674
0.002525330370674
0.002525330370674
0.002525330370674
0.002525330370674
0.002525330370674
0.002525330370674
0.002525330370674
0.002525330370674
0.002525330370674
0.002525330370674
0.002525330370674
0.002525330370674
0.002525330370674
0.002525330370674
0.002525330370674
0.002525330370674
0.002525330370674
0.002525330370674
0.002525330370674
0.002525330370674
0.002525330370674
0.002525330370674
0.002525330370674
0.002525330370674
0.002525330370674
0.002525330370674
0.002525330370674
0.002525330370674
0.002525330370674
0.002525330370674
0.002525330370674
0.002525330370674
0.002525330370674
0.002525330370674
0.002525330370674
