1
0.128144633833040
0.066584956795599
0.035805118276879
0.020415199017519
0.012720239387838
0.008872759572998
0.006949019665578
0.005987149711868
0.005506214735013
0.005265747246586
0.005145513502372
0.005085396630265
0.005055338194212
0.005024973039423
0.005025126398791
0.005025203078475
0.005025241418317
0.005025260588237
0.005025270173198
0.005025274965678
0.005025277361918
0.005025278560038
0.005025279159098
0.005025279458628
0.005025279608393
0.005025279683276
0.005025279720717
0.005025279739438
0.005025279748798
0.005025279753478
0.005025279755818
0.005025279756988
0.005025279757573
0.005025279757866
0.005025279758012
0.005025279758085
0.005025279758122
0.005025279758140
0.005025279758149
0.005025279758154
0.005025279758156
0.005025279758157
0.005025279758158
0.005025279758158
0.005025279758158
0.005025279758158
0.005025279758158
0.005025279758158
0.005025279758158
0.005025279758158
0.005025279758158
0.005025279758158
0.005025279758158
0.005025279758158
0.005025279758158
0.005025279758158
0.005025279758158
0.005025279758158
0.005025279758158
0.005025279758158
0.005025279758158
0.005025279758158
0.005025279758158
0.005025279758158
0.005025279758158
0.005025279758158
0.005025279758158
0.005025279758158
0.005025279758158
0.005025279758158
0.005025279758158
0.005025279758158
0.005025279758158
0.005025279758158
0.005025279758158
0.005025279758158
0.005025279758158
0.005025279758158
0.005025279758158
0.005025279758158
0.005025279758158
0.005025279758158
0.005025279758158
0.005025279758158
0.005025279758158
0.005025279758158
0.005025279758158
0.005025279758158
0.005025279758158
0.005025279758158
0.005025279758158
0.005025279758158
0.005025279758158
0.005025279758158
0.005025279758158
0.005025279758158
0.005025279758158
0.005025279758158
0.005025279758158
0.005025279758158
0.002512639879079
0.002512639879079
0.002512639879079
0.002512639879079
0.002512639879079
0.002512639879079
0.002512639879079
0.002512639879079
0.002512639879079
0.002512639879079
0.002512639879079
0.002512639879079
0.002512639879079
0.002512639879079
0.002512639879079
0.002512639879079
0.002512639879079
0.002512639879079
0.002512639879079
0.002512639879079
0.002512639879079
0.002512639879079
0.002512639879079
0.002512639879079
0.002512639879079
0.002512639879079
0.002512639879079
0.002512639879079
0.002512639879079
0.002512639879079
0.002512639879079
0.002512639879079
0.002512639879079
0.002512639879079
0.002512639879079
0.002512639879079
0.002512639879079
0.002512639879079
0.002512639879079
0.002512639879079
0.002512639879079
0.002512639879079
0.002512639879079
0.002512639879079
0.002512639879079
0.002512639879079
0.002512639879079
0.002512639879079
0.002512639879079
0.002512639879079
0.002512639879079
0.002512639879079
0.002512639879079
0.002512639879079
0.002512639879079
0.002512639879079
0.002512639879079
0.002512639879079
0.002512639879079
0.002512639879079
0.002512639879079
0.002512639879079
0.002512639879079
0.002512639879079
0.002512639879079
0.002512639879079
0.002512639879079
0.002512639879079
0.002512639879079
0.002512639879079
0.002512639879079
0.002512639879079
0.002512639879079
0.002512639879079
0.002512639879079
0.002512639879079
0.002512639879079
0.002512639879079
0.002512639879079
0.002512639879079
0.002512639879079
0.002512639879079
0.002512639879079
0.002512639879079
0.002512639879079
0.002512639879079
0.002512639879079
0.002512639879079
0.002512639879079
0.002512639879079
0.002512639879079
0.002512639879079
0.002512639879079
0.002512639879079
0.002512639879079
0.002512639879079
0.002512639879079
0.002512639879079
0.002512639879079
0.002512639879079
