1
0.172370088719899
0.089564850021124
0.048162230671736
0.027460920997043
0.003379805661174
0.003379805661174
0.003379805661174
0.003379805661174
0.003379805661174
0.003379805661174
0.003379805661174
0.003379805661174
0.003379805661174
0.003379805661174
0.003379805661174
0.003379805661174
0.003379805661174
0.003379805661174
0.003379805661174
0.003379805661174
0.003379805661174
0.003379805661174
0.003379805661174
0.003379805661174
0.003379805661174
0.003379805661174
0.003379805661174
0.003379805661174
0.003379805661174
0.003379805661174
0.003379805661174
0.003379805661174
0.003379805661174
0.003379805661174
0.003379805661174
0.003379805661174
0.003379805661174
0.003379805661174
0.003379805661174
0.003379805661174
0.003379805661174
0.003379805661174
0.003379805661174
0.003379805661174
0.003379805661174
0.003379805661174
0.003379805661174
0.003379805661174
0.003379805661174
0.003379805661174
0.003379805661174
0.003379805661174
0.003379805661174
0.003379805661174
0.003379805661174
0.003379805661174
0.003379805661174
0.003379805661174
0.003379805661174
0.003379805661174
0.003379805661174
0.003379805661174
0.003379805661174
0.003379805661174
0.003379805661174
0.003379805661174
0.003379805661174
0.003379805661174
0.003379805661174
0.003379805661174
0.003379805661174
0.003379805661174
0.003379805661174
0.003379805661174
0.003379805661174
0.003379805661174
0.003379805661174
0.003379805661174
0.003379805661174
0.003379805661174
0.003379805661174
0.003379805661174
0.003379805661174
0.003379805661174
0.003379805661174
0.003379805661174
0.003379805661174
0.003379805661174
0.003379805661174
0.003379805661174
0.003379805661174
0.003379805661174
0.003379805661174
0.003379805661174
0.003379805661174
0.003379805661174
0.003379805661174
0.003379805661174
0.003379805661174
0.003379805661174
0.003379805661174
0.003379805661174
0.003379805661174
0.003379805661174
0.003379805661174
0.003379805661174
0.003379805661174
0.003379805661174
0.003379805661174
0.003379805661174
0.003379805661174
0.003379805661174
0.003379805661174
0.003379805661174
0.003379805661174
0.003379805661174
0.003379805661174
0.003379805661174
0.003379805661174
0.003379805661174
0.003379805661174
0.003379805661174
0.003379805661174
0.003379805661174
0.003379805661174
0.003379805661174
0.003379805661174
0.003379805661174
0.003379805661174
0.003379805661174
0.003379805661174
0.003379805661174
0.003379805661174
0.003379805661174
0.003379805661174
0.003379805661174
0.003379805661174
0.003379805661174
0.003379805661174
0.003379805661174
0.003379805661174
0.003379805661174
0.003379805661174
0.003379805661174
0.003379805661174
0.003379805661174
0.003379805661174
0.003379805661174
0.003379805661174
0.003379805661174
0.003379805661174
0.003379805661174
0.003379805661174
0.003379805661174
0.003379805661174
0.003379805661174
0.003379805661174
0.003379805661174
0.003379805661174
0.003379805661174
0.003379805661174
0.003379805661174
0.003379805661174
0.003379805661174
0.003379805661174
0.003379805661174
0.003379805661174
0.003379805661174
0.003379805661174
0.003379805661174
0.003379805661174
0.003379805661174
0.003379805661174
0.003379805661174
0.003379805661174
0.003379805661174
0.003379805661174
0.003379805661174
0.003379805661174
0.003379805661174
0.003379805661174
0.003379805661174
0.003379805661174
0.003379805661174
0.003379805661174
0.003379805661174
0.003379805661174
0.003379805661174
0.003379805661174
0.003379805661174
0.003379805661174
0.003379805661174
0.003379805661174
0.003379805661174
0.003379805661174
0.003379805661174
0.003379805661174
0.003379805661174
0.003379805661174
0.003379805661174
