1
0.129445634890635
0.067260967149056
0.036168633278266
0.020622466342871
0.012849382875173
0.008962841141325
0.007019570274400
0.006047934840938
0.005562117124207
0.005319208265841
0.005197753836659
0.005137026622067
0.005106663014772
0.005075989574748
0.005076144491112
0.005076221949294
0.005076260678385
0.005076280042930
0.005076289725203
0.005076294566340
0.005076296986908
0.005076298197192
0.005076298802334
0.005076299104905
0.005076299256190
0.005076299331833
0.005076299369655
0.005076299388565
0.005076299398021
0.005076299402748
0.005076299405112
0.005076299406294
0.005076299406885
0.005076299407180
0.005076299407328
0.005076299407402
0.005076299407439
0.005076299407457
0.005076299407467
0.005076299407471
0.005076299407474
0.005076299407475
0.005076299407475
0.005076299407476
0.005076299407476
0.005076299407476
0.005076299407476
0.005076299407476
0.005076299407476
0.005076299407476
0.005076299407476
0.005076299407476
0.005076299407476
0.005076299407476
0.005076299407476
0.005076299407476
0.005076299407476
0.005076299407476
0.005076299407476
0.005076299407476
0.005076299407476
0.005076299407476
0.005076299407476
0.005076299407476
0.005076299407476
0.005076299407476
0.005076299407476
0.005076299407476
0.005076299407476
0.005076299407476
0.005076299407476
0.005076299407476
0.005076299407476
0.005076299407476
0.005076299407476
0.005076299407476
0.005076299407476
0.005076299407476
0.005076299407476
0.005076299407476
0.005076299407476
0.005076299407476
0.005076299407476
0.005076299407476
0.005076299407476
0.005076299407476
0.005076299407476
0.005076299407476
0.005076299407476
0.005076299407476
0.005076299407476
0.005076299407476
0.005076299407476
0.005076299407476
0.005076299407476
0.005076299407476
0.002538149703738
0.002538149703738
0.002538149703738
0.002538149703738
0.002538149703738
0.002538149703738
0.002538149703738
0.002538149703738
0.002538149703738
0.002538149703738
0.002538149703738
0.002538149703738
0.002538149703738
0.002538149703738
0.002538149703738
0.002538149703738
0.002538149703738
0.002538149703738
0.002538149703738
0.002538149703738
0.002538149703738
0.002538149703738
0.002538149703738
0.002538149703738
0.002538149703738
0.002538149703738
0.002538149703738
0.002538149703738
0.002538149703738
0.002538149703738
0.002538149703738
0.002538149703738
0.002538149703738
0.002538149703738
0.002538149703738
0.002538149703738
0.002538149703738
0.002538149703738
0.002538149703738
0.002538149703738
0.002538149703738
0.002538149703738
0.002538149703738
0.002538149703738
0.002538149703738
0.002538149703738
0.002538149703738
0.002538149703738
0.002538149703738
0.002538149703738
0.002538149703738
0.002538149703738
0.002538149703738
0.002538149703738
0.002538149703738
0.002538149703738
0.002538149703738
0.002538149703738
0.002538149703738
0.002538149703738
0.002538149703738
0.002538149703738
0.002538149703738
0.002538149703738
0.002538149703738
0.002538149703738
0.002538149703738
0.002538149703738
0.002538149703738
0.002538149703738
0.002538149703738
0.002538149703738
0.002538149703738
0.002538149703738
0.002538149703738
0.002538149703738
0.002538149703738
0.002538149703738
0.002538149703738
0.002538149703738
0.002538149703738
0.002538149703738
0.002538149703738
0.002538149703738
0.002538149703738
0.002538149703738
0.002538149703738
0.002538149703738
0.002538149703738
0.002538149703738
0.002538149703738
0.002538149703738
0.002538149703738
0.002538149703738
0.002538149703738
0.002538149703738
0.002538149703738
0.002538149703738
0.002538149703738
0.002538149703738
0.002538149703738
0.002538149703738
0.002538149703738
0.002538149703738
