1
0.137470830487126
0.071430921723703
0.038410967341991
0.021900990151135
0.013646001555707
0.009518507257993
0.007454760109136
0.006422886534708
0.005906949747494
0.005648981353887
0.005519997157083
0.005455505058681
0.005423259009480
0.005390683918961
0.005390848439620
0.005390930699950
0.005390971830115
0.005390992395197
0.005391002677738
0.005391007819009
0.005391010389644
0.005391011674962
0.005391012317621
0.005391012638950
0.005391012799615
0.005391012879947
0.005391012920113
0.005391012940196
0.005391012950238
0.005391012955259
0.005391012957769
0.005391012959024
0.005391012959652
0.005391012959966
0.005391012960123
0.005391012960201
0.005391012960240
0.005391012960260
0.005391012960270
0.005391012960275
0.005391012960277
0.005391012960278
0.005391012960279
0.005391012960279
0.005391012960279
0.005391012960279
0.005391012960279
0.005391012960279
0.005391012960279
0.005391012960279
0.005391012960279
0.005391012960279
0.005391012960279
0.005391012960279
0.005391012960279
0.005391012960279
0.005391012960279
0.005391012960279
0.005391012960279
0.005391012960279
0.005391012960279
0.005391012960279
0.005391012960279
0.005391012960279
0.005391012960279
0.005391012960279
0.005391012960279
0.005391012960279
0.005391012960279
0.005391012960279
0.005391012960279
0.005391012960279
0.005391012960279
0.002695506480140
0.002695506480140
0.002695506480140
0.002695506480140
0.002695506480140
0.002695506480140
0.002695506480140
0.002695506480140
0.002695506480140
0.002695506480140
0.002695506480140
0.002695506480140
0.002695506480140
0.002695506480140
0.002695506480140
0.002695506480140
0.002695506480140
0.002695506480140
0.002695506480140
0.002695506480140
0.002695506480140
0.002695506480140
0.002695506480140
0.002695506480140
0.002695506480140
0.002695506480140
0.002695506480140
0.002695506480140
0.002695506480140
0.002695506480140
0.002695506480140
0.002695506480140
0.002695506480140
0.002695506480140
0.002695506480140
0.002695506480140
0.002695506480140
0.002695506480140
0.002695506480140
0.002695506480140
0.002695506480140
0.002695506480140
0.002695506480140
0.002695506480140
0.002695506480140
0.002695506480140
0.002695506480140
0.002695506480140
0.002695506480140
0.002695506480140
0.002695506480140
0.002695506480140
0.002695506480140
0.002695506480140
0.002695506480140
0.002695506480140
0.002695506480140
0.002695506480140
0.002695506480140
0.002695506480140
0.002695506480140
0.002695506480140
0.002695506480140
0.002695506480140
0.002695506480140
0.002695506480140
0.002695506480140
0.002695506480140
0.002695506480140
0.002695506480140
0.002695506480140
0.002695506480140
0.002695506480140
0.002695506480140
0.002695506480140
0.002695506480140
0.002695506480140
0.002695506480140
0.002695506480140
0.002695506480140
0.002695506480140
0.002695506480140
0.002695506480140
0.002695506480140
0.002695506480140
0.002695506480140
0.002695506480140
0.002695506480140
0.002695506480140
0.002695506480140
0.002695506480140
0.002695506480140
0.002695506480140
0.002695506480140
0.002695506480140
0.002695506480140
0.002695506480140
0.002695506480140
0.002695506480140
0.002695506480140
0.002695506480140
0.002695506480140
0.002695506480140
0.002695506480140
0.002695506480140
0.002695506480140
0.002695506480140
0.002695506480140
0.002695506480140
0.002695506480140
0.002695506480140
0.002695506480140
0.002695506480140
0.002695506480140
0.002695506480140
0.002695506480140
0.002695506480140
0.002695506480140
0.002695506480140
0.002695506480140
0.002695506480140
0.002695506480140
0.002695506480140
0.002695506480140
0.002695506480140
0.002695506480140
0.002695506480140
