1
0.144891388334390
0.075286701781595
0.040484358505197
0.023083186866998
0.014382601047899
0.010032308138349
0.007857161683574
0.006769588456187
0.006225801842493
0.005953908535646
0.005817961882223
0.005749988555511
0.005716001892155
0.005681668426112
0.005681841827456
0.005681928528128
0.005681971878464
0.005681993553632
0.005682004391216
0.005682009810008
0.005682012519404
0.005682013874102
0.005682014551451
0.005682014890125
0.005682015059462
0.005682015144131
0.005682015186465
0.005682015207632
0.005682015218216
0.005682015223508
0.005682015226154
0.005682015227477
0.005682015228138
0.005682015228469
0.005682015228634
0.005682015228717
0.005682015228758
0.005682015228779
0.005682015228789
0.005682015228794
0.005682015228797
0.005682015228798
0.005682015228799
0.005682015228799
0.005682015228799
0.005682015228800
0.005682015228800
0.005682015228800
0.005682015228800
0.005682015228800
0.005682015228800
0.005682015228800
0.005682015228800
0.005682015228800
0.002841007614400
0.002841007614400
0.002841007614400
0.002841007614400
0.002841007614400
0.002841007614400
0.002841007614400
0.002841007614400
0.002841007614400
0.002841007614400
0.002841007614400
0.002841007614400
0.002841007614400
0.002841007614400
0.002841007614400
0.002841007614400
0.002841007614400
0.002841007614400
0.002841007614400
0.002841007614400
0.002841007614400
0.002841007614400
0.002841007614400
0.002841007614400
0.002841007614400
0.002841007614400
0.002841007614400
0.002841007614400
0.002841007614400
0.002841007614400
0.002841007614400
0.002841007614400
0.002841007614400
0.002841007614400
0.002841007614400
0.002841007614400
0.002841007614400
0.002841007614400
0.002841007614400
0.002841007614400
0.002841007614400
0.002841007614400
0.002841007614400
0.002841007614400
0.002841007614400
0.002841007614400
0.002841007614400
0.002841007614400
0.002841007614400
0.002841007614400
0.002841007614400
0.002841007614400
0.002841007614400
0.002841007614400
0.002841007614400
0.002841007614400
0.002841007614400
0.002841007614400
0.002841007614400
0.002841007614400
0.002841007614400
0.002841007614400
0.002841007614400
0.002841007614400
0.002841007614400
0.002841007614400
0.002841007614400
0.002841007614400
0.002841007614400
0.002841007614400
0.002841007614400
0.002841007614400
0.002841007614400
0.002841007614400
0.002841007614400
0.002841007614400
0.002841007614400
0.002841007614400
0.002841007614400
0.002841007614400
0.002841007614400
0.002841007614400
0.002841007614400
0.002841007614400
0.002841007614400
0.002841007614400
0.002841007614400
0.002841007614400
0.002841007614400
0.002841007614400
0.002841007614400
0.002841007614400
0.002841007614400
0.002841007614400
0.002841007614400
0.002841007614400
0.002841007614400
0.002841007614400
0.002841007614400
0.002841007614400
0.002841007614400
0.002841007614400
0.002841007614400
0.002841007614400
0.002841007614400
0.002841007614400
0.002841007614400
0.002841007614400
0.002841007614400
0.002841007614400
0.002841007614400
0.002841007614400
0.002841007614400
0.002841007614400
0.002841007614400
0.002841007614400
0.002841007614400
0.002841007614400
0.002841007614400
0.002841007614400
0.002841007614400
0.002841007614400
0.002841007614400
0.002841007614400
0.002841007614400
0.002841007614400
0.002841007614400
0.002841007614400
0.002841007614400
0.002841007614400
0.002841007614400
0.002841007614400
0.002841007614400
0.002841007614400
0.002841007614400
0.002841007614400
0.002841007614400
0.002841007614400
0.002841007614400
0.002841007614400
0.002841007614400
0.002841007614400
0.002841007614400
0.002841007614400
0.002841007614400
0.002841007614400
