1
0.157413338101377
0.081793205091892
0.043983138587149
0.025078105334778
0.015625588708593
0.010899330395500
0.008536201238953
0.007354636660680
0.006763854371544
0.006468463226975
0.006320767654691
0.006246919868549
0.006209995975478
0.006172695307988
0.006172883695197
0.006172977888802
0.006173024985605
0.006173048534006
0.006173060308206
0.006173066195307
0.006173069138857
0.006173070610632
0.006173071346519
0.006173071714463
0.006173071898435
0.006173071990421
0.003086536041203
0.003086536041203
0.003086536041203
0.003086536041203
0.003086536041203
0.003086536041203
0.003086536041203
0.003086536041203
0.003086536041203
0.003086536041203
0.003086536041203
0.003086536041203
0.003086536041203
0.003086536041203
0.003086536041203
0.003086536041203
0.003086536041203
0.003086536041203
0.003086536041203
0.003086536041203
0.003086536041203
0.003086536041203
0.003086536041203
0.003086536041203
0.003086536041203
0.003086536041203
0.003086536041203
0.003086536041203
0.003086536041203
0.003086536041203
0.003086536041203
0.003086536041203
0.003086536041203
0.003086536041203
0.003086536041203
0.003086536041203
0.003086536041203
0.003086536041203
0.003086536041203
0.003086536041203
0.003086536041203
0.003086536041203
0.003086536041203
0.003086536041203
0.003086536041203
0.003086536041203
0.003086536041203
0.003086536041203
0.003086536041203
0.003086536041203
0.003086536041203
0.003086536041203
0.003086536041203
0.003086536041203
0.003086536041203
0.003086536041203
0.003086536041203
0.003086536041203
0.003086536041203
0.003086536041203
0.003086536041203
0.003086536041203
0.003086536041203
0.003086536041203
0.003086536041203
0.003086536041203
0.003086536041203
0.003086536041203
0.003086536041203
0.003086536041203
0.003086536041203
0.003086536041203
0.003086536041203
0.003086536041203
0.003086536041203
0.003086536041203
0.003086536041203
0.003086536041203
0.003086536041203
0.003086536041203
0.003086536041203
0.003086536041203
0.003086536041203
0.003086536041203
0.003086536041203
0.003086536041203
0.003086536041203
0.003086536041203
0.003086536041203
0.003086536041203
0.003086536041203
0.003086536041203
0.003086536041203
0.003086536041203
0.003086536041203
0.003086536041203
0.003086536041203
0.003086536041203
0.003086536041203
0.003086536041203
0.003086536041203
0.003086536041203
0.003086536041203
0.003086536041203
0.003086536041203
0.003086536041203
0.003086536041203
0.003086536041203
0.003086536041203
0.003086536041203
0.003086536041203
0.003086536041203
0.003086536041203
0.003086536041203
0.003086536041203
0.003086536041203
0.003086536041203
0.003086536041203
0.003086536041203
0.003086536041203
0.003086536041203
0.003086536041203
0.003086536041203
0.003086536041203
0.003086536041203
0.003086536041203
0.003086536041203
0.003086536041203
0.003086536041203
0.003086536041203
0.003086536041203
0.003086536041203
0.003086536041203
0.003086536041203
0.003086536041203
0.003086536041203
0.003086536041203
0.003086536041203
0.003086536041203
0.003086536041203
0.003086536041203
0.003086536041203
0.003086536041203
0.003086536041203
0.003086536041203
0.003086536041203
0.003086536041203
0.003086536041203
0.003086536041203
0.003086536041203
0.003086536041203
0.003086536041203
0.003086536041203
0.003086536041203
0.003086536041203
0.003086536041203
0.003086536041203
0.003086536041203
0.003086536041203
0.003086536041203
0.003086536041203
0.003086536041203
0.003086536041203
0.003086536041203
0.003086536041203
0.003086536041203
0.003086536041203
0.003086536041203
0.003086536041203
0.003086536041203
0.003086536041203
0.003086536041203
0.003086536041203
0.003086536041203
