1
0.158884546637835
0.082557656586326
0.044394211560571
0.025312489047694
0.015771627791256
0.011001197163036
0.008615981848927
0.007423374191872
0.006827070363344
0.006528918449081
0.006379842491949
0.006305304513383
0.006268035524100
0.006230386239008
0.006230576386913
0.006230671460865
0.006230718997841
0.006230742766329
0.006230754650573
0.006230760592695
0.006230763563756
0.006230765049287
0.006230765792052
0.003115383267409
0.003115383267409
0.003115383267409
0.003115383267409
0.003115383267409
0.003115383267409
0.003115383267409
0.003115383267409
0.003115383267409
0.003115383267409
0.003115383267409
0.003115383267409
0.003115383267409
0.003115383267409
0.003115383267409
0.003115383267409
0.003115383267409
0.003115383267409
0.003115383267409
0.003115383267409
0.003115383267409
0.003115383267409
0.003115383267409
0.003115383267409
0.003115383267409
0.003115383267409
0.003115383267409
0.003115383267409
0.003115383267409
0.003115383267409
0.003115383267409
0.003115383267409
0.003115383267409
0.003115383267409
0.003115383267409
0.003115383267409
0.003115383267409
0.003115383267409
0.003115383267409
0.003115383267409
0.003115383267409
0.003115383267409
0.003115383267409
0.003115383267409
0.003115383267409
0.003115383267409
0.003115383267409
0.003115383267409
0.003115383267409
0.003115383267409
0.003115383267409
0.003115383267409
0.003115383267409
0.003115383267409
0.003115383267409
0.003115383267409
0.003115383267409
0.003115383267409
0.003115383267409
0.003115383267409
0.003115383267409
0.003115383267409
0.003115383267409
0.003115383267409
0.003115383267409
0.003115383267409
0.003115383267409
0.003115383267409
0.003115383267409
0.003115383267409
0.003115383267409
0.003115383267409
0.003115383267409
0.003115383267409
0.003115383267409
0.003115383267409
0.003115383267409
0.003115383267409
0.003115383267409
0.003115383267409
0.003115383267409
0.003115383267409
0.003115383267409
0.003115383267409
0.003115383267409
0.003115383267409
0.003115383267409
0.003115383267409
0.003115383267409
0.003115383267409
0.003115383267409
0.003115383267409
0.003115383267409
0.003115383267409
0.003115383267409
0.003115383267409
0.003115383267409
0.003115383267409
0.003115383267409
0.003115383267409
0.003115383267409
0.003115383267409
0.003115383267409
0.003115383267409
0.003115383267409
0.003115383267409
0.003115383267409
0.003115383267409
0.003115383267409
0.003115383267409
0.003115383267409
0.003115383267409
0.003115383267409
0.003115383267409
0.003115383267409
0.003115383267409
0.003115383267409
0.003115383267409
0.003115383267409
0.003115383267409
0.003115383267409
0.003115383267409
0.003115383267409
0.003115383267409
0.003115383267409
0.003115383267409
0.003115383267409
0.003115383267409
0.003115383267409
0.003115383267409
0.003115383267409
0.003115383267409
0.003115383267409
0.003115383267409
0.003115383267409
0.003115383267409
0.003115383267409
0.003115383267409
0.003115383267409
0.003115383267409
0.003115383267409
0.003115383267409
0.003115383267409
0.003115383267409
0.003115383267409
0.003115383267409
0.003115383267409
0.003115383267409
0.003115383267409
0.003115383267409
0.003115383267409
0.003115383267409
0.003115383267409
0.003115383267409
0.003115383267409
0.003115383267409
0.003115383267409
0.003115383267409
0.003115383267409
0.003115383267409
0.003115383267409
0.003115383267409
0.003115383267409
0.003115383267409
0.003115383267409
0.003115383267409
0.003115383267409
0.003115383267409
0.003115383267409
0.003115383267409
0.003115383267409
0.003115383267409
0.003115383267409
0.003115383267409
0.003115383267409
0.003115383267409
0.003115383267409
