1
0.162426680862103
0.084398177310700
0.045383925534999
0.025876799647149
0.016123236703223
0.011246455231261
0.008808064495279
0.007588869127289
0.006979271443293
0.006674472601296
0.006522073180297
0.006445873469798
0.006407773614548
0.006369284985265
0.006369479372282
0.006369576565790
0.003184836879649
0.003184836879649
0.003184836879649
0.003184836879649
0.003184836879649
0.003184836879649
0.003184836879649
0.003184836879649
0.003184836879649
0.003184836879649
0.003184836879649
0.003184836879649
0.003184836879649
0.003184836879649
0.003184836879649
0.003184836879649
0.003184836879649
0.003184836879649
0.003184836879649
0.003184836879649
0.003184836879649
0.003184836879649
0.003184836879649
0.003184836879649
0.003184836879649
0.003184836879649
0.003184836879649
0.003184836879649
0.003184836879649
0.003184836879649
0.003184836879649
0.003184836879649
0.003184836879649
0.003184836879649
0.003184836879649
0.003184836879649
0.003184836879649
0.003184836879649
0.003184836879649
0.003184836879649
0.003184836879649
0.003184836879649
0.003184836879649
0.003184836879649
0.003184836879649
0.003184836879649
0.003184836879649
0.003184836879649
0.003184836879649
0.003184836879649
0.003184836879649
0.003184836879649
0.003184836879649
0.003184836879649
0.003184836879649
0.003184836879649
0.003184836879649
0.003184836879649
0.003184836879649
0.003184836879649
0.003184836879649
0.003184836879649
0.003184836879649
0.003184836879649
0.003184836879649
0.003184836879649
0.003184836879649
0.003184836879649
0.003184836879649
0.003184836879649
0.003184836879649
0.003184836879649
0.003184836879649
0.003184836879649
0.003184836879649
0.003184836879649
0.003184836879649
0.003184836879649
0.003184836879649
0.003184836879649
0.003184836879649
0.003184836879649
0.003184836879649
0.003184836879649
0.003184836879649
0.003184836879649
0.003184836879649
0.003184836879649
0.003184836879649
0.003184836879649
0.003184836879649
0.003184836879649
0.003184836879649
0.003184836879649
0.003184836879649
0.003184836879649
0.003184836879649
0.003184836879649
0.003184836879649
0.003184836879649
0.003184836879649
0.003184836879649
0.003184836879649
0.003184836879649
0.003184836879649
0.003184836879649
0.003184836879649
0.003184836879649
0.003184836879649
0.003184836879649
0.003184836879649
0.003184836879649
0.003184836879649
0.003184836879649
0.003184836879649
0.003184836879649
0.003184836879649
0.003184836879649
0.003184836879649
0.003184836879649
0.003184836879649
0.003184836879649
0.003184836879649
0.003184836879649
0.003184836879649
0.003184836879649
0.003184836879649
0.003184836879649
0.003184836879649
0.003184836879649
0.003184836879649
0.003184836879649
0.003184836879649
0.003184836879649
0.003184836879649
0.003184836879649
0.003184836879649
0.003184836879649
0.003184836879649
0.003184836879649
0.003184836879649
0.003184836879649
0.003184836879649
0.003184836879649
0.003184836879649
0.003184836879649
0.003184836879649
0.003184836879649
0.003184836879649
0.003184836879649
0.003184836879649
0.003184836879649
0.003184836879649
0.003184836879649
0.003184836879649
0.003184836879649
0.003184836879649
0.003184836879649
0.003184836879649
0.003184836879649
0.003184836879649
0.003184836879649
0.003184836879649
0.003184836879649
0.003184836879649
0.003184836879649
0.003184836879649
0.003184836879649
0.003184836879649
0.003184836879649
0.003184836879649
0.003184836879649
0.003184836879649
0.003184836879649
0.003184836879649
0.003184836879649
0.003184836879649
0.003184836879649
0.003184836879649
0.003184836879649
0.003184836879649
0.003184836879649
0.003184836879649
0.003184836879649
