1
0.154551171548209
0.080306000902501
0.043183415579647
0.024622122918220
0.015341476587506
0.010701153422149
0.008380991839471
0.007220911048132
0.006640870652462
0.006350850454627
0.006205840355710
0.006133335306251
0.006097082781522
0.006060460333071
0.006060645294932
0.006060737775862
0.006060784016327
0.006060807136560
0.006060818696676
0.006060824476734
0.006060827366763
0.006060828811778
0.006060829534285
0.006060829895539
0.006060830076166
0.006060830166479
0.006060830211636
0.006060830234214
0.006060830245503
0.006060830251148
0.006060830253970
0.006060830255381
0.003030415128396
0.003030415128396
0.003030415128396
0.003030415128396
0.003030415128396
0.003030415128396
0.003030415128396
0.003030415128396
0.003030415128396
0.003030415128396
0.003030415128396
0.003030415128396
0.003030415128396
0.003030415128396
0.003030415128396
0.003030415128396
0.003030415128396
0.003030415128396
0.003030415128396
0.003030415128396
0.003030415128396
0.003030415128396
0.003030415128396
0.003030415128396
0.003030415128396
0.003030415128396
0.003030415128396
0.003030415128396
0.003030415128396
0.003030415128396
0.003030415128396
0.003030415128396
0.003030415128396
0.003030415128396
0.003030415128396
0.003030415128396
0.003030415128396
0.003030415128396
0.003030415128396
0.003030415128396
0.003030415128396
0.003030415128396
0.003030415128396
0.003030415128396
0.003030415128396
0.003030415128396
0.003030415128396
0.003030415128396
0.003030415128396
0.003030415128396
0.003030415128396
0.003030415128396
0.003030415128396
0.003030415128396
0.003030415128396
0.003030415128396
0.003030415128396
0.003030415128396
0.003030415128396
0.003030415128396
0.003030415128396
0.003030415128396
0.003030415128396
0.003030415128396
0.003030415128396
0.003030415128396
0.003030415128396
0.003030415128396
0.003030415128396
0.003030415128396
0.003030415128396
0.003030415128396
0.003030415128396
0.003030415128396
0.003030415128396
0.003030415128396
0.003030415128396
0.003030415128396
0.003030415128396
0.003030415128396
0.003030415128396
0.003030415128396
0.003030415128396
0.003030415128396
0.003030415128396
0.003030415128396
0.003030415128396
0.003030415128396
0.003030415128396
0.003030415128396
0.003030415128396
0.003030415128396
0.003030415128396
0.003030415128396
0.003030415128396
0.003030415128396
0.003030415128396
0.003030415128396
0.003030415128396
0.003030415128396
0.003030415128396
0.003030415128396
0.003030415128396
0.003030415128396
0.003030415128396
0.003030415128396
0.003030415128396
0.003030415128396
0.003030415128396
0.003030415128396
0.003030415128396
0.003030415128396
0.003030415128396
0.003030415128396
0.003030415128396
0.003030415128396
0.003030415128396
0.003030415128396
0.003030415128396
0.003030415128396
0.003030415128396
0.003030415128396
0.003030415128396
0.003030415128396
0.003030415128396
0.003030415128396
0.003030415128396
0.003030415128396
0.003030415128396
0.003030415128396
0.003030415128396
0.003030415128396
0.003030415128396
0.003030415128396
0.003030415128396
0.003030415128396
0.003030415128396
0.003030415128396
0.003030415128396
0.003030415128396
0.003030415128396
0.003030415128396
0.003030415128396
0.003030415128396
0.003030415128396
0.003030415128396
0.003030415128396
0.003030415128396
0.003030415128396
0.003030415128396
0.003030415128396
0.003030415128396
0.003030415128396
0.003030415128396
0.003030415128396
0.003030415128396
0.003030415128396
0.003030415128396
0.003030415128396
0.003030415128396
0.003030415128396
0.003030415128396
0.003030415128396
0.003030415128396
0.003030415128396
0.003030415128396
0.003030415128396
0.003030415128396
