1
0.134214837801893
0.069739082387258
0.037501204679941
0.021382265826282
0.013322796399453
0.009293061686038
0.007278194329331
0.006270760650977
0.005767043811800
0.005515185392212
0.005389256182417
0.005326291577520
0.005294809275072
0.005263005724639
0.005263166348631
0.005263246660627
0.005263286816625
0.005263306894624
0.005263316933624
0.005263321953123
0.005263324462873
0.005263325717748
0.005263326345186
0.005263326658905
0.005263326815764
0.005263326894194
0.005263326933408
0.005263326953016
0.005263326962820
0.005263326967721
0.005263326970172
0.005263326971398
0.005263326972011
0.005263326972317
0.005263326972470
0.005263326972547
0.005263326972585
0.005263326972604
0.005263326972614
0.005263326972618
0.005263326972621
0.005263326972622
0.005263326972623
0.005263326972623
0.005263326972623
0.005263326972623
0.005263326972623
0.005263326972623
0.005263326972623
0.005263326972623
0.005263326972623
0.005263326972623
0.005263326972623
0.005263326972623
0.005263326972623
0.005263326972623
0.005263326972623
0.005263326972623
0.005263326972623
0.005263326972623
0.005263326972623
0.005263326972623
0.005263326972623
0.005263326972623
0.005263326972623
0.005263326972623
0.005263326972623
0.005263326972623
0.005263326972623
0.005263326972623
0.005263326972623
0.005263326972623
0.005263326972623
0.005263326972623
0.005263326972623
0.005263326972623
0.005263326972623
0.005263326972623
0.005263326972623
0.005263326972623
0.005263326972623
0.005263326972623
0.002631663486312
0.002631663486312
0.002631663486312
0.002631663486312
0.002631663486312
0.002631663486312
0.002631663486312
0.002631663486312
0.002631663486312
0.002631663486312
0.002631663486312
0.002631663486312
0.002631663486312
0.002631663486312
0.002631663486312
0.002631663486312
0.002631663486312
0.002631663486312
0.002631663486312
0.002631663486312
0.002631663486312
0.002631663486312
0.002631663486312
0.002631663486312
0.002631663486312
0.002631663486312
0.002631663486312
0.002631663486312
0.002631663486312
0.002631663486312
0.002631663486312
0.002631663486312
0.002631663486312
0.002631663486312
0.002631663486312
0.002631663486312
0.002631663486312
0.002631663486312
0.002631663486312
0.002631663486312
0.002631663486312
0.002631663486312
0.002631663486312
0.002631663486312
0.002631663486312
0.002631663486312
0.002631663486312
0.002631663486312
0.002631663486312
0.002631663486312
0.002631663486312
0.002631663486312
0.002631663486312
0.002631663486312
0.002631663486312
0.002631663486312
0.002631663486312
0.002631663486312
0.002631663486312
0.002631663486312
0.002631663486312
0.002631663486312
0.002631663486312
0.002631663486312
0.002631663486312
0.002631663486312
0.002631663486312
0.002631663486312
0.002631663486312
0.002631663486312
0.002631663486312
0.002631663486312
0.002631663486312
0.002631663486312
0.002631663486312
0.002631663486312
0.002631663486312
0.002631663486312
0.002631663486312
0.002631663486312
0.002631663486312
0.002631663486312
0.002631663486312
0.002631663486312
0.002631663486312
0.002631663486312
0.002631663486312
0.002631663486312
0.002631663486312
0.002631663486312
0.002631663486312
0.002631663486312
0.002631663486312
0.002631663486312
0.002631663486312
0.002631663486312
0.002631663486312
0.002631663486312
0.002631663486312
0.002631663486312
0.002631663486312
0.002631663486312
0.002631663486312
0.002631663486312
0.002631663486312
0.002631663486312
0.002631663486312
0.002631663486312
0.002631663486312
0.002631663486312
0.002631663486312
0.002631663486312
0.002631663486312
0.002631663486312
0.002631663486312
0.002631663486312
0.002631663486312
0.002631663486312
