1
0.159880725757183
0.083075279069909
0.044672555726272
0.025471194054453
0.015870513218544
0.011070172800589
0.008670002591612
0.007469917487123
0.006869874934879
0.006569853658757
0.006419843020696
0.006344837701665
0.006307335042150
0.006269449702436
0.006269641042535
0.006269736712585
0.006269784547610
0.006269808465122
0.006269820423878
0.006269826403257
0.006269829392946
0.003134916191317
0.003134916191317
0.003134916191317
0.003134916191317
0.003134916191317
0.003134916191317
0.003134916191317
0.003134916191317
0.003134916191317
0.003134916191317
0.003134916191317
0.003134916191317
0.003134916191317
0.003134916191317
0.003134916191317
0.003134916191317
0.003134916191317
0.003134916191317
0.003134916191317
0.003134916191317
0.003134916191317
0.003134916191317
0.003134916191317
0.003134916191317
0.003134916191317
0.003134916191317
0.003134916191317
0.003134916191317
0.003134916191317
0.003134916191317
0.003134916191317
0.003134916191317
0.003134916191317
0.003134916191317
0.003134916191317
0.003134916191317
0.003134916191317
0.003134916191317
0.003134916191317
0.003134916191317
0.003134916191317
0.003134916191317
0.003134916191317
0.003134916191317
0.003134916191317
0.003134916191317
0.003134916191317
0.003134916191317
0.003134916191317
0.003134916191317
0.003134916191317
0.003134916191317
0.003134916191317
0.003134916191317
0.003134916191317
0.003134916191317
0.003134916191317
0.003134916191317
0.003134916191317
0.003134916191317
0.003134916191317
0.003134916191317
0.003134916191317
0.003134916191317
0.003134916191317
0.003134916191317
0.003134916191317
0.003134916191317
0.003134916191317
0.003134916191317
0.003134916191317
0.003134916191317
0.003134916191317
0.003134916191317
0.003134916191317
0.003134916191317
0.003134916191317
0.003134916191317
0.003134916191317
0.003134916191317
0.003134916191317
0.003134916191317
0.003134916191317
0.003134916191317
0.003134916191317
0.003134916191317
0.003134916191317
0.003134916191317
0.003134916191317
0.003134916191317
0.003134916191317
0.003134916191317
0.003134916191317
0.003134916191317
0.003134916191317
0.003134916191317
0.003134916191317
0.003134916191317
0.003134916191317
0.003134916191317
0.003134916191317
0.003134916191317
0.003134916191317
0.003134916191317
0.003134916191317
0.003134916191317
0.003134916191317
0.003134916191317
0.003134916191317
0.003134916191317
0.003134916191317
0.003134916191317
0.003134916191317
0.003134916191317
0.003134916191317
0.003134916191317
0.003134916191317
0.003134916191317
0.003134916191317
0.003134916191317
0.003134916191317
0.003134916191317
0.003134916191317
0.003134916191317
0.003134916191317
0.003134916191317
0.003134916191317
0.003134916191317
0.003134916191317
0.003134916191317
0.003134916191317
0.003134916191317
0.003134916191317
0.003134916191317
0.003134916191317
0.003134916191317
0.003134916191317
0.003134916191317
0.003134916191317
0.003134916191317
0.003134916191317
0.003134916191317
0.003134916191317
0.003134916191317
0.003134916191317
0.003134916191317
0.003134916191317
0.003134916191317
0.003134916191317
0.003134916191317
0.003134916191317
0.003134916191317
0.003134916191317
0.003134916191317
0.003134916191317
0.003134916191317
0.003134916191317
0.003134916191317
0.003134916191317
0.003134916191317
0.003134916191317
0.003134916191317
0.003134916191317
0.003134916191317
0.003134916191317
0.003134916191317
0.003134916191317
0.003134916191317
0.003134916191317
0.003134916191317
0.003134916191317
0.003134916191317
0.003134916191317
0.003134916191317
0.003134916191317
0.003134916191317
0.003134916191317
0.003134916191317
0.003134916191317
