1
0.146136916612917
0.075933888043966
0.040832373759491
0.023281616617254
0.014506238046135
0.010118548760576
0.007924704117796
0.006827781796406
0.006279320635711
0.006005090055364
0.005867974765190
0.005799417120103
0.005765138297560
0.005730509691113
0.005730684583065
0.005730772029040
0.005730815752028
0.005730837613522
0.005730848544269
0.005730854009643
0.005730856742330
0.005730858108673
0.005730858791845
0.005730859133430
0.005730859304223
0.005730859389620
0.005730859432318
0.005730859453667
0.005730859464342
0.005730859469679
0.005730859472348
0.005730859473682
0.005730859474349
0.005730859474683
0.005730859474850
0.005730859474933
0.005730859474975
0.005730859474995
0.005730859475006
0.005730859475011
0.005730859475014
0.005730859475015
0.005730859475016
0.005730859475016
0.005730859475016
0.005730859475016
0.005730859475016
0.005730859475016
0.005730859475016
0.005730859475016
0.005730859475016
0.002865429737508
0.002865429737508
0.002865429737508
0.002865429737508
0.002865429737508
0.002865429737508
0.002865429737508
0.002865429737508
0.002865429737508
0.002865429737508
0.002865429737508
0.002865429737508
0.002865429737508
0.002865429737508
0.002865429737508
0.002865429737508
0.002865429737508
0.002865429737508
0.002865429737508
0.002865429737508
0.002865429737508
0.002865429737508
0.002865429737508
0.002865429737508
0.002865429737508
0.002865429737508
0.002865429737508
0.002865429737508
0.002865429737508
0.002865429737508
0.002865429737508
0.002865429737508
0.002865429737508
0.002865429737508
0.002865429737508
0.002865429737508
0.002865429737508
0.002865429737508
0.002865429737508
0.002865429737508
0.002865429737508
0.002865429737508
0.002865429737508
0.002865429737508
0.002865429737508
0.002865429737508
0.002865429737508
0.002865429737508
0.002865429737508
0.002865429737508
0.002865429737508
0.002865429737508
0.002865429737508
0.002865429737508
0.002865429737508
0.002865429737508
0.002865429737508
0.002865429737508
0.002865429737508
0.002865429737508
0.002865429737508
0.002865429737508
0.002865429737508
0.002865429737508
0.002865429737508
0.002865429737508
0.002865429737508
0.002865429737508
0.002865429737508
0.002865429737508
0.002865429737508
0.002865429737508
0.002865429737508
0.002865429737508
0.002865429737508
0.002865429737508
0.002865429737508
0.002865429737508
0.002865429737508
0.002865429737508
0.002865429737508
0.002865429737508
0.002865429737508
0.002865429737508
0.002865429737508
0.002865429737508
0.002865429737508
0.002865429737508
0.002865429737508
0.002865429737508
0.002865429737508
0.002865429737508
0.002865429737508
0.002865429737508
0.002865429737508
0.002865429737508
0.002865429737508
0.002865429737508
0.002865429737508
0.002865429737508
0.002865429737508
0.002865429737508
0.002865429737508
0.002865429737508
0.002865429737508
0.002865429737508
0.002865429737508
0.002865429737508
0.002865429737508
0.002865429737508
0.002865429737508
0.002865429737508
0.002865429737508
0.002865429737508
0.002865429737508
0.002865429737508
0.002865429737508
0.002865429737508
0.002865429737508
0.002865429737508
0.002865429737508
0.002865429737508
0.002865429737508
0.002865429737508
0.002865429737508
0.002865429737508
0.002865429737508
0.002865429737508
0.002865429737508
0.002865429737508
0.002865429737508
0.002865429737508
0.002865429737508
0.002865429737508
0.002865429737508
0.002865429737508
0.002865429737508
0.002865429737508
0.002865429737508
0.002865429737508
0.002865429737508
0.002865429737508
0.002865429737508
0.002865429737508
0.002865429737508
0.002865429737508
0.002865429737508
0.002865429737508
0.002865429737508
