1
0.152700191664692
0.079344217237536
0.042666230023958
0.024327236417169
0.015157739613775
0.010572991212077
0.008280617011229
0.007134429910804
0.006561336360592
0.006274789585486
0.006131516197933
0.006059879504157
0.006024061157268
0.005987877317044
0.005988060063712
0.005988151437046
0.005988197123713
0.005988219967047
0.005988231388713
0.005988237099547
0.005988239954963
0.005988241382672
0.005988242096526
0.005988242453453
0.005988242631917
0.005988242721148
0.005988242765764
0.005988242788072
0.005988242799226
0.005988242804803
0.005988242807592
0.005988242808986
0.005988242809683
0.005988242810032
0.005988242810206
0.005988242810293
0.002994121405190
0.002994121405190
0.002994121405190
0.002994121405190
0.002994121405190
0.002994121405190
0.002994121405190
0.002994121405190
0.002994121405190
0.002994121405190
0.002994121405190
0.002994121405190
0.002994121405190
0.002994121405190
0.002994121405190
0.002994121405190
0.002994121405190
0.002994121405190
0.002994121405190
0.002994121405190
0.002994121405190
0.002994121405190
0.002994121405190
0.002994121405190
0.002994121405190
0.002994121405190
0.002994121405190
0.002994121405190
0.002994121405190
0.002994121405190
0.002994121405190
0.002994121405190
0.002994121405190
0.002994121405190
0.002994121405190
0.002994121405190
0.002994121405190
0.002994121405190
0.002994121405190
0.002994121405190
0.002994121405190
0.002994121405190
0.002994121405190
0.002994121405190
0.002994121405190
0.002994121405190
0.002994121405190
0.002994121405190
0.002994121405190
0.002994121405190
0.002994121405190
0.002994121405190
0.002994121405190
0.002994121405190
0.002994121405190
0.002994121405190
0.002994121405190
0.002994121405190
0.002994121405190
0.002994121405190
0.002994121405190
0.002994121405190
0.002994121405190
0.002994121405190
0.002994121405190
0.002994121405190
0.002994121405190
0.002994121405190
0.002994121405190
0.002994121405190
0.002994121405190
0.002994121405190
0.002994121405190
0.002994121405190
0.002994121405190
0.002994121405190
0.002994121405190
0.002994121405190
0.002994121405190
0.002994121405190
0.002994121405190
0.002994121405190
0.002994121405190
0.002994121405190
0.002994121405190
0.002994121405190
0.002994121405190
0.002994121405190
0.002994121405190
0.002994121405190
0.002994121405190
0.002994121405190
0.002994121405190
0.002994121405190
0.002994121405190
0.002994121405190
0.002994121405190
0.002994121405190
0.002994121405190
0.002994121405190
0.002994121405190
0.002994121405190
0.002994121405190
0.002994121405190
0.002994121405190
0.002994121405190
0.002994121405190
0.002994121405190
0.002994121405190
0.002994121405190
0.002994121405190
0.002994121405190
0.002994121405190
0.002994121405190
0.002994121405190
0.002994121405190
0.002994121405190
0.002994121405190
0.002994121405190
0.002994121405190
0.002994121405190
0.002994121405190
0.002994121405190
0.002994121405190
0.002994121405190
0.002994121405190
0.002994121405190
0.002994121405190
0.002994121405190
0.002994121405190
0.002994121405190
0.002994121405190
0.002994121405190
0.002994121405190
0.002994121405190
0.002994121405190
0.002994121405190
0.002994121405190
0.002994121405190
0.002994121405190
0.002994121405190
0.002994121405190
0.002994121405190
0.002994121405190
0.002994121405190
0.002994121405190
0.002994121405190
0.002994121405190
0.002994121405190
0.002994121405190
0.002994121405190
0.002994121405190
0.002994121405190
0.002994121405190
0.002994121405190
0.002994121405190
0.002994121405190
0.002994121405190
0.002994121405190
0.002994121405190
0.002994121405190
0.002994121405190
0.002994121405190
0.002994121405190
