1
0.166227416828998
0.086373069528793
0.046445895878691
0.026482309053639
0.016500515641114
0.011509618934851
0.009014170581720
0.007766446405154
0.007142584316871
0.003259361114294
0.003259361114294
0.003259361114294
0.003259361114294
0.003259361114294
0.003259361114294
0.003259361114294
0.003259361114294
0.003259361114294
0.003259361114294
0.003259361114294
0.003259361114294
0.003259361114294
0.003259361114294
0.003259361114294
0.003259361114294
0.003259361114294
0.003259361114294
0.003259361114294
0.003259361114294
0.003259361114294
0.003259361114294
0.003259361114294
0.003259361114294
0.003259361114294
0.003259361114294
0.003259361114294
0.003259361114294
0.003259361114294
0.003259361114294
0.003259361114294
0.003259361114294
0.003259361114294
0.003259361114294
0.003259361114294
0.003259361114294
0.003259361114294
0.003259361114294
0.003259361114294
0.003259361114294
0.003259361114294
0.003259361114294
0.003259361114294
0.003259361114294
0.003259361114294
0.003259361114294
0.003259361114294
0.003259361114294
0.003259361114294
0.003259361114294
0.003259361114294
0.003259361114294
0.003259361114294
0.003259361114294
0.003259361114294
0.003259361114294
0.003259361114294
0.003259361114294
0.003259361114294
0.003259361114294
0.003259361114294
0.003259361114294
0.003259361114294
0.003259361114294
0.003259361114294
0.003259361114294
0.003259361114294
0.003259361114294
0.003259361114294
0.003259361114294
0.003259361114294
0.003259361114294
0.003259361114294
0.003259361114294
0.003259361114294
0.003259361114294
0.003259361114294
0.003259361114294
0.003259361114294
0.003259361114294
0.003259361114294
0.003259361114294
0.003259361114294
0.003259361114294
0.003259361114294
0.003259361114294
0.003259361114294
0.003259361114294
0.003259361114294
0.003259361114294
0.003259361114294
0.003259361114294
0.003259361114294
0.003259361114294
0.003259361114294
0.003259361114294
0.003259361114294
0.003259361114294
0.003259361114294
0.003259361114294
0.003259361114294
0.003259361114294
0.003259361114294
0.003259361114294
0.003259361114294
0.003259361114294
0.003259361114294
0.003259361114294
0.003259361114294
0.003259361114294
0.003259361114294
0.003259361114294
0.003259361114294
0.003259361114294
0.003259361114294
0.003259361114294
0.003259361114294
0.003259361114294
0.003259361114294
0.003259361114294
0.003259361114294
0.003259361114294
0.003259361114294
0.003259361114294
0.003259361114294
0.003259361114294
0.003259361114294
0.003259361114294
0.003259361114294
0.003259361114294
0.003259361114294
0.003259361114294
0.003259361114294
0.003259361114294
0.003259361114294
0.003259361114294
0.003259361114294
0.003259361114294
0.003259361114294
0.003259361114294
0.003259361114294
0.003259361114294
0.003259361114294
0.003259361114294
0.003259361114294
0.003259361114294
0.003259361114294
0.003259361114294
0.003259361114294
0.003259361114294
0.003259361114294
0.003259361114294
0.003259361114294
0.003259361114294
0.003259361114294
0.003259361114294
0.003259361114294
0.003259361114294
0.003259361114294
0.003259361114294
0.003259361114294
0.003259361114294
0.003259361114294
0.003259361114294
0.003259361114294
0.003259361114294
0.003259361114294
0.003259361114294
0.003259361114294
0.003259361114294
0.003259361114294
0.003259361114294
0.003259361114294
0.003259361114294
0.003259361114294
0.003259361114294
0.003259361114294
0.003259361114294
0.003259361114294
0.003259361114294
0.003259361114294
0.003259361114294
0.003259361114294
0.003259361114294
0.003259361114294
0.003259361114294
0.003259361114294
0.003259361114294
0.003259361114294
0.003259361114294
0.003259361114294
