1
0.145719368002511
0.075716926511109
0.040715705765408
0.023215095392557
0.014464790206132
0.010089637612919
0.007902061316313
0.006808273168009
0.006261379093858
0.005987932056782
0.005851208538244
0.005782846778975
0.005748665899341
0.005714136235220
0.005714310627463
0.005714397823585
0.005714441421646
0.005714463220676
0.005714474120191
0.005714479569949
0.005714482294828
0.005714483657267
0.005714484338487
0.005714484679096
0.005714484849401
0.005714484934554
0.005714484977130
0.005714484998418
0.005714485009062
0.005714485014384
0.005714485017045
0.005714485018376
0.005714485019041
0.005714485019374
0.005714485019540
0.005714485019623
0.005714485019665
0.005714485019686
0.005714485019696
0.005714485019701
0.005714485019704
0.005714485019705
0.005714485019706
0.005714485019706
0.005714485019706
0.005714485019706
0.005714485019706
0.005714485019706
0.005714485019706
0.005714485019706
0.005714485019706
0.005714485019706
0.002857242509853
0.002857242509853
0.002857242509853
0.002857242509853
0.002857242509853
0.002857242509853
0.002857242509853
0.002857242509853
0.002857242509853
0.002857242509853
0.002857242509853
0.002857242509853
0.002857242509853
0.002857242509853
0.002857242509853
0.002857242509853
0.002857242509853
0.002857242509853
0.002857242509853
0.002857242509853
0.002857242509853
0.002857242509853
0.002857242509853
0.002857242509853
0.002857242509853
0.002857242509853
0.002857242509853
0.002857242509853
0.002857242509853
0.002857242509853
0.002857242509853
0.002857242509853
0.002857242509853
0.002857242509853
0.002857242509853
0.002857242509853
0.002857242509853
0.002857242509853
0.002857242509853
0.002857242509853
0.002857242509853
0.002857242509853
0.002857242509853
0.002857242509853
0.002857242509853
0.002857242509853
0.002857242509853
0.002857242509853
0.002857242509853
0.002857242509853
0.002857242509853
0.002857242509853
0.002857242509853
0.002857242509853
0.002857242509853
0.002857242509853
0.002857242509853
0.002857242509853
0.002857242509853
0.002857242509853
0.002857242509853
0.002857242509853
0.002857242509853
0.002857242509853
0.002857242509853
0.002857242509853
0.002857242509853
0.002857242509853
0.002857242509853
0.002857242509853
0.002857242509853
0.002857242509853
0.002857242509853
0.002857242509853
0.002857242509853
0.002857242509853
0.002857242509853
0.002857242509853
0.002857242509853
0.002857242509853
0.002857242509853
0.002857242509853
0.002857242509853
0.002857242509853
0.002857242509853
0.002857242509853
0.002857242509853
0.002857242509853
0.002857242509853
0.002857242509853
0.002857242509853
0.002857242509853
0.002857242509853
0.002857242509853
0.002857242509853
0.002857242509853
0.002857242509853
0.002857242509853
0.002857242509853
0.002857242509853
0.002857242509853
0.002857242509853
0.002857242509853
0.002857242509853
0.002857242509853
0.002857242509853
0.002857242509853
0.002857242509853
0.002857242509853
0.002857242509853
0.002857242509853
0.002857242509853
0.002857242509853
0.002857242509853
0.002857242509853
0.002857242509853
0.002857242509853
0.002857242509853
0.002857242509853
0.002857242509853
0.002857242509853
0.002857242509853
0.002857242509853
0.002857242509853
0.002857242509853
0.002857242509853
0.002857242509853
0.002857242509853
0.002857242509853
0.002857242509853
0.002857242509853
0.002857242509853
0.002857242509853
0.002857242509853
0.002857242509853
0.002857242509853
0.002857242509853
0.002857242509853
0.002857242509853
0.002857242509853
0.002857242509853
0.002857242509853
0.002857242509853
0.002857242509853
0.002857242509853
0.002857242509853
0.002857242509853
0.002857242509853
