1
0.138591553781054
0.072013258337215
0.038724110615295
0.022079536754335
0.013757249823855
0.009596106358615
0.007515534625995
0.006475248759685
0.005955105826530
0.005695034359952
0.005564998626663
0.005499980760019
0.005467471826697
0.005434631169565
0.005434797031470
0.005434879962422
0.005434921427899
0.005434942160637
0.005434952527006
0.005434957710190
0.005434960301782
0.005434961597579
0.005434962245477
0.005434962569426
0.005434962731400
0.005434962812387
0.005434962852881
0.005434962873128
0.005434962883251
0.005434962888313
0.005434962890844
0.005434962892109
0.005434962892742
0.005434962893058
0.005434962893217
0.005434962893296
0.005434962893335
0.005434962893355
0.005434962893365
0.005434962893370
0.005434962893372
0.005434962893373
0.005434962893374
0.005434962893374
0.005434962893375
0.005434962893375
0.005434962893375
0.005434962893375
0.005434962893375
0.005434962893375
0.005434962893375
0.005434962893375
0.005434962893375
0.005434962893375
0.005434962893375
0.005434962893375
0.005434962893375
0.005434962893375
0.005434962893375
0.005434962893375
0.005434962893375
0.005434962893375
0.005434962893375
0.005434962893375
0.005434962893375
0.005434962893375
0.005434962893375
0.005434962893375
0.005434962893375
0.005434962893375
0.002717481446687
0.002717481446687
0.002717481446687
0.002717481446687
0.002717481446687
0.002717481446687
0.002717481446687
0.002717481446687
0.002717481446687
0.002717481446687
0.002717481446687
0.002717481446687
0.002717481446687
0.002717481446687
0.002717481446687
0.002717481446687
0.002717481446687
0.002717481446687
0.002717481446687
0.002717481446687
0.002717481446687
0.002717481446687
0.002717481446687
0.002717481446687
0.002717481446687
0.002717481446687
0.002717481446687
0.002717481446687
0.002717481446687
0.002717481446687
0.002717481446687
0.002717481446687
0.002717481446687
0.002717481446687
0.002717481446687
0.002717481446687
0.002717481446687
0.002717481446687
0.002717481446687
0.002717481446687
0.002717481446687
0.002717481446687
0.002717481446687
0.002717481446687
0.002717481446687
0.002717481446687
0.002717481446687
0.002717481446687
0.002717481446687
0.002717481446687
0.002717481446687
0.002717481446687
0.002717481446687
0.002717481446687
0.002717481446687
0.002717481446687
0.002717481446687
0.002717481446687
0.002717481446687
0.002717481446687
0.002717481446687
0.002717481446687
0.002717481446687
0.002717481446687
0.002717481446687
0.002717481446687
0.002717481446687
0.002717481446687
0.002717481446687
0.002717481446687
0.002717481446687
0.002717481446687
0.002717481446687
0.002717481446687
0.002717481446687
0.002717481446687
0.002717481446687
0.002717481446687
0.002717481446687
0.002717481446687
0.002717481446687
0.002717481446687
0.002717481446687
0.002717481446687
0.002717481446687
0.002717481446687
0.002717481446687
0.002717481446687
0.002717481446687
0.002717481446687
0.002717481446687
0.002717481446687
0.002717481446687
0.002717481446687
0.002717481446687
0.002717481446687
0.002717481446687
0.002717481446687
0.002717481446687
0.002717481446687
0.002717481446687
0.002717481446687
0.002717481446687
0.002717481446687
0.002717481446687
0.002717481446687
0.002717481446687
0.002717481446687
0.002717481446687
0.002717481446687
0.002717481446687
0.002717481446687
0.002717481446687
0.002717481446687
0.002717481446687
0.002717481446687
0.002717481446687
0.002717481446687
0.002717481446687
0.002717481446687
0.002717481446687
0.002717481446687
0.002717481446687
0.002717481446687
0.002717481446687
0.002717481446687
0.002717481446687
0.002717481446687
0.002717481446687
0.002717481446687
