1
0.150447895345604
0.078173906405069
0.042036911934801
0.023968414699667
0.014934166082100
0.010417041773317
0.008158479618925
0.007029198541729
0.006464558003131
0.006182237733832
0.006041077599183
0.005970497531858
0.005935207498196
0.005899557362149
0.005899737413341
0.005899827438937
0.005899872451735
0.005899894958134
0.005899906211334
0.005899911837934
0.005899914651234
0.005899916057884
0.005899916761209
0.005899917112871
0.005899917288702
0.005899917376618
0.005899917420576
0.005899917442555
0.005899917453544
0.005899917459039
0.005899917461786
0.005899917463160
0.005899917463847
0.005899917464190
0.005899917464362
0.005899917464448
0.005899917464491
0.005899917464512
0.005899917464523
0.005899917464528
0.005899917464531
0.002949958732267
0.002949958732267
0.002949958732267
0.002949958732267
0.002949958732267
0.002949958732267
0.002949958732267
0.002949958732267
0.002949958732267
0.002949958732267
0.002949958732267
0.002949958732267
0.002949958732267
0.002949958732267
0.002949958732267
0.002949958732267
0.002949958732267
0.002949958732267
0.002949958732267
0.002949958732267
0.002949958732267
0.002949958732267
0.002949958732267
0.002949958732267
0.002949958732267
0.002949958732267
0.002949958732267
0.002949958732267
0.002949958732267
0.002949958732267
0.002949958732267
0.002949958732267
0.002949958732267
0.002949958732267
0.002949958732267
0.002949958732267
0.002949958732267
0.002949958732267
0.002949958732267
0.002949958732267
0.002949958732267
0.002949958732267
0.002949958732267
0.002949958732267
0.002949958732267
0.002949958732267
0.002949958732267
0.002949958732267
0.002949958732267
0.002949958732267
0.002949958732267
0.002949958732267
0.002949958732267
0.002949958732267
0.002949958732267
0.002949958732267
0.002949958732267
0.002949958732267
0.002949958732267
0.002949958732267
0.002949958732267
0.002949958732267
0.002949958732267
0.002949958732267
0.002949958732267
0.002949958732267
0.002949958732267
0.002949958732267
0.002949958732267
0.002949958732267
0.002949958732267
0.002949958732267
0.002949958732267
0.002949958732267
0.002949958732267
0.002949958732267
0.002949958732267
0.002949958732267
0.002949958732267
0.002949958732267
0.002949958732267
0.002949958732267
0.002949958732267
0.002949958732267
0.002949958732267
0.002949958732267
0.002949958732267
0.002949958732267
0.002949958732267
0.002949958732267
0.002949958732267
0.002949958732267
0.002949958732267
0.002949958732267
0.002949958732267
0.002949958732267
0.002949958732267
0.002949958732267
0.002949958732267
0.002949958732267
0.002949958732267
0.002949958732267
0.002949958732267
0.002949958732267
0.002949958732267
0.002949958732267
0.002949958732267
0.002949958732267
0.002949958732267
0.002949958732267
0.002949958732267
0.002949958732267
0.002949958732267
0.002949958732267
0.002949958732267
0.002949958732267
0.002949958732267
0.002949958732267
0.002949958732267
0.002949958732267
0.002949958732267
0.002949958732267
0.002949958732267
0.002949958732267
0.002949958732267
0.002949958732267
0.002949958732267
0.002949958732267
0.002949958732267
0.002949958732267
0.002949958732267
0.002949958732267
0.002949958732267
0.002949958732267
0.002949958732267
0.002949958732267
0.002949958732267
0.002949958732267
0.002949958732267
0.002949958732267
0.002949958732267
0.002949958732267
0.002949958732267
0.002949958732267
0.002949958732267
0.002949958732267
0.002949958732267
0.002949958732267
0.002949958732267
0.002949958732267
0.002949958732267
0.002949958732267
0.002949958732267
0.002949958732267
0.002949958732267
0.002949958732267
0.002949958732267
0.002949958732267
0.002949958732267
