1
0.156928971183129
0.081541524242214
0.043847800771757
0.025000939036528
0.015577508168914
0.010865792735106
0.008509935018203
0.007332006159751
0.006743041730525
0.006448559515912
0.006301318408606
0.006227697854952
0.006190887578126
0.006153701686230
0.006153889493764
0.006153983397532
0.006154030349415
0.006154053825357
0.006154065563328
0.006154071432314
0.006154074366806
0.006154075834053
0.006154076567676
0.006154076934488
0.006154077117893
0.006154077209596
0.006154077255448
0.003077038650650
0.003077038650650
0.003077038650650
0.003077038650650
0.003077038650650
0.003077038650650
0.003077038650650
0.003077038650650
0.003077038650650
0.003077038650650
0.003077038650650
0.003077038650650
0.003077038650650
0.003077038650650
0.003077038650650
0.003077038650650
0.003077038650650
0.003077038650650
0.003077038650650
0.003077038650650
0.003077038650650
0.003077038650650
0.003077038650650
0.003077038650650
0.003077038650650
0.003077038650650
0.003077038650650
0.003077038650650
0.003077038650650
0.003077038650650
0.003077038650650
0.003077038650650
0.003077038650650
0.003077038650650
0.003077038650650
0.003077038650650
0.003077038650650
0.003077038650650
0.003077038650650
0.003077038650650
0.003077038650650
0.003077038650650
0.003077038650650
0.003077038650650
0.003077038650650
0.003077038650650
0.003077038650650
0.003077038650650
0.003077038650650
0.003077038650650
0.003077038650650
0.003077038650650
0.003077038650650
0.003077038650650
0.003077038650650
0.003077038650650
0.003077038650650
0.003077038650650
0.003077038650650
0.003077038650650
0.003077038650650
0.003077038650650
0.003077038650650
0.003077038650650
0.003077038650650
0.003077038650650
0.003077038650650
0.003077038650650
0.003077038650650
0.003077038650650
0.003077038650650
0.003077038650650
0.003077038650650
0.003077038650650
0.003077038650650
0.003077038650650
0.003077038650650
0.003077038650650
0.003077038650650
0.003077038650650
0.003077038650650
0.003077038650650
0.003077038650650
0.003077038650650
0.003077038650650
0.003077038650650
0.003077038650650
0.003077038650650
0.003077038650650
0.003077038650650
0.003077038650650
0.003077038650650
0.003077038650650
0.003077038650650
0.003077038650650
0.003077038650650
0.003077038650650
0.003077038650650
0.003077038650650
0.003077038650650
0.003077038650650
0.003077038650650
0.003077038650650
0.003077038650650
0.003077038650650
0.003077038650650
0.003077038650650
0.003077038650650
0.003077038650650
0.003077038650650
0.003077038650650
0.003077038650650
0.003077038650650
0.003077038650650
0.003077038650650
0.003077038650650
0.003077038650650
0.003077038650650
0.003077038650650
0.003077038650650
0.003077038650650
0.003077038650650
0.003077038650650
0.003077038650650
0.003077038650650
0.003077038650650
0.003077038650650
0.003077038650650
0.003077038650650
0.003077038650650
0.003077038650650
0.003077038650650
0.003077038650650
0.003077038650650
0.003077038650650
0.003077038650650
0.003077038650650
0.003077038650650
0.003077038650650
0.003077038650650
0.003077038650650
0.003077038650650
0.003077038650650
0.003077038650650
0.003077038650650
0.003077038650650
0.003077038650650
0.003077038650650
0.003077038650650
0.003077038650650
0.003077038650650
0.003077038650650
0.003077038650650
0.003077038650650
0.003077038650650
0.003077038650650
0.003077038650650
0.003077038650650
0.003077038650650
0.003077038650650
0.003077038650650
0.003077038650650
0.003077038650650
0.003077038650650
0.003077038650650
0.003077038650650
0.003077038650650
0.003077038650650
0.003077038650650
0.003077038650650
0.003077038650650
0.003077038650650
0.003077038650650
