0.9999
0.349978332611087
0.016667222240741
0.016667222240741
0.016667222240741
0.016667222240741
0.016667222240741
0.016667222240741
0.016667222240741
0.016667222240741
0.016667222240741
0.016667222240741
0.016667222240741
0.016667222240741
0.016667222240741
0.016667222240741
0.016667222240741
0.016667222240741
0.016667222240741
0.016667222240741
0.016667222240741
0.016667222240741
0.016667222240741
0.016667222240741
0.016667222240741
0.016667222240741
0.016667222240741
0.016667222240741
0.016667222240741
0.016667222240741
0.016667222240741
0.016667222240741
0.016667222240741
0.016667222240741
0.016667222240741
0.016667222240741
0.016667222240741
0.016667222240741
0.016667222240741
0.016667222240741
0.016667222240741
