0.9999
0.251864291429695
0.254333057782310
0.002493952781758
0.002493952781758
0.002493952781758
0.002493952781758
0.002493952781758
0.002493952781758
0.002493952781758
0.002493952781758
0.002493952781758
0.002493952781758
0.002493952781758
0.002493952781758
0.002493952781758
0.002493952781758
0.002493952781758
0.002493952781758
0.002493952781758
0.002493952781758
0.002493952781758
0.002493952781758
0.002493952781758
0.002493952781758
0.002493952781758
0.002493952781758
0.002493952781758
0.002493952781758
0.002493952781758
0.002493952781758
0.002493952781758
0.002493952781758
0.002493952781758
0.002493952781758
0.002493952781758
0.002493952781758
0.002493952781758
0.002493952781758
0.002493952781758
0.002493952781758
0.002493952781758
0.002493952781758
0.002493952781758
0.002493952781758
0.002493952781758
0.002493952781758
0.002493952781758
0.002493952781758
0.002493952781758
0.002493952781758
0.002493952781758
0.002493952781758
0.002493952781758
0.002493952781758
0.002493952781758
0.002493952781758
0.002493952781758
0.002493952781758
0.002493952781758
0.002493952781758
0.002493952781758
0.002493952781758
0.002493952781758
0.002493952781758
0.002493952781758
0.002493952781758
0.002493952781758
0.002493952781758
0.002493952781758
0.002493952781758
0.002493952781758
0.002493952781758
0.002493952781758
0.002493952781758
0.002493952781758
0.002493952781758
0.002493952781758
0.002493952781758
0.002493952781758
0.002493952781758
0.002493952781758
0.002493952781758
0.002493952781758
0.002493952781758
0.002493952781758
0.002493952781758
0.002493952781758
0.002493952781758
0.002493952781758
0.002493952781758
0.002493952781758
0.002493952781758
0.002493952781758
0.002493952781758
0.002493952781758
0.002493952781758
0.002493952781758
0.002493952781758
0.002493952781758
0.002493952781758
0.002493952781758
0.002493952781758
0.002493952781758
0.002493952781758
0.002493952781758
0.002493952781758
0.002493952781758
0.002493952781758
0.002493952781758
0.002493952781758
0.002493952781758
0.002493952781758
0.002493952781758
0.002493952781758
0.002493952781758
0.002493952781758
0.002493952781758
0.002493952781758
0.002493952781758
0.002493952781758
0.002493952781758
0.002493952781758
0.002493952781758
0.002493952781758
0.002493952781758
0.002493952781758
0.002493952781758
0.002493952781758
0.002493952781758
0.002493952781758
0.002493952781758
0.002493952781758
0.002493952781758
0.002493952781758
0.002493952781758
0.002493952781758
0.002493952781758
0.002493952781758
0.002493952781758
0.002493952781758
0.002493952781758
0.002493952781758
0.002493952781758
0.002493952781758
0.002493952781758
0.002493952781758
0.002493952781758
0.002493952781758
0.002493952781758
0.002493952781758
0.002493952781758
0.002493952781758
0.002493952781758
0.002493952781758
0.002493952781758
0.002493952781758
0.002493952781758
0.002493952781758
0.002493952781758
0.002493952781758
0.002493952781758
0.002493952781758
0.002493952781758
0.002493952781758
0.002493952781758
0.002493952781758
0.002493952781758
0.002493952781758
0.002493952781758
0.002493952781758
0.002493952781758
0.002493952781758
0.002493952781758
0.002493952781758
0.002493952781758
0.002493952781758
0.002493952781758
0.002493952781758
0.002493952781758
0.002493952781758
0.002493952781758
0.002493952781758
0.002493952781758
0.002493952781758
0.002493952781758
0.002493952781758
0.002493952781758
0.002493952781758
0.002493952781758
0.002493952781758
0.002493952781758
0.002493952781758
0.002493952781758
0.002493952781758
0.002493952781758
0.002493952781758
0.002493952781758
0.002493952781758
0.002493952781758
0.002493952781758
