1
0.074538745387454
0.075276752767528
0.076014760147601
0.076752767527675
0.077490774907749
0.078228782287823
0.078966789667897
0.079704797047970
0.080442804428044
0.081180811808118
0.081918819188192
0.000738007380074
0.000738007380074
0.000738007380074
0.000738007380074
0.000738007380074
0.000738007380074
0.000738007380074
0.000738007380074
0.000738007380074
0.000738007380074
0.000738007380074
0.000738007380074
0.000738007380074
0.000738007380074
0.000738007380074
0.000738007380074
0.000738007380074
0.000738007380074
0.000738007380074
0.000738007380074
0.000738007380074
0.000738007380074
0.000738007380074
0.000738007380074
0.000738007380074
0.000738007380074
0.000738007380074
0.000738007380074
0.000738007380074
0.000738007380074
0.000738007380074
0.000738007380074
0.000738007380074
0.000738007380074
0.000738007380074
0.000738007380074
0.000738007380074
0.000738007380074
0.000738007380074
0.000738007380074
0.000738007380074
0.000738007380074
0.000738007380074
0.000738007380074
0.000738007380074
0.000738007380074
0.000738007380074
0.000738007380074
0.000738007380074
0.000738007380074
0.000738007380074
0.000738007380074
0.000738007380074
0.000738007380074
0.000738007380074
0.000738007380074
0.000738007380074
0.000738007380074
0.000738007380074
0.000738007380074
0.000738007380074
0.000738007380074
0.000738007380074
0.000738007380074
0.000738007380074
0.000738007380074
0.000738007380074
0.000738007380074
0.000738007380074
0.000738007380074
0.000738007380074
0.000738007380074
0.000738007380074
0.000738007380074
0.000738007380074
0.000738007380074
0.000738007380074
0.000738007380074
0.000738007380074
0.000738007380074
0.000738007380074
0.000738007380074
0.000738007380074
0.000738007380074
0.000738007380074
0.000738007380074
0.000738007380074
0.000738007380074
0.000738007380074
0.000738007380074
0.000738007380074
0.000738007380074
0.000738007380074
0.000738007380074
0.000738007380074
0.000738007380074
0.000738007380074
0.000738007380074
0.000738007380074
0.000738007380074
0.000738007380074
0.000738007380074
0.000738007380074
0.000738007380074
0.000738007380074
0.000738007380074
0.000738007380074
0.000738007380074
0.000738007380074
0.000738007380074
0.000738007380074
0.000738007380074
0.000738007380074
0.000738007380074
0.000738007380074
0.000738007380074
0.000738007380074
0.000738007380074
0.000738007380074
0.000738007380074
0.000738007380074
0.000738007380074
0.000738007380074
0.000738007380074
0.000738007380074
0.000738007380074
0.000738007380074
0.000738007380074
0.000738007380074
0.000738007380074
0.000738007380074
0.000738007380074
0.000738007380074
0.000738007380074
0.000738007380074
0.000738007380074
0.000738007380074
0.000738007380074
0.000738007380074
0.000738007380074
0.000738007380074
0.000738007380074
0.000738007380074
0.000738007380074
0.000738007380074
0.000738007380074
0.000738007380074
0.000738007380074
0.000738007380074
0.000738007380074
0.000738007380074
0.000738007380074
0.000738007380074
0.000738007380074
0.000738007380074
0.000738007380074
0.000738007380074
0.000738007380074
0.000738007380074
0.000738007380074
0.000738007380074
0.000738007380074
0.000738007380074
0.000738007380074
0.000738007380074
0.000738007380074
0.000738007380074
0.000738007380074
0.000738007380074
0.000738007380074
0.000738007380074
0.000738007380074
0.000738007380074
0.000738007380074
0.000738007380074
0.000738007380074
0.000738007380074
0.000738007380074
0.000738007380074
0.000738007380074
0.000738007380074
0.000738007380074
0.000738007380074
0.000738007380074
0.000738007380074
0.000738007380074
0.000738007380074
0.000738007380074
0.000738007380074
