0.9999
0.068926134701118
0.069601746639595
0.070277291016878
0.070952767839723
0.071628177114886
0.072303518849121
0.072978793049183
0.073653999721825
0.074329138873800
0.075004210511859
0.075679214642755
0.076354151273238
0.000682504551947
0.000682504551947
0.000682504551947
0.000682504551947
0.000682504551947
0.000682504551947
0.000682504551947
0.000682504551947
0.000682504551947
0.000682504551947
0.000682504551947
0.000682504551947
0.000682504551947
0.000682504551947
0.000682504551947
0.000682504551947
0.000682504551947
0.000682504551947
0.000682504551947
0.000682504551947
0.000682504551947
0.000682504551947
0.000682504551947
0.000682504551947
0.000682504551947
0.000682504551947
0.000682504551947
0.000682504551947
0.000682504551947
0.000682504551947
0.000682504551947
0.000682504551947
0.000682504551947
0.000682504551947
0.000682504551947
0.000682504551947
0.000682504551947
0.000682504551947
0.000682504551947
0.000682504551947
0.000682504551947
0.000682504551947
0.000682504551947
0.000682504551947
0.000682504551947
0.000682504551947
0.000682504551947
0.000682504551947
0.000682504551947
0.000682504551947
0.000682504551947
0.000682504551947
0.000682504551947
0.000682504551947
0.000682504551947
0.000682504551947
0.000682504551947
0.000682504551947
0.000682504551947
0.000682504551947
0.000682504551947
0.000682504551947
0.000682504551947
0.000682504551947
0.000682504551947
0.000682504551947
0.000682504551947
0.000682504551947
0.000682504551947
0.000682504551947
0.000682504551947
0.000682504551947
0.000682504551947
0.000682504551947
0.000682504551947
0.000682504551947
0.000682504551947
0.000682504551947
0.000682504551947
0.000682504551947
0.000682504551947
0.000682504551947
0.000682504551947
0.000682504551947
0.000682504551947
0.000682504551947
0.000682504551947
0.000682504551947
0.000682504551947
0.000682504551947
0.000682504551947
0.000682504551947
0.000682504551947
0.000682504551947
0.000682504551947
0.000682504551947
0.000682504551947
0.000682504551947
0.000682504551947
0.000682504551947
0.000682504551947
0.000682504551947
0.000682504551947
0.000682504551947
0.000682504551947
0.000682504551947
0.000682504551947
0.000682504551947
0.000682504551947
0.000682504551947
0.000682504551947
0.000682504551947
0.000682504551947
0.000682504551947
0.000682504551947
0.000682504551947
0.000682504551947
0.000682504551947
0.000682504551947
0.000682504551947
0.000682504551947
0.000682504551947
0.000682504551947
0.000682504551947
0.000682504551947
0.000682504551947
0.000682504551947
0.000682504551947
0.000682504551947
0.000682504551947
0.000682504551947
0.000682504551947
0.000682504551947
0.000682504551947
0.000682504551947
0.000682504551947
0.000682504551947
0.000682504551947
0.000682504551947
0.000682504551947
0.000682504551947
0.000682504551947
0.000682504551947
0.000682504551947
0.000682504551947
0.000682504551947
0.000682504551947
0.000682504551947
0.000682504551947
0.000682504551947
0.000682504551947
0.000682504551947
0.000682504551947
0.000682504551947
0.000682504551947
0.000682504551947
0.000682504551947
0.000682504551947
0.000682504551947
0.000682504551947
0.000682504551947
0.000682504551947
0.000682504551947
0.000682504551947
0.000682504551947
0.000682504551947
0.000682504551947
0.000682504551947
0.000682504551947
0.000682504551947
0.000682504551947
0.000682504551947
0.000682504551947
0.000682504551947
0.000682504551947
0.000682504551947
0.000682504551947
0.000682504551947
0.000682504551947
0.000682504551947
0.000682504551947
0.000682504551947
0.000682504551947
0.000682504551947
0.000682504551947
0.000682504551947
0.000682504551947
0.000682504551947
