0.9999
0.055582366633124
0.058223839858177
0.060865048935907
0.063505993892730
0.066146674755058
0.068787091549299
0.071427244301860
0.074067133039147
0.076706757787559
0.079346118573497
0.081985215423356
0.084624048363530
0.087262617420410
0.002647031461717
0.002647031461717
0.002647031461717
0.002647031461717
0.002647031461717
0.002647031461717
0.002647031461717
0.002647031461717
0.002647031461717
0.002647031461717
0.002647031461717
0.002647031461717
0.002647031461717
0.002647031461717
0.002647031461717
0.002647031461717
0.002647031461717
0.002647031461717
0.002647031461717
0.002647031461717
0.002647031461717
0.002647031461717
0.002647031461717
0.002647031461717
0.002647031461717
0.002647031461717
0.002647031461717
