0.9999
0.059760756895704
0.060346530071383
0.060932244669744
0.061517900696646
0.062103498157945
0.062689037059498
0.063274517407160
0.063859939206788
0.064445302464236
0.065030607185357
0.065615853376007
0.066201041042038
0.066786170189303
0.067371240823652
0.000591749251368
0.000591749251368
0.000591749251368
0.000591749251368
0.000591749251368
0.000591749251368
0.000591749251368
0.000591749251368
0.000591749251368
0.000591749251368
0.000591749251368
0.000591749251368
0.000591749251368
0.000591749251368
0.000591749251368
0.000591749251368
0.000591749251368
0.000591749251368
0.000591749251368
0.000591749251368
0.000591749251368
0.000591749251368
0.000591749251368
0.000591749251368
0.000591749251368
0.000591749251368
0.000591749251368
0.000591749251368
0.000591749251368
0.000591749251368
0.000591749251368
0.000591749251368
0.000591749251368
0.000591749251368
0.000591749251368
0.000591749251368
0.000591749251368
0.000591749251368
0.000591749251368
0.000591749251368
0.000591749251368
0.000591749251368
0.000591749251368
0.000591749251368
0.000591749251368
0.000591749251368
0.000591749251368
0.000591749251368
0.000591749251368
0.000591749251368
0.000591749251368
0.000591749251368
0.000591749251368
0.000591749251368
0.000591749251368
0.000591749251368
0.000591749251368
0.000591749251368
0.000591749251368
0.000591749251368
0.000591749251368
0.000591749251368
0.000591749251368
0.000591749251368
0.000591749251368
0.000591749251368
0.000591749251368
0.000591749251368
0.000591749251368
0.000591749251368
0.000591749251368
0.000591749251368
0.000591749251368
0.000591749251368
0.000591749251368
0.000591749251368
0.000591749251368
0.000591749251368
0.000591749251368
0.000591749251368
0.000591749251368
0.000591749251368
0.000591749251368
0.000591749251368
0.000591749251368
0.000591749251368
0.000591749251368
0.000591749251368
0.000591749251368
0.000591749251368
0.000591749251368
0.000591749251368
0.000591749251368
0.000591749251368
0.000591749251368
0.000591749251368
0.000591749251368
0.000591749251368
0.000591749251368
0.000591749251368
0.000591749251368
0.000591749251368
0.000591749251368
0.000591749251368
0.000591749251368
0.000591749251368
0.000591749251368
0.000591749251368
0.000591749251368
0.000591749251368
0.000591749251368
0.000591749251368
0.000591749251368
0.000591749251368
0.000591749251368
0.000591749251368
0.000591749251368
0.000591749251368
0.000591749251368
0.000591749251368
0.000591749251368
0.000591749251368
0.000591749251368
0.000591749251368
0.000591749251368
0.000591749251368
0.000591749251368
0.000591749251368
0.000591749251368
0.000591749251368
0.000591749251368
0.000591749251368
0.000591749251368
0.000591749251368
0.000591749251368
0.000591749251368
0.000591749251368
0.000591749251368
0.000591749251368
0.000591749251368
0.000591749251368
0.000591749251368
0.000591749251368
0.000591749251368
0.000591749251368
0.000591749251368
0.000591749251368
0.000591749251368
0.000591749251368
0.000591749251368
0.000591749251368
0.000591749251368
0.000591749251368
0.000591749251368
0.000591749251368
0.000591749251368
0.000591749251368
0.000591749251368
0.000591749251368
0.000591749251368
0.000591749251368
0.000591749251368
0.000591749251368
0.000591749251368
0.000591749251368
0.000591749251368
0.000591749251368
0.000591749251368
0.000591749251368
0.000591749251368
0.000591749251368
0.000591749251368
0.000591749251368
0.000591749251368
0.000591749251368
0.000591749251368
0.000591749251368
0.000591749251368
0.000591749251368
0.000591749251368
0.000591749251368
0.000591749251368
0.000591749251368
0.000591749251368
0.000591749251368
0.000591749251368
