0.9999
0.055989080289412
0.056537883602291
0.057086632034838
0.057635325592541
0.058183964280889
0.058732548105368
0.059281077071465
0.059829551184665
0.060377970450453
0.060926334874315
0.061474644461735
0.062022899218196
0.062571099149181
0.063119244260174
0.063667334556655
0.000554402220907
0.000554402220907
0.000554402220907
0.000554402220907
0.000554402220907
0.000554402220907
0.000554402220907
0.000554402220907
0.000554402220907
0.000554402220907
0.000554402220907
0.000554402220907
0.000554402220907
0.000554402220907
0.000554402220907
0.000554402220907
0.000554402220907
0.000554402220907
0.000554402220907
0.000554402220907
0.000554402220907
0.000554402220907
0.000554402220907
0.000554402220907
0.000554402220907
0.000554402220907
0.000554402220907
0.000554402220907
0.000554402220907
0.000554402220907
0.000554402220907
0.000554402220907
0.000554402220907
0.000554402220907
0.000554402220907
0.000554402220907
0.000554402220907
0.000554402220907
0.000554402220907
0.000554402220907
0.000554402220907
0.000554402220907
0.000554402220907
0.000554402220907
0.000554402220907
0.000554402220907
0.000554402220907
0.000554402220907
0.000554402220907
0.000554402220907
0.000554402220907
0.000554402220907
0.000554402220907
0.000554402220907
0.000554402220907
0.000554402220907
0.000554402220907
0.000554402220907
0.000554402220907
0.000554402220907
0.000554402220907
0.000554402220907
0.000554402220907
0.000554402220907
0.000554402220907
0.000554402220907
0.000554402220907
0.000554402220907
0.000554402220907
0.000554402220907
0.000554402220907
0.000554402220907
0.000554402220907
0.000554402220907
0.000554402220907
0.000554402220907
0.000554402220907
0.000554402220907
0.000554402220907
0.000554402220907
0.000554402220907
0.000554402220907
0.000554402220907
0.000554402220907
0.000554402220907
0.000554402220907
0.000554402220907
0.000554402220907
0.000554402220907
0.000554402220907
0.000554402220907
0.000554402220907
0.000554402220907
0.000554402220907
0.000554402220907
0.000554402220907
0.000554402220907
0.000554402220907
0.000554402220907
0.000554402220907
0.000554402220907
0.000554402220907
0.000554402220907
0.000554402220907
0.000554402220907
0.000554402220907
0.000554402220907
0.000554402220907
0.000554402220907
0.000554402220907
0.000554402220907
0.000554402220907
0.000554402220907
0.000554402220907
0.000554402220907
0.000554402220907
0.000554402220907
0.000554402220907
0.000554402220907
0.000554402220907
0.000554402220907
0.000554402220907
0.000554402220907
0.000554402220907
0.000554402220907
0.000554402220907
0.000554402220907
0.000554402220907
0.000554402220907
0.000554402220907
0.000554402220907
0.000554402220907
0.000554402220907
0.000554402220907
0.000554402220907
0.000554402220907
0.000554402220907
0.000554402220907
0.000554402220907
0.000554402220907
0.000554402220907
0.000554402220907
0.000554402220907
0.000554402220907
0.000554402220907
0.000554402220907
0.000554402220907
0.000554402220907
0.000554402220907
0.000554402220907
0.000554402220907
0.000554402220907
0.000554402220907
0.000554402220907
0.000554402220907
0.000554402220907
0.000554402220907
0.000554402220907
0.000554402220907
0.000554402220907
0.000554402220907
0.000554402220907
0.000554402220907
0.000554402220907
0.000554402220907
0.000554402220907
0.000554402220907
0.000554402220907
0.000554402220907
0.000554402220907
0.000554402220907
0.000554402220907
0.000554402220907
0.000554402220907
0.000554402220907
0.000554402220907
0.000554402220907
0.000554402220907
0.000554402220907
0.000554402220907
0.000554402220907
0.000554402220907
0.000554402220907
0.000554402220907
0.000554402220907
