0.9999
0.052638088623290
0.053154045614738
0.053669951010486
0.054185804815695
0.054701607035523
0.055217357675130
0.055733056739672
0.056248704234308
0.056764300164194
0.057279844534488
0.057795337350344
0.058310778616919
0.058826168339367
0.059341506522843
0.059856793172500
0.060372028293493
0.000521220800310
0.000521220800310
0.000521220800310
0.000521220800310
0.000521220800310
0.000521220800310
0.000521220800310
0.000521220800310
0.000521220800310
0.000521220800310
0.000521220800310
0.000521220800310
0.000521220800310
0.000521220800310
0.000521220800310
0.000521220800310
0.000521220800310
0.000521220800310
0.000521220800310
0.000521220800310
0.000521220800310
0.000521220800310
0.000521220800310
0.000521220800310
0.000521220800310
0.000521220800310
0.000521220800310
0.000521220800310
0.000521220800310
0.000521220800310
0.000521220800310
0.000521220800310
0.000521220800310
0.000521220800310
0.000521220800310
0.000521220800310
0.000521220800310
0.000521220800310
0.000521220800310
0.000521220800310
0.000521220800310
0.000521220800310
0.000521220800310
0.000521220800310
0.000521220800310
0.000521220800310
0.000521220800310
0.000521220800310
0.000521220800310
0.000521220800310
0.000521220800310
0.000521220800310
0.000521220800310
0.000521220800310
0.000521220800310
0.000521220800310
0.000521220800310
0.000521220800310
0.000521220800310
0.000521220800310
0.000521220800310
0.000521220800310
0.000521220800310
0.000521220800310
0.000521220800310
0.000521220800310
0.000521220800310
0.000521220800310
0.000521220800310
0.000521220800310
0.000521220800310
0.000521220800310
0.000521220800310
0.000521220800310
0.000521220800310
0.000521220800310
0.000521220800310
0.000521220800310
0.000521220800310
0.000521220800310
0.000521220800310
0.000521220800310
0.000521220800310
0.000521220800310
0.000521220800310
0.000521220800310
0.000521220800310
0.000521220800310
0.000521220800310
0.000521220800310
0.000521220800310
0.000521220800310
0.000521220800310
0.000521220800310
0.000521220800310
0.000521220800310
0.000521220800310
0.000521220800310
0.000521220800310
0.000521220800310
0.000521220800310
0.000521220800310
0.000521220800310
0.000521220800310
0.000521220800310
0.000521220800310
0.000521220800310
0.000521220800310
0.000521220800310
0.000521220800310
0.000521220800310
0.000521220800310
0.000521220800310
0.000521220800310
0.000521220800310
0.000521220800310
0.000521220800310
0.000521220800310
0.000521220800310
0.000521220800310
0.000521220800310
0.000521220800310
0.000521220800310
0.000521220800310
0.000521220800310
0.000521220800310
0.000521220800310
0.000521220800310
0.000521220800310
0.000521220800310
0.000521220800310
0.000521220800310
0.000521220800310
0.000521220800310
0.000521220800310
0.000521220800310
0.000521220800310
0.000521220800310
0.000521220800310
0.000521220800310
0.000521220800310
0.000521220800310
0.000521220800310
0.000521220800310
0.000521220800310
0.000521220800310
0.000521220800310
0.000521220800310
0.000521220800310
0.000521220800310
0.000521220800310
0.000521220800310
0.000521220800310
0.000521220800310
0.000521220800310
0.000521220800310
0.000521220800310
0.000521220800310
0.000521220800310
0.000521220800310
0.000521220800310
0.000521220800310
0.000521220800310
0.000521220800310
0.000521220800310
0.000521220800310
0.000521220800310
0.000521220800310
0.000521220800310
0.000521220800310
0.000521220800310
0.000521220800310
0.000521220800310
0.000521220800310
0.000521220800310
0.000521220800310
0.000521220800310
0.000521220800310
0.000521220800310
0.000521220800310
0.000521220800310
0.000521220800310
0.000521220800310
0.000521220800310
