1
0.049607072691552
0.050098231827112
0.050589390962672
0.051080550098232
0.051571709233792
0.052062868369352
0.052554027504912
0.053045186640472
0.053536345776031
0.054027504911591
0.054518664047151
0.055009823182711
0.055500982318271
0.055992141453831
0.056483300589391
0.056974459724951
0.057465618860511
0.000491159135560
0.000491159135560
0.000491159135560
0.000491159135560
0.000491159135560
0.000491159135560
0.000491159135560
0.000491159135560
0.000491159135560
0.000491159135560
0.000491159135560
0.000491159135560
0.000491159135560
0.000491159135560
0.000491159135560
0.000491159135560
0.000491159135560
0.000491159135560
0.000491159135560
0.000491159135560
0.000491159135560
0.000491159135560
0.000491159135560
0.000491159135560
0.000491159135560
0.000491159135560
0.000491159135560
0.000491159135560
0.000491159135560
0.000491159135560
0.000491159135560
0.000491159135560
0.000491159135560
0.000491159135560
0.000491159135560
0.000491159135560
0.000491159135560
0.000491159135560
0.000491159135560
0.000491159135560
0.000491159135560
0.000491159135560
0.000491159135560
0.000491159135560
0.000491159135560
0.000491159135560
0.000491159135560
0.000491159135560
0.000491159135560
0.000491159135560
0.000491159135560
0.000491159135560
0.000491159135560
0.000491159135560
0.000491159135560
0.000491159135560
0.000491159135560
0.000491159135560
0.000491159135560
0.000491159135560
0.000491159135560
0.000491159135560
0.000491159135560
0.000491159135560
0.000491159135560
0.000491159135560
0.000491159135560
0.000491159135560
0.000491159135560
0.000491159135560
0.000491159135560
0.000491159135560
0.000491159135560
0.000491159135560
0.000491159135560
0.000491159135560
0.000491159135560
0.000491159135560
0.000491159135560
0.000491159135560
0.000491159135560
0.000491159135560
0.000491159135560
0.000491159135560
0.000491159135560
0.000491159135560
0.000491159135560
0.000491159135560
0.000491159135560
0.000491159135560
0.000491159135560
0.000491159135560
0.000491159135560
0.000491159135560
0.000491159135560
0.000491159135560
0.000491159135560
0.000491159135560
0.000491159135560
0.000491159135560
0.000491159135560
0.000491159135560
0.000491159135560
0.000491159135560
0.000491159135560
0.000491159135560
0.000491159135560
0.000491159135560
0.000491159135560
0.000491159135560
0.000491159135560
0.000491159135560
0.000491159135560
0.000491159135560
0.000491159135560
0.000491159135560
0.000491159135560
0.000491159135560
0.000491159135560
0.000491159135560
0.000491159135560
0.000491159135560
0.000491159135560
0.000491159135560
0.000491159135560
0.000491159135560
0.000491159135560
0.000491159135560
0.000491159135560
0.000491159135560
0.000491159135560
0.000491159135560
0.000491159135560
0.000491159135560
0.000491159135560
0.000491159135560
0.000491159135560
0.000491159135560
0.000491159135560
0.000491159135560
0.000491159135560
0.000491159135560
0.000491159135560
0.000491159135560
0.000491159135560
0.000491159135560
0.000491159135560
0.000491159135560
0.000491159135560
0.000491159135560
0.000491159135560
0.000491159135560
0.000491159135560
0.000491159135560
0.000491159135560
0.000491159135560
0.000491159135560
0.000491159135560
0.000491159135560
0.000491159135560
0.000491159135560
0.000491159135560
0.000491159135560
0.000491159135560
0.000491159135560
0.000491159135560
0.000491159135560
0.000491159135560
0.000491159135560
0.000491159135560
0.000491159135560
0.000491159135560
0.000491159135560
0.000491159135560
0.000491159135560
0.000491159135560
0.000491159135560
0.000491159135560
0.000491159135560
0.000491159135560
0.000491159135560
0.000491159135560
0.000491159135560
