0.9999
0.038001211387890
0.039807165118922
0.041612938254582
0.043418530812927
0.045223942812017
0.047029174269907
0.048834225204651
0.050639095634302
0.052443785576910
0.054248295050523
0.056052624073189
0.057856772662953
0.059660740837858
0.061464528615945
0.063268136015255
0.065071563053825
0.066874809749690
0.068677876120887
0.001809753852171
0.001809753852171
0.001809753852171
0.001809753852171
0.001809753852171
0.001809753852171
0.001809753852171
0.001809753852171
0.001809753852171
0.001809753852171
0.001809753852171
0.001809753852171
0.001809753852171
0.001809753852171
0.001809753852171
0.001809753852171
0.001809753852171
0.001809753852171
0.001809753852171
0.001809753852171
0.001809753852171
0.001809753852171
