0.9999
0.044508845416283
0.044945119805692
0.045381350567662
0.045817537706556
0.046253681226736
0.046689781132564
0.047125837428402
0.047561850118610
0.047997819207548
0.048433744699578
0.048869626599059
0.049305464910350
0.049741259637810
0.050177010785797
0.050612718358669
0.051048382360784
0.051484002796498
0.051919579670169
0.052355112986153
0.000440725273951
0.000440725273951
0.000440725273951
0.000440725273951
0.000440725273951
0.000440725273951
0.000440725273951
0.000440725273951
0.000440725273951
0.000440725273951
0.000440725273951
0.000440725273951
0.000440725273951
0.000440725273951
0.000440725273951
0.000440725273951
0.000440725273951
0.000440725273951
0.000440725273951
0.000440725273951
0.000440725273951
0.000440725273951
0.000440725273951
0.000440725273951
0.000440725273951
0.000440725273951
0.000440725273951
0.000440725273951
0.000440725273951
0.000440725273951
0.000440725273951
0.000440725273951
0.000440725273951
0.000440725273951
0.000440725273951
0.000440725273951
0.000440725273951
0.000440725273951
0.000440725273951
0.000440725273951
0.000440725273951
0.000440725273951
0.000440725273951
0.000440725273951
0.000440725273951
0.000440725273951
0.000440725273951
0.000440725273951
0.000440725273951
0.000440725273951
0.000440725273951
0.000440725273951
0.000440725273951
0.000440725273951
0.000440725273951
0.000440725273951
0.000440725273951
0.000440725273951
0.000440725273951
0.000440725273951
0.000440725273951
0.000440725273951
0.000440725273951
0.000440725273951
0.000440725273951
0.000440725273951
0.000440725273951
0.000440725273951
0.000440725273951
0.000440725273951
0.000440725273951
0.000440725273951
0.000440725273951
0.000440725273951
0.000440725273951
0.000440725273951
0.000440725273951
0.000440725273951
0.000440725273951
0.000440725273951
0.000440725273951
0.000440725273951
0.000440725273951
0.000440725273951
0.000440725273951
0.000440725273951
0.000440725273951
0.000440725273951
0.000440725273951
0.000440725273951
0.000440725273951
0.000440725273951
0.000440725273951
0.000440725273951
0.000440725273951
0.000440725273951
0.000440725273951
0.000440725273951
0.000440725273951
0.000440725273951
0.000440725273951
0.000440725273951
0.000440725273951
0.000440725273951
0.000440725273951
0.000440725273951
0.000440725273951
0.000440725273951
0.000440725273951
0.000440725273951
0.000440725273951
0.000440725273951
0.000440725273951
0.000440725273951
0.000440725273951
0.000440725273951
0.000440725273951
0.000440725273951
0.000440725273951
0.000440725273951
0.000440725273951
0.000440725273951
0.000440725273951
0.000440725273951
0.000440725273951
0.000440725273951
0.000440725273951
0.000440725273951
0.000440725273951
0.000440725273951
0.000440725273951
0.000440725273951
0.000440725273951
0.000440725273951
0.000440725273951
0.000440725273951
0.000440725273951
0.000440725273951
0.000440725273951
0.000440725273951
0.000440725273951
0.000440725273951
0.000440725273951
0.000440725273951
0.000440725273951
0.000440725273951
0.000440725273951
0.000440725273951
0.000440725273951
0.000440725273951
0.000440725273951
0.000440725273951
0.000440725273951
0.000440725273951
0.000440725273951
0.000440725273951
0.000440725273951
0.000440725273951
0.000440725273951
0.000440725273951
0.000440725273951
0.000440725273951
0.000440725273951
0.000440725273951
0.000440725273951
0.000440725273951
0.000440725273951
0.000440725273951
0.000440725273951
0.000440725273951
0.000440725273951
0.000440725273951
0.000440725273951
0.000440725273951
0.000440725273951
0.000440725273951
0.000440725273951
0.000440725273951
0.000440725273951
0.000440725273951
0.000440725273951
