1
0.042259414225941
0.042677824267782
0.043096234309623
0.043514644351464
0.043933054393305
0.044351464435146
0.044769874476987
0.045188284518828
0.045606694560669
0.046025104602510
0.046443514644351
0.046861924686192
0.047280334728033
0.047698744769874
0.048117154811715
0.048535564853556
0.048953974895397
0.049372384937238
0.049790794979079
0.050209205020921
0.000418410041841
0.000418410041841
0.000418410041841
0.000418410041841
0.000418410041841
0.000418410041841
0.000418410041841
0.000418410041841
0.000418410041841
0.000418410041841
0.000418410041841
0.000418410041841
0.000418410041841
0.000418410041841
0.000418410041841
0.000418410041841
0.000418410041841
0.000418410041841
0.000418410041841
0.000418410041841
0.000418410041841
0.000418410041841
0.000418410041841
0.000418410041841
0.000418410041841
0.000418410041841
0.000418410041841
0.000418410041841
0.000418410041841
0.000418410041841
0.000418410041841
0.000418410041841
0.000418410041841
0.000418410041841
0.000418410041841
0.000418410041841
0.000418410041841
0.000418410041841
0.000418410041841
0.000418410041841
0.000418410041841
0.000418410041841
0.000418410041841
0.000418410041841
0.000418410041841
0.000418410041841
0.000418410041841
0.000418410041841
0.000418410041841
0.000418410041841
0.000418410041841
0.000418410041841
0.000418410041841
0.000418410041841
0.000418410041841
0.000418410041841
0.000418410041841
0.000418410041841
0.000418410041841
0.000418410041841
0.000418410041841
0.000418410041841
0.000418410041841
0.000418410041841
0.000418410041841
0.000418410041841
0.000418410041841
0.000418410041841
0.000418410041841
0.000418410041841
0.000418410041841
0.000418410041841
0.000418410041841
0.000418410041841
0.000418410041841
0.000418410041841
0.000418410041841
0.000418410041841
0.000418410041841
0.000418410041841
0.000418410041841
0.000418410041841
0.000418410041841
0.000418410041841
0.000418410041841
0.000418410041841
0.000418410041841
0.000418410041841
0.000418410041841
0.000418410041841
0.000418410041841
0.000418410041841
0.000418410041841
0.000418410041841
0.000418410041841
0.000418410041841
0.000418410041841
0.000418410041841
0.000418410041841
0.000418410041841
0.000418410041841
0.000418410041841
0.000418410041841
0.000418410041841
0.000418410041841
0.000418410041841
0.000418410041841
0.000418410041841
0.000418410041841
0.000418410041841
0.000418410041841
0.000418410041841
0.000418410041841
0.000418410041841
0.000418410041841
0.000418410041841
0.000418410041841
0.000418410041841
0.000418410041841
0.000418410041841
0.000418410041841
0.000418410041841
0.000418410041841
0.000418410041841
0.000418410041841
0.000418410041841
0.000418410041841
0.000418410041841
0.000418410041841
0.000418410041841
0.000418410041841
0.000418410041841
0.000418410041841
0.000418410041841
0.000418410041841
0.000418410041841
0.000418410041841
0.000418410041841
0.000418410041841
0.000418410041841
0.000418410041841
0.000418410041841
0.000418410041841
0.000418410041841
0.000418410041841
0.000418410041841
0.000418410041841
0.000418410041841
0.000418410041841
0.000418410041841
0.000418410041841
0.000418410041841
0.000418410041841
0.000418410041841
0.000418410041841
0.000418410041841
0.000418410041841
0.000418410041841
0.000418410041841
0.000418410041841
0.000418410041841
0.000418410041841
0.000418410041841
0.000418410041841
0.000418410041841
0.000418410041841
0.000418410041841
0.000418410041841
0.000418410041841
0.000418410041841
0.000418410041841
0.000418410041841
0.000418410041841
0.000418410041841
0.000418410041841
0.000418410041841
0.000418410041841
0.000418410041841
0.000418410041841
0.000418410041841
