1
0.200795228628231
0.202783300198807
0.204771371769384
0.001988071570577
0.001988071570577
0.001988071570577
0.001988071570577
0.001988071570577
0.001988071570577
0.001988071570577
0.001988071570577
0.001988071570577
0.001988071570577
0.001988071570577
0.001988071570577
0.001988071570577
0.001988071570577
0.001988071570577
0.001988071570577
0.001988071570577
0.001988071570577
0.001988071570577
0.001988071570577
0.001988071570577
0.001988071570577
0.001988071570577
0.001988071570577
0.001988071570577
0.001988071570577
0.001988071570577
0.001988071570577
0.001988071570577
0.001988071570577
0.001988071570577
0.001988071570577
0.001988071570577
0.001988071570577
0.001988071570577
0.001988071570577
0.001988071570577
0.001988071570577
0.001988071570577
0.001988071570577
0.001988071570577
0.001988071570577
0.001988071570577
0.001988071570577
0.001988071570577
0.001988071570577
0.001988071570577
0.001988071570577
0.001988071570577
0.001988071570577
0.001988071570577
0.001988071570577
0.001988071570577
0.001988071570577
0.001988071570577
0.001988071570577
0.001988071570577
0.001988071570577
0.001988071570577
0.001988071570577
0.001988071570577
0.001988071570577
0.001988071570577
0.001988071570577
0.001988071570577
0.001988071570577
0.001988071570577
0.001988071570577
0.001988071570577
0.001988071570577
0.001988071570577
0.001988071570577
0.001988071570577
0.001988071570577
0.001988071570577
0.001988071570577
0.001988071570577
0.001988071570577
0.001988071570577
0.001988071570577
0.001988071570577
0.001988071570577
0.001988071570577
0.001988071570577
0.001988071570577
0.001988071570577
0.001988071570577
0.001988071570577
0.001988071570577
0.001988071570577
0.001988071570577
0.001988071570577
0.001988071570577
0.001988071570577
0.001988071570577
0.001988071570577
0.001988071570577
0.001988071570577
0.001988071570577
0.001988071570577
0.001988071570577
0.001988071570577
0.001988071570577
0.001988071570577
0.001988071570577
0.001988071570577
0.001988071570577
0.001988071570577
0.001988071570577
0.001988071570577
0.001988071570577
0.001988071570577
0.001988071570577
0.001988071570577
0.001988071570577
0.001988071570577
0.001988071570577
0.001988071570577
0.001988071570577
0.001988071570577
0.001988071570577
0.001988071570577
0.001988071570577
0.001988071570577
0.001988071570577
0.001988071570577
0.001988071570577
0.001988071570577
0.001988071570577
0.001988071570577
0.001988071570577
0.001988071570577
0.001988071570577
0.001988071570577
0.001988071570577
0.001988071570577
0.001988071570577
0.001988071570577
0.001988071570577
0.001988071570577
0.001988071570577
0.001988071570577
0.001988071570577
0.001988071570577
0.001988071570577
0.001988071570577
0.001988071570577
0.001988071570577
0.001988071570577
0.001988071570577
0.001988071570577
0.001988071570577
0.001988071570577
0.001988071570577
0.001988071570577
0.001988071570577
0.001988071570577
0.001988071570577
0.001988071570577
0.001988071570577
0.001988071570577
0.001988071570577
0.001988071570577
0.001988071570577
0.001988071570577
0.001988071570577
0.001988071570577
0.001988071570577
0.001988071570577
0.001988071570577
0.001988071570577
0.001988071570577
0.001988071570577
0.001988071570577
0.001988071570577
0.001988071570577
0.001988071570577
0.001988071570577
0.001988071570577
0.001988071570577
0.001988071570577
0.001988071570577
0.001988071570577
0.001988071570577
0.001988071570577
0.001988071570577
0.001988071570577
0.001988071570577
0.001988071570577
0.001988071570577
0.001988071570577
0.001988071570577
0.001988071570577
0.001988071570577
0.001988071570577
0.001988071570577
0.001988071570577
