1
0.040239043824701
0.040637450199203
0.041035856573705
0.041434262948207
0.041832669322709
0.042231075697211
0.042629482071713
0.043027888446215
0.043426294820717
0.043824701195219
0.044223107569721
0.044621513944223
0.045019920318725
0.045418326693227
0.045816733067729
0.046215139442231
0.046613545816733
0.047011952191235
0.047410358565737
0.047808764940239
0.048207171314741
0.000398406374502
0.000398406374502
0.000398406374502
0.000398406374502
0.000398406374502
0.000398406374502
0.000398406374502
0.000398406374502
0.000398406374502
0.000398406374502
0.000398406374502
0.000398406374502
0.000398406374502
0.000398406374502
0.000398406374502
0.000398406374502
0.000398406374502
0.000398406374502
0.000398406374502
0.000398406374502
0.000398406374502
0.000398406374502
0.000398406374502
0.000398406374502
0.000398406374502
0.000398406374502
0.000398406374502
0.000398406374502
0.000398406374502
0.000398406374502
0.000398406374502
0.000398406374502
0.000398406374502
0.000398406374502
0.000398406374502
0.000398406374502
0.000398406374502
0.000398406374502
0.000398406374502
0.000398406374502
0.000398406374502
0.000398406374502
0.000398406374502
0.000398406374502
0.000398406374502
0.000398406374502
0.000398406374502
0.000398406374502
0.000398406374502
0.000398406374502
0.000398406374502
0.000398406374502
0.000398406374502
0.000398406374502
0.000398406374502
0.000398406374502
0.000398406374502
0.000398406374502
0.000398406374502
0.000398406374502
0.000398406374502
0.000398406374502
0.000398406374502
0.000398406374502
0.000398406374502
0.000398406374502
0.000398406374502
0.000398406374502
0.000398406374502
0.000398406374502
0.000398406374502
0.000398406374502
0.000398406374502
0.000398406374502
0.000398406374502
0.000398406374502
0.000398406374502
0.000398406374502
0.000398406374502
0.000398406374502
0.000398406374502
0.000398406374502
0.000398406374502
0.000398406374502
0.000398406374502
0.000398406374502
0.000398406374502
0.000398406374502
0.000398406374502
0.000398406374502
0.000398406374502
0.000398406374502
0.000398406374502
0.000398406374502
0.000398406374502
0.000398406374502
0.000398406374502
0.000398406374502
0.000398406374502
0.000398406374502
0.000398406374502
0.000398406374502
0.000398406374502
0.000398406374502
0.000398406374502
0.000398406374502
0.000398406374502
0.000398406374502
0.000398406374502
0.000398406374502
0.000398406374502
0.000398406374502
0.000398406374502
0.000398406374502
0.000398406374502
0.000398406374502
0.000398406374502
0.000398406374502
0.000398406374502
0.000398406374502
0.000398406374502
0.000398406374502
0.000398406374502
0.000398406374502
0.000398406374502
0.000398406374502
0.000398406374502
0.000398406374502
0.000398406374502
0.000398406374502
0.000398406374502
0.000398406374502
0.000398406374502
0.000398406374502
0.000398406374502
0.000398406374502
0.000398406374502
0.000398406374502
0.000398406374502
0.000398406374502
0.000398406374502
0.000398406374502
0.000398406374502
0.000398406374502
0.000398406374502
0.000398406374502
0.000398406374502
0.000398406374502
0.000398406374502
0.000398406374502
0.000398406374502
0.000398406374502
0.000398406374502
0.000398406374502
0.000398406374502
0.000398406374502
0.000398406374502
0.000398406374502
0.000398406374502
0.000398406374502
0.000398406374502
0.000398406374502
0.000398406374502
0.000398406374502
0.000398406374502
0.000398406374502
0.000398406374502
0.000398406374502
0.000398406374502
0.000398406374502
0.000398406374502
0.000398406374502
0.000398406374502
0.000398406374502
0.000398406374502
0.000398406374502
0.000398406374502
0.000398406374502
0.000398406374502
