0.9999
0.038424153024828
0.038800785438963
0.039177380189856
0.039553937281274
0.039930456716983
0.040306938500748
0.040683382636334
0.041059789127508
0.041436157978032
0.041812489191671
0.042188782772189
0.042565038723348
0.042941257048913
0.043317437752645
0.043693580838306
0.044069686309659
0.044445754170465
0.044821784424485
0.045197777075479
0.045573732127209
0.045949649583433
0.046325529447911
0.000380474829437
0.000380474829437
0.000380474829437
0.000380474829437
0.000380474829437
0.000380474829437
0.000380474829437
0.000380474829437
0.000380474829437
0.000380474829437
0.000380474829437
0.000380474829437
0.000380474829437
0.000380474829437
0.000380474829437
0.000380474829437
0.000380474829437
0.000380474829437
0.000380474829437
0.000380474829437
0.000380474829437
0.000380474829437
0.000380474829437
0.000380474829437
0.000380474829437
0.000380474829437
0.000380474829437
0.000380474829437
0.000380474829437
0.000380474829437
0.000380474829437
0.000380474829437
0.000380474829437
0.000380474829437
0.000380474829437
0.000380474829437
0.000380474829437
0.000380474829437
0.000380474829437
0.000380474829437
0.000380474829437
0.000380474829437
0.000380474829437
0.000380474829437
0.000380474829437
0.000380474829437
0.000380474829437
0.000380474829437
0.000380474829437
0.000380474829437
0.000380474829437
0.000380474829437
0.000380474829437
0.000380474829437
0.000380474829437
0.000380474829437
0.000380474829437
0.000380474829437
0.000380474829437
0.000380474829437
0.000380474829437
0.000380474829437
0.000380474829437
0.000380474829437
0.000380474829437
0.000380474829437
0.000380474829437
0.000380474829437
0.000380474829437
0.000380474829437
0.000380474829437
0.000380474829437
0.000380474829437
0.000380474829437
0.000380474829437
0.000380474829437
0.000380474829437
0.000380474829437
0.000380474829437
0.000380474829437
0.000380474829437
0.000380474829437
0.000380474829437
0.000380474829437
0.000380474829437
0.000380474829437
0.000380474829437
0.000380474829437
0.000380474829437
0.000380474829437
0.000380474829437
0.000380474829437
0.000380474829437
0.000380474829437
0.000380474829437
0.000380474829437
0.000380474829437
0.000380474829437
0.000380474829437
0.000380474829437
0.000380474829437
0.000380474829437
0.000380474829437
0.000380474829437
0.000380474829437
0.000380474829437
0.000380474829437
0.000380474829437
0.000380474829437
0.000380474829437
0.000380474829437
0.000380474829437
0.000380474829437
0.000380474829437
0.000380474829437
0.000380474829437
0.000380474829437
0.000380474829437
0.000380474829437
0.000380474829437
0.000380474829437
0.000380474829437
0.000380474829437
0.000380474829437
0.000380474829437
0.000380474829437
0.000380474829437
0.000380474829437
0.000380474829437
0.000380474829437
0.000380474829437
0.000380474829437
0.000380474829437
0.000380474829437
0.000380474829437
0.000380474829437
0.000380474829437
0.000380474829437
0.000380474829437
0.000380474829437
0.000380474829437
0.000380474829437
0.000380474829437
0.000380474829437
0.000380474829437
0.000380474829437
0.000380474829437
0.000380474829437
0.000380474829437
0.000380474829437
0.000380474829437
0.000380474829437
0.000380474829437
0.000380474829437
0.000380474829437
0.000380474829437
0.000380474829437
0.000380474829437
0.000380474829437
0.000380474829437
0.000380474829437
0.000380474829437
0.000380474829437
0.000380474829437
0.000380474829437
0.000380474829437
0.000380474829437
0.000380474829437
0.000380474829437
0.000380474829437
0.000380474829437
0.000380474829437
0.000380474829437
0.000380474829437
0.000380474829437
0.000380474829437
0.000380474829437
0.000380474829437
