0.9999
0.036723105826191
0.037083064625878
0.037442987429686
0.037802874241213
0.038162725064059
0.038522539901823
0.038882318758103
0.039242061636498
0.039601768540604
0.039961439474020
0.040321074440343
0.040680673443169
0.041040236486095
0.041399763572717
0.041759254706630
0.042118709891429
0.042478129130710
0.042837512428068
0.043196859787095
0.043556171211387
0.043915446704536
0.044274686270136
0.044633889911779
0.000363631110270
0.000363631110270
0.000363631110270
0.000363631110270
0.000363631110270
0.000363631110270
0.000363631110270
0.000363631110270
0.000363631110270
0.000363631110270
0.000363631110270
0.000363631110270
0.000363631110270
0.000363631110270
0.000363631110270
0.000363631110270
0.000363631110270
0.000363631110270
0.000363631110270
0.000363631110270
0.000363631110270
0.000363631110270
0.000363631110270
0.000363631110270
0.000363631110270
0.000363631110270
0.000363631110270
0.000363631110270
0.000363631110270
0.000363631110270
0.000363631110270
0.000363631110270
0.000363631110270
0.000363631110270
0.000363631110270
0.000363631110270
0.000363631110270
0.000363631110270
0.000363631110270
0.000363631110270
0.000363631110270
0.000363631110270
0.000363631110270
0.000363631110270
0.000363631110270
0.000363631110270
0.000363631110270
0.000363631110270
0.000363631110270
0.000363631110270
0.000363631110270
0.000363631110270
0.000363631110270
0.000363631110270
0.000363631110270
0.000363631110270
0.000363631110270
0.000363631110270
0.000363631110270
0.000363631110270
0.000363631110270
0.000363631110270
0.000363631110270
0.000363631110270
0.000363631110270
0.000363631110270
0.000363631110270
0.000363631110270
0.000363631110270
0.000363631110270
0.000363631110270
0.000363631110270
0.000363631110270
0.000363631110270
0.000363631110270
0.000363631110270
0.000363631110270
0.000363631110270
0.000363631110270
0.000363631110270
0.000363631110270
0.000363631110270
0.000363631110270
0.000363631110270
0.000363631110270
0.000363631110270
0.000363631110270
0.000363631110270
0.000363631110270
0.000363631110270
0.000363631110270
0.000363631110270
0.000363631110270
0.000363631110270
0.000363631110270
0.000363631110270
0.000363631110270
0.000363631110270
0.000363631110270
0.000363631110270
0.000363631110270
0.000363631110270
0.000363631110270
0.000363631110270
0.000363631110270
0.000363631110270
0.000363631110270
0.000363631110270
0.000363631110270
0.000363631110270
0.000363631110270
0.000363631110270
0.000363631110270
0.000363631110270
0.000363631110270
0.000363631110270
0.000363631110270
0.000363631110270
0.000363631110270
0.000363631110270
0.000363631110270
0.000363631110270
0.000363631110270
0.000363631110270
0.000363631110270
0.000363631110270
0.000363631110270
0.000363631110270
0.000363631110270
0.000363631110270
0.000363631110270
0.000363631110270
0.000363631110270
0.000363631110270
0.000363631110270
0.000363631110270
0.000363631110270
0.000363631110270
0.000363631110270
0.000363631110270
0.000363631110270
0.000363631110270
0.000363631110270
0.000363631110270
0.000363631110270
0.000363631110270
0.000363631110270
0.000363631110270
0.000363631110270
0.000363631110270
0.000363631110270
0.000363631110270
0.000363631110270
0.000363631110270
0.000363631110270
0.000363631110270
0.000363631110270
0.000363631110270
0.000363631110270
0.000363631110270
0.000363631110270
0.000363631110270
0.000363631110270
0.000363631110270
0.000363631110270
0.000363631110270
0.000363631110270
0.000363631110270
0.000363631110270
0.000363631110270
0.000363631110270
0.000363631110270
0.000363631110270
0.000363631110270
0.000363631110270
0.000363631110270
0.000363631110270
