1
0.035118219749652
0.035465924895688
0.035813630041725
0.036161335187761
0.036509040333797
0.036856745479833
0.037204450625869
0.037552155771905
0.037899860917942
0.038247566063978
0.038595271210014
0.038942976356050
0.039290681502086
0.039638386648122
0.039986091794159
0.040333796940195
0.040681502086231
0.041029207232267
0.041376912378303
0.041724617524339
0.042072322670376
0.042420027816412
0.042767732962448
0.043115438108484
0.000347705146036
0.000347705146036
0.000347705146036
0.000347705146036
0.000347705146036
0.000347705146036
0.000347705146036
0.000347705146036
0.000347705146036
0.000347705146036
0.000347705146036
0.000347705146036
0.000347705146036
0.000347705146036
0.000347705146036
0.000347705146036
0.000347705146036
0.000347705146036
0.000347705146036
0.000347705146036
0.000347705146036
0.000347705146036
0.000347705146036
0.000347705146036
0.000347705146036
0.000347705146036
0.000347705146036
0.000347705146036
0.000347705146036
0.000347705146036
0.000347705146036
0.000347705146036
0.000347705146036
0.000347705146036
0.000347705146036
0.000347705146036
0.000347705146036
0.000347705146036
0.000347705146036
0.000347705146036
0.000347705146036
0.000347705146036
0.000347705146036
0.000347705146036
0.000347705146036
0.000347705146036
0.000347705146036
0.000347705146036
0.000347705146036
0.000347705146036
0.000347705146036
0.000347705146036
0.000347705146036
0.000347705146036
0.000347705146036
0.000347705146036
0.000347705146036
0.000347705146036
0.000347705146036
0.000347705146036
0.000347705146036
0.000347705146036
0.000347705146036
0.000347705146036
0.000347705146036
0.000347705146036
0.000347705146036
0.000347705146036
0.000347705146036
0.000347705146036
0.000347705146036
0.000347705146036
0.000347705146036
0.000347705146036
0.000347705146036
0.000347705146036
0.000347705146036
0.000347705146036
0.000347705146036
0.000347705146036
0.000347705146036
0.000347705146036
0.000347705146036
0.000347705146036
0.000347705146036
0.000347705146036
0.000347705146036
0.000347705146036
0.000347705146036
0.000347705146036
0.000347705146036
0.000347705146036
0.000347705146036
0.000347705146036
0.000347705146036
0.000347705146036
0.000347705146036
0.000347705146036
0.000347705146036
0.000347705146036
0.000347705146036
0.000347705146036
0.000347705146036
0.000347705146036
0.000347705146036
0.000347705146036
0.000347705146036
0.000347705146036
0.000347705146036
0.000347705146036
0.000347705146036
0.000347705146036
0.000347705146036
0.000347705146036
0.000347705146036
0.000347705146036
0.000347705146036
0.000347705146036
0.000347705146036
0.000347705146036
0.000347705146036
0.000347705146036
0.000347705146036
0.000347705146036
0.000347705146036
0.000347705146036
0.000347705146036
0.000347705146036
0.000347705146036
0.000347705146036
0.000347705146036
0.000347705146036
0.000347705146036
0.000347705146036
0.000347705146036
0.000347705146036
0.000347705146036
0.000347705146036
0.000347705146036
0.000347705146036
0.000347705146036
0.000347705146036
0.000347705146036
0.000347705146036
0.000347705146036
0.000347705146036
0.000347705146036
0.000347705146036
0.000347705146036
0.000347705146036
0.000347705146036
0.000347705146036
0.000347705146036
0.000347705146036
0.000347705146036
0.000347705146036
0.000347705146036
0.000347705146036
0.000347705146036
0.000347705146036
0.000347705146036
0.000347705146036
0.000347705146036
0.000347705146036
0.000347705146036
0.000347705146036
0.000347705146036
0.000347705146036
0.000347705146036
0.000347705146036
0.000347705146036
0.000347705146036
0.000347705146036
0.000347705146036
0.000347705146036
0.000347705146036
