1
0.033666666666667
0.034000000000000
0.034333333333333
0.034666666666667
0.035000000000000
0.035333333333333
0.035666666666667
0.036000000000000
0.036333333333333
0.036666666666667
0.037000000000000
0.037333333333333
0.037666666666667
0.038000000000000
0.038333333333333
0.038666666666667
0.039000000000000
0.039333333333333
0.039666666666667
0.040000000000000
0.040333333333333
0.040666666666667
0.041000000000000
0.041333333333333
0.041666666666667
0.000333333333333
0.000333333333333
0.000333333333333
0.000333333333333
0.000333333333333
0.000333333333333
0.000333333333333
0.000333333333333
0.000333333333333
0.000333333333333
0.000333333333333
0.000333333333333
0.000333333333333
0.000333333333333
0.000333333333333
0.000333333333333
0.000333333333333
0.000333333333333
0.000333333333333
0.000333333333333
0.000333333333333
0.000333333333333
0.000333333333333
0.000333333333333
0.000333333333333
0.000333333333333
0.000333333333333
0.000333333333333
0.000333333333333
0.000333333333333
0.000333333333333
0.000333333333333
0.000333333333333
0.000333333333333
0.000333333333333
0.000333333333333
0.000333333333333
0.000333333333333
0.000333333333333
0.000333333333333
0.000333333333333
0.000333333333333
0.000333333333333
0.000333333333333
0.000333333333333
0.000333333333333
0.000333333333333
0.000333333333333
0.000333333333333
0.000333333333333
0.000333333333333
0.000333333333333
0.000333333333333
0.000333333333333
0.000333333333333
0.000333333333333
0.000333333333333
0.000333333333333
0.000333333333333
0.000333333333333
0.000333333333333
0.000333333333333
0.000333333333333
0.000333333333333
0.000333333333333
0.000333333333333
0.000333333333333
0.000333333333333
0.000333333333333
0.000333333333333
0.000333333333333
0.000333333333333
0.000333333333333
0.000333333333333
0.000333333333333
0.000333333333333
0.000333333333333
0.000333333333333
0.000333333333333
0.000333333333333
0.000333333333333
0.000333333333333
0.000333333333333
0.000333333333333
0.000333333333333
0.000333333333333
0.000333333333333
0.000333333333333
0.000333333333333
0.000333333333333
0.000333333333333
0.000333333333333
0.000333333333333
0.000333333333333
0.000333333333333
0.000333333333333
0.000333333333333
0.000333333333333
0.000333333333333
0.000333333333333
0.000333333333333
0.000333333333333
0.000333333333333
0.000333333333333
0.000333333333333
0.000333333333333
0.000333333333333
0.000333333333333
0.000333333333333
0.000333333333333
0.000333333333333
0.000333333333333
0.000333333333333
0.000333333333333
0.000333333333333
0.000333333333333
0.000333333333333
0.000333333333333
0.000333333333333
0.000333333333333
0.000333333333333
0.000333333333333
0.000333333333333
0.000333333333333
0.000333333333333
0.000333333333333
0.000333333333333
0.000333333333333
0.000333333333333
0.000333333333333
0.000333333333333
0.000333333333333
0.000333333333333
0.000333333333333
0.000333333333333
0.000333333333333
0.000333333333333
0.000333333333333
0.000333333333333
0.000333333333333
0.000333333333333
0.000333333333333
0.000333333333333
0.000333333333333
0.000333333333333
0.000333333333333
0.000333333333333
0.000333333333333
0.000333333333333
0.000333333333333
0.000333333333333
0.000333333333333
0.000333333333333
0.000333333333333
0.000333333333333
0.000333333333333
0.000333333333333
0.000333333333333
0.000333333333333
0.000333333333333
0.000333333333333
0.000333333333333
0.000333333333333
0.000333333333333
0.000333333333333
0.000333333333333
0.000333333333333
0.000333333333333
0.000333333333333
0.000333333333333
0.000333333333333
0.000333333333333
0.000333333333333
0.000333333333333
0.000333333333333
