1
0.032320000000000
0.032640000000000
0.032960000000000
0.033280000000000
0.033600000000000
0.033920000000000
0.034240000000000
0.034560000000000
0.034880000000000
0.035200000000000
0.035520000000000
0.035840000000000
0.036160000000000
0.036480000000000
0.036800000000000
0.037120000000000
0.037440000000000
0.037760000000000
0.038080000000000
0.038400000000000
0.038720000000000
0.039040000000000
0.039360000000000
0.039680000000000
0.040000000000000
0.040320000000000
0.000320000000000
0.000320000000000
0.000320000000000
0.000320000000000
0.000320000000000
0.000320000000000
0.000320000000000
0.000320000000000
0.000320000000000
0.000320000000000
0.000320000000000
0.000320000000000
0.000320000000000
0.000320000000000
0.000320000000000
0.000320000000000
0.000320000000000
0.000320000000000
0.000320000000000
0.000320000000000
0.000320000000000
0.000320000000000
0.000320000000000
0.000320000000000
0.000320000000000
0.000320000000000
0.000320000000000
0.000320000000000
0.000320000000000
0.000320000000000
0.000320000000000
0.000320000000000
0.000320000000000
0.000320000000000
0.000320000000000
0.000320000000000
0.000320000000000
0.000320000000000
0.000320000000000
0.000320000000000
0.000320000000000
0.000320000000000
0.000320000000000
0.000320000000000
0.000320000000000
0.000320000000000
0.000320000000000
0.000320000000000
0.000320000000000
0.000320000000000
0.000320000000000
0.000320000000000
0.000320000000000
0.000320000000000
0.000320000000000
0.000320000000000
0.000320000000000
0.000320000000000
0.000320000000000
0.000320000000000
0.000320000000000
0.000320000000000
0.000320000000000
0.000320000000000
0.000320000000000
0.000320000000000
0.000320000000000
0.000320000000000
0.000320000000000
0.000320000000000
0.000320000000000
0.000320000000000
0.000320000000000
0.000320000000000
0.000320000000000
0.000320000000000
0.000320000000000
0.000320000000000
0.000320000000000
0.000320000000000
0.000320000000000
0.000320000000000
0.000320000000000
0.000320000000000
0.000320000000000
0.000320000000000
0.000320000000000
0.000320000000000
0.000320000000000
0.000320000000000
0.000320000000000
0.000320000000000
0.000320000000000
0.000320000000000
0.000320000000000
0.000320000000000
0.000320000000000
0.000320000000000
0.000320000000000
0.000320000000000
0.000320000000000
0.000320000000000
0.000320000000000
0.000320000000000
0.000320000000000
0.000320000000000
0.000320000000000
0.000320000000000
0.000320000000000
0.000320000000000
0.000320000000000
0.000320000000000
0.000320000000000
0.000320000000000
0.000320000000000
0.000320000000000
0.000320000000000
0.000320000000000
0.000320000000000
0.000320000000000
0.000320000000000
0.000320000000000
0.000320000000000
0.000320000000000
0.000320000000000
0.000320000000000
0.000320000000000
0.000320000000000
0.000320000000000
0.000320000000000
0.000320000000000
0.000320000000000
0.000320000000000
0.000320000000000
0.000320000000000
0.000320000000000
0.000320000000000
0.000320000000000
0.000320000000000
0.000320000000000
0.000320000000000
0.000320000000000
0.000320000000000
0.000320000000000
0.000320000000000
0.000320000000000
0.000320000000000
0.000320000000000
0.000320000000000
0.000320000000000
0.000320000000000
0.000320000000000
0.000320000000000
0.000320000000000
0.000320000000000
0.000320000000000
0.000320000000000
0.000320000000000
0.000320000000000
0.000320000000000
0.000320000000000
0.000320000000000
0.000320000000000
0.000320000000000
0.000320000000000
0.000320000000000
0.000320000000000
0.000320000000000
0.000320000000000
0.000320000000000
0.000320000000000
0.000320000000000
0.000320000000000
0.000320000000000
