0.9999
0.031103553601904
0.031408429716510
0.031713275343505
0.032018090485937
0.032322875146855
0.032627629329307
0.032932353036340
0.033237046271003
0.033541709036342
0.033846341335405
0.034150943171238
0.034455514546887
0.034760055465399
0.035064565929818
0.035369045943192
0.035673495508564
0.035977914628979
0.036282303307483
0.036586661547119
0.036890989350930
0.037195286721961
0.037499553663256
0.037803790177856
0.038107996268804
0.038412171939144
0.038716317191916
0.039020432030163
0.000307986469966
0.000307986469966
0.000307986469966
0.000307986469966
0.000307986469966
0.000307986469966
0.000307986469966
0.000307986469966
0.000307986469966
0.000307986469966
0.000307986469966
0.000307986469966
0.000307986469966
0.000307986469966
0.000307986469966
0.000307986469966
0.000307986469966
0.000307986469966
0.000307986469966
0.000307986469966
0.000307986469966
0.000307986469966
0.000307986469966
0.000307986469966
0.000307986469966
0.000307986469966
0.000307986469966
0.000307986469966
0.000307986469966
0.000307986469966
0.000307986469966
0.000307986469966
0.000307986469966
0.000307986469966
0.000307986469966
0.000307986469966
0.000307986469966
0.000307986469966
0.000307986469966
0.000307986469966
0.000307986469966
0.000307986469966
0.000307986469966
0.000307986469966
0.000307986469966
0.000307986469966
0.000307986469966
0.000307986469966
0.000307986469966
0.000307986469966
0.000307986469966
0.000307986469966
0.000307986469966
0.000307986469966
0.000307986469966
0.000307986469966
0.000307986469966
0.000307986469966
0.000307986469966
0.000307986469966
0.000307986469966
0.000307986469966
0.000307986469966
0.000307986469966
0.000307986469966
0.000307986469966
0.000307986469966
0.000307986469966
0.000307986469966
0.000307986469966
0.000307986469966
0.000307986469966
0.000307986469966
0.000307986469966
0.000307986469966
0.000307986469966
0.000307986469966
0.000307986469966
0.000307986469966
0.000307986469966
0.000307986469966
0.000307986469966
0.000307986469966
0.000307986469966
0.000307986469966
0.000307986469966
0.000307986469966
0.000307986469966
0.000307986469966
0.000307986469966
0.000307986469966
0.000307986469966
0.000307986469966
0.000307986469966
0.000307986469966
0.000307986469966
0.000307986469966
0.000307986469966
0.000307986469966
0.000307986469966
0.000307986469966
0.000307986469966
0.000307986469966
0.000307986469966
0.000307986469966
0.000307986469966
0.000307986469966
0.000307986469966
0.000307986469966
0.000307986469966
0.000307986469966
0.000307986469966
0.000307986469966
0.000307986469966
0.000307986469966
0.000307986469966
0.000307986469966
0.000307986469966
0.000307986469966
0.000307986469966
0.000307986469966
0.000307986469966
0.000307986469966
0.000307986469966
0.000307986469966
0.000307986469966
0.000307986469966
0.000307986469966
0.000307986469966
0.000307986469966
0.000307986469966
0.000307986469966
0.000307986469966
0.000307986469966
0.000307986469966
0.000307986469966
0.000307986469966
0.000307986469966
0.000307986469966
0.000307986469966
0.000307986469966
0.000307986469966
0.000307986469966
0.000307986469966
0.000307986469966
0.000307986469966
0.000307986469966
0.000307986469966
0.000307986469966
0.000307986469966
0.000307986469966
0.000307986469966
0.000307986469966
0.000307986469966
0.000307986469966
0.000307986469966
0.000307986469966
0.000307986469966
0.000307986469966
0.000307986469966
0.000307986469966
0.000307986469966
0.000307986469966
0.000307986469966
0.000307986469966
0.000307986469966
0.000307986469966
0.000307986469966
0.000307986469966
0.000307986469966
0.000307986469966
0.000307986469966
0.000307986469966
