1
0.029899348727057
0.030195381882771
0.030491415038484
0.030787448194198
0.031083481349911
0.031379514505625
0.031675547661338
0.031971580817052
0.032267613972765
0.032563647128478
0.032859680284192
0.033155713439905
0.033451746595619
0.033747779751332
0.034043812907046
0.034339846062759
0.034635879218472
0.034931912374186
0.035227945529899
0.035523978685613
0.035820011841326
0.036116044997040
0.036412078152753
0.036708111308467
0.037004144464180
0.037300177619893
0.037596210775607
0.037892243931320
0.000296033155713
0.000296033155713
0.000296033155713
0.000296033155713
0.000296033155713
0.000296033155713
0.000296033155713
0.000296033155713
0.000296033155713
0.000296033155713
0.000296033155713
0.000296033155713
0.000296033155713
0.000296033155713
0.000296033155713
0.000296033155713
0.000296033155713
0.000296033155713
0.000296033155713
0.000296033155713
0.000296033155713
0.000296033155713
0.000296033155713
0.000296033155713
0.000296033155713
0.000296033155713
0.000296033155713
0.000296033155713
0.000296033155713
0.000296033155713
0.000296033155713
0.000296033155713
0.000296033155713
0.000296033155713
0.000296033155713
0.000296033155713
0.000296033155713
0.000296033155713
0.000296033155713
0.000296033155713
0.000296033155713
0.000296033155713
0.000296033155713
0.000296033155713
0.000296033155713
0.000296033155713
0.000296033155713
0.000296033155713
0.000296033155713
0.000296033155713
0.000296033155713
0.000296033155713
0.000296033155713
0.000296033155713
0.000296033155713
0.000296033155713
0.000296033155713
0.000296033155713
0.000296033155713
0.000296033155713
0.000296033155713
0.000296033155713
0.000296033155713
0.000296033155713
0.000296033155713
0.000296033155713
0.000296033155713
0.000296033155713
0.000296033155713
0.000296033155713
0.000296033155713
0.000296033155713
0.000296033155713
0.000296033155713
0.000296033155713
0.000296033155713
0.000296033155713
0.000296033155713
0.000296033155713
0.000296033155713
0.000296033155713
0.000296033155713
0.000296033155713
0.000296033155713
0.000296033155713
0.000296033155713
0.000296033155713
0.000296033155713
0.000296033155713
0.000296033155713
0.000296033155713
0.000296033155713
0.000296033155713
0.000296033155713
0.000296033155713
0.000296033155713
0.000296033155713
0.000296033155713
0.000296033155713
0.000296033155713
0.000296033155713
0.000296033155713
0.000296033155713
0.000296033155713
0.000296033155713
0.000296033155713
0.000296033155713
0.000296033155713
0.000296033155713
0.000296033155713
0.000296033155713
0.000296033155713
0.000296033155713
0.000296033155713
0.000296033155713
0.000296033155713
0.000296033155713
0.000296033155713
0.000296033155713
0.000296033155713
0.000296033155713
0.000296033155713
0.000296033155713
0.000296033155713
0.000296033155713
0.000296033155713
0.000296033155713
0.000296033155713
0.000296033155713
0.000296033155713
0.000296033155713
0.000296033155713
0.000296033155713
0.000296033155713
0.000296033155713
0.000296033155713
0.000296033155713
0.000296033155713
0.000296033155713
0.000296033155713
0.000296033155713
0.000296033155713
0.000296033155713
0.000296033155713
0.000296033155713
0.000296033155713
0.000296033155713
0.000296033155713
0.000296033155713
0.000296033155713
0.000296033155713
0.000296033155713
0.000296033155713
0.000296033155713
0.000296033155713
0.000296033155713
0.000296033155713
0.000296033155713
0.000296033155713
0.000296033155713
0.000296033155713
0.000296033155713
0.000296033155713
0.000296033155713
0.000296033155713
0.000296033155713
0.000296033155713
0.000296033155713
0.000296033155713
0.000296033155713
0.000296033155713
0.000296033155713
