1
0.028807758128922
0.029092983456931
0.029378208784940
0.029663434112949
0.029948659440958
0.030233884768967
0.030519110096977
0.030804335424986
0.031089560752995
0.031374786081004
0.031660011409013
0.031945236737022
0.032230462065031
0.032515687393041
0.032800912721050
0.033086138049059
0.033371363377068
0.033656588705077
0.033941814033086
0.034227039361095
0.034512264689104
0.034797490017114
0.035082715345123
0.035367940673132
0.035653166001141
0.035938391329150
0.036223616657159
0.036508841985168
0.036794067313177
0.000285225328009
0.000285225328009
0.000285225328009
0.000285225328009
0.000285225328009
0.000285225328009
0.000285225328009
0.000285225328009
0.000285225328009
0.000285225328009
0.000285225328009
0.000285225328009
0.000285225328009
0.000285225328009
0.000285225328009
0.000285225328009
0.000285225328009
0.000285225328009
0.000285225328009
0.000285225328009
0.000285225328009
0.000285225328009
0.000285225328009
0.000285225328009
0.000285225328009
0.000285225328009
0.000285225328009
0.000285225328009
0.000285225328009
0.000285225328009
0.000285225328009
0.000285225328009
0.000285225328009
0.000285225328009
0.000285225328009
0.000285225328009
0.000285225328009
0.000285225328009
0.000285225328009
0.000285225328009
0.000285225328009
0.000285225328009
0.000285225328009
0.000285225328009
0.000285225328009
0.000285225328009
0.000285225328009
0.000285225328009
0.000285225328009
0.000285225328009
0.000285225328009
0.000285225328009
0.000285225328009
0.000285225328009
0.000285225328009
0.000285225328009
0.000285225328009
0.000285225328009
0.000285225328009
0.000285225328009
0.000285225328009
0.000285225328009
0.000285225328009
0.000285225328009
0.000285225328009
0.000285225328009
0.000285225328009
0.000285225328009
0.000285225328009
0.000285225328009
0.000285225328009
0.000285225328009
0.000285225328009
0.000285225328009
0.000285225328009
0.000285225328009
0.000285225328009
0.000285225328009
0.000285225328009
0.000285225328009
0.000285225328009
0.000285225328009
0.000285225328009
0.000285225328009
0.000285225328009
0.000285225328009
0.000285225328009
0.000285225328009
0.000285225328009
0.000285225328009
0.000285225328009
0.000285225328009
0.000285225328009
0.000285225328009
0.000285225328009
0.000285225328009
0.000285225328009
0.000285225328009
0.000285225328009
0.000285225328009
0.000285225328009
0.000285225328009
0.000285225328009
0.000285225328009
0.000285225328009
0.000285225328009
0.000285225328009
0.000285225328009
0.000285225328009
0.000285225328009
0.000285225328009
0.000285225328009
0.000285225328009
0.000285225328009
0.000285225328009
0.000285225328009
0.000285225328009
0.000285225328009
0.000285225328009
0.000285225328009
0.000285225328009
0.000285225328009
0.000285225328009
0.000285225328009
0.000285225328009
0.000285225328009
0.000285225328009
0.000285225328009
0.000285225328009
0.000285225328009
0.000285225328009
0.000285225328009
0.000285225328009
0.000285225328009
0.000285225328009
0.000285225328009
0.000285225328009
0.000285225328009
0.000285225328009
0.000285225328009
0.000285225328009
0.000285225328009
0.000285225328009
0.000285225328009
0.000285225328009
0.000285225328009
0.000285225328009
0.000285225328009
0.000285225328009
0.000285225328009
0.000285225328009
0.000285225328009
0.000285225328009
0.000285225328009
0.000285225328009
0.000285225328009
0.000285225328009
0.000285225328009
0.000285225328009
0.000285225328009
0.000285225328009
0.000285225328009
0.000285225328009
0.000285225328009
0.000285225328009
0.000285225328009
0.000285225328009
0.000285225328009
0.000285225328009
0.000285225328009
0.000285225328009
