1
0.027785419532325
0.028060522696011
0.028335625859697
0.028610729023384
0.028885832187070
0.029160935350757
0.029436038514443
0.029711141678129
0.029986244841816
0.030261348005502
0.030536451169188
0.030811554332875
0.031086657496561
0.031361760660248
0.031636863823934
0.031911966987620
0.032187070151307
0.032462173314993
0.032737276478680
0.033012379642366
0.033287482806052
0.033562585969739
0.033837689133425
0.034112792297111
0.034387895460798
0.034662998624484
0.034938101788171
0.035213204951857
0.035488308115543
0.035763411279230
0.000275103163686
0.000275103163686
0.000275103163686
0.000275103163686
0.000275103163686
0.000275103163686
0.000275103163686
0.000275103163686
0.000275103163686
0.000275103163686
0.000275103163686
0.000275103163686
0.000275103163686
0.000275103163686
0.000275103163686
0.000275103163686
0.000275103163686
0.000275103163686
0.000275103163686
0.000275103163686
0.000275103163686
0.000275103163686
0.000275103163686
0.000275103163686
0.000275103163686
0.000275103163686
0.000275103163686
0.000275103163686
0.000275103163686
0.000275103163686
0.000275103163686
0.000275103163686
0.000275103163686
0.000275103163686
0.000275103163686
0.000275103163686
0.000275103163686
0.000275103163686
0.000275103163686
0.000275103163686
0.000275103163686
0.000275103163686
0.000275103163686
0.000275103163686
0.000275103163686
0.000275103163686
0.000275103163686
0.000275103163686
0.000275103163686
0.000275103163686
0.000275103163686
0.000275103163686
0.000275103163686
0.000275103163686
0.000275103163686
0.000275103163686
0.000275103163686
0.000275103163686
0.000275103163686
0.000275103163686
0.000275103163686
0.000275103163686
0.000275103163686
0.000275103163686
0.000275103163686
0.000275103163686
0.000275103163686
0.000275103163686
0.000275103163686
0.000275103163686
0.000275103163686
0.000275103163686
0.000275103163686
0.000275103163686
0.000275103163686
0.000275103163686
0.000275103163686
0.000275103163686
0.000275103163686
0.000275103163686
0.000275103163686
0.000275103163686
0.000275103163686
0.000275103163686
0.000275103163686
0.000275103163686
0.000275103163686
0.000275103163686
0.000275103163686
0.000275103163686
0.000275103163686
0.000275103163686
0.000275103163686
0.000275103163686
0.000275103163686
0.000275103163686
0.000275103163686
0.000275103163686
0.000275103163686
0.000275103163686
0.000275103163686
0.000275103163686
0.000275103163686
0.000275103163686
0.000275103163686
0.000275103163686
0.000275103163686
0.000275103163686
0.000275103163686
0.000275103163686
0.000275103163686
0.000275103163686
0.000275103163686
0.000275103163686
0.000275103163686
0.000275103163686
0.000275103163686
0.000275103163686
0.000275103163686
0.000275103163686
0.000275103163686
0.000275103163686
0.000275103163686
0.000275103163686
0.000275103163686
0.000275103163686
0.000275103163686
0.000275103163686
0.000275103163686
0.000275103163686
0.000275103163686
0.000275103163686
0.000275103163686
0.000275103163686
0.000275103163686
0.000275103163686
0.000275103163686
0.000275103163686
0.000275103163686
0.000275103163686
0.000275103163686
0.000275103163686
0.000275103163686
0.000275103163686
0.000275103163686
0.000275103163686
0.000275103163686
0.000275103163686
0.000275103163686
0.000275103163686
0.000275103163686
0.000275103163686
0.000275103163686
0.000275103163686
0.000275103163686
0.000275103163686
0.000275103163686
0.000275103163686
0.000275103163686
0.000275103163686
0.000275103163686
0.000275103163686
0.000275103163686
0.000275103163686
0.000275103163686
0.000275103163686
0.000275103163686
0.000275103163686
0.000275103163686
0.000275103163686
