1
0.166666666666667
0.168316831683168
0.169966996699670
0.171617161716172
0.001650165016502
0.001650165016502
0.001650165016502
0.001650165016502
0.001650165016502
0.001650165016502
0.001650165016502
0.001650165016502
0.001650165016502
0.001650165016502
0.001650165016502
0.001650165016502
0.001650165016502
0.001650165016502
0.001650165016502
0.001650165016502
0.001650165016502
0.001650165016502
0.001650165016502
0.001650165016502
0.001650165016502
0.001650165016502
0.001650165016502
0.001650165016502
0.001650165016502
0.001650165016502
0.001650165016502
0.001650165016502
0.001650165016502
0.001650165016502
0.001650165016502
0.001650165016502
0.001650165016502
0.001650165016502
0.001650165016502
0.001650165016502
0.001650165016502
0.001650165016502
0.001650165016502
0.001650165016502
0.001650165016502
0.001650165016502
0.001650165016502
0.001650165016502
0.001650165016502
0.001650165016502
0.001650165016502
0.001650165016502
0.001650165016502
0.001650165016502
0.001650165016502
0.001650165016502
0.001650165016502
0.001650165016502
0.001650165016502
0.001650165016502
0.001650165016502
0.001650165016502
0.001650165016502
0.001650165016502
0.001650165016502
0.001650165016502
0.001650165016502
0.001650165016502
0.001650165016502
0.001650165016502
0.001650165016502
0.001650165016502
0.001650165016502
0.001650165016502
0.001650165016502
0.001650165016502
0.001650165016502
0.001650165016502
0.001650165016502
0.001650165016502
0.001650165016502
0.001650165016502
0.001650165016502
0.001650165016502
0.001650165016502
0.001650165016502
0.001650165016502
0.001650165016502
0.001650165016502
0.001650165016502
0.001650165016502
0.001650165016502
0.001650165016502
0.001650165016502
0.001650165016502
0.001650165016502
0.001650165016502
0.001650165016502
0.001650165016502
0.001650165016502
0.001650165016502
0.001650165016502
0.001650165016502
0.001650165016502
0.001650165016502
0.001650165016502
0.001650165016502
0.001650165016502
0.001650165016502
0.001650165016502
0.001650165016502
0.001650165016502
0.001650165016502
0.001650165016502
0.001650165016502
0.001650165016502
0.001650165016502
0.001650165016502
0.001650165016502
0.001650165016502
0.001650165016502
0.001650165016502
0.001650165016502
0.001650165016502
0.001650165016502
0.001650165016502
0.001650165016502
0.001650165016502
0.001650165016502
0.001650165016502
0.001650165016502
0.001650165016502
0.001650165016502
0.001650165016502
0.001650165016502
0.001650165016502
0.001650165016502
0.001650165016502
0.001650165016502
0.001650165016502
0.001650165016502
0.001650165016502
0.001650165016502
0.001650165016502
0.001650165016502
0.001650165016502
0.001650165016502
0.001650165016502
0.001650165016502
0.001650165016502
0.001650165016502
0.001650165016502
0.001650165016502
0.001650165016502
0.001650165016502
0.001650165016502
0.001650165016502
0.001650165016502
0.001650165016502
0.001650165016502
0.001650165016502
0.001650165016502
0.001650165016502
0.001650165016502
0.001650165016502
0.001650165016502
0.001650165016502
0.001650165016502
0.001650165016502
0.001650165016502
0.001650165016502
0.001650165016502
0.001650165016502
0.001650165016502
0.001650165016502
0.001650165016502
0.001650165016502
0.001650165016502
0.001650165016502
0.001650165016502
0.001650165016502
0.001650165016502
0.001650165016502
0.001650165016502
0.001650165016502
0.001650165016502
0.001650165016502
0.001650165016502
0.001650165016502
0.001650165016502
0.001650165016502
0.001650165016502
0.001650165016502
0.001650165016502
0.001650165016502
0.001650165016502
0.001650165016502
0.001650165016502
0.001650165016502
0.001650165016502
