0.9999
0.026862262339650
0.027125565442456
0.027388842214950
0.027652092659768
0.027915316779541
0.028178514576902
0.028441686054483
0.028704831214917
0.028967950060834
0.029231042594867
0.029494108819647
0.029757148737804
0.030020162351969
0.030283149664773
0.030546110678845
0.030809045396817
0.031071953821316
0.031334835954973
0.031597691800416
0.031860521360275
0.032123324637178
0.032386101633754
0.032648852352629
0.032911576796433
0.033174274967792
0.033436946869335
0.033699592503687
0.033962211873475
0.034224804981327
0.034487371829868
0.034749912421724
0.000265989329039
0.000265989329039
0.000265989329039
0.000265989329039
0.000265989329039
0.000265989329039
0.000265989329039
0.000265989329039
0.000265989329039
0.000265989329039
0.000265989329039
0.000265989329039
0.000265989329039
0.000265989329039
0.000265989329039
0.000265989329039
0.000265989329039
0.000265989329039
0.000265989329039
0.000265989329039
0.000265989329039
0.000265989329039
0.000265989329039
0.000265989329039
0.000265989329039
0.000265989329039
0.000265989329039
0.000265989329039
0.000265989329039
0.000265989329039
0.000265989329039
0.000265989329039
0.000265989329039
0.000265989329039
0.000265989329039
0.000265989329039
0.000265989329039
0.000265989329039
0.000265989329039
0.000265989329039
0.000265989329039
0.000265989329039
0.000265989329039
0.000265989329039
0.000265989329039
0.000265989329039
0.000265989329039
0.000265989329039
0.000265989329039
0.000265989329039
0.000265989329039
0.000265989329039
0.000265989329039
0.000265989329039
0.000265989329039
0.000265989329039
0.000265989329039
0.000265989329039
0.000265989329039
0.000265989329039
0.000265989329039
0.000265989329039
0.000265989329039
0.000265989329039
0.000265989329039
0.000265989329039
0.000265989329039
0.000265989329039
0.000265989329039
0.000265989329039
0.000265989329039
0.000265989329039
0.000265989329039
0.000265989329039
0.000265989329039
0.000265989329039
0.000265989329039
0.000265989329039
0.000265989329039
0.000265989329039
0.000265989329039
0.000265989329039
0.000265989329039
0.000265989329039
0.000265989329039
0.000265989329039
0.000265989329039
0.000265989329039
0.000265989329039
0.000265989329039
0.000265989329039
0.000265989329039
0.000265989329039
0.000265989329039
0.000265989329039
0.000265989329039
0.000265989329039
0.000265989329039
0.000265989329039
0.000265989329039
0.000265989329039
0.000265989329039
0.000265989329039
0.000265989329039
0.000265989329039
0.000265989329039
0.000265989329039
0.000265989329039
0.000265989329039
0.000265989329039
0.000265989329039
0.000265989329039
0.000265989329039
0.000265989329039
0.000265989329039
0.000265989329039
0.000265989329039
0.000265989329039
0.000265989329039
0.000265989329039
0.000265989329039
0.000265989329039
0.000265989329039
0.000265989329039
0.000265989329039
0.000265989329039
0.000265989329039
0.000265989329039
0.000265989329039
0.000265989329039
0.000265989329039
0.000265989329039
0.000265989329039
0.000265989329039
0.000265989329039
0.000265989329039
0.000265989329039
0.000265989329039
0.000265989329039
0.000265989329039
0.000265989329039
0.000265989329039
0.000265989329039
0.000265989329039
0.000265989329039
0.000265989329039
0.000265989329039
0.000265989329039
0.000265989329039
0.000265989329039
0.000265989329039
0.000265989329039
0.000265989329039
0.000265989329039
0.000265989329039
0.000265989329039
0.000265989329039
0.000265989329039
0.000265989329039
0.000265989329039
0.000265989329039
0.000265989329039
0.000265989329039
0.000265989329039
0.000265989329039
0.000265989329039
0.000265989329039
0.000265989329039
0.000265989329039
