0.9999
0.025960236602849
0.026214698075999
0.026469134103001
0.026723544686401
0.026977929828743
0.027232289532570
0.027486623800427
0.027740932634857
0.027995216038403
0.028249474013609
0.028503706563018
0.028757913689172
0.029012095394613
0.029266251681884
0.029520382553526
0.029774488012080
0.030028568060089
0.030282622700093
0.030536651934633
0.030790655766250
0.031044634197483
0.031298587230874
0.031552514868961
0.031806417114284
0.032060293969382
0.032314145436796
0.032567971519062
0.032821772218720
0.033075547538308
0.033329297480365
0.033583022047427
0.033836721242032
0.000257057496810
0.000257057496810
0.000257057496810
0.000257057496810
0.000257057496810
0.000257057496810
0.000257057496810
0.000257057496810
0.000257057496810
0.000257057496810
0.000257057496810
0.000257057496810
0.000257057496810
0.000257057496810
0.000257057496810
0.000257057496810
0.000257057496810
0.000257057496810
0.000257057496810
0.000257057496810
0.000257057496810
0.000257057496810
0.000257057496810
0.000257057496810
0.000257057496810
0.000257057496810
0.000257057496810
0.000257057496810
0.000257057496810
0.000257057496810
0.000257057496810
0.000257057496810
0.000257057496810
0.000257057496810
0.000257057496810
0.000257057496810
0.000257057496810
0.000257057496810
0.000257057496810
0.000257057496810
0.000257057496810
0.000257057496810
0.000257057496810
0.000257057496810
0.000257057496810
0.000257057496810
0.000257057496810
0.000257057496810
0.000257057496810
0.000257057496810
0.000257057496810
0.000257057496810
0.000257057496810
0.000257057496810
0.000257057496810
0.000257057496810
0.000257057496810
0.000257057496810
0.000257057496810
0.000257057496810
0.000257057496810
0.000257057496810
0.000257057496810
0.000257057496810
0.000257057496810
0.000257057496810
0.000257057496810
0.000257057496810
0.000257057496810
0.000257057496810
0.000257057496810
0.000257057496810
0.000257057496810
0.000257057496810
0.000257057496810
0.000257057496810
0.000257057496810
0.000257057496810
0.000257057496810
0.000257057496810
0.000257057496810
0.000257057496810
0.000257057496810
0.000257057496810
0.000257057496810
0.000257057496810
0.000257057496810
0.000257057496810
0.000257057496810
0.000257057496810
0.000257057496810
0.000257057496810
0.000257057496810
0.000257057496810
0.000257057496810
0.000257057496810
0.000257057496810
0.000257057496810
0.000257057496810
0.000257057496810
0.000257057496810
0.000257057496810
0.000257057496810
0.000257057496810
0.000257057496810
0.000257057496810
0.000257057496810
0.000257057496810
0.000257057496810
0.000257057496810
0.000257057496810
0.000257057496810
0.000257057496810
0.000257057496810
0.000257057496810
0.000257057496810
0.000257057496810
0.000257057496810
0.000257057496810
0.000257057496810
0.000257057496810
0.000257057496810
0.000257057496810
0.000257057496810
0.000257057496810
0.000257057496810
0.000257057496810
0.000257057496810
0.000257057496810
0.000257057496810
0.000257057496810
0.000257057496810
0.000257057496810
0.000257057496810
0.000257057496810
0.000257057496810
0.000257057496810
0.000257057496810
0.000257057496810
0.000257057496810
0.000257057496810
0.000257057496810
0.000257057496810
0.000257057496810
0.000257057496810
0.000257057496810
0.000257057496810
0.000257057496810
0.000257057496810
0.000257057496810
0.000257057496810
0.000257057496810
0.000257057496810
0.000257057496810
0.000257057496810
0.000257057496810
0.000257057496810
0.000257057496810
0.000257057496810
0.000257057496810
0.000257057496810
0.000257057496810
0.000257057496810
0.000257057496810
0.000257057496810
0.000257057496810
0.000257057496810
0.000257057496810
