1
0.025074478649454
0.025322740814300
0.025571002979146
0.025819265143992
0.026067527308838
0.026315789473684
0.026564051638530
0.026812313803376
0.027060575968222
0.027308838133069
0.027557100297915
0.027805362462761
0.028053624627607
0.028301886792453
0.028550148957299
0.028798411122145
0.029046673286991
0.029294935451837
0.029543197616683
0.029791459781529
0.030039721946375
0.030287984111221
0.030536246276068
0.030784508440914
0.031032770605760
0.031281032770606
0.031529294935452
0.031777557100298
0.032025819265144
0.032274081429990
0.032522343594836
0.032770605759682
0.033018867924528
0.000248262164846
0.000248262164846
0.000248262164846
0.000248262164846
0.000248262164846
0.000248262164846
0.000248262164846
0.000248262164846
0.000248262164846
0.000248262164846
0.000248262164846
0.000248262164846
0.000248262164846
0.000248262164846
0.000248262164846
0.000248262164846
0.000248262164846
0.000248262164846
0.000248262164846
0.000248262164846
0.000248262164846
0.000248262164846
0.000248262164846
0.000248262164846
0.000248262164846
0.000248262164846
0.000248262164846
0.000248262164846
0.000248262164846
0.000248262164846
0.000248262164846
0.000248262164846
0.000248262164846
0.000248262164846
0.000248262164846
0.000248262164846
0.000248262164846
0.000248262164846
0.000248262164846
0.000248262164846
0.000248262164846
0.000248262164846
0.000248262164846
0.000248262164846
0.000248262164846
0.000248262164846
0.000248262164846
0.000248262164846
0.000248262164846
0.000248262164846
0.000248262164846
0.000248262164846
0.000248262164846
0.000248262164846
0.000248262164846
0.000248262164846
0.000248262164846
0.000248262164846
0.000248262164846
0.000248262164846
0.000248262164846
0.000248262164846
0.000248262164846
0.000248262164846
0.000248262164846
0.000248262164846
0.000248262164846
0.000248262164846
0.000248262164846
0.000248262164846
0.000248262164846
0.000248262164846
0.000248262164846
0.000248262164846
0.000248262164846
0.000248262164846
0.000248262164846
0.000248262164846
0.000248262164846
0.000248262164846
0.000248262164846
0.000248262164846
0.000248262164846
0.000248262164846
0.000248262164846
0.000248262164846
0.000248262164846
0.000248262164846
0.000248262164846
0.000248262164846
0.000248262164846
0.000248262164846
0.000248262164846
0.000248262164846
0.000248262164846
0.000248262164846
0.000248262164846
0.000248262164846
0.000248262164846
0.000248262164846
0.000248262164846
0.000248262164846
0.000248262164846
0.000248262164846
0.000248262164846
0.000248262164846
0.000248262164846
0.000248262164846
0.000248262164846
0.000248262164846
0.000248262164846
0.000248262164846
0.000248262164846
0.000248262164846
0.000248262164846
0.000248262164846
0.000248262164846
0.000248262164846
0.000248262164846
0.000248262164846
0.000248262164846
0.000248262164846
0.000248262164846
0.000248262164846
0.000248262164846
0.000248262164846
0.000248262164846
0.000248262164846
0.000248262164846
0.000248262164846
0.000248262164846
0.000248262164846
0.000248262164846
0.000248262164846
0.000248262164846
0.000248262164846
0.000248262164846
0.000248262164846
0.000248262164846
0.000248262164846
0.000248262164846
0.000248262164846
0.000248262164846
0.000248262164846
0.000248262164846
0.000248262164846
0.000248262164846
0.000248262164846
0.000248262164846
0.000248262164846
0.000248262164846
0.000248262164846
0.000248262164846
0.000248262164846
0.000248262164846
0.000248262164846
0.000248262164846
0.000248262164846
0.000248262164846
0.000248262164846
0.000248262164846
0.000248262164846
0.000248262164846
0.000248262164846
0.000248262164846
0.000248262164846
0.000248262164846
