1
0.024273011295362
0.024513338139870
0.024753664984379
0.024993991828887
0.025234318673396
0.025474645517904
0.025714972362413
0.025955299206921
0.026195626051430
0.026435952895938
0.026676279740447
0.026916606584956
0.027156933429464
0.027397260273973
0.027637587118481
0.027877913962990
0.028118240807498
0.028358567652007
0.028598894496515
0.028839221341024
0.029079548185532
0.029319875030041
0.029560201874549
0.029800528719058
0.030040855563566
0.030281182408075
0.030521509252584
0.030761836097092
0.031002162941601
0.031242489786109
0.031482816630618
0.031723143475126
0.031963470319635
0.032203797164143
0.000240326844509
0.000240326844509
0.000240326844509
0.000240326844509
0.000240326844509
0.000240326844509
0.000240326844509
0.000240326844509
0.000240326844509
0.000240326844509
0.000240326844509
0.000240326844509
0.000240326844509
0.000240326844509
0.000240326844509
0.000240326844509
0.000240326844509
0.000240326844509
0.000240326844509
0.000240326844509
0.000240326844509
0.000240326844509
0.000240326844509
0.000240326844509
0.000240326844509
0.000240326844509
0.000240326844509
0.000240326844509
0.000240326844509
0.000240326844509
0.000240326844509
0.000240326844509
0.000240326844509
0.000240326844509
0.000240326844509
0.000240326844509
0.000240326844509
0.000240326844509
0.000240326844509
0.000240326844509
0.000240326844509
0.000240326844509
0.000240326844509
0.000240326844509
0.000240326844509
0.000240326844509
0.000240326844509
0.000240326844509
0.000240326844509
0.000240326844509
0.000240326844509
0.000240326844509
0.000240326844509
0.000240326844509
0.000240326844509
0.000240326844509
0.000240326844509
0.000240326844509
0.000240326844509
0.000240326844509
0.000240326844509
0.000240326844509
0.000240326844509
0.000240326844509
0.000240326844509
0.000240326844509
0.000240326844509
0.000240326844509
0.000240326844509
0.000240326844509
0.000240326844509
0.000240326844509
0.000240326844509
0.000240326844509
0.000240326844509
0.000240326844509
0.000240326844509
0.000240326844509
0.000240326844509
0.000240326844509
0.000240326844509
0.000240326844509
0.000240326844509
0.000240326844509
0.000240326844509
0.000240326844509
0.000240326844509
0.000240326844509
0.000240326844509
0.000240326844509
0.000240326844509
0.000240326844509
0.000240326844509
0.000240326844509
0.000240326844509
0.000240326844509
0.000240326844509
0.000240326844509
0.000240326844509
0.000240326844509
0.000240326844509
0.000240326844509
0.000240326844509
0.000240326844509
0.000240326844509
0.000240326844509
0.000240326844509
0.000240326844509
0.000240326844509
0.000240326844509
0.000240326844509
0.000240326844509
0.000240326844509
0.000240326844509
0.000240326844509
0.000240326844509
0.000240326844509
0.000240326844509
0.000240326844509
0.000240326844509
0.000240326844509
0.000240326844509
0.000240326844509
0.000240326844509
0.000240326844509
0.000240326844509
0.000240326844509
0.000240326844509
0.000240326844509
0.000240326844509
0.000240326844509
0.000240326844509
0.000240326844509
0.000240326844509
0.000240326844509
0.000240326844509
0.000240326844509
0.000240326844509
0.000240326844509
0.000240326844509
0.000240326844509
0.000240326844509
0.000240326844509
0.000240326844509
0.000240326844509
0.000240326844509
0.000240326844509
0.000240326844509
0.000240326844509
0.000240326844509
0.000240326844509
0.000240326844509
0.000240326844509
0.000240326844509
0.000240326844509
0.000240326844509
0.000240326844509
0.000240326844509
0.000240326844509
0.000240326844509
0.000240326844509
0.000240326844509
0.000240326844509
0.000240326844509
0.000240326844509
0.000240326844509
