0.9999
0.023551806865606
0.023782660981540
0.024013492012061
0.024244299959479
0.024475084826103
0.024705846614240
0.024936585326198
0.025167300964285
0.025397993530808
0.025628663028074
0.025859309458391
0.026089932824065
0.026320533127402
0.026551110370709
0.026781664556291
0.027012195686455
0.027242703763506
0.027473188789749
0.027703650767490
0.027934089699032
0.028164505586682
0.028394898432743
0.028625268239519
0.028855615009315
0.029085938744433
0.029316239447178
0.029546517119853
0.029776771764761
0.030007003384204
0.030237211980485
0.030467397555906
0.030697560112770
0.030927699653379
0.031157816180033
0.031387909695034
0.000233209296620
0.000233209296620
0.000233209296620
0.000233209296620
0.000233209296620
0.000233209296620
0.000233209296620
0.000233209296620
0.000233209296620
0.000233209296620
0.000233209296620
0.000233209296620
0.000233209296620
0.000233209296620
0.000233209296620
0.000233209296620
0.000233209296620
0.000233209296620
0.000233209296620
0.000233209296620
0.000233209296620
0.000233209296620
0.000233209296620
0.000233209296620
0.000233209296620
0.000233209296620
0.000233209296620
0.000233209296620
0.000233209296620
0.000233209296620
0.000233209296620
0.000233209296620
0.000233209296620
0.000233209296620
0.000233209296620
0.000233209296620
0.000233209296620
0.000233209296620
0.000233209296620
0.000233209296620
0.000233209296620
0.000233209296620
0.000233209296620
0.000233209296620
0.000233209296620
0.000233209296620
0.000233209296620
0.000233209296620
0.000233209296620
0.000233209296620
0.000233209296620
0.000233209296620
0.000233209296620
0.000233209296620
0.000233209296620
0.000233209296620
0.000233209296620
0.000233209296620
0.000233209296620
0.000233209296620
0.000233209296620
0.000233209296620
0.000233209296620
0.000233209296620
0.000233209296620
0.000233209296620
0.000233209296620
0.000233209296620
0.000233209296620
0.000233209296620
0.000233209296620
0.000233209296620
0.000233209296620
0.000233209296620
0.000233209296620
0.000233209296620
0.000233209296620
0.000233209296620
0.000233209296620
0.000233209296620
0.000233209296620
0.000233209296620
0.000233209296620
0.000233209296620
0.000233209296620
0.000233209296620
0.000233209296620
0.000233209296620
0.000233209296620
0.000233209296620
0.000233209296620
0.000233209296620
0.000233209296620
0.000233209296620
0.000233209296620
0.000233209296620
0.000233209296620
0.000233209296620
0.000233209296620
0.000233209296620
0.000233209296620
0.000233209296620
0.000233209296620
0.000233209296620
0.000233209296620
0.000233209296620
0.000233209296620
0.000233209296620
0.000233209296620
0.000233209296620
0.000233209296620
0.000233209296620
0.000233209296620
0.000233209296620
0.000233209296620
0.000233209296620
0.000233209296620
0.000233209296620
0.000233209296620
0.000233209296620
0.000233209296620
0.000233209296620
0.000233209296620
0.000233209296620
0.000233209296620
0.000233209296620
0.000233209296620
0.000233209296620
0.000233209296620
0.000233209296620
0.000233209296620
0.000233209296620
0.000233209296620
0.000233209296620
0.000233209296620
0.000233209296620
0.000233209296620
0.000233209296620
0.000233209296620
0.000233209296620
0.000233209296620
0.000233209296620
0.000233209296620
0.000233209296620
0.000233209296620
0.000233209296620
0.000233209296620
0.000233209296620
0.000233209296620
0.000233209296620
0.000233209296620
0.000233209296620
0.000233209296620
0.000233209296620
0.000233209296620
0.000233209296620
0.000233209296620
0.000233209296620
0.000233209296620
0.000233209296620
0.000233209296620
0.000233209296620
0.000233209296620
0.000233209296620
0.000233209296620
