1
0.022799097065463
0.023024830699774
0.023250564334086
0.023476297968397
0.023702031602709
0.023927765237020
0.024153498871332
0.024379232505643
0.024604966139955
0.024830699774266
0.025056433408578
0.025282167042889
0.025507900677201
0.025733634311512
0.025959367945824
0.026185101580135
0.026410835214447
0.026636568848758
0.026862302483070
0.027088036117381
0.027313769751693
0.027539503386005
0.027765237020316
0.027990970654628
0.028216704288939
0.028442437923251
0.028668171557562
0.028893905191874
0.029119638826185
0.029345372460497
0.029571106094808
0.029796839729120
0.030022573363431
0.030248306997743
0.030474040632054
0.030699774266366
0.000225733634312
0.000225733634312
0.000225733634312
0.000225733634312
0.000225733634312
0.000225733634312
0.000225733634312
0.000225733634312
0.000225733634312
0.000225733634312
0.000225733634312
0.000225733634312
0.000225733634312
0.000225733634312
0.000225733634312
0.000225733634312
0.000225733634312
0.000225733634312
0.000225733634312
0.000225733634312
0.000225733634312
0.000225733634312
0.000225733634312
0.000225733634312
0.000225733634312
0.000225733634312
0.000225733634312
0.000225733634312
0.000225733634312
0.000225733634312
0.000225733634312
0.000225733634312
0.000225733634312
0.000225733634312
0.000225733634312
0.000225733634312
0.000225733634312
0.000225733634312
0.000225733634312
0.000225733634312
0.000225733634312
0.000225733634312
0.000225733634312
0.000225733634312
0.000225733634312
0.000225733634312
0.000225733634312
0.000225733634312
0.000225733634312
0.000225733634312
0.000225733634312
0.000225733634312
0.000225733634312
0.000225733634312
0.000225733634312
0.000225733634312
0.000225733634312
0.000225733634312
0.000225733634312
0.000225733634312
0.000225733634312
0.000225733634312
0.000225733634312
0.000225733634312
0.000225733634312
0.000225733634312
0.000225733634312
0.000225733634312
0.000225733634312
0.000225733634312
0.000225733634312
0.000225733634312
0.000225733634312
0.000225733634312
0.000225733634312
0.000225733634312
0.000225733634312
0.000225733634312
0.000225733634312
0.000225733634312
0.000225733634312
0.000225733634312
0.000225733634312
0.000225733634312
0.000225733634312
0.000225733634312
0.000225733634312
0.000225733634312
0.000225733634312
0.000225733634312
0.000225733634312
0.000225733634312
0.000225733634312
0.000225733634312
0.000225733634312
0.000225733634312
0.000225733634312
0.000225733634312
0.000225733634312
0.000225733634312
0.000225733634312
0.000225733634312
0.000225733634312
0.000225733634312
0.000225733634312
0.000225733634312
0.000225733634312
0.000225733634312
0.000225733634312
0.000225733634312
0.000225733634312
0.000225733634312
0.000225733634312
0.000225733634312
0.000225733634312
0.000225733634312
0.000225733634312
0.000225733634312
0.000225733634312
0.000225733634312
0.000225733634312
0.000225733634312
0.000225733634312
0.000225733634312
0.000225733634312
0.000225733634312
0.000225733634312
0.000225733634312
0.000225733634312
0.000225733634312
0.000225733634312
0.000225733634312
0.000225733634312
0.000225733634312
0.000225733634312
0.000225733634312
0.000225733634312
0.000225733634312
0.000225733634312
0.000225733634312
0.000225733634312
0.000225733634312
0.000225733634312
0.000225733634312
0.000225733634312
0.000225733634312
0.000225733634312
0.000225733634312
0.000225733634312
0.000225733634312
0.000225733634312
0.000225733634312
0.000225733634312
0.000225733634312
0.000225733634312
0.000225733634312
0.000225733634312
0.000225733634312
0.000225733634312
0.000225733634312
0.000225733634312
0.000225733634312
0.000225733634312
0.000225733634312
