1
0.022120017520806
0.022339027595269
0.022558037669733
0.022777047744196
0.022996057818660
0.023215067893123
0.023434077967587
0.023653088042050
0.023872098116513
0.024091108190977
0.024310118265440
0.024529128339904
0.024748138414367
0.024967148488830
0.025186158563294
0.025405168637757
0.025624178712221
0.025843188786684
0.026062198861148
0.026281208935611
0.026500219010074
0.026719229084538
0.026938239159001
0.027157249233465
0.027376259307928
0.027595269382392
0.027814279456855
0.028033289531318
0.028252299605782
0.028471309680245
0.028690319754709
0.028909329829172
0.029128339903636
0.029347349978099
0.029566360052562
0.029785370127026
0.030004380201489
0.000219010074463
0.000219010074463
0.000219010074463
0.000219010074463
0.000219010074463
0.000219010074463
0.000219010074463
0.000219010074463
0.000219010074463
0.000219010074463
0.000219010074463
0.000219010074463
0.000219010074463
0.000219010074463
0.000219010074463
0.000219010074463
0.000219010074463
0.000219010074463
0.000219010074463
0.000219010074463
0.000219010074463
0.000219010074463
0.000219010074463
0.000219010074463
0.000219010074463
0.000219010074463
0.000219010074463
0.000219010074463
0.000219010074463
0.000219010074463
0.000219010074463
0.000219010074463
0.000219010074463
0.000219010074463
0.000219010074463
0.000219010074463
0.000219010074463
0.000219010074463
0.000219010074463
0.000219010074463
0.000219010074463
0.000219010074463
0.000219010074463
0.000219010074463
0.000219010074463
0.000219010074463
0.000219010074463
0.000219010074463
0.000219010074463
0.000219010074463
0.000219010074463
0.000219010074463
0.000219010074463
0.000219010074463
0.000219010074463
0.000219010074463
0.000219010074463
0.000219010074463
0.000219010074463
0.000219010074463
0.000219010074463
0.000219010074463
0.000219010074463
0.000219010074463
0.000219010074463
0.000219010074463
0.000219010074463
0.000219010074463
0.000219010074463
0.000219010074463
0.000219010074463
0.000219010074463
0.000219010074463
0.000219010074463
0.000219010074463
0.000219010074463
0.000219010074463
0.000219010074463
0.000219010074463
0.000219010074463
0.000219010074463
0.000219010074463
0.000219010074463
0.000219010074463
0.000219010074463
0.000219010074463
0.000219010074463
0.000219010074463
0.000219010074463
0.000219010074463
0.000219010074463
0.000219010074463
0.000219010074463
0.000219010074463
0.000219010074463
0.000219010074463
0.000219010074463
0.000219010074463
0.000219010074463
0.000219010074463
0.000219010074463
0.000219010074463
0.000219010074463
0.000219010074463
0.000219010074463
0.000219010074463
0.000219010074463
0.000219010074463
0.000219010074463
0.000219010074463
0.000219010074463
0.000219010074463
0.000219010074463
0.000219010074463
0.000219010074463
0.000219010074463
0.000219010074463
0.000219010074463
0.000219010074463
0.000219010074463
0.000219010074463
0.000219010074463
0.000219010074463
0.000219010074463
0.000219010074463
0.000219010074463
0.000219010074463
0.000219010074463
0.000219010074463
0.000219010074463
0.000219010074463
0.000219010074463
0.000219010074463
0.000219010074463
0.000219010074463
0.000219010074463
0.000219010074463
0.000219010074463
0.000219010074463
0.000219010074463
0.000219010074463
0.000219010074463
0.000219010074463
0.000219010074463
0.000219010074463
0.000219010074463
0.000219010074463
0.000219010074463
0.000219010074463
0.000219010074463
0.000219010074463
0.000219010074463
0.000219010074463
0.000219010074463
0.000219010074463
0.000219010074463
0.000219010074463
0.000219010074463
0.000219010074463
0.000219010074463
0.000219010074463
0.000219010074463
0.000219010074463
