0.9999
0.021511555589876
0.021722411223008
0.021933245770576
0.022144059234690
0.022354851617457
0.022565622920986
0.022776373147385
0.022987102298761
0.023197810377222
0.023408497384875
0.023619163323827
0.023829808196185
0.024040432004056
0.024251034749547
0.024461616434763
0.024672177061810
0.024882716632794
0.025093235149822
0.025303732614997
0.025514209030427
0.025724664398214
0.025935098720465
0.026145511999284
0.026355904236775
0.026566275435042
0.026776625596189
0.026986954722320
0.027197262815539
0.027407549877948
0.027617815911651
0.027828060918750
0.028038284901349
0.028248487861550
0.028458669801454
0.028668830723165
0.028878970628783
0.029089089520411
0.029299187400150
0.000213006788691
0.000213006788691
0.000213006788691
0.000213006788691
0.000213006788691
0.000213006788691
0.000213006788691
0.000213006788691
0.000213006788691
0.000213006788691
0.000213006788691
0.000213006788691
0.000213006788691
0.000213006788691
0.000213006788691
0.000213006788691
0.000213006788691
0.000213006788691
0.000213006788691
0.000213006788691
0.000213006788691
0.000213006788691
0.000213006788691
0.000213006788691
0.000213006788691
0.000213006788691
0.000213006788691
0.000213006788691
0.000213006788691
0.000213006788691
0.000213006788691
0.000213006788691
0.000213006788691
0.000213006788691
0.000213006788691
0.000213006788691
0.000213006788691
0.000213006788691
0.000213006788691
0.000213006788691
0.000213006788691
0.000213006788691
0.000213006788691
0.000213006788691
0.000213006788691
0.000213006788691
0.000213006788691
0.000213006788691
0.000213006788691
0.000213006788691
0.000213006788691
0.000213006788691
0.000213006788691
0.000213006788691
0.000213006788691
0.000213006788691
0.000213006788691
0.000213006788691
0.000213006788691
0.000213006788691
0.000213006788691
0.000213006788691
0.000213006788691
0.000213006788691
0.000213006788691
0.000213006788691
0.000213006788691
0.000213006788691
0.000213006788691
0.000213006788691
0.000213006788691
0.000213006788691
0.000213006788691
0.000213006788691
0.000213006788691
0.000213006788691
0.000213006788691
0.000213006788691
0.000213006788691
0.000213006788691
0.000213006788691
0.000213006788691
0.000213006788691
0.000213006788691
0.000213006788691
0.000213006788691
0.000213006788691
0.000213006788691
0.000213006788691
0.000213006788691
0.000213006788691
0.000213006788691
0.000213006788691
0.000213006788691
0.000213006788691
0.000213006788691
0.000213006788691
0.000213006788691
0.000213006788691
0.000213006788691
0.000213006788691
0.000213006788691
0.000213006788691
0.000213006788691
0.000213006788691
0.000213006788691
0.000213006788691
0.000213006788691
0.000213006788691
0.000213006788691
0.000213006788691
0.000213006788691
0.000213006788691
0.000213006788691
0.000213006788691
0.000213006788691
0.000213006788691
0.000213006788691
0.000213006788691
0.000213006788691
0.000213006788691
0.000213006788691
0.000213006788691
0.000213006788691
0.000213006788691
0.000213006788691
0.000213006788691
0.000213006788691
0.000213006788691
0.000213006788691
0.000213006788691
0.000213006788691
0.000213006788691
0.000213006788691
0.000213006788691
0.000213006788691
0.000213006788691
0.000213006788691
0.000213006788691
0.000213006788691
0.000213006788691
0.000213006788691
0.000213006788691
0.000213006788691
0.000213006788691
0.000213006788691
0.000213006788691
0.000213006788691
0.000213006788691
0.000213006788691
0.000213006788691
0.000213006788691
0.000213006788691
0.000213006788691
0.000213006788691
0.000213006788691
0.000213006788691
0.000213006788691
0.000213006788691
0.000213006788691
0.000213006788691
0.000213006788691
