1
0.020863457963231
0.021070026853956
0.021276595744681
0.021483164635406
0.021689733526131
0.021896302416856
0.022102871307581
0.022309440198306
0.022516009089031
0.022722577979756
0.022929146870481
0.023135715761206
0.023342284651931
0.023548853542656
0.023755422433382
0.023961991324107
0.024168560214832
0.024375129105557
0.024581697996282
0.024788266887007
0.024994835777732
0.025201404668457
0.025407973559182
0.025614542449907
0.025821111340632
0.026027680231357
0.026234249122082
0.026440818012807
0.026647386903532
0.026853955794257
0.027060524684982
0.027267093575707
0.027473662466433
0.027680231357158
0.027886800247883
0.028093369138608
0.028299938029333
0.028506506920058
0.028713075810783
0.000206568890725
0.000206568890725
0.000206568890725
0.000206568890725
0.000206568890725
0.000206568890725
0.000206568890725
0.000206568890725
0.000206568890725
0.000206568890725
0.000206568890725
0.000206568890725
0.000206568890725
0.000206568890725
0.000206568890725
0.000206568890725
0.000206568890725
0.000206568890725
0.000206568890725
0.000206568890725
0.000206568890725
0.000206568890725
0.000206568890725
0.000206568890725
0.000206568890725
0.000206568890725
0.000206568890725
0.000206568890725
0.000206568890725
0.000206568890725
0.000206568890725
0.000206568890725
0.000206568890725
0.000206568890725
0.000206568890725
0.000206568890725
0.000206568890725
0.000206568890725
0.000206568890725
0.000206568890725
0.000206568890725
0.000206568890725
0.000206568890725
0.000206568890725
0.000206568890725
0.000206568890725
0.000206568890725
0.000206568890725
0.000206568890725
0.000206568890725
0.000206568890725
0.000206568890725
0.000206568890725
0.000206568890725
0.000206568890725
0.000206568890725
0.000206568890725
0.000206568890725
0.000206568890725
0.000206568890725
0.000206568890725
0.000206568890725
0.000206568890725
0.000206568890725
0.000206568890725
0.000206568890725
0.000206568890725
0.000206568890725
0.000206568890725
0.000206568890725
0.000206568890725
0.000206568890725
0.000206568890725
0.000206568890725
0.000206568890725
0.000206568890725
0.000206568890725
0.000206568890725
0.000206568890725
0.000206568890725
0.000206568890725
0.000206568890725
0.000206568890725
0.000206568890725
0.000206568890725
0.000206568890725
0.000206568890725
0.000206568890725
0.000206568890725
0.000206568890725
0.000206568890725
0.000206568890725
0.000206568890725
0.000206568890725
0.000206568890725
0.000206568890725
0.000206568890725
0.000206568890725
0.000206568890725
0.000206568890725
0.000206568890725
0.000206568890725
0.000206568890725
0.000206568890725
0.000206568890725
0.000206568890725
0.000206568890725
0.000206568890725
0.000206568890725
0.000206568890725
0.000206568890725
0.000206568890725
0.000206568890725
0.000206568890725
0.000206568890725
0.000206568890725
0.000206568890725
0.000206568890725
0.000206568890725
0.000206568890725
0.000206568890725
0.000206568890725
0.000206568890725
0.000206568890725
0.000206568890725
0.000206568890725
0.000206568890725
0.000206568890725
0.000206568890725
0.000206568890725
0.000206568890725
0.000206568890725
0.000206568890725
0.000206568890725
0.000206568890725
0.000206568890725
0.000206568890725
0.000206568890725
0.000206568890725
0.000206568890725
0.000206568890725
0.000206568890725
0.000206568890725
0.000206568890725
0.000206568890725
0.000206568890725
0.000206568890725
0.000206568890725
0.000206568890725
0.000206568890725
0.000206568890725
0.000206568890725
0.000206568890725
0.000206568890725
0.000206568890725
0.000206568890725
0.000206568890725
0.000206568890725
0.000206568890725
0.000206568890725
0.000206568890725
