1
0.020281124497992
0.020481927710843
0.020682730923695
0.020883534136546
0.021084337349398
0.021285140562249
0.021485943775100
0.021686746987952
0.021887550200803
0.022088353413655
0.022289156626506
0.022489959839357
0.022690763052209
0.022891566265060
0.023092369477912
0.023293172690763
0.023493975903614
0.023694779116466
0.023895582329317
0.024096385542169
0.024297188755020
0.024497991967871
0.024698795180723
0.024899598393574
0.025100401606426
0.025301204819277
0.025502008032129
0.025702811244980
0.025903614457831
0.026104417670683
0.026305220883534
0.026506024096386
0.026706827309237
0.026907630522088
0.027108433734940
0.027309236947791
0.027510040160643
0.027710843373494
0.027911646586345
0.028112449799197
0.000200803212851
0.000200803212851
0.000200803212851
0.000200803212851
0.000200803212851
0.000200803212851
0.000200803212851
0.000200803212851
0.000200803212851
0.000200803212851
0.000200803212851
0.000200803212851
0.000200803212851
0.000200803212851
0.000200803212851
0.000200803212851
0.000200803212851
0.000200803212851
0.000200803212851
0.000200803212851
0.000200803212851
0.000200803212851
0.000200803212851
0.000200803212851
0.000200803212851
0.000200803212851
0.000200803212851
0.000200803212851
0.000200803212851
0.000200803212851
0.000200803212851
0.000200803212851
0.000200803212851
0.000200803212851
0.000200803212851
0.000200803212851
0.000200803212851
0.000200803212851
0.000200803212851
0.000200803212851
0.000200803212851
0.000200803212851
0.000200803212851
0.000200803212851
0.000200803212851
0.000200803212851
0.000200803212851
0.000200803212851
0.000200803212851
0.000200803212851
0.000200803212851
0.000200803212851
0.000200803212851
0.000200803212851
0.000200803212851
0.000200803212851
0.000200803212851
0.000200803212851
0.000200803212851
0.000200803212851
0.000200803212851
0.000200803212851
0.000200803212851
0.000200803212851
0.000200803212851
0.000200803212851
0.000200803212851
0.000200803212851
0.000200803212851
0.000200803212851
0.000200803212851
0.000200803212851
0.000200803212851
0.000200803212851
0.000200803212851
0.000200803212851
0.000200803212851
0.000200803212851
0.000200803212851
0.000200803212851
0.000200803212851
0.000200803212851
0.000200803212851
0.000200803212851
0.000200803212851
0.000200803212851
0.000200803212851
0.000200803212851
0.000200803212851
0.000200803212851
0.000200803212851
0.000200803212851
0.000200803212851
0.000200803212851
0.000200803212851
0.000200803212851
0.000200803212851
0.000200803212851
0.000200803212851
0.000200803212851
0.000200803212851
0.000200803212851
0.000200803212851
0.000200803212851
0.000200803212851
0.000200803212851
0.000200803212851
0.000200803212851
0.000200803212851
0.000200803212851
0.000200803212851
0.000200803212851
0.000200803212851
0.000200803212851
0.000200803212851
0.000200803212851
0.000200803212851
0.000200803212851
0.000200803212851
0.000200803212851
0.000200803212851
0.000200803212851
0.000200803212851
0.000200803212851
0.000200803212851
0.000200803212851
0.000200803212851
0.000200803212851
0.000200803212851
0.000200803212851
0.000200803212851
0.000200803212851
0.000200803212851
0.000200803212851
0.000200803212851
0.000200803212851
0.000200803212851
0.000200803212851
0.000200803212851
0.000200803212851
0.000200803212851
0.000200803212851
0.000200803212851
0.000200803212851
0.000200803212851
0.000200803212851
0.000200803212851
0.000200803212851
0.000200803212851
0.000200803212851
0.000200803212851
0.000200803212851
0.000200803212851
0.000200803212851
0.000200803212851
0.000200803212851
0.000200803212851
0.000200803212851
0.000200803212851
0.000200803212851
