1
0.142253521126761
0.143661971830986
0.145070422535211
0.146478873239437
0.147887323943662
0.001408450704225
0.001408450704225
0.001408450704225
0.001408450704225
0.001408450704225
0.001408450704225
0.001408450704225
0.001408450704225
0.001408450704225
0.001408450704225
0.001408450704225
0.001408450704225
0.001408450704225
0.001408450704225
0.001408450704225
0.001408450704225
0.001408450704225
0.001408450704225
0.001408450704225
0.001408450704225
0.001408450704225
0.001408450704225
0.001408450704225
0.001408450704225
0.001408450704225
0.001408450704225
0.001408450704225
0.001408450704225
0.001408450704225
0.001408450704225
0.001408450704225
0.001408450704225
0.001408450704225
0.001408450704225
0.001408450704225
0.001408450704225
0.001408450704225
0.001408450704225
0.001408450704225
0.001408450704225
0.001408450704225
0.001408450704225
0.001408450704225
0.001408450704225
0.001408450704225
0.001408450704225
0.001408450704225
0.001408450704225
0.001408450704225
0.001408450704225
0.001408450704225
0.001408450704225
0.001408450704225
0.001408450704225
0.001408450704225
0.001408450704225
0.001408450704225
0.001408450704225
0.001408450704225
0.001408450704225
0.001408450704225
0.001408450704225
0.001408450704225
0.001408450704225
0.001408450704225
0.001408450704225
0.001408450704225
0.001408450704225
0.001408450704225
0.001408450704225
0.001408450704225
0.001408450704225
0.001408450704225
0.001408450704225
0.001408450704225
0.001408450704225
0.001408450704225
0.001408450704225
0.001408450704225
0.001408450704225
0.001408450704225
0.001408450704225
0.001408450704225
0.001408450704225
0.001408450704225
0.001408450704225
0.001408450704225
0.001408450704225
0.001408450704225
0.001408450704225
0.001408450704225
0.001408450704225
0.001408450704225
0.001408450704225
0.001408450704225
0.001408450704225
0.001408450704225
0.001408450704225
0.001408450704225
0.001408450704225
0.001408450704225
0.001408450704225
0.001408450704225
0.001408450704225
0.001408450704225
0.001408450704225
0.001408450704225
0.001408450704225
0.001408450704225
0.001408450704225
0.001408450704225
0.001408450704225
0.001408450704225
0.001408450704225
0.001408450704225
0.001408450704225
0.001408450704225
0.001408450704225
0.001408450704225
0.001408450704225
0.001408450704225
0.001408450704225
0.001408450704225
0.001408450704225
0.001408450704225
0.001408450704225
0.001408450704225
0.001408450704225
0.001408450704225
0.001408450704225
0.001408450704225
0.001408450704225
0.001408450704225
0.001408450704225
0.001408450704225
0.001408450704225
0.001408450704225
0.001408450704225
0.001408450704225
0.001408450704225
0.001408450704225
0.001408450704225
0.001408450704225
0.001408450704225
0.001408450704225
0.001408450704225
0.001408450704225
0.001408450704225
0.001408450704225
0.001408450704225
0.001408450704225
0.001408450704225
0.001408450704225
0.001408450704225
0.001408450704225
0.001408450704225
0.001408450704225
0.001408450704225
0.001408450704225
0.001408450704225
0.001408450704225
0.001408450704225
0.001408450704225
0.001408450704225
0.001408450704225
0.001408450704225
0.001408450704225
0.001408450704225
0.001408450704225
0.001408450704225
0.001408450704225
0.001408450704225
0.001408450704225
0.001408450704225
0.001408450704225
0.001408450704225
0.001408450704225
0.001408450704225
0.001408450704225
0.001408450704225
0.001408450704225
0.001408450704225
0.001408450704225
0.001408450704225
0.001408450704225
0.001408450704225
0.001408450704225
0.001408450704225
0.001408450704225
0.001408450704225
0.001408450704225
0.001408450704225
0.001408450704225
0.001408450704225
0.001408450704225
