1
0.019726562500000
0.019921875000000
0.020117187500000
0.020312500000000
0.020507812500000
0.020703125000000
0.020898437500000
0.021093750000000
0.021289062500000
0.021484375000000
0.021679687500000
0.021875000000000
0.022070312500000
0.022265625000000
0.022460937500000
0.022656250000000
0.022851562500000
0.023046875000000
0.023242187500000
0.023437500000000
0.023632812500000
0.023828125000000
0.024023437500000
0.024218750000000
0.024414062500000
0.024609375000000
0.024804687500000
0.025000000000000
0.025195312500000
0.025390625000000
0.025585937500000
0.025781250000000
0.025976562500000
0.026171875000000
0.026367187500000
0.026562500000000
0.026757812500000
0.026953125000000
0.027148437500000
0.027343750000000
0.027539062500000
0.000195312500000
0.000195312500000
0.000195312500000
0.000195312500000
0.000195312500000
0.000195312500000
0.000195312500000
0.000195312500000
0.000195312500000
0.000195312500000
0.000195312500000
0.000195312500000
0.000195312500000
0.000195312500000
0.000195312500000
0.000195312500000
0.000195312500000
0.000195312500000
0.000195312500000
0.000195312500000
0.000195312500000
0.000195312500000
0.000195312500000
0.000195312500000
0.000195312500000
0.000195312500000
0.000195312500000
0.000195312500000
0.000195312500000
0.000195312500000
0.000195312500000
0.000195312500000
0.000195312500000
0.000195312500000
0.000195312500000
0.000195312500000
0.000195312500000
0.000195312500000
0.000195312500000
0.000195312500000
0.000195312500000
0.000195312500000
0.000195312500000
0.000195312500000
0.000195312500000
0.000195312500000
0.000195312500000
0.000195312500000
0.000195312500000
0.000195312500000
0.000195312500000
0.000195312500000
0.000195312500000
0.000195312500000
0.000195312500000
0.000195312500000
0.000195312500000
0.000195312500000
0.000195312500000
0.000195312500000
0.000195312500000
0.000195312500000
0.000195312500000
0.000195312500000
0.000195312500000
0.000195312500000
0.000195312500000
0.000195312500000
0.000195312500000
0.000195312500000
0.000195312500000
0.000195312500000
0.000195312500000
0.000195312500000
0.000195312500000
0.000195312500000
0.000195312500000
0.000195312500000
0.000195312500000
0.000195312500000
0.000195312500000
0.000195312500000
0.000195312500000
0.000195312500000
0.000195312500000
0.000195312500000
0.000195312500000
0.000195312500000
0.000195312500000
0.000195312500000
0.000195312500000
0.000195312500000
0.000195312500000
0.000195312500000
0.000195312500000
0.000195312500000
0.000195312500000
0.000195312500000
0.000195312500000
0.000195312500000
0.000195312500000
0.000195312500000
0.000195312500000
0.000195312500000
0.000195312500000
0.000195312500000
0.000195312500000
0.000195312500000
0.000195312500000
0.000195312500000
0.000195312500000
0.000195312500000
0.000195312500000
0.000195312500000
0.000195312500000
0.000195312500000
0.000195312500000
0.000195312500000
0.000195312500000
0.000195312500000
0.000195312500000
0.000195312500000
0.000195312500000
0.000195312500000
0.000195312500000
0.000195312500000
0.000195312500000
0.000195312500000
0.000195312500000
0.000195312500000
0.000195312500000
0.000195312500000
0.000195312500000
0.000195312500000
0.000195312500000
0.000195312500000
0.000195312500000
0.000195312500000
0.000195312500000
0.000195312500000
0.000195312500000
0.000195312500000
0.000195312500000
0.000195312500000
0.000195312500000
0.000195312500000
0.000195312500000
0.000195312500000
0.000195312500000
0.000195312500000
0.000195312500000
0.000195312500000
0.000195312500000
0.000195312500000
0.000195312500000
0.000195312500000
0.000195312500000
0.000195312500000
0.000195312500000
