1
0.019197871127162
0.019387949059114
0.019578026991066
0.019768104923018
0.019958182854971
0.020148260786923
0.020338338718875
0.020528416650827
0.020718494582779
0.020908572514731
0.021098650446683
0.021288728378635
0.021478806310587
0.021668884242539
0.021858962174492
0.022049040106444
0.022239118038396
0.022429195970348
0.022619273902300
0.022809351834252
0.022999429766204
0.023189507698156
0.023379585630108
0.023569663562060
0.023759741494013
0.023949819425965
0.024139897357917
0.024329975289869
0.024520053221821
0.024710131153773
0.024900209085725
0.025090287017677
0.025280364949629
0.025470442881581
0.025660520813534
0.025850598745486
0.026040676677438
0.026230754609390
0.026420832541342
0.026610910473294
0.026800988405246
0.026991066337198
0.000190077931952
0.000190077931952
0.000190077931952
0.000190077931952
0.000190077931952
0.000190077931952
0.000190077931952
0.000190077931952
0.000190077931952
0.000190077931952
0.000190077931952
0.000190077931952
0.000190077931952
0.000190077931952
0.000190077931952
0.000190077931952
0.000190077931952
0.000190077931952
0.000190077931952
0.000190077931952
0.000190077931952
0.000190077931952
0.000190077931952
0.000190077931952
0.000190077931952
0.000190077931952
0.000190077931952
0.000190077931952
0.000190077931952
0.000190077931952
0.000190077931952
0.000190077931952
0.000190077931952
0.000190077931952
0.000190077931952
0.000190077931952
0.000190077931952
0.000190077931952
0.000190077931952
0.000190077931952
0.000190077931952
0.000190077931952
0.000190077931952
0.000190077931952
0.000190077931952
0.000190077931952
0.000190077931952
0.000190077931952
0.000190077931952
0.000190077931952
0.000190077931952
0.000190077931952
0.000190077931952
0.000190077931952
0.000190077931952
0.000190077931952
0.000190077931952
0.000190077931952
0.000190077931952
0.000190077931952
0.000190077931952
0.000190077931952
0.000190077931952
0.000190077931952
0.000190077931952
0.000190077931952
0.000190077931952
0.000190077931952
0.000190077931952
0.000190077931952
0.000190077931952
0.000190077931952
0.000190077931952
0.000190077931952
0.000190077931952
0.000190077931952
0.000190077931952
0.000190077931952
0.000190077931952
0.000190077931952
0.000190077931952
0.000190077931952
0.000190077931952
0.000190077931952
0.000190077931952
0.000190077931952
0.000190077931952
0.000190077931952
0.000190077931952
0.000190077931952
0.000190077931952
0.000190077931952
0.000190077931952
0.000190077931952
0.000190077931952
0.000190077931952
0.000190077931952
0.000190077931952
0.000190077931952
0.000190077931952
0.000190077931952
0.000190077931952
0.000190077931952
0.000190077931952
0.000190077931952
0.000190077931952
0.000190077931952
0.000190077931952
0.000190077931952
0.000190077931952
0.000190077931952
0.000190077931952
0.000190077931952
0.000190077931952
0.000190077931952
0.000190077931952
0.000190077931952
0.000190077931952
0.000190077931952
0.000190077931952
0.000190077931952
0.000190077931952
0.000190077931952
0.000190077931952
0.000190077931952
0.000190077931952
0.000190077931952
0.000190077931952
0.000190077931952
0.000190077931952
0.000190077931952
0.000190077931952
0.000190077931952
0.000190077931952
0.000190077931952
0.000190077931952
0.000190077931952
0.000190077931952
0.000190077931952
0.000190077931952
0.000190077931952
0.000190077931952
0.000190077931952
0.000190077931952
0.000190077931952
0.000190077931952
0.000190077931952
0.000190077931952
0.000190077931952
0.000190077931952
0.000190077931952
0.000190077931952
0.000190077931952
0.000190077931952
0.000190077931952
0.000190077931952
0.000190077931952
0.000190077931952
