1
0.018693318526744
0.018878400888395
0.019063483250046
0.019248565611697
0.019433647973348
0.019618730334999
0.019803812696650
0.019988895058301
0.020173977419952
0.020359059781603
0.020544142143254
0.020729224504905
0.020914306866556
0.021099389228207
0.021284471589857
0.021469553951508
0.021654636313159
0.021839718674810
0.022024801036461
0.022209883398112
0.022394965759763
0.022580048121414
0.022765130483065
0.022950212844716
0.023135295206367
0.023320377568018
0.023505459929669
0.023690542291320
0.023875624652971
0.024060707014622
0.024245789376272
0.024430871737923
0.024615954099574
0.024801036461225
0.024986118822876
0.025171201184527
0.025356283546178
0.025541365907829
0.025726448269480
0.025911530631131
0.026096612992782
0.026281695354433
0.026466777716084
0.000185082361651
0.000185082361651
0.000185082361651
0.000185082361651
0.000185082361651
0.000185082361651
0.000185082361651
0.000185082361651
0.000185082361651
0.000185082361651
0.000185082361651
0.000185082361651
0.000185082361651
0.000185082361651
0.000185082361651
0.000185082361651
0.000185082361651
0.000185082361651
0.000185082361651
0.000185082361651
0.000185082361651
0.000185082361651
0.000185082361651
0.000185082361651
0.000185082361651
0.000185082361651
0.000185082361651
0.000185082361651
0.000185082361651
0.000185082361651
0.000185082361651
0.000185082361651
0.000185082361651
0.000185082361651
0.000185082361651
0.000185082361651
0.000185082361651
0.000185082361651
0.000185082361651
0.000185082361651
0.000185082361651
0.000185082361651
0.000185082361651
0.000185082361651
0.000185082361651
0.000185082361651
0.000185082361651
0.000185082361651
0.000185082361651
0.000185082361651
0.000185082361651
0.000185082361651
0.000185082361651
0.000185082361651
0.000185082361651
0.000185082361651
0.000185082361651
0.000185082361651
0.000185082361651
0.000185082361651
0.000185082361651
0.000185082361651
0.000185082361651
0.000185082361651
0.000185082361651
0.000185082361651
0.000185082361651
0.000185082361651
0.000185082361651
0.000185082361651
0.000185082361651
0.000185082361651
0.000185082361651
0.000185082361651
0.000185082361651
0.000185082361651
0.000185082361651
0.000185082361651
0.000185082361651
0.000185082361651
0.000185082361651
0.000185082361651
0.000185082361651
0.000185082361651
0.000185082361651
0.000185082361651
0.000185082361651
0.000185082361651
0.000185082361651
0.000185082361651
0.000185082361651
0.000185082361651
0.000185082361651
0.000185082361651
0.000185082361651
0.000185082361651
0.000185082361651
0.000185082361651
0.000185082361651
0.000185082361651
0.000185082361651
0.000185082361651
0.000185082361651
0.000185082361651
0.000185082361651
0.000185082361651
0.000185082361651
0.000185082361651
0.000185082361651
0.000185082361651
0.000185082361651
0.000185082361651
0.000185082361651
0.000185082361651
0.000185082361651
0.000185082361651
0.000185082361651
0.000185082361651
0.000185082361651
0.000185082361651
0.000185082361651
0.000185082361651
0.000185082361651
0.000185082361651
0.000185082361651
0.000185082361651
0.000185082361651
0.000185082361651
0.000185082361651
0.000185082361651
0.000185082361651
0.000185082361651
0.000185082361651
0.000185082361651
0.000185082361651
0.000185082361651
0.000185082361651
0.000185082361651
0.000185082361651
0.000185082361651
0.000185082361651
0.000185082361651
0.000185082361651
0.000185082361651
0.000185082361651
0.000185082361651
0.000185082361651
0.000185082361651
0.000185082361651
0.000185082361651
0.000185082361651
0.000185082361651
0.000185082361651
0.000185082361651
0.000185082361651
0.000185082361651
0.000185082361651
