1
0.018211323476379
0.018391633609809
0.018571943743238
0.018752253876668
0.018932564010097
0.019112874143527
0.019293184276956
0.019473494410386
0.019653804543815
0.019834114677245
0.020014424810674
0.020194734944104
0.020375045077533
0.020555355210963
0.020735665344392
0.020915975477822
0.021096285611251
0.021276595744681
0.021456905878110
0.021637216011540
0.021817526144969
0.021997836278399
0.022178146411828
0.022358456545258
0.022538766678687
0.022719076812117
0.022899386945546
0.023079697078976
0.023260007212405
0.023440317345835
0.023620627479264
0.023800937612694
0.023981247746123
0.024161557879553
0.024341868012982
0.024522178146412
0.024702488279841
0.024882798413271
0.025063108546700
0.025243418680130
0.025423728813559
0.025604038946989
0.025784349080418
0.025964659213848
0.000180310133429
0.000180310133429
0.000180310133429
0.000180310133429
0.000180310133429
0.000180310133429
0.000180310133429
0.000180310133429
0.000180310133429
0.000180310133429
0.000180310133429
0.000180310133429
0.000180310133429
0.000180310133429
0.000180310133429
0.000180310133429
0.000180310133429
0.000180310133429
0.000180310133429
0.000180310133429
0.000180310133429
0.000180310133429
0.000180310133429
0.000180310133429
0.000180310133429
0.000180310133429
0.000180310133429
0.000180310133429
0.000180310133429
0.000180310133429
0.000180310133429
0.000180310133429
0.000180310133429
0.000180310133429
0.000180310133429
0.000180310133429
0.000180310133429
0.000180310133429
0.000180310133429
0.000180310133429
0.000180310133429
0.000180310133429
0.000180310133429
0.000180310133429
0.000180310133429
0.000180310133429
0.000180310133429
0.000180310133429
0.000180310133429
0.000180310133429
0.000180310133429
0.000180310133429
0.000180310133429
0.000180310133429
0.000180310133429
0.000180310133429
0.000180310133429
0.000180310133429
0.000180310133429
0.000180310133429
0.000180310133429
0.000180310133429
0.000180310133429
0.000180310133429
0.000180310133429
0.000180310133429
0.000180310133429
0.000180310133429
0.000180310133429
0.000180310133429
0.000180310133429
0.000180310133429
0.000180310133429
0.000180310133429
0.000180310133429
0.000180310133429
0.000180310133429
0.000180310133429
0.000180310133429
0.000180310133429
0.000180310133429
0.000180310133429
0.000180310133429
0.000180310133429
0.000180310133429
0.000180310133429
0.000180310133429
0.000180310133429
0.000180310133429
0.000180310133429
0.000180310133429
0.000180310133429
0.000180310133429
0.000180310133429
0.000180310133429
0.000180310133429
0.000180310133429
0.000180310133429
0.000180310133429
0.000180310133429
0.000180310133429
0.000180310133429
0.000180310133429
0.000180310133429
0.000180310133429
0.000180310133429
0.000180310133429
0.000180310133429
0.000180310133429
0.000180310133429
0.000180310133429
0.000180310133429
0.000180310133429
0.000180310133429
0.000180310133429
0.000180310133429
0.000180310133429
0.000180310133429
0.000180310133429
0.000180310133429
0.000180310133429
0.000180310133429
0.000180310133429
0.000180310133429
0.000180310133429
0.000180310133429
0.000180310133429
0.000180310133429
0.000180310133429
0.000180310133429
0.000180310133429
0.000180310133429
0.000180310133429
0.000180310133429
0.000180310133429
0.000180310133429
0.000180310133429
0.000180310133429
0.000180310133429
0.000180310133429
0.000180310133429
0.000180310133429
0.000180310133429
0.000180310133429
0.000180310133429
0.000180310133429
0.000180310133429
0.000180310133429
0.000180310133429
0.000180310133429
0.000180310133429
0.000180310133429
0.000180310133429
0.000180310133429
0.000180310133429
0.000180310133429
