0.9999
0.017785726239438
0.017960061403218
0.018134379133482
0.018308679431973
0.018482962300433
0.018657227740607
0.018831475754237
0.019005706343066
0.019179919508836
0.019354115253289
0.019528293578167
0.019702454485213
0.019876597976169
0.020050724052775
0.020224832716774
0.020398923969906
0.020572997813913
0.020747054250536
0.020921093281515
0.021095114908591
0.021269119133504
0.021443105957994
0.021617075383803
0.021791027412668
0.021964962046331
0.022138879286530
0.022312779135006
0.022486661593496
0.022660526663741
0.022834374347478
0.023008204646448
0.023182017562387
0.023355813097035
0.023529591252129
0.023703352029408
0.023877095430609
0.024050821457470
0.024224530111728
0.024398221395121
0.024571895309385
0.024745551856258
0.024919191037477
0.025092812854777
0.025266417309895
0.025440004404568
0.000176113736404
0.000176113736404
0.000176113736404
0.000176113736404
0.000176113736404
0.000176113736404
0.000176113736404
0.000176113736404
0.000176113736404
0.000176113736404
0.000176113736404
0.000176113736404
0.000176113736404
0.000176113736404
0.000176113736404
0.000176113736404
0.000176113736404
0.000176113736404
0.000176113736404
0.000176113736404
0.000176113736404
0.000176113736404
0.000176113736404
0.000176113736404
0.000176113736404
0.000176113736404
0.000176113736404
0.000176113736404
0.000176113736404
0.000176113736404
0.000176113736404
0.000176113736404
0.000176113736404
0.000176113736404
0.000176113736404
0.000176113736404
0.000176113736404
0.000176113736404
0.000176113736404
0.000176113736404
0.000176113736404
0.000176113736404
0.000176113736404
0.000176113736404
0.000176113736404
0.000176113736404
0.000176113736404
0.000176113736404
0.000176113736404
0.000176113736404
0.000176113736404
0.000176113736404
0.000176113736404
0.000176113736404
0.000176113736404
0.000176113736404
0.000176113736404
0.000176113736404
0.000176113736404
0.000176113736404
0.000176113736404
0.000176113736404
0.000176113736404
0.000176113736404
0.000176113736404
0.000176113736404
0.000176113736404
0.000176113736404
0.000176113736404
0.000176113736404
0.000176113736404
0.000176113736404
0.000176113736404
0.000176113736404
0.000176113736404
0.000176113736404
0.000176113736404
0.000176113736404
0.000176113736404
0.000176113736404
0.000176113736404
0.000176113736404
0.000176113736404
0.000176113736404
0.000176113736404
0.000176113736404
0.000176113736404
0.000176113736404
0.000176113736404
0.000176113736404
0.000176113736404
0.000176113736404
0.000176113736404
0.000176113736404
0.000176113736404
0.000176113736404
0.000176113736404
0.000176113736404
0.000176113736404
0.000176113736404
0.000176113736404
0.000176113736404
0.000176113736404
0.000176113736404
0.000176113736404
0.000176113736404
0.000176113736404
0.000176113736404
0.000176113736404
0.000176113736404
0.000176113736404
0.000176113736404
0.000176113736404
0.000176113736404
0.000176113736404
0.000176113736404
0.000176113736404
0.000176113736404
0.000176113736404
0.000176113736404
0.000176113736404
0.000176113736404
0.000176113736404
0.000176113736404
0.000176113736404
0.000176113736404
0.000176113736404
0.000176113736404
0.000176113736404
0.000176113736404
0.000176113736404
0.000176113736404
0.000176113736404
0.000176113736404
0.000176113736404
0.000176113736404
0.000176113736404
0.000176113736404
0.000176113736404
0.000176113736404
0.000176113736404
0.000176113736404
0.000176113736404
0.000176113736404
0.000176113736404
0.000176113736404
0.000176113736404
0.000176113736404
0.000176113736404
0.000176113736404
0.000176113736404
0.000176113736404
0.000176113736404
0.000176113736404
0.000176113736404
