0.9999
0.017344525557345
0.017514536085058
0.017684529611718
0.017854506139026
0.018024465668681
0.018194408202383
0.018364333741831
0.018534242288726
0.018704133844766
0.018874008411650
0.019043865991078
0.019213706584747
0.019383530194358
0.019553336821607
0.019723126468194
0.019892899135816
0.020062654826171
0.020232393540957
0.020402115281872
0.020571820050612
0.020741507848876
0.020911178678360
0.021080832540761
0.021250469437776
0.021420089371101
0.021589692342432
0.021759278353467
0.021928847405900
0.022098399501429
0.022267934641747
0.022437452828552
0.022606954063538
0.022776438348400
0.022945905684834
0.023115356074534
0.023284789519196
0.023454206020513
0.023623605580179
0.023792988199890
0.023962353881339
0.024131702626220
0.024301034436226
0.024470349313051
0.024639647258388
0.024808928273931
0.024978192361373
0.000171744980269
0.000171744980269
0.000171744980269
0.000171744980269
0.000171744980269
0.000171744980269
0.000171744980269
0.000171744980269
0.000171744980269
0.000171744980269
0.000171744980269
0.000171744980269
0.000171744980269
0.000171744980269
0.000171744980269
0.000171744980269
0.000171744980269
0.000171744980269
0.000171744980269
0.000171744980269
0.000171744980269
0.000171744980269
0.000171744980269
0.000171744980269
0.000171744980269
0.000171744980269
0.000171744980269
0.000171744980269
0.000171744980269
0.000171744980269
0.000171744980269
0.000171744980269
0.000171744980269
0.000171744980269
0.000171744980269
0.000171744980269
0.000171744980269
0.000171744980269
0.000171744980269
0.000171744980269
0.000171744980269
0.000171744980269
0.000171744980269
0.000171744980269
0.000171744980269
0.000171744980269
0.000171744980269
0.000171744980269
0.000171744980269
0.000171744980269
0.000171744980269
0.000171744980269
0.000171744980269
0.000171744980269
0.000171744980269
0.000171744980269
0.000171744980269
0.000171744980269
0.000171744980269
0.000171744980269
0.000171744980269
0.000171744980269
0.000171744980269
0.000171744980269
0.000171744980269
0.000171744980269
0.000171744980269
0.000171744980269
0.000171744980269
0.000171744980269
0.000171744980269
0.000171744980269
0.000171744980269
0.000171744980269
0.000171744980269
0.000171744980269
0.000171744980269
0.000171744980269
0.000171744980269
0.000171744980269
0.000171744980269
0.000171744980269
0.000171744980269
0.000171744980269
0.000171744980269
0.000171744980269
0.000171744980269
0.000171744980269
0.000171744980269
0.000171744980269
0.000171744980269
0.000171744980269
0.000171744980269
0.000171744980269
0.000171744980269
0.000171744980269
0.000171744980269
0.000171744980269
0.000171744980269
0.000171744980269
0.000171744980269
0.000171744980269
0.000171744980269
0.000171744980269
0.000171744980269
0.000171744980269
0.000171744980269
0.000171744980269
0.000171744980269
0.000171744980269
0.000171744980269
0.000171744980269
0.000171744980269
0.000171744980269
0.000171744980269
0.000171744980269
0.000171744980269
0.000171744980269
0.000171744980269
0.000171744980269
0.000171744980269
0.000171744980269
0.000171744980269
0.000171744980269
0.000171744980269
0.000171744980269
0.000171744980269
0.000171744980269
0.000171744980269
0.000171744980269
0.000171744980269
0.000171744980269
0.000171744980269
0.000171744980269
0.000171744980269
0.000171744980269
0.000171744980269
0.000171744980269
0.000171744980269
0.000171744980269
0.000171744980269
0.000171744980269
0.000171744980269
0.000171744980269
0.000171744980269
0.000171744980269
0.000171744980269
0.000171744980269
0.000171744980269
0.000171744980269
0.000171744980269
0.000171744980269
0.000171744980269
0.000171744980269
