0.9999
0.016921889611336
0.017087757473978
0.017253608749833
0.017419443440560
0.017585261547819
0.017751063073267
0.017916848018562
0.018082616385362
0.018248368175326
0.018414103390111
0.018579822031375
0.018745524100774
0.018911209599967
0.019076878530609
0.019242530894359
0.019408166692872
0.019573785927805
0.019739388600815
0.019904974713557
0.020070544267688
0.020236097264864
0.020401633706740
0.020567153594972
0.020732656931215
0.020898143717124
0.021063613954355
0.021229067644562
0.021394504789400
0.021559925390524
0.021725329449587
0.021890716968244
0.022056087948150
0.022221442390958
0.022386780298321
0.022552101671894
0.022717406513329
0.022882694824280
0.023047966606401
0.023213221861342
0.023378460590759
0.023543682796302
0.023708888479625
0.023874077642380
0.024039250286218
0.024204406412792
0.024369546023753
0.024534669120753
0.000167560051602
0.000167560051602
0.000167560051602
0.000167560051602
0.000167560051602
0.000167560051602
0.000167560051602
0.000167560051602
0.000167560051602
0.000167560051602
0.000167560051602
0.000167560051602
0.000167560051602
0.000167560051602
0.000167560051602
0.000167560051602
0.000167560051602
0.000167560051602
0.000167560051602
0.000167560051602
0.000167560051602
0.000167560051602
0.000167560051602
0.000167560051602
0.000167560051602
0.000167560051602
0.000167560051602
0.000167560051602
0.000167560051602
0.000167560051602
0.000167560051602
0.000167560051602
0.000167560051602
0.000167560051602
0.000167560051602
0.000167560051602
0.000167560051602
0.000167560051602
0.000167560051602
0.000167560051602
0.000167560051602
0.000167560051602
0.000167560051602
0.000167560051602
0.000167560051602
0.000167560051602
0.000167560051602
0.000167560051602
0.000167560051602
0.000167560051602
0.000167560051602
0.000167560051602
0.000167560051602
0.000167560051602
0.000167560051602
0.000167560051602
0.000167560051602
0.000167560051602
0.000167560051602
0.000167560051602
0.000167560051602
0.000167560051602
0.000167560051602
0.000167560051602
0.000167560051602
0.000167560051602
0.000167560051602
0.000167560051602
0.000167560051602
0.000167560051602
0.000167560051602
0.000167560051602
0.000167560051602
0.000167560051602
0.000167560051602
0.000167560051602
0.000167560051602
0.000167560051602
0.000167560051602
0.000167560051602
0.000167560051602
0.000167560051602
0.000167560051602
0.000167560051602
0.000167560051602
0.000167560051602
0.000167560051602
0.000167560051602
0.000167560051602
0.000167560051602
0.000167560051602
0.000167560051602
0.000167560051602
0.000167560051602
0.000167560051602
0.000167560051602
0.000167560051602
0.000167560051602
0.000167560051602
0.000167560051602
0.000167560051602
0.000167560051602
0.000167560051602
0.000167560051602
0.000167560051602
0.000167560051602
0.000167560051602
0.000167560051602
0.000167560051602
0.000167560051602
0.000167560051602
0.000167560051602
0.000167560051602
0.000167560051602
0.000167560051602
0.000167560051602
0.000167560051602
0.000167560051602
0.000167560051602
0.000167560051602
0.000167560051602
0.000167560051602
0.000167560051602
0.000167560051602
0.000167560051602
0.000167560051602
0.000167560051602
0.000167560051602
0.000167560051602
0.000167560051602
0.000167560051602
0.000167560051602
0.000167560051602
0.000167560051602
0.000167560051602
0.000167560051602
0.000167560051602
0.000167560051602
0.000167560051602
0.000167560051602
0.000167560051602
0.000167560051602
0.000167560051602
0.000167560051602
0.000167560051602
0.000167560051602
0.000167560051602
0.000167560051602
0.000167560051602
0.000167560051602
0.000167560051602
0.000167560051602
0.000167560051602
