1
0.016481723237598
0.016644908616188
0.016808093994778
0.016971279373368
0.017134464751958
0.017297650130548
0.017460835509138
0.017624020887728
0.017787206266319
0.017950391644909
0.018113577023499
0.018276762402089
0.018439947780679
0.018603133159269
0.018766318537859
0.018929503916449
0.019092689295039
0.019255874673629
0.019419060052219
0.019582245430809
0.019745430809399
0.019908616187990
0.020071801566580
0.020234986945170
0.020398172323760
0.020561357702350
0.020724543080940
0.020887728459530
0.021050913838120
0.021214099216710
0.021377284595300
0.021540469973890
0.021703655352480
0.021866840731070
0.022030026109661
0.022193211488251
0.022356396866841
0.022519582245431
0.022682767624021
0.022845953002611
0.023009138381201
0.023172323759791
0.023335509138381
0.023498694516971
0.023661879895561
0.023825065274151
0.023988250652742
0.024151436031332
0.000163185378590
0.000163185378590
0.000163185378590
0.000163185378590
0.000163185378590
0.000163185378590
0.000163185378590
0.000163185378590
0.000163185378590
0.000163185378590
0.000163185378590
0.000163185378590
0.000163185378590
0.000163185378590
0.000163185378590
0.000163185378590
0.000163185378590
0.000163185378590
0.000163185378590
0.000163185378590
0.000163185378590
0.000163185378590
0.000163185378590
0.000163185378590
0.000163185378590
0.000163185378590
0.000163185378590
0.000163185378590
0.000163185378590
0.000163185378590
0.000163185378590
0.000163185378590
0.000163185378590
0.000163185378590
0.000163185378590
0.000163185378590
0.000163185378590
0.000163185378590
0.000163185378590
0.000163185378590
0.000163185378590
0.000163185378590
0.000163185378590
0.000163185378590
0.000163185378590
0.000163185378590
0.000163185378590
0.000163185378590
0.000163185378590
0.000163185378590
0.000163185378590
0.000163185378590
0.000163185378590
0.000163185378590
0.000163185378590
0.000163185378590
0.000163185378590
0.000163185378590
0.000163185378590
0.000163185378590
0.000163185378590
0.000163185378590
0.000163185378590
0.000163185378590
0.000163185378590
0.000163185378590
0.000163185378590
0.000163185378590
0.000163185378590
0.000163185378590
0.000163185378590
0.000163185378590
0.000163185378590
0.000163185378590
0.000163185378590
0.000163185378590
0.000163185378590
0.000163185378590
0.000163185378590
0.000163185378590
0.000163185378590
0.000163185378590
0.000163185378590
0.000163185378590
0.000163185378590
0.000163185378590
0.000163185378590
0.000163185378590
0.000163185378590
0.000163185378590
0.000163185378590
0.000163185378590
0.000163185378590
0.000163185378590
0.000163185378590
0.000163185378590
0.000163185378590
0.000163185378590
0.000163185378590
0.000163185378590
0.000163185378590
0.000163185378590
0.000163185378590
0.000163185378590
0.000163185378590
0.000163185378590
0.000163185378590
0.000163185378590
0.000163185378590
0.000163185378590
0.000163185378590
0.000163185378590
0.000163185378590
0.000163185378590
0.000163185378590
0.000163185378590
0.000163185378590
0.000163185378590
0.000163185378590
0.000163185378590
0.000163185378590
0.000163185378590
0.000163185378590
0.000163185378590
0.000163185378590
0.000163185378590
0.000163185378590
0.000163185378590
0.000163185378590
0.000163185378590
0.000163185378590
0.000163185378590
0.000163185378590
0.000163185378590
0.000163185378590
0.000163185378590
0.000163185378590
0.000163185378590
0.000163185378590
0.000163185378590
0.000163185378590
0.000163185378590
0.000163185378590
0.000163185378590
0.000163185378590
0.000163185378590
0.000163185378590
0.000163185378590
0.000163185378590
0.000163185378590
0.000163185378590
0.000163185378590
