1
0.016093052899936
0.016252390057361
0.016411727214786
0.016571064372212
0.016730401529637
0.016889738687062
0.017049075844487
0.017208413001912
0.017367750159337
0.017527087316762
0.017686424474187
0.017845761631612
0.018005098789038
0.018164435946463
0.018323773103888
0.018483110261313
0.018642447418738
0.018801784576163
0.018961121733588
0.019120458891013
0.019279796048438
0.019439133205864
0.019598470363289
0.019757807520714
0.019917144678139
0.020076481835564
0.020235818992989
0.020395156150414
0.020554493307839
0.020713830465264
0.020873167622690
0.021032504780115
0.021191841937540
0.021351179094965
0.021510516252390
0.021669853409815
0.021829190567240
0.021988527724665
0.022147864882091
0.022307202039516
0.022466539196941
0.022625876354366
0.022785213511791
0.022944550669216
0.023103887826641
0.023263224984066
0.023422562141491
0.023581899298917
0.023741236456342
0.000159337157425
0.000159337157425
0.000159337157425
0.000159337157425
0.000159337157425
0.000159337157425
0.000159337157425
0.000159337157425
0.000159337157425
0.000159337157425
0.000159337157425
0.000159337157425
0.000159337157425
0.000159337157425
0.000159337157425
0.000159337157425
0.000159337157425
0.000159337157425
0.000159337157425
0.000159337157425
0.000159337157425
0.000159337157425
0.000159337157425
0.000159337157425
0.000159337157425
0.000159337157425
0.000159337157425
0.000159337157425
0.000159337157425
0.000159337157425
0.000159337157425
0.000159337157425
0.000159337157425
0.000159337157425
0.000159337157425
0.000159337157425
0.000159337157425
0.000159337157425
0.000159337157425
0.000159337157425
0.000159337157425
0.000159337157425
0.000159337157425
0.000159337157425
0.000159337157425
0.000159337157425
0.000159337157425
0.000159337157425
0.000159337157425
0.000159337157425
0.000159337157425
0.000159337157425
0.000159337157425
0.000159337157425
0.000159337157425
0.000159337157425
0.000159337157425
0.000159337157425
0.000159337157425
0.000159337157425
0.000159337157425
0.000159337157425
0.000159337157425
0.000159337157425
0.000159337157425
0.000159337157425
0.000159337157425
0.000159337157425
0.000159337157425
0.000159337157425
0.000159337157425
0.000159337157425
0.000159337157425
0.000159337157425
0.000159337157425
0.000159337157425
0.000159337157425
0.000159337157425
0.000159337157425
0.000159337157425
0.000159337157425
0.000159337157425
0.000159337157425
0.000159337157425
0.000159337157425
0.000159337157425
0.000159337157425
0.000159337157425
0.000159337157425
0.000159337157425
0.000159337157425
0.000159337157425
0.000159337157425
0.000159337157425
0.000159337157425
0.000159337157425
0.000159337157425
0.000159337157425
0.000159337157425
0.000159337157425
0.000159337157425
0.000159337157425
0.000159337157425
0.000159337157425
0.000159337157425
0.000159337157425
0.000159337157425
0.000159337157425
0.000159337157425
0.000159337157425
0.000159337157425
0.000159337157425
0.000159337157425
0.000159337157425
0.000159337157425
0.000159337157425
0.000159337157425
0.000159337157425
0.000159337157425
0.000159337157425
0.000159337157425
0.000159337157425
0.000159337157425
0.000159337157425
0.000159337157425
0.000159337157425
0.000159337157425
0.000159337157425
0.000159337157425
0.000159337157425
0.000159337157425
0.000159337157425
0.000159337157425
0.000159337157425
0.000159337157425
0.000159337157425
0.000159337157425
0.000159337157425
0.000159337157425
0.000159337157425
0.000159337157425
0.000159337157425
0.000159337157425
0.000159337157425
0.000159337157425
0.000159337157425
0.000159337157425
0.000159337157425
0.000159337157425
0.000159337157425
0.000159337157425
