1
0.015719844357977
0.015875486381323
0.016031128404669
0.016186770428016
0.016342412451362
0.016498054474708
0.016653696498054
0.016809338521401
0.016964980544747
0.017120622568093
0.017276264591440
0.017431906614786
0.017587548638132
0.017743190661479
0.017898832684825
0.018054474708171
0.018210116731518
0.018365758754864
0.018521400778210
0.018677042801556
0.018832684824903
0.018988326848249
0.019143968871595
0.019299610894942
0.019455252918288
0.019610894941634
0.019766536964981
0.019922178988327
0.020077821011673
0.020233463035019
0.020389105058366
0.020544747081712
0.020700389105058
0.020856031128405
0.021011673151751
0.021167315175097
0.021322957198444
0.021478599221790
0.021634241245136
0.021789883268482
0.021945525291829
0.022101167315175
0.022256809338521
0.022412451361868
0.022568093385214
0.022723735408560
0.022879377431907
0.023035019455253
0.023190661478599
0.023346303501946
0.000155642023346
0.000155642023346
0.000155642023346
0.000155642023346
0.000155642023346
0.000155642023346
0.000155642023346
0.000155642023346
0.000155642023346
0.000155642023346
0.000155642023346
0.000155642023346
0.000155642023346
0.000155642023346
0.000155642023346
0.000155642023346
0.000155642023346
0.000155642023346
0.000155642023346
0.000155642023346
0.000155642023346
0.000155642023346
0.000155642023346
0.000155642023346
0.000155642023346
0.000155642023346
0.000155642023346
0.000155642023346
0.000155642023346
0.000155642023346
0.000155642023346
0.000155642023346
0.000155642023346
0.000155642023346
0.000155642023346
0.000155642023346
0.000155642023346
0.000155642023346
0.000155642023346
0.000155642023346
0.000155642023346
0.000155642023346
0.000155642023346
0.000155642023346
0.000155642023346
0.000155642023346
0.000155642023346
0.000155642023346
0.000155642023346
0.000155642023346
0.000155642023346
0.000155642023346
0.000155642023346
0.000155642023346
0.000155642023346
0.000155642023346
0.000155642023346
0.000155642023346
0.000155642023346
0.000155642023346
0.000155642023346
0.000155642023346
0.000155642023346
0.000155642023346
0.000155642023346
0.000155642023346
0.000155642023346
0.000155642023346
0.000155642023346
0.000155642023346
0.000155642023346
0.000155642023346
0.000155642023346
0.000155642023346
0.000155642023346
0.000155642023346
0.000155642023346
0.000155642023346
0.000155642023346
0.000155642023346
0.000155642023346
0.000155642023346
0.000155642023346
0.000155642023346
0.000155642023346
0.000155642023346
0.000155642023346
0.000155642023346
0.000155642023346
0.000155642023346
0.000155642023346
0.000155642023346
0.000155642023346
0.000155642023346
0.000155642023346
0.000155642023346
0.000155642023346
0.000155642023346
0.000155642023346
0.000155642023346
0.000155642023346
0.000155642023346
0.000155642023346
0.000155642023346
0.000155642023346
0.000155642023346
0.000155642023346
0.000155642023346
0.000155642023346
0.000155642023346
0.000155642023346
0.000155642023346
0.000155642023346
0.000155642023346
0.000155642023346
0.000155642023346
0.000155642023346
0.000155642023346
0.000155642023346
0.000155642023346
0.000155642023346
0.000155642023346
0.000155642023346
0.000155642023346
0.000155642023346
0.000155642023346
0.000155642023346
0.000155642023346
0.000155642023346
0.000155642023346
0.000155642023346
0.000155642023346
0.000155642023346
0.000155642023346
0.000155642023346
0.000155642023346
0.000155642023346
0.000155642023346
0.000155642023346
0.000155642023346
0.000155642023346
0.000155642023346
0.000155642023346
0.000155642023346
0.000155642023346
0.000155642023346
0.000155642023346
0.000155642023346
0.000155642023346
0.000155642023346
