0.9999
0.123946574493962
0.125161495159753
0.126376294333476
0.127590972027282
0.128805528253319
0.130019963023734
0.001227315323240
0.001227315323240
0.001227315323240
0.001227315323240
0.001227315323240
0.001227315323240
0.001227315323240
0.001227315323240
0.001227315323240
0.001227315323240
0.001227315323240
0.001227315323240
0.001227315323240
0.001227315323240
0.001227315323240
0.001227315323240
0.001227315323240
0.001227315323240
0.001227315323240
0.001227315323240
0.001227315323240
0.001227315323240
0.001227315323240
0.001227315323240
0.001227315323240
0.001227315323240
0.001227315323240
0.001227315323240
0.001227315323240
0.001227315323240
0.001227315323240
0.001227315323240
0.001227315323240
0.001227315323240
0.001227315323240
0.001227315323240
0.001227315323240
0.001227315323240
0.001227315323240
0.001227315323240
0.001227315323240
0.001227315323240
0.001227315323240
0.001227315323240
0.001227315323240
0.001227315323240
0.001227315323240
0.001227315323240
0.001227315323240
0.001227315323240
0.001227315323240
0.001227315323240
0.001227315323240
0.001227315323240
0.001227315323240
0.001227315323240
0.001227315323240
0.001227315323240
0.001227315323240
0.001227315323240
0.001227315323240
0.001227315323240
0.001227315323240
0.001227315323240
0.001227315323240
0.001227315323240
0.001227315323240
0.001227315323240
0.001227315323240
0.001227315323240
0.001227315323240
0.001227315323240
0.001227315323240
0.001227315323240
0.001227315323240
0.001227315323240
0.001227315323240
0.001227315323240
0.001227315323240
0.001227315323240
0.001227315323240
0.001227315323240
0.001227315323240
0.001227315323240
0.001227315323240
0.001227315323240
0.001227315323240
0.001227315323240
0.001227315323240
0.001227315323240
0.001227315323240
0.001227315323240
0.001227315323240
0.001227315323240
0.001227315323240
0.001227315323240
0.001227315323240
0.001227315323240
0.001227315323240
0.001227315323240
0.001227315323240
0.001227315323240
0.001227315323240
0.001227315323240
0.001227315323240
0.001227315323240
0.001227315323240
0.001227315323240
0.001227315323240
0.001227315323240
0.001227315323240
0.001227315323240
0.001227315323240
0.001227315323240
0.001227315323240
0.001227315323240
0.001227315323240
0.001227315323240
0.001227315323240
0.001227315323240
0.001227315323240
0.001227315323240
0.001227315323240
0.001227315323240
0.001227315323240
0.001227315323240
0.001227315323240
0.001227315323240
0.001227315323240
0.001227315323240
0.001227315323240
0.001227315323240
0.001227315323240
0.001227315323240
0.001227315323240
0.001227315323240
0.001227315323240
0.001227315323240
0.001227315323240
0.001227315323240
0.001227315323240
0.001227315323240
0.001227315323240
0.001227315323240
0.001227315323240
0.001227315323240
0.001227315323240
0.001227315323240
0.001227315323240
0.001227315323240
0.001227315323240
0.001227315323240
0.001227315323240
0.001227315323240
0.001227315323240
0.001227315323240
0.001227315323240
0.001227315323240
0.001227315323240
0.001227315323240
0.001227315323240
0.001227315323240
0.001227315323240
0.001227315323240
0.001227315323240
0.001227315323240
0.001227315323240
0.001227315323240
0.001227315323240
0.001227315323240
0.001227315323240
0.001227315323240
0.001227315323240
0.001227315323240
0.001227315323240
0.001227315323240
0.001227315323240
0.001227315323240
0.001227315323240
0.001227315323240
0.001227315323240
0.001227315323240
0.001227315323240
0.001227315323240
0.001227315323240
0.001227315323240
0.001227315323240
0.001227315323240
0.001227315323240
0.001227315323240
0.001227315323240
0.001227315323240
0.001227315323240
0.001227315323240
