1
0.015361216730038
0.015513307984791
0.015665399239544
0.015817490494297
0.015969581749049
0.016121673003802
0.016273764258555
0.016425855513308
0.016577946768061
0.016730038022814
0.016882129277567
0.017034220532319
0.017186311787072
0.017338403041825
0.017490494296578
0.017642585551331
0.017794676806084
0.017946768060837
0.018098859315589
0.018250950570342
0.018403041825095
0.018555133079848
0.018707224334601
0.018859315589354
0.019011406844106
0.019163498098859
0.019315589353612
0.019467680608365
0.019619771863118
0.019771863117871
0.019923954372624
0.020076045627376
0.020228136882129
0.020380228136882
0.020532319391635
0.020684410646388
0.020836501901141
0.020988593155894
0.021140684410646
0.021292775665399
0.021444866920152
0.021596958174905
0.021749049429658
0.021901140684411
0.022053231939163
0.022205323193916
0.022357414448669
0.022509505703422
0.022661596958175
0.022813688212928
0.022965779467681
0.000152091254753
0.000152091254753
0.000152091254753
0.000152091254753
0.000152091254753
0.000152091254753
0.000152091254753
0.000152091254753
0.000152091254753
0.000152091254753
0.000152091254753
0.000152091254753
0.000152091254753
0.000152091254753
0.000152091254753
0.000152091254753
0.000152091254753
0.000152091254753
0.000152091254753
0.000152091254753
0.000152091254753
0.000152091254753
0.000152091254753
0.000152091254753
0.000152091254753
0.000152091254753
0.000152091254753
0.000152091254753
0.000152091254753
0.000152091254753
0.000152091254753
0.000152091254753
0.000152091254753
0.000152091254753
0.000152091254753
0.000152091254753
0.000152091254753
0.000152091254753
0.000152091254753
0.000152091254753
0.000152091254753
0.000152091254753
0.000152091254753
0.000152091254753
0.000152091254753
0.000152091254753
0.000152091254753
0.000152091254753
0.000152091254753
0.000152091254753
0.000152091254753
0.000152091254753
0.000152091254753
0.000152091254753
0.000152091254753
0.000152091254753
0.000152091254753
0.000152091254753
0.000152091254753
0.000152091254753
0.000152091254753
0.000152091254753
0.000152091254753
0.000152091254753
0.000152091254753
0.000152091254753
0.000152091254753
0.000152091254753
0.000152091254753
0.000152091254753
0.000152091254753
0.000152091254753
0.000152091254753
0.000152091254753
0.000152091254753
0.000152091254753
0.000152091254753
0.000152091254753
0.000152091254753
0.000152091254753
0.000152091254753
0.000152091254753
0.000152091254753
0.000152091254753
0.000152091254753
0.000152091254753
0.000152091254753
0.000152091254753
0.000152091254753
0.000152091254753
0.000152091254753
0.000152091254753
0.000152091254753
0.000152091254753
0.000152091254753
0.000152091254753
0.000152091254753
0.000152091254753
0.000152091254753
0.000152091254753
0.000152091254753
0.000152091254753
0.000152091254753
0.000152091254753
0.000152091254753
0.000152091254753
0.000152091254753
0.000152091254753
0.000152091254753
0.000152091254753
0.000152091254753
0.000152091254753
0.000152091254753
0.000152091254753
0.000152091254753
0.000152091254753
0.000152091254753
0.000152091254753
0.000152091254753
0.000152091254753
0.000152091254753
0.000152091254753
0.000152091254753
0.000152091254753
0.000152091254753
0.000152091254753
0.000152091254753
0.000152091254753
0.000152091254753
0.000152091254753
0.000152091254753
0.000152091254753
0.000152091254753
0.000152091254753
0.000152091254753
0.000152091254753
0.000152091254753
0.000152091254753
0.000152091254753
0.000152091254753
0.000152091254753
0.000152091254753
0.000152091254753
0.000152091254753
0.000152091254753
0.000152091254753
0.000152091254753
0.000152091254753
0.000152091254753
