0.9999
0.015050886597216
0.015198414943523
0.015345928536994
0.015493427379107
0.015640911471335
0.015788380815154
0.015935835412038
0.016083275263463
0.016230700370902
0.016378110735831
0.016525506359724
0.016672887244054
0.016820253390295
0.016967604799922
0.017114941474408
0.017262263415227
0.017409570623851
0.017556863101755
0.017704140850411
0.017851403871292
0.017998652165871
0.018145885735620
0.018293104582012
0.018440308706520
0.018587498110616
0.018734672795771
0.018881832763457
0.019028978015147
0.019176108552311
0.019323224376422
0.019470325488950
0.019617411891367
0.019764483585144
0.019911540571752
0.020058582852661
0.020205610429341
0.020352623303264
0.020499621475900
0.020646604948718
0.020793573723190
0.020940527800783
0.021087467182969
0.021234391871217
0.021381301866996
0.021528197171775
0.021675077787024
0.021821943714211
0.021968794954806
0.022115631510276
0.022262453382091
0.022409260571719
0.022556053080628
0.000149033434966
0.000149033434966
0.000149033434966
0.000149033434966
0.000149033434966
0.000149033434966
0.000149033434966
0.000149033434966
0.000149033434966
0.000149033434966
0.000149033434966
0.000149033434966
0.000149033434966
0.000149033434966
0.000149033434966
0.000149033434966
0.000149033434966
0.000149033434966
0.000149033434966
0.000149033434966
0.000149033434966
0.000149033434966
0.000149033434966
0.000149033434966
0.000149033434966
0.000149033434966
0.000149033434966
0.000149033434966
0.000149033434966
0.000149033434966
0.000149033434966
0.000149033434966
0.000149033434966
0.000149033434966
0.000149033434966
0.000149033434966
0.000149033434966
0.000149033434966
0.000149033434966
0.000149033434966
0.000149033434966
0.000149033434966
0.000149033434966
0.000149033434966
0.000149033434966
0.000149033434966
0.000149033434966
0.000149033434966
0.000149033434966
0.000149033434966
0.000149033434966
0.000149033434966
0.000149033434966
0.000149033434966
0.000149033434966
0.000149033434966
0.000149033434966
0.000149033434966
0.000149033434966
0.000149033434966
0.000149033434966
0.000149033434966
0.000149033434966
0.000149033434966
0.000149033434966
0.000149033434966
0.000149033434966
0.000149033434966
0.000149033434966
0.000149033434966
0.000149033434966
0.000149033434966
0.000149033434966
0.000149033434966
0.000149033434966
0.000149033434966
0.000149033434966
0.000149033434966
0.000149033434966
0.000149033434966
0.000149033434966
0.000149033434966
0.000149033434966
0.000149033434966
0.000149033434966
0.000149033434966
0.000149033434966
0.000149033434966
0.000149033434966
0.000149033434966
0.000149033434966
0.000149033434966
0.000149033434966
0.000149033434966
0.000149033434966
0.000149033434966
0.000149033434966
0.000149033434966
0.000149033434966
0.000149033434966
0.000149033434966
0.000149033434966
0.000149033434966
0.000149033434966
0.000149033434966
0.000149033434966
0.000149033434966
0.000149033434966
0.000149033434966
0.000149033434966
0.000149033434966
0.000149033434966
0.000149033434966
0.000149033434966
0.000149033434966
0.000149033434966
0.000149033434966
0.000149033434966
0.000149033434966
0.000149033434966
0.000149033434966
0.000149033434966
0.000149033434966
0.000149033434966
0.000149033434966
0.000149033434966
0.000149033434966
0.000149033434966
0.000149033434966
0.000149033434966
0.000149033434966
0.000149033434966
0.000149033434966
0.000149033434966
0.000149033434966
0.000149033434966
0.000149033434966
0.000149033434966
0.000149033434966
0.000149033434966
0.000149033434966
0.000149033434966
0.000149033434966
0.000149033434966
0.000149033434966
0.000149033434966
0.000149033434966
0.000149033434966
