1
0.014684501308520
0.014829892410584
0.014975283512649
0.015120674614714
0.015266065716778
0.015411456818843
0.015556847920907
0.015702239022972
0.015847630125036
0.015993021227101
0.016138412329165
0.016283803431230
0.016429194533295
0.016574585635359
0.016719976737424
0.016865367839488
0.017010758941553
0.017156150043617
0.017301541145682
0.017446932247746
0.017592323349811
0.017737714451876
0.017883105553940
0.018028496656005
0.018173887758069
0.018319278860134
0.018464669962198
0.018610061064263
0.018755452166327
0.018900843268392
0.019046234370457
0.019191625472521
0.019337016574586
0.019482407676650
0.019627798778715
0.019773189880779
0.019918580982844
0.020063972084908
0.020209363186973
0.020354754289038
0.020500145391102
0.020645536493167
0.020790927595231
0.020936318697296
0.021081709799360
0.021227100901425
0.021372492003489
0.021517883105554
0.021663274207618
0.021808665309683
0.021954056411748
0.022099447513812
0.022244838615877
0.000145391102065
0.000145391102065
0.000145391102065
0.000145391102065
0.000145391102065
0.000145391102065
0.000145391102065
0.000145391102065
0.000145391102065
0.000145391102065
0.000145391102065
0.000145391102065
0.000145391102065
0.000145391102065
0.000145391102065
0.000145391102065
0.000145391102065
0.000145391102065
0.000145391102065
0.000145391102065
0.000145391102065
0.000145391102065
0.000145391102065
0.000145391102065
0.000145391102065
0.000145391102065
0.000145391102065
0.000145391102065
0.000145391102065
0.000145391102065
0.000145391102065
0.000145391102065
0.000145391102065
0.000145391102065
0.000145391102065
0.000145391102065
0.000145391102065
0.000145391102065
0.000145391102065
0.000145391102065
0.000145391102065
0.000145391102065
0.000145391102065
0.000145391102065
0.000145391102065
0.000145391102065
0.000145391102065
0.000145391102065
0.000145391102065
0.000145391102065
0.000145391102065
0.000145391102065
0.000145391102065
0.000145391102065
0.000145391102065
0.000145391102065
0.000145391102065
0.000145391102065
0.000145391102065
0.000145391102065
0.000145391102065
0.000145391102065
0.000145391102065
0.000145391102065
0.000145391102065
0.000145391102065
0.000145391102065
0.000145391102065
0.000145391102065
0.000145391102065
0.000145391102065
0.000145391102065
0.000145391102065
0.000145391102065
0.000145391102065
0.000145391102065
0.000145391102065
0.000145391102065
0.000145391102065
0.000145391102065
0.000145391102065
0.000145391102065
0.000145391102065
0.000145391102065
0.000145391102065
0.000145391102065
0.000145391102065
0.000145391102065
0.000145391102065
0.000145391102065
0.000145391102065
0.000145391102065
0.000145391102065
0.000145391102065
0.000145391102065
0.000145391102065
0.000145391102065
0.000145391102065
0.000145391102065
0.000145391102065
0.000145391102065
0.000145391102065
0.000145391102065
0.000145391102065
0.000145391102065
0.000145391102065
0.000145391102065
0.000145391102065
0.000145391102065
0.000145391102065
0.000145391102065
0.000145391102065
0.000145391102065
0.000145391102065
0.000145391102065
0.000145391102065
0.000145391102065
0.000145391102065
0.000145391102065
0.000145391102065
0.000145391102065
0.000145391102065
0.000145391102065
0.000145391102065
0.000145391102065
0.000145391102065
0.000145391102065
0.000145391102065
0.000145391102065
0.000145391102065
0.000145391102065
0.000145391102065
0.000145391102065
0.000145391102065
0.000145391102065
0.000145391102065
0.000145391102065
0.000145391102065
0.000145391102065
0.000145391102065
0.000145391102065
0.000145391102065
0.000145391102065
0.000145391102065
0.000145391102065
0.000145391102065
0.000145391102065
