1
0.014364955198407
0.014507182477599
0.014649409756791
0.014791637035984
0.014933864315176
0.015076091594368
0.015218318873560
0.015360546152752
0.015502773431944
0.015645000711136
0.015787227990329
0.015929455269521
0.016071682548713
0.016213909827905
0.016356137107097
0.016498364386289
0.016640591665481
0.016782818944674
0.016925046223866
0.017067273503058
0.017209500782250
0.017351728061442
0.017493955340634
0.017636182619826
0.017778409899019
0.017920637178211
0.018062864457403
0.018205091736595
0.018347319015787
0.018489546294979
0.018631773574172
0.018774000853364
0.018916228132556
0.019058455411748
0.019200682690940
0.019342909970132
0.019485137249324
0.019627364528517
0.019769591807709
0.019911819086901
0.020054046366093
0.020196273645285
0.020338500924477
0.020480728203669
0.020622955482862
0.020765182762054
0.020907410041246
0.021049637320438
0.021191864599630
0.021334091878822
0.021476319158015
0.021618546437207
0.021760773716399
0.021903000995591
0.000142227279192
0.000142227279192
0.000142227279192
0.000142227279192
0.000142227279192
0.000142227279192
0.000142227279192
0.000142227279192
0.000142227279192
0.000142227279192
0.000142227279192
0.000142227279192
0.000142227279192
0.000142227279192
0.000142227279192
0.000142227279192
0.000142227279192
0.000142227279192
0.000142227279192
0.000142227279192
0.000142227279192
0.000142227279192
0.000142227279192
0.000142227279192
0.000142227279192
0.000142227279192
0.000142227279192
0.000142227279192
0.000142227279192
0.000142227279192
0.000142227279192
0.000142227279192
0.000142227279192
0.000142227279192
0.000142227279192
0.000142227279192
0.000142227279192
0.000142227279192
0.000142227279192
0.000142227279192
0.000142227279192
0.000142227279192
0.000142227279192
0.000142227279192
0.000142227279192
0.000142227279192
0.000142227279192
0.000142227279192
0.000142227279192
0.000142227279192
0.000142227279192
0.000142227279192
0.000142227279192
0.000142227279192
0.000142227279192
0.000142227279192
0.000142227279192
0.000142227279192
0.000142227279192
0.000142227279192
0.000142227279192
0.000142227279192
0.000142227279192
0.000142227279192
0.000142227279192
0.000142227279192
0.000142227279192
0.000142227279192
0.000142227279192
0.000142227279192
0.000142227279192
0.000142227279192
0.000142227279192
0.000142227279192
0.000142227279192
0.000142227279192
0.000142227279192
0.000142227279192
0.000142227279192
0.000142227279192
0.000142227279192
0.000142227279192
0.000142227279192
0.000142227279192
0.000142227279192
0.000142227279192
0.000142227279192
0.000142227279192
0.000142227279192
0.000142227279192
0.000142227279192
0.000142227279192
0.000142227279192
0.000142227279192
0.000142227279192
0.000142227279192
0.000142227279192
0.000142227279192
0.000142227279192
0.000142227279192
0.000142227279192
0.000142227279192
0.000142227279192
0.000142227279192
0.000142227279192
0.000142227279192
0.000142227279192
0.000142227279192
0.000142227279192
0.000142227279192
0.000142227279192
0.000142227279192
0.000142227279192
0.000142227279192
0.000142227279192
0.000142227279192
0.000142227279192
0.000142227279192
0.000142227279192
0.000142227279192
0.000142227279192
0.000142227279192
0.000142227279192
0.000142227279192
0.000142227279192
0.000142227279192
0.000142227279192
0.000142227279192
0.000142227279192
0.000142227279192
0.000142227279192
0.000142227279192
0.000142227279192
0.000142227279192
0.000142227279192
0.000142227279192
0.000142227279192
0.000142227279192
0.000142227279192
0.000142227279192
0.000142227279192
0.000142227279192
0.000142227279192
0.000142227279192
0.000142227279192
0.000142227279192
