0.9999
0.014091249044295
0.014229371051625
0.014367479246753
0.014505573631062
0.014643654205933
0.014781720972746
0.014919773932883
0.015057813087723
0.015195838438649
0.015333849987039
0.015471847734274
0.015609831681734
0.015747801830800
0.015885758182850
0.016023700739266
0.016161629501426
0.016299544470710
0.016437445648496
0.016575333036165
0.016713206635096
0.016851066446666
0.016988912472255
0.017126744713242
0.017264563171004
0.017402367846921
0.017540158742370
0.017677935858730
0.017815699197378
0.017953448759692
0.018091184547050
0.018228906560829
0.018366614802407
0.018504309273160
0.018641989974467
0.018779656907703
0.018917310074246
0.019054949475472
0.019192575112759
0.019330186987481
0.019467785101016
0.019605369454740
0.019742940050029
0.019880496888257
0.020018039970802
0.020155569299039
0.020293084874343
0.020430586698089
0.020568074771654
0.020705549096410
0.020843009673734
0.020980456505001
0.021117889591584
0.021255308934859
0.021392714536199
0.021530106396979
0.000139531132234
0.000139531132234
0.000139531132234
0.000139531132234
0.000139531132234
0.000139531132234
0.000139531132234
0.000139531132234
0.000139531132234
0.000139531132234
0.000139531132234
0.000139531132234
0.000139531132234
0.000139531132234
0.000139531132234
0.000139531132234
0.000139531132234
0.000139531132234
0.000139531132234
0.000139531132234
0.000139531132234
0.000139531132234
0.000139531132234
0.000139531132234
0.000139531132234
0.000139531132234
0.000139531132234
0.000139531132234
0.000139531132234
0.000139531132234
0.000139531132234
0.000139531132234
0.000139531132234
0.000139531132234
0.000139531132234
0.000139531132234
0.000139531132234
0.000139531132234
0.000139531132234
0.000139531132234
0.000139531132234
0.000139531132234
0.000139531132234
0.000139531132234
0.000139531132234
0.000139531132234
0.000139531132234
0.000139531132234
0.000139531132234
0.000139531132234
0.000139531132234
0.000139531132234
0.000139531132234
0.000139531132234
0.000139531132234
0.000139531132234
0.000139531132234
0.000139531132234
0.000139531132234
0.000139531132234
0.000139531132234
0.000139531132234
0.000139531132234
0.000139531132234
0.000139531132234
0.000139531132234
0.000139531132234
0.000139531132234
0.000139531132234
0.000139531132234
0.000139531132234
0.000139531132234
0.000139531132234
0.000139531132234
0.000139531132234
0.000139531132234
0.000139531132234
0.000139531132234
0.000139531132234
0.000139531132234
0.000139531132234
0.000139531132234
0.000139531132234
0.000139531132234
0.000139531132234
0.000139531132234
0.000139531132234
0.000139531132234
0.000139531132234
0.000139531132234
0.000139531132234
0.000139531132234
0.000139531132234
0.000139531132234
0.000139531132234
0.000139531132234
0.000139531132234
0.000139531132234
0.000139531132234
0.000139531132234
0.000139531132234
0.000139531132234
0.000139531132234
0.000139531132234
0.000139531132234
0.000139531132234
0.000139531132234
0.000139531132234
0.000139531132234
0.000139531132234
0.000139531132234
0.000139531132234
0.000139531132234
0.000139531132234
0.000139531132234
0.000139531132234
0.000139531132234
0.000139531132234
0.000139531132234
0.000139531132234
0.000139531132234
0.000139531132234
0.000139531132234
0.000139531132234
0.000139531132234
0.000139531132234
0.000139531132234
0.000139531132234
0.000139531132234
0.000139531132234
0.000139531132234
0.000139531132234
0.000139531132234
0.000139531132234
0.000139531132234
0.000139531132234
0.000139531132234
0.000139531132234
0.000139531132234
0.000139531132234
0.000139531132234
0.000139531132234
0.000139531132234
0.000139531132234
0.000139531132234
