0.9999
0.013794286292003
0.013929497479197
0.014064695145273
0.014199879291582
0.014335049919476
0.014470207030307
0.014605350625428
0.014740480706188
0.014875597273941
0.015010700330037
0.015145789875828
0.015280865912663
0.015415928441895
0.015550977464875
0.015686012982952
0.015821034997477
0.015956043509800
0.016091038521273
0.016226020033244
0.016360988047064
0.016495942564083
0.016630883585650
0.016765811113114
0.016900725147826
0.017035625691135
0.017170512744389
0.017305386308938
0.017440246386131
0.017575092977316
0.017709926083841
0.017844745707056
0.017979551848309
0.018114344508947
0.018249123690320
0.018383889393774
0.018518641620658
0.018653380372320
0.018788105650106
0.018922817455364
0.019057515789442
0.019192200653686
0.019326872049444
0.019461529978063
0.019596174440888
0.019730805439268
0.019865422974547
0.020000027048073
0.020134617661192
0.020269194815249
0.020403758511591
0.020538308751563
0.020672845536511
0.020807368867781
0.020941878746718
0.021076375174666
0.021210858152972
0.000136590615823
0.000136590615823
0.000136590615823
0.000136590615823
0.000136590615823
0.000136590615823
0.000136590615823
0.000136590615823
0.000136590615823
0.000136590615823
0.000136590615823
0.000136590615823
0.000136590615823
0.000136590615823
0.000136590615823
0.000136590615823
0.000136590615823
0.000136590615823
0.000136590615823
0.000136590615823
0.000136590615823
0.000136590615823
0.000136590615823
0.000136590615823
0.000136590615823
0.000136590615823
0.000136590615823
0.000136590615823
0.000136590615823
0.000136590615823
0.000136590615823
0.000136590615823
0.000136590615823
0.000136590615823
0.000136590615823
0.000136590615823
0.000136590615823
0.000136590615823
0.000136590615823
0.000136590615823
0.000136590615823
0.000136590615823
0.000136590615823
0.000136590615823
0.000136590615823
0.000136590615823
0.000136590615823
0.000136590615823
0.000136590615823
0.000136590615823
0.000136590615823
0.000136590615823
0.000136590615823
0.000136590615823
0.000136590615823
0.000136590615823
0.000136590615823
0.000136590615823
0.000136590615823
0.000136590615823
0.000136590615823
0.000136590615823
0.000136590615823
0.000136590615823
0.000136590615823
0.000136590615823
0.000136590615823
0.000136590615823
0.000136590615823
0.000136590615823
0.000136590615823
0.000136590615823
0.000136590615823
0.000136590615823
0.000136590615823
0.000136590615823
0.000136590615823
0.000136590615823
0.000136590615823
0.000136590615823
0.000136590615823
0.000136590615823
0.000136590615823
0.000136590615823
0.000136590615823
0.000136590615823
0.000136590615823
0.000136590615823
0.000136590615823
0.000136590615823
0.000136590615823
0.000136590615823
0.000136590615823
0.000136590615823
0.000136590615823
0.000136590615823
0.000136590615823
0.000136590615823
0.000136590615823
0.000136590615823
0.000136590615823
0.000136590615823
0.000136590615823
0.000136590615823
0.000136590615823
0.000136590615823
0.000136590615823
0.000136590615823
0.000136590615823
0.000136590615823
0.000136590615823
0.000136590615823
0.000136590615823
0.000136590615823
0.000136590615823
0.000136590615823
0.000136590615823
0.000136590615823
0.000136590615823
0.000136590615823
0.000136590615823
0.000136590615823
0.000136590615823
0.000136590615823
0.000136590615823
0.000136590615823
0.000136590615823
0.000136590615823
0.000136590615823
0.000136590615823
0.000136590615823
0.000136590615823
0.000136590615823
0.000136590615823
0.000136590615823
0.000136590615823
0.000136590615823
0.000136590615823
0.000136590615823
0.000136590615823
0.000136590615823
0.000136590615823
0.000136590615823
0.000136590615823
