0.9999
0.013507802852940
0.013640205937918
0.013772595782588
0.013904972388273
0.014037335756297
0.014169685887985
0.014302022784659
0.014434346447644
0.014566656878263
0.014698954077838
0.014831238047694
0.014963508789152
0.015095766303536
0.015228010592169
0.015360241656374
0.015492459497471
0.015624664116785
0.015756855515636
0.015889033695348
0.016021198657242
0.016153350402639
0.016285488932862
0.016417614249232
0.016549726353071
0.016681825245699
0.016813910928438
0.016945983402608
0.017078042669531
0.017210088730527
0.017342121586918
0.017474141240022
0.017606147691162
0.017738140941656
0.017870120992825
0.018002087845989
0.018134041502467
0.018265981963581
0.018397909230648
0.018529823304988
0.018661724187920
0.018793611880765
0.018925486384840
0.019057347701465
0.019189195831958
0.019321030777638
0.019452852539824
0.019584661119833
0.019716456518984
0.019848238738596
0.019980007779985
0.020111763644471
0.020243506333369
0.020375235847999
0.020506952189678
0.020638655359722
0.020770345359450
0.020902022190177
0.000133753865263
0.000133753865263
0.000133753865263
0.000133753865263
0.000133753865263
0.000133753865263
0.000133753865263
0.000133753865263
0.000133753865263
0.000133753865263
0.000133753865263
0.000133753865263
0.000133753865263
0.000133753865263
0.000133753865263
0.000133753865263
0.000133753865263
0.000133753865263
0.000133753865263
0.000133753865263
0.000133753865263
0.000133753865263
0.000133753865263
0.000133753865263
0.000133753865263
0.000133753865263
0.000133753865263
0.000133753865263
0.000133753865263
0.000133753865263
0.000133753865263
0.000133753865263
0.000133753865263
0.000133753865263
0.000133753865263
0.000133753865263
0.000133753865263
0.000133753865263
0.000133753865263
0.000133753865263
0.000133753865263
0.000133753865263
0.000133753865263
0.000133753865263
0.000133753865263
0.000133753865263
0.000133753865263
0.000133753865263
0.000133753865263
0.000133753865263
0.000133753865263
0.000133753865263
0.000133753865263
0.000133753865263
0.000133753865263
0.000133753865263
0.000133753865263
0.000133753865263
0.000133753865263
0.000133753865263
0.000133753865263
0.000133753865263
0.000133753865263
0.000133753865263
0.000133753865263
0.000133753865263
0.000133753865263
0.000133753865263
0.000133753865263
0.000133753865263
0.000133753865263
0.000133753865263
0.000133753865263
0.000133753865263
0.000133753865263
0.000133753865263
0.000133753865263
0.000133753865263
0.000133753865263
0.000133753865263
0.000133753865263
0.000133753865263
0.000133753865263
0.000133753865263
0.000133753865263
0.000133753865263
0.000133753865263
0.000133753865263
0.000133753865263
0.000133753865263
0.000133753865263
0.000133753865263
0.000133753865263
0.000133753865263
0.000133753865263
0.000133753865263
0.000133753865263
0.000133753865263
0.000133753865263
0.000133753865263
0.000133753865263
0.000133753865263
0.000133753865263
0.000133753865263
0.000133753865263
0.000133753865263
0.000133753865263
0.000133753865263
0.000133753865263
0.000133753865263
0.000133753865263
0.000133753865263
0.000133753865263
0.000133753865263
0.000133753865263
0.000133753865263
0.000133753865263
0.000133753865263
0.000133753865263
0.000133753865263
0.000133753865263
0.000133753865263
0.000133753865263
0.000133753865263
0.000133753865263
0.000133753865263
0.000133753865263
0.000133753865263
0.000133753865263
0.000133753865263
0.000133753865263
0.000133753865263
0.000133753865263
0.000133753865263
0.000133753865263
0.000133753865263
0.000133753865263
0.000133753865263
0.000133753865263
0.000133753865263
0.000133753865263
0.000133753865263
0.000133753865263
