0.9999
0.013231270205530
0.013360962725658
0.013490642276534
0.013620308859455
0.013749962475718
0.013879603126619
0.014009230813454
0.014138845537522
0.014268447300116
0.014398036102535
0.014527611946073
0.014657174832027
0.014786724761692
0.014916261736365
0.015045785757340
0.015175296825913
0.015304794943378
0.015434280111033
0.015563752330170
0.015693211602086
0.015822657928074
0.015952091309430
0.016081511747447
0.016210919243421
0.016340313798645
0.016469695414414
0.016599064092021
0.016728419832760
0.016857762637926
0.016987092508810
0.017116409446708
0.017245713452912
0.017375004528715
0.017504282675411
0.017633547894292
0.017762800186651
0.017892039553781
0.018021265996974
0.018150479517523
0.018279680116719
0.018408867795856
0.018538042556225
0.018667204399118
0.018796353325827
0.018925489337643
0.019054612435858
0.019183722621762
0.019312819896649
0.019441904261808
0.019570975718530
0.019700034268107
0.019829079911828
0.019958112650986
0.020087132486869
0.020216139420769
0.020345133453976
0.020474114587779
0.020603082823468
0.000131015647149
0.000131015647149
0.000131015647149
0.000131015647149
0.000131015647149
0.000131015647149
0.000131015647149
0.000131015647149
0.000131015647149
0.000131015647149
0.000131015647149
0.000131015647149
0.000131015647149
0.000131015647149
0.000131015647149
0.000131015647149
0.000131015647149
0.000131015647149
0.000131015647149
0.000131015647149
0.000131015647149
0.000131015647149
0.000131015647149
0.000131015647149
0.000131015647149
0.000131015647149
0.000131015647149
0.000131015647149
0.000131015647149
0.000131015647149
0.000131015647149
0.000131015647149
0.000131015647149
0.000131015647149
0.000131015647149
0.000131015647149
0.000131015647149
0.000131015647149
0.000131015647149
0.000131015647149
0.000131015647149
0.000131015647149
0.000131015647149
0.000131015647149
0.000131015647149
0.000131015647149
0.000131015647149
0.000131015647149
0.000131015647149
0.000131015647149
0.000131015647149
0.000131015647149
0.000131015647149
0.000131015647149
0.000131015647149
0.000131015647149
0.000131015647149
0.000131015647149
0.000131015647149
0.000131015647149
0.000131015647149
0.000131015647149
0.000131015647149
0.000131015647149
0.000131015647149
0.000131015647149
0.000131015647149
0.000131015647149
0.000131015647149
0.000131015647149
0.000131015647149
0.000131015647149
0.000131015647149
0.000131015647149
0.000131015647149
0.000131015647149
0.000131015647149
0.000131015647149
0.000131015647149
0.000131015647149
0.000131015647149
0.000131015647149
0.000131015647149
0.000131015647149
0.000131015647149
0.000131015647149
0.000131015647149
0.000131015647149
0.000131015647149
0.000131015647149
0.000131015647149
0.000131015647149
0.000131015647149
0.000131015647149
0.000131015647149
0.000131015647149
0.000131015647149
0.000131015647149
0.000131015647149
0.000131015647149
0.000131015647149
0.000131015647149
0.000131015647149
0.000131015647149
0.000131015647149
0.000131015647149
0.000131015647149
0.000131015647149
0.000131015647149
0.000131015647149
0.000131015647149
0.000131015647149
0.000131015647149
0.000131015647149
0.000131015647149
0.000131015647149
0.000131015647149
0.000131015647149
0.000131015647149
0.000131015647149
0.000131015647149
0.000131015647149
0.000131015647149
0.000131015647149
0.000131015647149
0.000131015647149
0.000131015647149
0.000131015647149
0.000131015647149
0.000131015647149
0.000131015647149
0.000131015647149
0.000131015647149
0.000131015647149
0.000131015647149
0.000131015647149
0.000131015647149
0.000131015647149
0.000131015647149
0.000131015647149
0.000131015647149
0.000131015647149
