1
0.012930482652669
0.013058507233389
0.013186531814108
0.013314556394828
0.013442580975547
0.013570605556267
0.013698630136986
0.013826654717706
0.013954679298425
0.014082703879145
0.014210728459864
0.014338753040584
0.014466777621303
0.014594802202023
0.014722826782742
0.014850851363462
0.014978875944181
0.015106900524901
0.015234925105620
0.015362949686340
0.015490974267059
0.015618998847779
0.015747023428498
0.015875048009218
0.016003072589937
0.016131097170657
0.016259121751376
0.016387146332096
0.016515170912815
0.016643195493535
0.016771220074254
0.016899244654974
0.017027269235693
0.017155293816413
0.017283318397132
0.017411342977852
0.017539367558571
0.017667392139291
0.017795416720010
0.017923441300730
0.018051465881449
0.018179490462169
0.018307515042888
0.018435539623608
0.018563564204327
0.018691588785047
0.018819613365766
0.018947637946486
0.019075662527205
0.019203687107925
0.019331711688644
0.019459736269364
0.019587760850083
0.019715785430803
0.019843810011522
0.019971834592242
0.020099859172961
0.020227883753681
0.020355908334400
0.000128024580719
0.000128024580719
0.000128024580719
0.000128024580719
0.000128024580719
0.000128024580719
0.000128024580719
0.000128024580719
0.000128024580719
0.000128024580719
0.000128024580719
0.000128024580719
0.000128024580719
0.000128024580719
0.000128024580719
0.000128024580719
0.000128024580719
0.000128024580719
0.000128024580719
0.000128024580719
0.000128024580719
0.000128024580719
0.000128024580719
0.000128024580719
0.000128024580719
0.000128024580719
0.000128024580719
0.000128024580719
0.000128024580719
0.000128024580719
0.000128024580719
0.000128024580719
0.000128024580719
0.000128024580719
0.000128024580719
0.000128024580719
0.000128024580719
0.000128024580719
0.000128024580719
0.000128024580719
0.000128024580719
0.000128024580719
0.000128024580719
0.000128024580719
0.000128024580719
0.000128024580719
0.000128024580719
0.000128024580719
0.000128024580719
0.000128024580719
0.000128024580719
0.000128024580719
0.000128024580719
0.000128024580719
0.000128024580719
0.000128024580719
0.000128024580719
0.000128024580719
0.000128024580719
0.000128024580719
0.000128024580719
0.000128024580719
0.000128024580719
0.000128024580719
0.000128024580719
0.000128024580719
0.000128024580719
0.000128024580719
0.000128024580719
0.000128024580719
0.000128024580719
0.000128024580719
0.000128024580719
0.000128024580719
0.000128024580719
0.000128024580719
0.000128024580719
0.000128024580719
0.000128024580719
0.000128024580719
0.000128024580719
0.000128024580719
0.000128024580719
0.000128024580719
0.000128024580719
0.000128024580719
0.000128024580719
0.000128024580719
0.000128024580719
0.000128024580719
0.000128024580719
0.000128024580719
0.000128024580719
0.000128024580719
0.000128024580719
0.000128024580719
0.000128024580719
0.000128024580719
0.000128024580719
0.000128024580719
0.000128024580719
0.000128024580719
0.000128024580719
0.000128024580719
0.000128024580719
0.000128024580719
0.000128024580719
0.000128024580719
0.000128024580719
0.000128024580719
0.000128024580719
0.000128024580719
0.000128024580719
0.000128024580719
0.000128024580719
0.000128024580719
0.000128024580719
0.000128024580719
0.000128024580719
0.000128024580719
0.000128024580719
0.000128024580719
0.000128024580719
0.000128024580719
0.000128024580719
0.000128024580719
0.000128024580719
0.000128024580719
0.000128024580719
0.000128024580719
0.000128024580719
0.000128024580719
0.000128024580719
0.000128024580719
0.000128024580719
0.000128024580719
0.000128024580719
0.000128024580719
0.000128024580719
0.000128024580719
0.000128024580719
