1
0.012672521957340
0.012797992471769
0.012923462986198
0.013048933500627
0.013174404015056
0.013299874529486
0.013425345043915
0.013550815558344
0.013676286072773
0.013801756587202
0.013927227101631
0.014052697616060
0.014178168130489
0.014303638644918
0.014429109159348
0.014554579673777
0.014680050188206
0.014805520702635
0.014930991217064
0.015056461731493
0.015181932245922
0.015307402760351
0.015432873274780
0.015558343789210
0.015683814303639
0.015809284818068
0.015934755332497
0.016060225846926
0.016185696361355
0.016311166875784
0.016436637390213
0.016562107904642
0.016687578419072
0.016813048933501
0.016938519447930
0.017063989962359
0.017189460476788
0.017314930991217
0.017440401505646
0.017565872020075
0.017691342534504
0.017816813048934
0.017942283563363
0.018067754077792
0.018193224592221
0.018318695106650
0.018444165621079
0.018569636135508
0.018695106649937
0.018820577164366
0.018946047678795
0.019071518193225
0.019196988707654
0.019322459222083
0.019447929736512
0.019573400250941
0.019698870765370
0.019824341279799
0.019949811794228
0.020075282308657
0.000125470514429
0.000125470514429
0.000125470514429
0.000125470514429
0.000125470514429
0.000125470514429
0.000125470514429
0.000125470514429
0.000125470514429
0.000125470514429
0.000125470514429
0.000125470514429
0.000125470514429
0.000125470514429
0.000125470514429
0.000125470514429
0.000125470514429
0.000125470514429
0.000125470514429
0.000125470514429
0.000125470514429
0.000125470514429
0.000125470514429
0.000125470514429
0.000125470514429
0.000125470514429
0.000125470514429
0.000125470514429
0.000125470514429
0.000125470514429
0.000125470514429
0.000125470514429
0.000125470514429
0.000125470514429
0.000125470514429
0.000125470514429
0.000125470514429
0.000125470514429
0.000125470514429
0.000125470514429
0.000125470514429
0.000125470514429
0.000125470514429
0.000125470514429
0.000125470514429
0.000125470514429
0.000125470514429
0.000125470514429
0.000125470514429
0.000125470514429
0.000125470514429
0.000125470514429
0.000125470514429
0.000125470514429
0.000125470514429
0.000125470514429
0.000125470514429
0.000125470514429
0.000125470514429
0.000125470514429
0.000125470514429
0.000125470514429
0.000125470514429
0.000125470514429
0.000125470514429
0.000125470514429
0.000125470514429
0.000125470514429
0.000125470514429
0.000125470514429
0.000125470514429
0.000125470514429
0.000125470514429
0.000125470514429
0.000125470514429
0.000125470514429
0.000125470514429
0.000125470514429
0.000125470514429
0.000125470514429
0.000125470514429
0.000125470514429
0.000125470514429
0.000125470514429
0.000125470514429
0.000125470514429
0.000125470514429
0.000125470514429
0.000125470514429
0.000125470514429
0.000125470514429
0.000125470514429
0.000125470514429
0.000125470514429
0.000125470514429
0.000125470514429
0.000125470514429
0.000125470514429
0.000125470514429
0.000125470514429
0.000125470514429
0.000125470514429
0.000125470514429
0.000125470514429
0.000125470514429
0.000125470514429
0.000125470514429
0.000125470514429
0.000125470514429
0.000125470514429
0.000125470514429
0.000125470514429
0.000125470514429
0.000125470514429
0.000125470514429
0.000125470514429
0.000125470514429
0.000125470514429
0.000125470514429
0.000125470514429
0.000125470514429
0.000125470514429
0.000125470514429
0.000125470514429
0.000125470514429
0.000125470514429
0.000125470514429
0.000125470514429
0.000125470514429
0.000125470514429
0.000125470514429
0.000125470514429
0.000125470514429
0.000125470514429
0.000125470514429
0.000125470514429
0.000125470514429
0.000125470514429
0.000125470514429
0.000125470514429
