0.9999
0.104499681278471
0.109465880575915
0.114431583253429
0.119396789360675
0.124361498947310
0.129325712062987
0.134289428757352
0.004976649265572
0.004976649265572
0.004976649265572
0.004976649265572
0.004976649265572
0.004976649265572
0.004976649265572
0.004976649265572
0.004976649265572
0.004976649265572
0.004976649265572
0.004976649265572
0.004976649265572
0.004976649265572
0.004976649265572
0.004976649265572
0.004976649265572
0.004976649265572
0.004976649265572
0.004976649265572
0.004976649265572
0.004976649265572
0.004976649265572
0.004976649265572
0.004976649265572
0.004976649265572
0.004976649265572
0.004976649265572
0.004976649265572
0.004976649265572
0.004976649265572
0.004976649265572
0.004976649265572
