0.9999
0.012456595972134
0.012578695158286
0.012700782134518
0.012822856902053
0.012944919462111
0.013066969815914
0.013189007964680
0.013311033909632
0.013433047651990
0.013555049192973
0.013677038533802
0.013799015675697
0.013920980619878
0.014042933367565
0.014164873919976
0.014286802278333
0.014408718443853
0.014530622417757
0.014652514201264
0.014774393795592
0.014896261201961
0.015018116421589
0.015139959455696
0.015261790305499
0.015383608972216
0.015505415457068
0.015627209761270
0.015748991886043
0.015870761832603
0.015992519602168
0.016114265195956
0.016235998615185
0.016357719861072
0.016479428934834
0.016601125837689
0.016722810570854
0.016844483135545
0.016966143532980
0.017087791764375
0.017209427830947
0.017331051733912
0.017452663474487
0.017574263053888
0.017695850473331
0.017817425734032
0.017938988837208
0.018060539784072
0.018182078575842
0.018303605213733
0.018425119698960
0.018546622032739
0.018668112216284
0.018789590250811
0.018911056137534
0.019032509877669
0.019153951472429
0.019275380923031
0.019396798230687
0.019518203396612
0.019639596422021
0.019760977308127
0.000123344845748
0.000123344845748
0.000123344845748
0.000123344845748
0.000123344845748
0.000123344845748
0.000123344845748
0.000123344845748
0.000123344845748
0.000123344845748
0.000123344845748
0.000123344845748
0.000123344845748
0.000123344845748
0.000123344845748
0.000123344845748
0.000123344845748
0.000123344845748
0.000123344845748
0.000123344845748
0.000123344845748
0.000123344845748
0.000123344845748
0.000123344845748
0.000123344845748
0.000123344845748
0.000123344845748
0.000123344845748
0.000123344845748
0.000123344845748
0.000123344845748
0.000123344845748
0.000123344845748
0.000123344845748
0.000123344845748
0.000123344845748
0.000123344845748
0.000123344845748
0.000123344845748
0.000123344845748
0.000123344845748
0.000123344845748
0.000123344845748
0.000123344845748
0.000123344845748
0.000123344845748
0.000123344845748
0.000123344845748
0.000123344845748
0.000123344845748
0.000123344845748
0.000123344845748
0.000123344845748
0.000123344845748
0.000123344845748
0.000123344845748
0.000123344845748
0.000123344845748
0.000123344845748
0.000123344845748
0.000123344845748
0.000123344845748
0.000123344845748
0.000123344845748
0.000123344845748
0.000123344845748
0.000123344845748
0.000123344845748
0.000123344845748
0.000123344845748
0.000123344845748
0.000123344845748
0.000123344845748
0.000123344845748
0.000123344845748
0.000123344845748
0.000123344845748
0.000123344845748
0.000123344845748
0.000123344845748
0.000123344845748
0.000123344845748
0.000123344845748
0.000123344845748
0.000123344845748
0.000123344845748
0.000123344845748
0.000123344845748
0.000123344845748
0.000123344845748
0.000123344845748
0.000123344845748
0.000123344845748
0.000123344845748
0.000123344845748
0.000123344845748
0.000123344845748
0.000123344845748
0.000123344845748
0.000123344845748
0.000123344845748
0.000123344845748
0.000123344845748
0.000123344845748
0.000123344845748
0.000123344845748
0.000123344845748
0.000123344845748
0.000123344845748
0.000123344845748
0.000123344845748
0.000123344845748
0.000123344845748
0.000123344845748
0.000123344845748
0.000123344845748
0.000123344845748
0.000123344845748
0.000123344845748
0.000123344845748
0.000123344845748
0.000123344845748
0.000123344845748
0.000123344845748
0.000123344845748
0.000123344845748
0.000123344845748
0.000123344845748
0.000123344845748
0.000123344845748
0.000123344845748
0.000123344845748
0.000123344845748
0.000123344845748
0.000123344845748
0.000123344845748
0.000123344845748
0.000123344845748
0.000123344845748
