1
0.012181883970570
0.012302496683150
0.012423109395730
0.012543722108310
0.012664334820890
0.012784947533470
0.012905560246050
0.013026172958630
0.013146785671210
0.013267398383790
0.013388011096370
0.013508623808949
0.013629236521529
0.013749849234109
0.013870461946689
0.013991074659269
0.014111687371849
0.014232300084429
0.014352912797009
0.014473525509589
0.014594138222169
0.014714750934749
0.014835363647328
0.014955976359908
0.015076589072488
0.015197201785068
0.015317814497648
0.015438427210228
0.015559039922808
0.015679652635388
0.015800265347968
0.015920878060548
0.016041490773127
0.016162103485707
0.016282716198287
0.016403328910867
0.016523941623447
0.016644554336027
0.016765167048607
0.016885779761187
0.017006392473767
0.017127005186347
0.017247617898927
0.017368230611506
0.017488843324086
0.017609456036666
0.017730068749246
0.017850681461826
0.017971294174406
0.018091906886986
0.018212519599566
0.018333132312146
0.018453745024726
0.018574357737306
0.018694970449885
0.018815583162465
0.018936195875045
0.019056808587625
0.019177421300205
0.019298034012785
0.019418646725365
0.019539259437945
0.000120612712580
0.000120612712580
0.000120612712580
0.000120612712580
0.000120612712580
0.000120612712580
0.000120612712580
0.000120612712580
0.000120612712580
0.000120612712580
0.000120612712580
0.000120612712580
0.000120612712580
0.000120612712580
0.000120612712580
0.000120612712580
0.000120612712580
0.000120612712580
0.000120612712580
0.000120612712580
0.000120612712580
0.000120612712580
0.000120612712580
0.000120612712580
0.000120612712580
0.000120612712580
0.000120612712580
0.000120612712580
0.000120612712580
0.000120612712580
0.000120612712580
0.000120612712580
0.000120612712580
0.000120612712580
0.000120612712580
0.000120612712580
0.000120612712580
0.000120612712580
0.000120612712580
0.000120612712580
0.000120612712580
0.000120612712580
0.000120612712580
0.000120612712580
0.000120612712580
0.000120612712580
0.000120612712580
0.000120612712580
0.000120612712580
0.000120612712580
0.000120612712580
0.000120612712580
0.000120612712580
0.000120612712580
0.000120612712580
0.000120612712580
0.000120612712580
0.000120612712580
0.000120612712580
0.000120612712580
0.000120612712580
0.000120612712580
0.000120612712580
0.000120612712580
0.000120612712580
0.000120612712580
0.000120612712580
0.000120612712580
0.000120612712580
0.000120612712580
0.000120612712580
0.000120612712580
0.000120612712580
0.000120612712580
0.000120612712580
0.000120612712580
0.000120612712580
0.000120612712580
0.000120612712580
0.000120612712580
0.000120612712580
0.000120612712580
0.000120612712580
0.000120612712580
0.000120612712580
0.000120612712580
0.000120612712580
0.000120612712580
0.000120612712580
0.000120612712580
0.000120612712580
0.000120612712580
0.000120612712580
0.000120612712580
0.000120612712580
0.000120612712580
0.000120612712580
0.000120612712580
0.000120612712580
0.000120612712580
0.000120612712580
0.000120612712580
0.000120612712580
0.000120612712580
0.000120612712580
0.000120612712580
0.000120612712580
0.000120612712580
0.000120612712580
0.000120612712580
0.000120612712580
0.000120612712580
0.000120612712580
0.000120612712580
0.000120612712580
0.000120612712580
0.000120612712580
0.000120612712580
0.000120612712580
0.000120612712580
0.000120612712580
0.000120612712580
0.000120612712580
0.000120612712580
0.000120612712580
0.000120612712580
0.000120612712580
0.000120612712580
0.000120612712580
0.000120612712580
0.000120612712580
0.000120612712580
0.000120612712580
0.000120612712580
0.000120612712580
0.000120612712580
0.000120612712580
0.000120612712580
