1
0.011948420679049
0.012066721873891
0.012185023068733
0.012303324263575
0.012421625458417
0.012539926653259
0.012658227848101
0.012776529042943
0.012894830237785
0.013013131432627
0.013131432627470
0.013249733822312
0.013368035017154
0.013486336211996
0.013604637406838
0.013722938601680
0.013841239796522
0.013959540991364
0.014077842186206
0.014196143381048
0.014314444575890
0.014432745770732
0.014551046965574
0.014669348160416
0.014787649355258
0.014905950550101
0.015024251744943
0.015142552939785
0.015260854134627
0.015379155329469
0.015497456524311
0.015615757719153
0.015734058913995
0.015852360108837
0.015970661303679
0.016088962498521
0.016207263693363
0.016325564888205
0.016443866083047
0.016562167277890
0.016680468472732
0.016798769667574
0.016917070862416
0.017035372057258
0.017153673252100
0.017271974446942
0.017390275641784
0.017508576836626
0.017626878031468
0.017745179226310
0.017863480421152
0.017981781615994
0.018100082810836
0.018218384005678
0.018336685200521
0.018454986395363
0.018573287590205
0.018691588785047
0.018809889979889
0.018928191174731
0.019046492369573
0.019164793564415
0.019283094759257
0.000118301194842
0.000118301194842
0.000118301194842
0.000118301194842
0.000118301194842
0.000118301194842
0.000118301194842
0.000118301194842
0.000118301194842
0.000118301194842
0.000118301194842
0.000118301194842
0.000118301194842
0.000118301194842
0.000118301194842
0.000118301194842
0.000118301194842
0.000118301194842
0.000118301194842
0.000118301194842
0.000118301194842
0.000118301194842
0.000118301194842
0.000118301194842
0.000118301194842
0.000118301194842
0.000118301194842
0.000118301194842
0.000118301194842
0.000118301194842
0.000118301194842
0.000118301194842
0.000118301194842
0.000118301194842
0.000118301194842
0.000118301194842
0.000118301194842
0.000118301194842
0.000118301194842
0.000118301194842
0.000118301194842
0.000118301194842
0.000118301194842
0.000118301194842
0.000118301194842
0.000118301194842
0.000118301194842
0.000118301194842
0.000118301194842
0.000118301194842
0.000118301194842
0.000118301194842
0.000118301194842
0.000118301194842
0.000118301194842
0.000118301194842
0.000118301194842
0.000118301194842
0.000118301194842
0.000118301194842
0.000118301194842
0.000118301194842
0.000118301194842
0.000118301194842
0.000118301194842
0.000118301194842
0.000118301194842
0.000118301194842
0.000118301194842
0.000118301194842
0.000118301194842
0.000118301194842
0.000118301194842
0.000118301194842
0.000118301194842
0.000118301194842
0.000118301194842
0.000118301194842
0.000118301194842
0.000118301194842
0.000118301194842
0.000118301194842
0.000118301194842
0.000118301194842
0.000118301194842
0.000118301194842
0.000118301194842
0.000118301194842
0.000118301194842
0.000118301194842
0.000118301194842
0.000118301194842
0.000118301194842
0.000118301194842
0.000118301194842
0.000118301194842
0.000118301194842
0.000118301194842
0.000118301194842
0.000118301194842
0.000118301194842
0.000118301194842
0.000118301194842
0.000118301194842
0.000118301194842
0.000118301194842
0.000118301194842
0.000118301194842
0.000118301194842
0.000118301194842
0.000118301194842
0.000118301194842
0.000118301194842
0.000118301194842
0.000118301194842
0.000118301194842
0.000118301194842
0.000118301194842
0.000118301194842
0.000118301194842
0.000118301194842
0.000118301194842
0.000118301194842
0.000118301194842
0.000118301194842
0.000118301194842
0.000118301194842
0.000118301194842
0.000118301194842
0.000118301194842
0.000118301194842
0.000118301194842
0.000118301194842
0.000118301194842
0.000118301194842
0.000118301194842
0.000118301194842
