1
0.011722376973073
0.011838440111421
0.011954503249768
0.012070566388115
0.012186629526462
0.012302692664810
0.012418755803157
0.012534818941504
0.012650882079851
0.012766945218199
0.012883008356546
0.012999071494893
0.013115134633240
0.013231197771588
0.013347260909935
0.013463324048282
0.013579387186630
0.013695450324977
0.013811513463324
0.013927576601671
0.014043639740019
0.014159702878366
0.014275766016713
0.014391829155060
0.014507892293408
0.014623955431755
0.014740018570102
0.014856081708449
0.014972144846797
0.015088207985144
0.015204271123491
0.015320334261838
0.015436397400186
0.015552460538533
0.015668523676880
0.015784586815227
0.015900649953575
0.016016713091922
0.016132776230269
0.016248839368617
0.016364902506964
0.016480965645311
0.016597028783658
0.016713091922006
0.016829155060353
0.016945218198700
0.017061281337047
0.017177344475395
0.017293407613742
0.017409470752089
0.017525533890436
0.017641597028784
0.017757660167131
0.017873723305478
0.017989786443825
0.018105849582173
0.018221912720520
0.018337975858867
0.018454038997214
0.018570102135562
0.018686165273909
0.018802228412256
0.018918291550604
0.019034354688951
0.000116063138347
0.000116063138347
0.000116063138347
0.000116063138347
0.000116063138347
0.000116063138347
0.000116063138347
0.000116063138347
0.000116063138347
0.000116063138347
0.000116063138347
0.000116063138347
0.000116063138347
0.000116063138347
0.000116063138347
0.000116063138347
0.000116063138347
0.000116063138347
0.000116063138347
0.000116063138347
0.000116063138347
0.000116063138347
0.000116063138347
0.000116063138347
0.000116063138347
0.000116063138347
0.000116063138347
0.000116063138347
0.000116063138347
0.000116063138347
0.000116063138347
0.000116063138347
0.000116063138347
0.000116063138347
0.000116063138347
0.000116063138347
0.000116063138347
0.000116063138347
0.000116063138347
0.000116063138347
0.000116063138347
0.000116063138347
0.000116063138347
0.000116063138347
0.000116063138347
0.000116063138347
0.000116063138347
0.000116063138347
0.000116063138347
0.000116063138347
0.000116063138347
0.000116063138347
0.000116063138347
0.000116063138347
0.000116063138347
0.000116063138347
0.000116063138347
0.000116063138347
0.000116063138347
0.000116063138347
0.000116063138347
0.000116063138347
0.000116063138347
0.000116063138347
0.000116063138347
0.000116063138347
0.000116063138347
0.000116063138347
0.000116063138347
0.000116063138347
0.000116063138347
0.000116063138347
0.000116063138347
0.000116063138347
0.000116063138347
0.000116063138347
0.000116063138347
0.000116063138347
0.000116063138347
0.000116063138347
0.000116063138347
0.000116063138347
0.000116063138347
0.000116063138347
0.000116063138347
0.000116063138347
0.000116063138347
0.000116063138347
0.000116063138347
0.000116063138347
0.000116063138347
0.000116063138347
0.000116063138347
0.000116063138347
0.000116063138347
0.000116063138347
0.000116063138347
0.000116063138347
0.000116063138347
0.000116063138347
0.000116063138347
0.000116063138347
0.000116063138347
0.000116063138347
0.000116063138347
0.000116063138347
0.000116063138347
0.000116063138347
0.000116063138347
0.000116063138347
0.000116063138347
0.000116063138347
0.000116063138347
0.000116063138347
0.000116063138347
0.000116063138347
0.000116063138347
0.000116063138347
0.000116063138347
0.000116063138347
0.000116063138347
0.000116063138347
0.000116063138347
0.000116063138347
0.000116063138347
0.000116063138347
0.000116063138347
0.000116063138347
0.000116063138347
0.000116063138347
0.000116063138347
0.000116063138347
0.000116063138347
0.000116063138347
0.000116063138347
0.000116063138347
