1
0.011503416856492
0.011617312072893
0.011731207289294
0.011845102505695
0.011958997722096
0.012072892938497
0.012186788154897
0.012300683371298
0.012414578587699
0.012528473804100
0.012642369020501
0.012756264236902
0.012870159453303
0.012984054669704
0.013097949886105
0.013211845102506
0.013325740318907
0.013439635535308
0.013553530751708
0.013667425968109
0.013781321184510
0.013895216400911
0.014009111617312
0.014123006833713
0.014236902050114
0.014350797266515
0.014464692482916
0.014578587699317
0.014692482915718
0.014806378132118
0.014920273348519
0.015034168564920
0.015148063781321
0.015261958997722
0.015375854214123
0.015489749430524
0.015603644646925
0.015717539863326
0.015831435079727
0.015945330296128
0.016059225512528
0.016173120728929
0.016287015945330
0.016400911161731
0.016514806378132
0.016628701594533
0.016742596810934
0.016856492027335
0.016970387243736
0.017084282460137
0.017198177676538
0.017312072892938
0.017425968109339
0.017539863325740
0.017653758542141
0.017767653758542
0.017881548974943
0.017995444191344
0.018109339407745
0.018223234624146
0.018337129840547
0.018451025056948
0.018564920273349
0.018678815489749
0.018792710706150
0.000113895216401
0.000113895216401
0.000113895216401
0.000113895216401
0.000113895216401
0.000113895216401
0.000113895216401
0.000113895216401
0.000113895216401
0.000113895216401
0.000113895216401
0.000113895216401
0.000113895216401
0.000113895216401
0.000113895216401
0.000113895216401
0.000113895216401
0.000113895216401
0.000113895216401
0.000113895216401
0.000113895216401
0.000113895216401
0.000113895216401
0.000113895216401
0.000113895216401
0.000113895216401
0.000113895216401
0.000113895216401
0.000113895216401
0.000113895216401
0.000113895216401
0.000113895216401
0.000113895216401
0.000113895216401
0.000113895216401
0.000113895216401
0.000113895216401
0.000113895216401
0.000113895216401
0.000113895216401
0.000113895216401
0.000113895216401
0.000113895216401
0.000113895216401
0.000113895216401
0.000113895216401
0.000113895216401
0.000113895216401
0.000113895216401
0.000113895216401
0.000113895216401
0.000113895216401
0.000113895216401
0.000113895216401
0.000113895216401
0.000113895216401
0.000113895216401
0.000113895216401
0.000113895216401
0.000113895216401
0.000113895216401
0.000113895216401
0.000113895216401
0.000113895216401
0.000113895216401
0.000113895216401
0.000113895216401
0.000113895216401
0.000113895216401
0.000113895216401
0.000113895216401
0.000113895216401
0.000113895216401
0.000113895216401
0.000113895216401
0.000113895216401
0.000113895216401
0.000113895216401
0.000113895216401
0.000113895216401
0.000113895216401
0.000113895216401
0.000113895216401
0.000113895216401
0.000113895216401
0.000113895216401
0.000113895216401
0.000113895216401
0.000113895216401
0.000113895216401
0.000113895216401
0.000113895216401
0.000113895216401
0.000113895216401
0.000113895216401
0.000113895216401
0.000113895216401
0.000113895216401
0.000113895216401
0.000113895216401
0.000113895216401
0.000113895216401
0.000113895216401
0.000113895216401
0.000113895216401
0.000113895216401
0.000113895216401
0.000113895216401
0.000113895216401
0.000113895216401
0.000113895216401
0.000113895216401
0.000113895216401
0.000113895216401
0.000113895216401
0.000113895216401
0.000113895216401
0.000113895216401
0.000113895216401
0.000113895216401
0.000113895216401
0.000113895216401
0.000113895216401
0.000113895216401
0.000113895216401
0.000113895216401
0.000113895216401
0.000113895216401
0.000113895216401
0.000113895216401
0.000113895216401
0.000113895216401
0.000113895216401
0.000113895216401
0.000113895216401
