0.9999
0.011324091158508
0.011435089565894
0.011546076873439
0.011657053082254
0.011768018193447
0.011878972208129
0.011989915127410
0.012100846952399
0.012211767684206
0.012322677323939
0.012433575872708
0.012544463331623
0.012655339701791
0.012766204984323
0.012877059180326
0.012987902290910
0.013098734317183
0.013209555260253
0.013320365121228
0.013431163901218
0.013541951601329
0.013652728222671
0.013763493766350
0.013874248233476
0.013984991625154
0.014095723942493
0.014206445186601
0.014317155358584
0.014427854459550
0.014538542490605
0.014649219452858
0.014759885347414
0.014870540175381
0.014981183937865
0.015091816635973
0.015202438270812
0.015313048843486
0.015423648355104
0.015534236806770
0.015644814199591
0.015755380534673
0.015865935813121
0.015976480036041
0.016087013204539
0.016197535319721
0.016308046382690
0.016418546394554
0.016529035356416
0.016639513269382
0.016749980134557
0.016860435953045
0.016970880725952
0.017081314454381
0.017191737139437
0.017302148782225
0.017412549383848
0.017522938945412
0.017633317468019
0.017743684952774
0.017854041400780
0.017964386813142
0.018074721190962
0.018185044535345
0.018295356847393
0.018405658128210
0.018515948378899
0.000112130816502
0.000112130816502
0.000112130816502
0.000112130816502
0.000112130816502
0.000112130816502
0.000112130816502
0.000112130816502
0.000112130816502
0.000112130816502
0.000112130816502
0.000112130816502
0.000112130816502
0.000112130816502
0.000112130816502
0.000112130816502
0.000112130816502
0.000112130816502
0.000112130816502
0.000112130816502
0.000112130816502
0.000112130816502
0.000112130816502
0.000112130816502
0.000112130816502
0.000112130816502
0.000112130816502
0.000112130816502
0.000112130816502
0.000112130816502
0.000112130816502
0.000112130816502
0.000112130816502
0.000112130816502
0.000112130816502
0.000112130816502
0.000112130816502
0.000112130816502
0.000112130816502
0.000112130816502
0.000112130816502
0.000112130816502
0.000112130816502
0.000112130816502
0.000112130816502
0.000112130816502
0.000112130816502
0.000112130816502
0.000112130816502
0.000112130816502
0.000112130816502
0.000112130816502
0.000112130816502
0.000112130816502
0.000112130816502
0.000112130816502
0.000112130816502
0.000112130816502
0.000112130816502
0.000112130816502
0.000112130816502
0.000112130816502
0.000112130816502
0.000112130816502
0.000112130816502
0.000112130816502
0.000112130816502
0.000112130816502
0.000112130816502
0.000112130816502
0.000112130816502
0.000112130816502
0.000112130816502
0.000112130816502
0.000112130816502
0.000112130816502
0.000112130816502
0.000112130816502
0.000112130816502
0.000112130816502
0.000112130816502
0.000112130816502
0.000112130816502
0.000112130816502
0.000112130816502
0.000112130816502
0.000112130816502
0.000112130816502
0.000112130816502
0.000112130816502
0.000112130816502
0.000112130816502
0.000112130816502
0.000112130816502
0.000112130816502
0.000112130816502
0.000112130816502
0.000112130816502
0.000112130816502
0.000112130816502
0.000112130816502
0.000112130816502
0.000112130816502
0.000112130816502
0.000112130816502
0.000112130816502
0.000112130816502
0.000112130816502
0.000112130816502
0.000112130816502
0.000112130816502
0.000112130816502
0.000112130816502
0.000112130816502
0.000112130816502
0.000112130816502
0.000112130816502
0.000112130816502
0.000112130816502
0.000112130816502
0.000112130816502
0.000112130816502
0.000112130816502
0.000112130816502
0.000112130816502
0.000112130816502
0.000112130816502
0.000112130816502
0.000112130816502
0.000112130816502
0.000112130816502
0.000112130816502
0.000112130816502
0.000112130816502
