1
0.011085501042696
0.011195258478762
0.011305015914828
0.011414773350895
0.011524530786961
0.011634288223027
0.011744045659093
0.011853803095160
0.011963560531226
0.012073317967292
0.012183075403359
0.012292832839425
0.012402590275491
0.012512347711557
0.012622105147624
0.012731862583690
0.012841620019756
0.012951377455823
0.013061134891889
0.013170892327955
0.013280649764022
0.013390407200088
0.013500164636154
0.013609922072220
0.013719679508287
0.013829436944353
0.013939194380419
0.014048951816486
0.014158709252552
0.014268466688618
0.014378224124684
0.014487981560751
0.014597738996817
0.014707496432883
0.014817253868950
0.014927011305016
0.015036768741082
0.015146526177149
0.015256283613215
0.015366041049281
0.015475798485347
0.015585555921414
0.015695313357480
0.015805070793546
0.015914828229613
0.016024585665679
0.016134343101745
0.016244100537811
0.016353857973878
0.016463615409944
0.016573372846010
0.016683130282077
0.016792887718143
0.016902645154209
0.017012402590275
0.017122160026342
0.017231917462408
0.017341674898474
0.017451432334541
0.017561189770607
0.017670947206673
0.017780704642740
0.017890462078806
0.018000219514872
0.018109976950938
0.018219734387005
0.018329491823071
0.000109757436066
0.000109757436066
0.000109757436066
0.000109757436066
0.000109757436066
0.000109757436066
0.000109757436066
0.000109757436066
0.000109757436066
0.000109757436066
0.000109757436066
0.000109757436066
0.000109757436066
0.000109757436066
0.000109757436066
0.000109757436066
0.000109757436066
0.000109757436066
0.000109757436066
0.000109757436066
0.000109757436066
0.000109757436066
0.000109757436066
0.000109757436066
0.000109757436066
0.000109757436066
0.000109757436066
0.000109757436066
0.000109757436066
0.000109757436066
0.000109757436066
0.000109757436066
0.000109757436066
0.000109757436066
0.000109757436066
0.000109757436066
0.000109757436066
0.000109757436066
0.000109757436066
0.000109757436066
0.000109757436066
0.000109757436066
0.000109757436066
0.000109757436066
0.000109757436066
0.000109757436066
0.000109757436066
0.000109757436066
0.000109757436066
0.000109757436066
0.000109757436066
0.000109757436066
0.000109757436066
0.000109757436066
0.000109757436066
0.000109757436066
0.000109757436066
0.000109757436066
0.000109757436066
0.000109757436066
0.000109757436066
0.000109757436066
0.000109757436066
0.000109757436066
0.000109757436066
0.000109757436066
0.000109757436066
0.000109757436066
0.000109757436066
0.000109757436066
0.000109757436066
0.000109757436066
0.000109757436066
0.000109757436066
0.000109757436066
0.000109757436066
0.000109757436066
0.000109757436066
0.000109757436066
0.000109757436066
0.000109757436066
0.000109757436066
0.000109757436066
0.000109757436066
0.000109757436066
0.000109757436066
0.000109757436066
0.000109757436066
0.000109757436066
0.000109757436066
0.000109757436066
0.000109757436066
0.000109757436066
0.000109757436066
0.000109757436066
0.000109757436066
0.000109757436066
0.000109757436066
0.000109757436066
0.000109757436066
0.000109757436066
0.000109757436066
0.000109757436066
0.000109757436066
0.000109757436066
0.000109757436066
0.000109757436066
0.000109757436066
0.000109757436066
0.000109757436066
0.000109757436066
0.000109757436066
0.000109757436066
0.000109757436066
0.000109757436066
0.000109757436066
0.000109757436066
0.000109757436066
0.000109757436066
0.000109757436066
0.000109757436066
0.000109757436066
0.000109757436066
0.000109757436066
0.000109757436066
0.000109757436066
0.000109757436066
0.000109757436066
0.000109757436066
0.000109757436066
0.000109757436066
0.000109757436066
0.000109757436066
