0.9999
0.010918591466824
0.011025615178198
0.011132628187200
0.011239630494901
0.011346622102372
0.011453603010682
0.011560573220901
0.011667532734099
0.011774481551345
0.011881419673710
0.011988347102263
0.012095263838073
0.012202169882209
0.012309065235741
0.012415949899738
0.012522823875268
0.012629687163400
0.012736539765204
0.012843381681748
0.012950212914100
0.013057033463328
0.013163843330502
0.013270642516689
0.013377431022957
0.013484208850375
0.013590976000010
0.013697732472930
0.013804478270203
0.013911213392896
0.014017937842077
0.014124651618813
0.014231354724171
0.014338047159219
0.014444728925023
0.014551400022651
0.014658060453168
0.014764710217643
0.014871349317142
0.014977977752730
0.015084595525475
0.015191202636442
0.015297799086699
0.015404384877310
0.015510960009343
0.015617524483862
0.015724078301933
0.015830621464623
0.015937153972997
0.016043675828120
0.016150187031057
0.016256687582874
0.016363177484636
0.016469656737407
0.016576125342254
0.016682583300240
0.016789030612430
0.016895467279889
0.017001893303681
0.017108308684870
0.017214713424522
0.017321107523700
0.017427490983467
0.017533863804889
0.017640225989029
0.017746577536950
0.017852918449716
0.017959248728391
0.018065568374039
0.000108115570520
0.000108115570520
0.000108115570520
0.000108115570520
0.000108115570520
0.000108115570520
0.000108115570520
0.000108115570520
0.000108115570520
0.000108115570520
0.000108115570520
0.000108115570520
0.000108115570520
0.000108115570520
0.000108115570520
0.000108115570520
0.000108115570520
0.000108115570520
0.000108115570520
0.000108115570520
0.000108115570520
0.000108115570520
0.000108115570520
0.000108115570520
0.000108115570520
0.000108115570520
0.000108115570520
0.000108115570520
0.000108115570520
0.000108115570520
0.000108115570520
0.000108115570520
0.000108115570520
0.000108115570520
0.000108115570520
0.000108115570520
0.000108115570520
0.000108115570520
0.000108115570520
0.000108115570520
0.000108115570520
0.000108115570520
0.000108115570520
0.000108115570520
0.000108115570520
0.000108115570520
0.000108115570520
0.000108115570520
0.000108115570520
0.000108115570520
0.000108115570520
0.000108115570520
0.000108115570520
0.000108115570520
0.000108115570520
0.000108115570520
0.000108115570520
0.000108115570520
0.000108115570520
0.000108115570520
0.000108115570520
0.000108115570520
0.000108115570520
0.000108115570520
0.000108115570520
0.000108115570520
0.000108115570520
0.000108115570520
0.000108115570520
0.000108115570520
0.000108115570520
0.000108115570520
0.000108115570520
0.000108115570520
0.000108115570520
0.000108115570520
0.000108115570520
0.000108115570520
0.000108115570520
0.000108115570520
0.000108115570520
0.000108115570520
0.000108115570520
0.000108115570520
0.000108115570520
0.000108115570520
0.000108115570520
0.000108115570520
0.000108115570520
0.000108115570520
0.000108115570520
0.000108115570520
0.000108115570520
0.000108115570520
0.000108115570520
0.000108115570520
0.000108115570520
0.000108115570520
0.000108115570520
0.000108115570520
0.000108115570520
0.000108115570520
0.000108115570520
0.000108115570520
0.000108115570520
0.000108115570520
0.000108115570520
0.000108115570520
0.000108115570520
0.000108115570520
0.000108115570520
0.000108115570520
0.000108115570520
0.000108115570520
0.000108115570520
0.000108115570520
0.000108115570520
0.000108115570520
0.000108115570520
0.000108115570520
0.000108115570520
0.000108115570520
0.000108115570520
0.000108115570520
0.000108115570520
0.000108115570520
0.000108115570520
0.000108115570520
0.000108115570520
0.000108115570520
0.000108115570520
0.000108115570520
