0.9999
0.010724860147595
0.010829984910294
0.010935099160517
0.011040202899314
0.011145296127738
0.011250378846839
0.011355451057668
0.011460512761276
0.011565563958714
0.011670604651031
0.011775634839280
0.011880654524510
0.011985663707771
0.012090662390114
0.012195650572589
0.012300628256245
0.012405595442133
0.012510552131303
0.012615498324803
0.012720434023684
0.012825359228996
0.012930273941786
0.013035178163106
0.013140071894003
0.013244955135528
0.013349827888728
0.013454690154653
0.013559541934351
0.013664383228871
0.013769214039262
0.013874034366572
0.013978844211849
0.014083643576141
0.014188432460497
0.014293210865965
0.014397978793592
0.014502736244426
0.014607483219515
0.014712219719907
0.014816945746649
0.014921661300788
0.015026366383372
0.015131060995447
0.015235745138061
0.015340418812261
0.015445082019093
0.015549734759605
0.015654377034843
0.015759008845853
0.015863630193682
0.015968241079376
0.016072841503982
0.016177431468546
0.016282010974112
0.016386580021729
0.016491138612440
0.016595686747293
0.016700224427332
0.016804751653602
0.016909268427151
0.017013774749022
0.017118270620261
0.017222756041912
0.017327231015022
0.017431695540634
0.017536149619794
0.017640593253545
0.017745026442934
0.017849449189003
0.000106197248714
0.000106197248714
0.000106197248714
0.000106197248714
0.000106197248714
0.000106197248714
0.000106197248714
0.000106197248714
0.000106197248714
0.000106197248714
0.000106197248714
0.000106197248714
0.000106197248714
0.000106197248714
0.000106197248714
0.000106197248714
0.000106197248714
0.000106197248714
0.000106197248714
0.000106197248714
0.000106197248714
0.000106197248714
0.000106197248714
0.000106197248714
0.000106197248714
0.000106197248714
0.000106197248714
0.000106197248714
0.000106197248714
0.000106197248714
0.000106197248714
0.000106197248714
0.000106197248714
0.000106197248714
0.000106197248714
0.000106197248714
0.000106197248714
0.000106197248714
0.000106197248714
0.000106197248714
0.000106197248714
0.000106197248714
0.000106197248714
0.000106197248714
0.000106197248714
0.000106197248714
0.000106197248714
0.000106197248714
0.000106197248714
0.000106197248714
0.000106197248714
0.000106197248714
0.000106197248714
0.000106197248714
0.000106197248714
0.000106197248714
0.000106197248714
0.000106197248714
0.000106197248714
0.000106197248714
0.000106197248714
0.000106197248714
0.000106197248714
0.000106197248714
0.000106197248714
0.000106197248714
0.000106197248714
0.000106197248714
0.000106197248714
0.000106197248714
0.000106197248714
0.000106197248714
0.000106197248714
0.000106197248714
0.000106197248714
0.000106197248714
0.000106197248714
0.000106197248714
0.000106197248714
0.000106197248714
0.000106197248714
0.000106197248714
0.000106197248714
0.000106197248714
0.000106197248714
0.000106197248714
0.000106197248714
0.000106197248714
0.000106197248714
0.000106197248714
0.000106197248714
0.000106197248714
0.000106197248714
0.000106197248714
0.000106197248714
0.000106197248714
0.000106197248714
0.000106197248714
0.000106197248714
0.000106197248714
0.000106197248714
0.000106197248714
0.000106197248714
0.000106197248714
0.000106197248714
0.000106197248714
0.000106197248714
0.000106197248714
0.000106197248714
0.000106197248714
0.000106197248714
0.000106197248714
0.000106197248714
0.000106197248714
0.000106197248714
0.000106197248714
0.000106197248714
0.000106197248714
0.000106197248714
0.000106197248714
0.000106197248714
0.000106197248714
0.000106197248714
0.000106197248714
0.000106197248714
0.000106197248714
0.000106197248714
0.000106197248714
0.000106197248714
0.000106197248714
0.000106197248714
