0.9999
0.010536802828506
0.010640084258912
0.010743355361176
0.010846616136329
0.010949866585404
0.011053106709435
0.011156336509453
0.011259555986492
0.011362765141582
0.011465963975757
0.011569152490049
0.011672330685489
0.011775498563110
0.011878656123943
0.011981803369020
0.012084940299372
0.012188066916031
0.012291183220029
0.012394289212396
0.012497384894164
0.012600470266364
0.012703545330027
0.012806610086183
0.012909664535863
0.013012708680099
0.013115742519920
0.013218766056358
0.013321779290441
0.013424782223201
0.013527774855668
0.013630757188872
0.013733729223842
0.013836690961609
0.013939642403202
0.014042583549651
0.014145514401985
0.014248434961234
0.014351345228428
0.014454245204594
0.014557134890763
0.014660014287963
0.014762883397223
0.014865742219573
0.014968590756040
0.015071429007654
0.015174256975442
0.015277074660434
0.015379882063657
0.015482679186140
0.015585466028911
0.015688242592997
0.015791008879427
0.015893764889228
0.015996510623428
0.016099246083055
0.016201971269136
0.016304686182699
0.016407390824770
0.016510085196376
0.016612769298546
0.016715443132305
0.016818106698681
0.016920759998701
0.017023403033390
0.017126035803776
0.017228658310885
0.017331270555743
0.017433872539377
0.017536464262812
0.017639045727075
0.000104335110689
0.000104335110689
0.000104335110689
0.000104335110689
0.000104335110689
0.000104335110689
0.000104335110689
0.000104335110689
0.000104335110689
0.000104335110689
0.000104335110689
0.000104335110689
0.000104335110689
0.000104335110689
0.000104335110689
0.000104335110689
0.000104335110689
0.000104335110689
0.000104335110689
0.000104335110689
0.000104335110689
0.000104335110689
0.000104335110689
0.000104335110689
0.000104335110689
0.000104335110689
0.000104335110689
0.000104335110689
0.000104335110689
0.000104335110689
0.000104335110689
0.000104335110689
0.000104335110689
0.000104335110689
0.000104335110689
0.000104335110689
0.000104335110689
0.000104335110689
0.000104335110689
0.000104335110689
0.000104335110689
0.000104335110689
0.000104335110689
0.000104335110689
0.000104335110689
0.000104335110689
0.000104335110689
0.000104335110689
0.000104335110689
0.000104335110689
0.000104335110689
0.000104335110689
0.000104335110689
0.000104335110689
0.000104335110689
0.000104335110689
0.000104335110689
0.000104335110689
0.000104335110689
0.000104335110689
0.000104335110689
0.000104335110689
0.000104335110689
0.000104335110689
0.000104335110689
0.000104335110689
0.000104335110689
0.000104335110689
0.000104335110689
0.000104335110689
0.000104335110689
0.000104335110689
0.000104335110689
0.000104335110689
0.000104335110689
0.000104335110689
0.000104335110689
0.000104335110689
0.000104335110689
0.000104335110689
0.000104335110689
0.000104335110689
0.000104335110689
0.000104335110689
0.000104335110689
0.000104335110689
0.000104335110689
0.000104335110689
0.000104335110689
0.000104335110689
0.000104335110689
0.000104335110689
0.000104335110689
0.000104335110689
0.000104335110689
0.000104335110689
0.000104335110689
0.000104335110689
0.000104335110689
0.000104335110689
0.000104335110689
0.000104335110689
0.000104335110689
0.000104335110689
0.000104335110689
0.000104335110689
0.000104335110689
0.000104335110689
0.000104335110689
0.000104335110689
0.000104335110689
0.000104335110689
0.000104335110689
0.000104335110689
0.000104335110689
0.000104335110689
0.000104335110689
0.000104335110689
0.000104335110689
0.000104335110689
0.000104335110689
0.000104335110689
0.000104335110689
0.000104335110689
0.000104335110689
0.000104335110689
0.000104335110689
0.000104335110689
0.000104335110689
0.000104335110689
