0.9999
0.098274509680673
0.099237793524692
0.100200981040326
0.101164072237208
0.102127067124971
0.103089965713245
0.104052768011659
0.105015474029845
0.000973111294986
0.000973111294986
0.000973111294986
0.000973111294986
0.000973111294986
0.000973111294986
0.000973111294986
0.000973111294986
0.000973111294986
0.000973111294986
0.000973111294986
0.000973111294986
0.000973111294986
0.000973111294986
0.000973111294986
0.000973111294986
0.000973111294986
0.000973111294986
0.000973111294986
0.000973111294986
0.000973111294986
0.000973111294986
0.000973111294986
0.000973111294986
0.000973111294986
0.000973111294986
0.000973111294986
0.000973111294986
0.000973111294986
0.000973111294986
0.000973111294986
0.000973111294986
0.000973111294986
0.000973111294986
0.000973111294986
0.000973111294986
0.000973111294986
0.000973111294986
0.000973111294986
0.000973111294986
0.000973111294986
0.000973111294986
0.000973111294986
0.000973111294986
0.000973111294986
0.000973111294986
0.000973111294986
0.000973111294986
0.000973111294986
0.000973111294986
0.000973111294986
0.000973111294986
0.000973111294986
0.000973111294986
0.000973111294986
0.000973111294986
0.000973111294986
0.000973111294986
0.000973111294986
0.000973111294986
0.000973111294986
0.000973111294986
0.000973111294986
0.000973111294986
0.000973111294986
0.000973111294986
0.000973111294986
0.000973111294986
0.000973111294986
0.000973111294986
0.000973111294986
0.000973111294986
0.000973111294986
0.000973111294986
0.000973111294986
0.000973111294986
0.000973111294986
0.000973111294986
0.000973111294986
0.000973111294986
0.000973111294986
0.000973111294986
0.000973111294986
0.000973111294986
0.000973111294986
0.000973111294986
0.000973111294986
0.000973111294986
0.000973111294986
0.000973111294986
0.000973111294986
0.000973111294986
0.000973111294986
0.000973111294986
0.000973111294986
0.000973111294986
0.000973111294986
0.000973111294986
0.000973111294986
0.000973111294986
0.000973111294986
0.000973111294986
0.000973111294986
0.000973111294986
0.000973111294986
0.000973111294986
0.000973111294986
0.000973111294986
0.000973111294986
0.000973111294986
0.000973111294986
0.000973111294986
0.000973111294986
0.000973111294986
0.000973111294986
0.000973111294986
0.000973111294986
0.000973111294986
0.000973111294986
0.000973111294986
0.000973111294986
0.000973111294986
0.000973111294986
0.000973111294986
0.000973111294986
0.000973111294986
0.000973111294986
0.000973111294986
0.000973111294986
0.000973111294986
0.000973111294986
0.000973111294986
0.000973111294986
0.000973111294986
0.000973111294986
0.000973111294986
0.000973111294986
0.000973111294986
0.000973111294986
0.000973111294986
0.000973111294986
0.000973111294986
0.000973111294986
0.000973111294986
0.000973111294986
0.000973111294986
0.000973111294986
0.000973111294986
0.000973111294986
0.000973111294986
0.000973111294986
0.000973111294986
0.000973111294986
0.000973111294986
0.000973111294986
0.000973111294986
0.000973111294986
0.000973111294986
0.000973111294986
0.000973111294986
0.000973111294986
0.000973111294986
0.000973111294986
0.000973111294986
0.000973111294986
0.000973111294986
0.000973111294986
0.000973111294986
0.000973111294986
0.000973111294986
0.000973111294986
0.000973111294986
0.000973111294986
0.000973111294986
0.000973111294986
0.000973111294986
0.000973111294986
0.000973111294986
0.000973111294986
0.000973111294986
0.000973111294986
0.000973111294986
0.000973111294986
0.000973111294986
0.000973111294986
0.000973111294986
0.000973111294986
0.000973111294986
0.000973111294986
0.000973111294986
0.000973111294986
0.000973111294986
