1
0.010321921308125
0.010424118548799
0.010526315789474
0.010628513030148
0.010730710270823
0.010832907511497
0.010935104752172
0.011037301992846
0.011139499233521
0.011241696474195
0.011343893714870
0.011446090955544
0.011548288196219
0.011650485436893
0.011752682677568
0.011854879918242
0.011957077158917
0.012059274399591
0.012161471640266
0.012263668880940
0.012365866121615
0.012468063362289
0.012570260602964
0.012672457843638
0.012774655084313
0.012876852324987
0.012979049565662
0.013081246806336
0.013183444047011
0.013285641287685
0.013387838528360
0.013490035769034
0.013592233009709
0.013694430250383
0.013796627491058
0.013898824731732
0.014001021972407
0.014103219213081
0.014205416453756
0.014307613694430
0.014409810935105
0.014512008175779
0.014614205416454
0.014716402657128
0.014818599897803
0.014920797138477
0.015022994379152
0.015125191619826
0.015227388860501
0.015329586101175
0.015431783341850
0.015533980582524
0.015636177823199
0.015738375063873
0.015840572304548
0.015942769545222
0.016044966785897
0.016147164026571
0.016249361267246
0.016351558507920
0.016453755748595
0.016555952989269
0.016658150229944
0.016760347470618
0.016862544711293
0.016964741951967
0.017066939192642
0.017169136433316
0.017271333673991
0.017373530914665
0.017475728155340
0.000102197240675
0.000102197240675
0.000102197240675
0.000102197240675
0.000102197240675
0.000102197240675
0.000102197240675
0.000102197240675
0.000102197240675
0.000102197240675
0.000102197240675
0.000102197240675
0.000102197240675
0.000102197240675
0.000102197240675
0.000102197240675
0.000102197240675
0.000102197240675
0.000102197240675
0.000102197240675
0.000102197240675
0.000102197240675
0.000102197240675
0.000102197240675
0.000102197240675
0.000102197240675
0.000102197240675
0.000102197240675
0.000102197240675
0.000102197240675
0.000102197240675
0.000102197240675
0.000102197240675
0.000102197240675
0.000102197240675
0.000102197240675
0.000102197240675
0.000102197240675
0.000102197240675
0.000102197240675
0.000102197240675
0.000102197240675
0.000102197240675
0.000102197240675
0.000102197240675
0.000102197240675
0.000102197240675
0.000102197240675
0.000102197240675
0.000102197240675
0.000102197240675
0.000102197240675
0.000102197240675
0.000102197240675
0.000102197240675
0.000102197240675
0.000102197240675
0.000102197240675
0.000102197240675
0.000102197240675
0.000102197240675
0.000102197240675
0.000102197240675
0.000102197240675
0.000102197240675
0.000102197240675
0.000102197240675
0.000102197240675
0.000102197240675
0.000102197240675
0.000102197240675
0.000102197240675
0.000102197240675
0.000102197240675
0.000102197240675
0.000102197240675
0.000102197240675
0.000102197240675
0.000102197240675
0.000102197240675
0.000102197240675
0.000102197240675
0.000102197240675
0.000102197240675
0.000102197240675
0.000102197240675
0.000102197240675
0.000102197240675
0.000102197240675
0.000102197240675
0.000102197240675
0.000102197240675
0.000102197240675
0.000102197240675
0.000102197240675
0.000102197240675
0.000102197240675
0.000102197240675
0.000102197240675
0.000102197240675
0.000102197240675
0.000102197240675
0.000102197240675
0.000102197240675
0.000102197240675
0.000102197240675
0.000102197240675
0.000102197240675
0.000102197240675
0.000102197240675
0.000102197240675
0.000102197240675
0.000102197240675
0.000102197240675
0.000102197240675
0.000102197240675
0.000102197240675
0.000102197240675
0.000102197240675
0.000102197240675
0.000102197240675
0.000102197240675
0.000102197240675
0.000102197240675
0.000102197240675
0.000102197240675
0.000102197240675
0.000102197240675
0.000102197240675
