0.9999
0.010176777695989
0.010276530170671
0.010376272670104
0.010476005195288
0.010575727747219
0.010675440326895
0.010775142935313
0.010874835573470
0.010974518242363
0.011074190942989
0.011173853676346
0.011273506443429
0.011373149245235
0.011472782082761
0.011572404957004
0.011672017868958
0.011771620819622
0.011871213809991
0.011970796841061
0.012070369913827
0.012169933029286
0.012269486188434
0.012369029392266
0.012468562641777
0.012568085937964
0.012667599281820
0.012767102674343
0.012866596116526
0.012966079609365
0.013065553153855
0.013165016750990
0.013264470401766
0.013363914107176
0.013463347868216
0.013562771685880
0.013662185561162
0.013761589495056
0.013860983488557
0.013960367542659
0.014059741658356
0.014159105836640
0.014258460078507
0.014357804384950
0.014457138756962
0.014556463195537
0.014655777701668
0.014755082276349
0.014854376920572
0.014953661635330
0.015052936421617
0.015152201280426
0.015251456212749
0.015350701219578
0.015449936301907
0.015549161460727
0.015648376697032
0.015747582011813
0.015846777406062
0.015945962880772
0.016045138436935
0.016144304075541
0.016243459797585
0.016342605604055
0.016441741495946
0.016540867474247
0.016639983539950
0.016739089694047
0.016838185937528
0.016937272271385
0.017036348696608
0.017135415214189
0.017234471825118
0.000100770152451
0.000100770152451
0.000100770152451
0.000100770152451
0.000100770152451
0.000100770152451
0.000100770152451
0.000100770152451
0.000100770152451
0.000100770152451
0.000100770152451
0.000100770152451
0.000100770152451
0.000100770152451
0.000100770152451
0.000100770152451
0.000100770152451
0.000100770152451
0.000100770152451
0.000100770152451
0.000100770152451
0.000100770152451
0.000100770152451
0.000100770152451
0.000100770152451
0.000100770152451
0.000100770152451
0.000100770152451
0.000100770152451
0.000100770152451
0.000100770152451
0.000100770152451
0.000100770152451
0.000100770152451
0.000100770152451
0.000100770152451
0.000100770152451
0.000100770152451
0.000100770152451
0.000100770152451
0.000100770152451
0.000100770152451
0.000100770152451
0.000100770152451
0.000100770152451
0.000100770152451
0.000100770152451
0.000100770152451
0.000100770152451
0.000100770152451
0.000100770152451
0.000100770152451
0.000100770152451
0.000100770152451
0.000100770152451
0.000100770152451
0.000100770152451
0.000100770152451
0.000100770152451
0.000100770152451
0.000100770152451
0.000100770152451
0.000100770152451
0.000100770152451
0.000100770152451
0.000100770152451
0.000100770152451
0.000100770152451
0.000100770152451
0.000100770152451
0.000100770152451
0.000100770152451
0.000100770152451
0.000100770152451
0.000100770152451
0.000100770152451
0.000100770152451
0.000100770152451
0.000100770152451
0.000100770152451
0.000100770152451
0.000100770152451
0.000100770152451
0.000100770152451
0.000100770152451
0.000100770152451
0.000100770152451
0.000100770152451
0.000100770152451
0.000100770152451
0.000100770152451
0.000100770152451
0.000100770152451
0.000100770152451
0.000100770152451
0.000100770152451
0.000100770152451
0.000100770152451
0.000100770152451
0.000100770152451
0.000100770152451
0.000100770152451
0.000100770152451
0.000100770152451
0.000100770152451
0.000100770152451
0.000100770152451
0.000100770152451
0.000100770152451
0.000100770152451
0.000100770152451
0.000100770152451
0.000100770152451
0.000100770152451
0.000100770152451
0.000100770152451
0.000100770152451
0.000100770152451
0.000100770152451
0.000100770152451
0.000100770152451
0.000100770152451
0.000100770152451
0.000100770152451
0.000100770152451
0.000100770152451
0.000100770152451
0.000100770152451
