1
0.009972353870458
0.010071090047393
0.010169826224329
0.010268562401264
0.010367298578199
0.010466034755134
0.010564770932070
0.010663507109005
0.010762243285940
0.010860979462875
0.010959715639810
0.011058451816746
0.011157187993681
0.011255924170616
0.011354660347551
0.011453396524487
0.011552132701422
0.011650868878357
0.011749605055292
0.011848341232227
0.011947077409163
0.012045813586098
0.012144549763033
0.012243285939968
0.012342022116904
0.012440758293839
0.012539494470774
0.012638230647709
0.012736966824645
0.012835703001580
0.012934439178515
0.013033175355450
0.013131911532385
0.013230647709321
0.013329383886256
0.013428120063191
0.013526856240126
0.013625592417062
0.013724328593997
0.013823064770932
0.013921800947867
0.014020537124803
0.014119273301738
0.014218009478673
0.014316745655608
0.014415481832543
0.014514218009479
0.014612954186414
0.014711690363349
0.014810426540284
0.014909162717220
0.015007898894155
0.015106635071090
0.015205371248025
0.015304107424961
0.015402843601896
0.015501579778831
0.015600315955766
0.015699052132701
0.015797788309637
0.015896524486572
0.015995260663507
0.016093996840442
0.016192733017378
0.016291469194313
0.016390205371248
0.016488941548183
0.016587677725118
0.016686413902054
0.016785150078989
0.016883886255924
0.016982622432859
0.017081358609795
0.000098736176935
0.000098736176935
0.000098736176935
0.000098736176935
0.000098736176935
0.000098736176935
0.000098736176935
0.000098736176935
0.000098736176935
0.000098736176935
0.000098736176935
0.000098736176935
0.000098736176935
0.000098736176935
0.000098736176935
0.000098736176935
0.000098736176935
0.000098736176935
0.000098736176935
0.000098736176935
0.000098736176935
0.000098736176935
0.000098736176935
0.000098736176935
0.000098736176935
0.000098736176935
0.000098736176935
0.000098736176935
0.000098736176935
0.000098736176935
0.000098736176935
0.000098736176935
0.000098736176935
0.000098736176935
0.000098736176935
0.000098736176935
0.000098736176935
0.000098736176935
0.000098736176935
0.000098736176935
0.000098736176935
0.000098736176935
0.000098736176935
0.000098736176935
0.000098736176935
0.000098736176935
0.000098736176935
0.000098736176935
0.000098736176935
0.000098736176935
0.000098736176935
0.000098736176935
0.000098736176935
0.000098736176935
0.000098736176935
0.000098736176935
0.000098736176935
0.000098736176935
0.000098736176935
0.000098736176935
0.000098736176935
0.000098736176935
0.000098736176935
0.000098736176935
0.000098736176935
0.000098736176935
0.000098736176935
0.000098736176935
0.000098736176935
0.000098736176935
0.000098736176935
0.000098736176935
0.000098736176935
0.000098736176935
0.000098736176935
0.000098736176935
0.000098736176935
0.000098736176935
0.000098736176935
0.000098736176935
0.000098736176935
0.000098736176935
0.000098736176935
0.000098736176935
0.000098736176935
0.000098736176935
0.000098736176935
0.000098736176935
0.000098736176935
0.000098736176935
0.000098736176935
0.000098736176935
0.000098736176935
0.000098736176935
0.000098736176935
0.000098736176935
0.000098736176935
0.000098736176935
0.000098736176935
0.000098736176935
0.000098736176935
0.000098736176935
0.000098736176935
0.000098736176935
0.000098736176935
0.000098736176935
0.000098736176935
0.000098736176935
0.000098736176935
0.000098736176935
0.000098736176935
0.000098736176935
0.000098736176935
0.000098736176935
0.000098736176935
0.000098736176935
0.000098736176935
0.000098736176935
0.000098736176935
0.000098736176935
0.000098736176935
0.000098736176935
0.000098736176935
0.000098736176935
0.000098736176935
0.000098736176935
0.000098736176935
