1
0.009804873313271
0.009901951266867
0.009999029220464
0.010096107174061
0.010193185127658
0.010290263081254
0.010387341034851
0.010484418988448
0.010581496942044
0.010678574895641
0.010775652849238
0.010872730802835
0.010969808756431
0.011066886710028
0.011163964663625
0.011261042617222
0.011358120570818
0.011455198524415
0.011552276478012
0.011649354431609
0.011746432385205
0.011843510338802
0.011940588292399
0.012037666245996
0.012134744199592
0.012231822153189
0.012328900106786
0.012425978060382
0.012523056013979
0.012620133967576
0.012717211921173
0.012814289874769
0.012911367828366
0.013008445781963
0.013105523735560
0.013202601689156
0.013299679642753
0.013396757596350
0.013493835549947
0.013590913503543
0.013687991457140
0.013785069410737
0.013882147364334
0.013979225317930
0.014076303271527
0.014173381225124
0.014270459178721
0.014367537132317
0.014464615085914
0.014561693039511
0.014658770993107
0.014755848946704
0.014852926900301
0.014950004853898
0.015047082807494
0.015144160761091
0.015241238714688
0.015338316668285
0.015435394621881
0.015532472575478
0.015629550529075
0.015726628482672
0.015823706436268
0.015920784389865
0.016017862343462
0.016114940297059
0.016212018250655
0.016309096204252
0.016406174157849
0.016503252111445
0.016600330065042
0.016697408018639
0.016794485972236
0.016891563925832
0.000097077953597
0.000097077953597
0.000097077953597
0.000097077953597
0.000097077953597
0.000097077953597
0.000097077953597
0.000097077953597
0.000097077953597
0.000097077953597
0.000097077953597
0.000097077953597
0.000097077953597
0.000097077953597
0.000097077953597
0.000097077953597
0.000097077953597
0.000097077953597
0.000097077953597
0.000097077953597
0.000097077953597
0.000097077953597
0.000097077953597
0.000097077953597
0.000097077953597
0.000097077953597
0.000097077953597
0.000097077953597
0.000097077953597
0.000097077953597
0.000097077953597
0.000097077953597
0.000097077953597
0.000097077953597
0.000097077953597
0.000097077953597
0.000097077953597
0.000097077953597
0.000097077953597
0.000097077953597
0.000097077953597
0.000097077953597
0.000097077953597
0.000097077953597
0.000097077953597
0.000097077953597
0.000097077953597
0.000097077953597
0.000097077953597
0.000097077953597
0.000097077953597
0.000097077953597
0.000097077953597
0.000097077953597
0.000097077953597
0.000097077953597
0.000097077953597
0.000097077953597
0.000097077953597
0.000097077953597
0.000097077953597
0.000097077953597
0.000097077953597
0.000097077953597
0.000097077953597
0.000097077953597
0.000097077953597
0.000097077953597
0.000097077953597
0.000097077953597
0.000097077953597
0.000097077953597
0.000097077953597
0.000097077953597
0.000097077953597
0.000097077953597
0.000097077953597
0.000097077953597
0.000097077953597
0.000097077953597
0.000097077953597
0.000097077953597
0.000097077953597
0.000097077953597
0.000097077953597
0.000097077953597
0.000097077953597
0.000097077953597
0.000097077953597
0.000097077953597
0.000097077953597
0.000097077953597
0.000097077953597
0.000097077953597
0.000097077953597
0.000097077953597
0.000097077953597
0.000097077953597
0.000097077953597
0.000097077953597
0.000097077953597
0.000097077953597
0.000097077953597
0.000097077953597
0.000097077953597
0.000097077953597
0.000097077953597
0.000097077953597
0.000097077953597
0.000097077953597
0.000097077953597
0.000097077953597
0.000097077953597
0.000097077953597
0.000097077953597
0.000097077953597
0.000097077953597
0.000097077953597
0.000097077953597
0.000097077953597
0.000097077953597
0.000097077953597
0.000097077953597
0.000097077953597
0.000097077953597
0.000097077953597
