0.9999
0.009673785856796
0.009768608020312
0.009863420701611
0.009958223901642
0.010053017621353
0.010147801861692
0.010242576623607
0.010337341908046
0.010432097715956
0.010526844048285
0.010621580905982
0.010716308289992
0.010811026201265
0.010905734640746
0.011000433609383
0.011095123108123
0.011189803137913
0.011284473699701
0.011379134794432
0.011473786423054
0.011568428586512
0.011663061285755
0.011757684521727
0.011852298295376
0.011946902607648
0.012041497459488
0.012136082851844
0.012230658785660
0.012325225261882
0.012419782281457
0.012514329845330
0.012608867954447
0.012703396609753
0.012797915812193
0.012892425562713
0.012986925862258
0.013081416711773
0.013175898112203
0.013270370064492
0.013364832569587
0.013459285628431
0.013553729241970
0.013648163411147
0.013742588136907
0.013837003420194
0.013931409261953
0.014025805663128
0.014120192624663
0.014214570147502
0.014308938232588
0.014403296880866
0.014497646093279
0.014591985870771
0.014686316214285
0.014780637124765
0.014874948603154
0.014969250650394
0.015063543267431
0.015157826455205
0.015252100214661
0.015346364546740
0.015440619452387
0.015534864932543
0.015629100988151
0.015723327620153
0.015817544829492
0.015911752617110
0.016005950983950
0.016100139930952
0.016194319459061
0.016288489569216
0.016382650262360
0.016476801539435
0.016570943401382
0.016665075849143
0.000095789542101
0.000095789542101
0.000095789542101
0.000095789542101
0.000095789542101
0.000095789542101
0.000095789542101
0.000095789542101
0.000095789542101
0.000095789542101
0.000095789542101
0.000095789542101
0.000095789542101
0.000095789542101
0.000095789542101
0.000095789542101
0.000095789542101
0.000095789542101
0.000095789542101
0.000095789542101
0.000095789542101
0.000095789542101
0.000095789542101
0.000095789542101
0.000095789542101
0.000095789542101
0.000095789542101
0.000095789542101
0.000095789542101
0.000095789542101
0.000095789542101
0.000095789542101
0.000095789542101
0.000095789542101
0.000095789542101
0.000095789542101
0.000095789542101
0.000095789542101
0.000095789542101
0.000095789542101
0.000095789542101
0.000095789542101
0.000095789542101
0.000095789542101
0.000095789542101
0.000095789542101
0.000095789542101
0.000095789542101
0.000095789542101
0.000095789542101
0.000095789542101
0.000095789542101
0.000095789542101
0.000095789542101
0.000095789542101
0.000095789542101
0.000095789542101
0.000095789542101
0.000095789542101
0.000095789542101
0.000095789542101
0.000095789542101
0.000095789542101
0.000095789542101
0.000095789542101
0.000095789542101
0.000095789542101
0.000095789542101
0.000095789542101
0.000095789542101
0.000095789542101
0.000095789542101
0.000095789542101
0.000095789542101
0.000095789542101
0.000095789542101
0.000095789542101
0.000095789542101
0.000095789542101
0.000095789542101
0.000095789542101
0.000095789542101
0.000095789542101
0.000095789542101
0.000095789542101
0.000095789542101
0.000095789542101
0.000095789542101
0.000095789542101
0.000095789542101
0.000095789542101
0.000095789542101
0.000095789542101
0.000095789542101
0.000095789542101
0.000095789542101
0.000095789542101
0.000095789542101
0.000095789542101
0.000095789542101
0.000095789542101
0.000095789542101
0.000095789542101
0.000095789542101
0.000095789542101
0.000095789542101
0.000095789542101
0.000095789542101
0.000095789542101
0.000095789542101
0.000095789542101
0.000095789542101
0.000095789542101
0.000095789542101
0.000095789542101
0.000095789542101
0.000095789542101
0.000095789542101
0.000095789542101
0.000095789542101
0.000095789542101
0.000095789542101
0.000095789542101
0.000095789542101
0.000095789542101
