1
0.009483568075117
0.009577464788732
0.009671361502347
0.009765258215962
0.009859154929577
0.009953051643192
0.010046948356808
0.010140845070423
0.010234741784038
0.010328638497653
0.010422535211268
0.010516431924883
0.010610328638498
0.010704225352113
0.010798122065728
0.010892018779343
0.010985915492958
0.011079812206573
0.011173708920188
0.011267605633803
0.011361502347418
0.011455399061033
0.011549295774648
0.011643192488263
0.011737089201878
0.011830985915493
0.011924882629108
0.012018779342723
0.012112676056338
0.012206572769953
0.012300469483568
0.012394366197183
0.012488262910798
0.012582159624413
0.012676056338028
0.012769953051643
0.012863849765258
0.012957746478873
0.013051643192488
0.013145539906103
0.013239436619718
0.013333333333333
0.013427230046948
0.013521126760563
0.013615023474178
0.013708920187793
0.013802816901408
0.013896713615023
0.013990610328638
0.014084507042254
0.014178403755869
0.014272300469484
0.014366197183099
0.014460093896714
0.014553990610329
0.014647887323944
0.014741784037559
0.014835680751174
0.014929577464789
0.015023474178404
0.015117370892019
0.015211267605634
0.015305164319249
0.015399061032864
0.015492957746479
0.015586854460094
0.015680751173709
0.015774647887324
0.015868544600939
0.015962441314554
0.016056338028169
0.016150234741784
0.016244131455399
0.016338028169014
0.016431924882629
0.016525821596244
0.000093896713615
0.000093896713615
0.000093896713615
0.000093896713615
0.000093896713615
0.000093896713615
0.000093896713615
0.000093896713615
0.000093896713615
0.000093896713615
0.000093896713615
0.000093896713615
0.000093896713615
0.000093896713615
0.000093896713615
0.000093896713615
0.000093896713615
0.000093896713615
0.000093896713615
0.000093896713615
0.000093896713615
0.000093896713615
0.000093896713615
0.000093896713615
0.000093896713615
0.000093896713615
0.000093896713615
0.000093896713615
0.000093896713615
0.000093896713615
0.000093896713615
0.000093896713615
0.000093896713615
0.000093896713615
0.000093896713615
0.000093896713615
0.000093896713615
0.000093896713615
0.000093896713615
0.000093896713615
0.000093896713615
0.000093896713615
0.000093896713615
0.000093896713615
0.000093896713615
0.000093896713615
0.000093896713615
0.000093896713615
0.000093896713615
0.000093896713615
0.000093896713615
0.000093896713615
0.000093896713615
0.000093896713615
0.000093896713615
0.000093896713615
0.000093896713615
0.000093896713615
0.000093896713615
0.000093896713615
0.000093896713615
0.000093896713615
0.000093896713615
0.000093896713615
0.000093896713615
0.000093896713615
0.000093896713615
0.000093896713615
0.000093896713615
0.000093896713615
0.000093896713615
0.000093896713615
0.000093896713615
0.000093896713615
0.000093896713615
0.000093896713615
0.000093896713615
0.000093896713615
0.000093896713615
0.000093896713615
0.000093896713615
0.000093896713615
0.000093896713615
0.000093896713615
0.000093896713615
0.000093896713615
0.000093896713615
0.000093896713615
0.000093896713615
0.000093896713615
0.000093896713615
0.000093896713615
0.000093896713615
0.000093896713615
0.000093896713615
0.000093896713615
0.000093896713615
0.000093896713615
0.000093896713615
0.000093896713615
0.000093896713615
0.000093896713615
0.000093896713615
0.000093896713615
0.000093896713615
0.000093896713615
0.000093896713615
0.000093896713615
0.000093896713615
0.000093896713615
0.000093896713615
0.000093896713615
0.000093896713615
0.000093896713615
0.000093896713615
0.000093896713615
0.000093896713615
0.000093896713615
0.000093896713615
0.000093896713615
0.000093896713615
0.000093896713615
0.000093896713615
0.000093896713615
