1
0.009329392203953
0.009421762423795
0.009514132643636
0.009606502863477
0.009698873083318
0.009791243303159
0.009883613523000
0.009975983742841
0.010068353962682
0.010160724182524
0.010253094402365
0.010345464622206
0.010437834842047
0.010530205061888
0.010622575281729
0.010714945501570
0.010807315721411
0.010899685941253
0.010992056161094
0.011084426380935
0.011176796600776
0.011269166820617
0.011361537040458
0.011453907260299
0.011546277480140
0.011638647699982
0.011731017919823
0.011823388139664
0.011915758359505
0.012008128579346
0.012100498799187
0.012192869019028
0.012285239238869
0.012377609458711
0.012469979678552
0.012562349898393
0.012654720118234
0.012747090338075
0.012839460557916
0.012931830777757
0.013024200997598
0.013116571217439
0.013208941437281
0.013301311657122
0.013393681876963
0.013486052096804
0.013578422316645
0.013670792536486
0.013763162756327
0.013855532976168
0.013947903196010
0.014040273415851
0.014132643635692
0.014225013855533
0.014317384075374
0.014409754295215
0.014502124515056
0.014594494734897
0.014686864954739
0.014779235174580
0.014871605394421
0.014963975614262
0.015056345834103
0.015148716053944
0.015241086273785
0.015333456493626
0.015425826713468
0.015518196933309
0.015610567153150
0.015702937372991
0.015795307592832
0.015887677812673
0.015980048032514
0.016072418252355
0.016164788472197
0.016257158692038
0.016349528911879
0.000092370219841
0.000092370219841
0.000092370219841
0.000092370219841
0.000092370219841
0.000092370219841
0.000092370219841
0.000092370219841
0.000092370219841
0.000092370219841
0.000092370219841
0.000092370219841
0.000092370219841
0.000092370219841
0.000092370219841
0.000092370219841
0.000092370219841
0.000092370219841
0.000092370219841
0.000092370219841
0.000092370219841
0.000092370219841
0.000092370219841
0.000092370219841
0.000092370219841
0.000092370219841
0.000092370219841
0.000092370219841
0.000092370219841
0.000092370219841
0.000092370219841
0.000092370219841
0.000092370219841
0.000092370219841
0.000092370219841
0.000092370219841
0.000092370219841
0.000092370219841
0.000092370219841
0.000092370219841
0.000092370219841
0.000092370219841
0.000092370219841
0.000092370219841
0.000092370219841
0.000092370219841
0.000092370219841
0.000092370219841
0.000092370219841
0.000092370219841
0.000092370219841
0.000092370219841
0.000092370219841
0.000092370219841
0.000092370219841
0.000092370219841
0.000092370219841
0.000092370219841
0.000092370219841
0.000092370219841
0.000092370219841
0.000092370219841
0.000092370219841
0.000092370219841
0.000092370219841
0.000092370219841
0.000092370219841
0.000092370219841
0.000092370219841
0.000092370219841
0.000092370219841
0.000092370219841
0.000092370219841
0.000092370219841
0.000092370219841
0.000092370219841
0.000092370219841
0.000092370219841
0.000092370219841
0.000092370219841
0.000092370219841
0.000092370219841
0.000092370219841
0.000092370219841
0.000092370219841
0.000092370219841
0.000092370219841
0.000092370219841
0.000092370219841
0.000092370219841
0.000092370219841
0.000092370219841
0.000092370219841
0.000092370219841
0.000092370219841
0.000092370219841
0.000092370219841
0.000092370219841
0.000092370219841
0.000092370219841
0.000092370219841
0.000092370219841
0.000092370219841
0.000092370219841
0.000092370219841
0.000092370219841
0.000092370219841
0.000092370219841
0.000092370219841
0.000092370219841
0.000092370219841
0.000092370219841
0.000092370219841
0.000092370219841
0.000092370219841
0.000092370219841
0.000092370219841
0.000092370219841
0.000092370219841
0.000092370219841
0.000092370219841
0.000092370219841
0.000092370219841
