1
0.009179314732346
0.009270199036626
0.009361083340907
0.009451967645188
0.009542851949468
0.009633736253749
0.009724620558030
0.009815504862310
0.009906389166591
0.009997273470872
0.010088157775152
0.010179042079433
0.010269926383714
0.010360810687994
0.010451694992275
0.010542579296555
0.010633463600836
0.010724347905117
0.010815232209397
0.010906116513678
0.010997000817959
0.011087885122239
0.011178769426520
0.011269653730801
0.011360538035081
0.011451422339362
0.011542306643643
0.011633190947923
0.011724075252204
0.011814959556485
0.011905843860765
0.011996728165046
0.012087612469327
0.012178496773607
0.012269381077888
0.012360265382168
0.012451149686449
0.012542033990730
0.012632918295010
0.012723802599291
0.012814686903572
0.012905571207852
0.012996455512133
0.013087339816414
0.013178224120694
0.013269108424975
0.013359992729256
0.013450877033536
0.013541761337817
0.013632645642098
0.013723529946378
0.013814414250659
0.013905298554940
0.013996182859220
0.014087067163501
0.014177951467782
0.014268835772062
0.014359720076343
0.014450604380623
0.014541488684904
0.014632372989185
0.014723257293465
0.014814141597746
0.014905025902027
0.014995910206307
0.015086794510588
0.015177678814869
0.015268563119149
0.015359447423430
0.015450331727711
0.015541216031991
0.015632100336272
0.015722984640553
0.015813868944833
0.015904753249114
0.015995637553395
0.016086521857675
0.016177406161956
0.000090884304281
0.000090884304281
0.000090884304281
0.000090884304281
0.000090884304281
0.000090884304281
0.000090884304281
0.000090884304281
0.000090884304281
0.000090884304281
0.000090884304281
0.000090884304281
0.000090884304281
0.000090884304281
0.000090884304281
0.000090884304281
0.000090884304281
0.000090884304281
0.000090884304281
0.000090884304281
0.000090884304281
0.000090884304281
0.000090884304281
0.000090884304281
0.000090884304281
0.000090884304281
0.000090884304281
0.000090884304281
0.000090884304281
0.000090884304281
0.000090884304281
0.000090884304281
0.000090884304281
0.000090884304281
0.000090884304281
0.000090884304281
0.000090884304281
0.000090884304281
0.000090884304281
0.000090884304281
0.000090884304281
0.000090884304281
0.000090884304281
0.000090884304281
0.000090884304281
0.000090884304281
0.000090884304281
0.000090884304281
0.000090884304281
0.000090884304281
0.000090884304281
0.000090884304281
0.000090884304281
0.000090884304281
0.000090884304281
0.000090884304281
0.000090884304281
0.000090884304281
0.000090884304281
0.000090884304281
0.000090884304281
0.000090884304281
0.000090884304281
0.000090884304281
0.000090884304281
0.000090884304281
0.000090884304281
0.000090884304281
0.000090884304281
0.000090884304281
0.000090884304281
0.000090884304281
0.000090884304281
0.000090884304281
0.000090884304281
0.000090884304281
0.000090884304281
0.000090884304281
0.000090884304281
0.000090884304281
0.000090884304281
0.000090884304281
0.000090884304281
0.000090884304281
0.000090884304281
0.000090884304281
0.000090884304281
0.000090884304281
0.000090884304281
0.000090884304281
0.000090884304281
0.000090884304281
0.000090884304281
0.000090884304281
0.000090884304281
0.000090884304281
0.000090884304281
0.000090884304281
0.000090884304281
0.000090884304281
0.000090884304281
0.000090884304281
0.000090884304281
0.000090884304281
0.000090884304281
0.000090884304281
0.000090884304281
0.000090884304281
0.000090884304281
0.000090884304281
0.000090884304281
0.000090884304281
0.000090884304281
0.000090884304281
0.000090884304281
0.000090884304281
0.000090884304281
0.000090884304281
0.000090884304281
0.000090884304281
0.000090884304281
0.000090884304281
