0.9999
0.009064486642421
0.009153336473016
0.009242177418628
0.009331009480146
0.009419832658458
0.009508646954451
0.009597452369015
0.009686248903038
0.009775036557407
0.009863815333011
0.009952585230737
0.010041346251474
0.010130098396108
0.010218841665528
0.010307576060621
0.010396301582274
0.010485018231376
0.010573726008812
0.010662424915471
0.010751114952239
0.010839796120003
0.010928468419651
0.011017131852068
0.011105786418143
0.011194432118760
0.011283068954808
0.011371696927172
0.011460316036739
0.011548926284395
0.011637527671026
0.011726120197518
0.011814703864758
0.011903278673631
0.011991844625023
0.012080401719820
0.012168949958908
0.012257489343172
0.012346019873497
0.012434541550769
0.012523054375873
0.012611558349695
0.012700053473120
0.012788539747032
0.012877017172317
0.012965485749859
0.013053945480544
0.013142396365255
0.013230838404878
0.013319271600297
0.013407695952397
0.013496111462061
0.013584518130175
0.013672915957621
0.013761304945285
0.013849685094050
0.013938056404800
0.014026418878419
0.014114772515791
0.014203117317799
0.014291453285326
0.014379780419257
0.014468098720475
0.014556408189863
0.014644708828303
0.014733000636680
0.014821283615876
0.014909557766774
0.014997823090257
0.015086079587207
0.015174327258508
0.015262566105042
0.015350796127691
0.015439017327337
0.015527229704864
0.015615433261153
0.015703627997087
0.015791813913546
0.015879991011415
0.015968159291573
0.000089756279260
0.000089756279260
0.000089756279260
0.000089756279260
0.000089756279260
0.000089756279260
0.000089756279260
0.000089756279260
0.000089756279260
0.000089756279260
0.000089756279260
0.000089756279260
0.000089756279260
0.000089756279260
0.000089756279260
0.000089756279260
0.000089756279260
0.000089756279260
0.000089756279260
0.000089756279260
0.000089756279260
0.000089756279260
0.000089756279260
0.000089756279260
0.000089756279260
0.000089756279260
0.000089756279260
0.000089756279260
0.000089756279260
0.000089756279260
0.000089756279260
0.000089756279260
0.000089756279260
0.000089756279260
0.000089756279260
0.000089756279260
0.000089756279260
0.000089756279260
0.000089756279260
0.000089756279260
0.000089756279260
0.000089756279260
0.000089756279260
0.000089756279260
0.000089756279260
0.000089756279260
0.000089756279260
0.000089756279260
0.000089756279260
0.000089756279260
0.000089756279260
0.000089756279260
0.000089756279260
0.000089756279260
0.000089756279260
0.000089756279260
0.000089756279260
0.000089756279260
0.000089756279260
0.000089756279260
0.000089756279260
0.000089756279260
0.000089756279260
0.000089756279260
0.000089756279260
0.000089756279260
0.000089756279260
0.000089756279260
0.000089756279260
0.000089756279260
0.000089756279260
0.000089756279260
0.000089756279260
0.000089756279260
0.000089756279260
0.000089756279260
0.000089756279260
0.000089756279260
0.000089756279260
0.000089756279260
0.000089756279260
0.000089756279260
0.000089756279260
0.000089756279260
0.000089756279260
0.000089756279260
0.000089756279260
0.000089756279260
0.000089756279260
0.000089756279260
0.000089756279260
0.000089756279260
0.000089756279260
0.000089756279260
0.000089756279260
0.000089756279260
0.000089756279260
0.000089756279260
0.000089756279260
0.000089756279260
0.000089756279260
0.000089756279260
0.000089756279260
0.000089756279260
0.000089756279260
0.000089756279260
0.000089756279260
0.000089756279260
0.000089756279260
0.000089756279260
0.000089756279260
0.000089756279260
0.000089756279260
0.000089756279260
0.000089756279260
0.000089756279260
0.000089756279260
0.000089756279260
0.000089756279260
0.000089756279260
0.000089756279260
