0.9999
0.008922032453837
0.009009485952679
0.009096930706172
0.009184366715189
0.009271793980605
0.009359212503295
0.009446622284132
0.009534023323991
0.009621415623747
0.009708799184272
0.009796174006441
0.009883540091128
0.009970897439207
0.010058246051551
0.010145585929033
0.010232917072528
0.010320239482908
0.010407553161048
0.010494858107819
0.010582154324096
0.010669441810752
0.010756720568658
0.010843990598689
0.010931251901717
0.011018504478614
0.011105748330254
0.011192983457509
0.011280209861251
0.011367427542352
0.011454636501686
0.011541836740123
0.011629028258537
0.011716211057799
0.011803385138781
0.011890550502355
0.011977707149392
0.012064855080765
0.012151994297345
0.012239124800003
0.012326246589610
0.012413359667039
0.012500464033160
0.012587559688844
0.012674646634963
0.012761724872387
0.012848794401988
0.012935855224635
0.013022907341201
0.013109950752554
0.013196985459567
0.013284011463108
0.013371028764050
0.013458037363261
0.013545037261612
0.013632028459974
0.013719010959216
0.013805984760207
0.013892949863819
0.013979906270920
0.014066853982381
0.014153792999071
0.014240723321858
0.014327644951614
0.014414557889206
0.014501462135505
0.014588357691379
0.014675244557698
0.014762122735330
0.014848992225144
0.014935853028009
0.015022705144794
0.015109548576367
0.015196383323597
0.015283209387353
0.015370026768502
0.015456835467912
0.015543635486453
0.015630426824992
0.015717209484398
0.015803983465537
0.000088345702088
0.000088345702088
0.000088345702088
0.000088345702088
0.000088345702088
0.000088345702088
0.000088345702088
0.000088345702088
0.000088345702088
0.000088345702088
0.000088345702088
0.000088345702088
0.000088345702088
0.000088345702088
0.000088345702088
0.000088345702088
0.000088345702088
0.000088345702088
0.000088345702088
0.000088345702088
0.000088345702088
0.000088345702088
0.000088345702088
0.000088345702088
0.000088345702088
0.000088345702088
0.000088345702088
0.000088345702088
0.000088345702088
0.000088345702088
0.000088345702088
0.000088345702088
0.000088345702088
0.000088345702088
0.000088345702088
0.000088345702088
0.000088345702088
0.000088345702088
0.000088345702088
0.000088345702088
0.000088345702088
0.000088345702088
0.000088345702088
0.000088345702088
0.000088345702088
0.000088345702088
0.000088345702088
0.000088345702088
0.000088345702088
0.000088345702088
0.000088345702088
0.000088345702088
0.000088345702088
0.000088345702088
0.000088345702088
0.000088345702088
0.000088345702088
0.000088345702088
0.000088345702088
0.000088345702088
0.000088345702088
0.000088345702088
0.000088345702088
0.000088345702088
0.000088345702088
0.000088345702088
0.000088345702088
0.000088345702088
0.000088345702088
0.000088345702088
0.000088345702088
0.000088345702088
0.000088345702088
0.000088345702088
0.000088345702088
0.000088345702088
0.000088345702088
0.000088345702088
0.000088345702088
0.000088345702088
0.000088345702088
0.000088345702088
0.000088345702088
0.000088345702088
0.000088345702088
0.000088345702088
0.000088345702088
0.000088345702088
0.000088345702088
0.000088345702088
0.000088345702088
0.000088345702088
0.000088345702088
0.000088345702088
0.000088345702088
0.000088345702088
0.000088345702088
0.000088345702088
0.000088345702088
0.000088345702088
0.000088345702088
0.000088345702088
0.000088345702088
0.000088345702088
0.000088345702088
0.000088345702088
0.000088345702088
0.000088345702088
0.000088345702088
0.000088345702088
0.000088345702088
0.000088345702088
0.000088345702088
0.000088345702088
0.000088345702088
0.000088345702088
0.000088345702088
0.000088345702088
0.000088345702088
0.000088345702088
