0.9999
0.082056123372205
0.085955724378222
0.089854935424138
0.093753756548950
0.097652187791650
0.101550229191225
0.105447880786660
0.109345142616936
0.113242014721029
0.003907806618354
0.003907806618354
0.003907806618354
0.003907806618354
0.003907806618354
0.003907806618354
0.003907806618354
0.003907806618354
0.003907806618354
0.003907806618354
0.003907806618354
0.003907806618354
0.003907806618354
0.003907806618354
0.003907806618354
0.003907806618354
0.003907806618354
0.003907806618354
0.003907806618354
0.003907806618354
0.003907806618354
0.003907806618354
0.003907806618354
0.003907806618354
0.003907806618354
0.003907806618354
0.003907806618354
0.003907806618354
0.003907806618354
0.003907806618354
0.003907806618354
