0.9999
0.008783236214934
0.008869329237138
0.008955413650040
0.009041489454501
0.009127556651381
0.009213615241542
0.009299665225843
0.009385706605146
0.009471739380311
0.009557763552199
0.009643779121670
0.009729786089583
0.009815784456800
0.009901774224180
0.009987755392583
0.010073727962869
0.010159691935899
0.010245647312531
0.010331594093625
0.010417532280042
0.010503461872639
0.010589382872278
0.010675295279816
0.010761199096114
0.010847094322030
0.010932980958423
0.011018859006153
0.011104728466078
0.011190589339057
0.011276441625949
0.011362285327612
0.011448120444905
0.011533946978686
0.011619764929814
0.011705574299147
0.011791375087542
0.011877167295859
0.011962950924955
0.012048725975689
0.012134492448917
0.012220250345497
0.012305999666289
0.012391740412148
0.012477472583932
0.012563196182499
0.012648911208707
0.012734617663412
0.012820315547471
0.012906004861742
0.012991685607081
0.013077357784346
0.013163021394393
0.013248676438080
0.013334322916262
0.013419960829796
0.013505590179538
0.013591210966346
0.013676823191075
0.013762426854582
0.013848021957722
0.013933608501352
0.014019186486327
0.014104755913504
0.014190316783739
0.014275869097886
0.014361412856802
0.014446948061342
0.014532474712361
0.014617992810716
0.014703502357260
0.014789003352850
0.014874495798341
0.014959979694586
0.015045455042443
0.015130921842764
0.015216380096405
0.015301829804222
0.015387270967067
0.015472703585796
0.015558127661263
0.015643543194322
0.000086971345826
0.000086971345826
0.000086971345826
0.000086971345826
0.000086971345826
0.000086971345826
0.000086971345826
0.000086971345826
0.000086971345826
0.000086971345826
0.000086971345826
0.000086971345826
0.000086971345826
0.000086971345826
0.000086971345826
0.000086971345826
0.000086971345826
0.000086971345826
0.000086971345826
0.000086971345826
0.000086971345826
0.000086971345826
0.000086971345826
0.000086971345826
0.000086971345826
0.000086971345826
0.000086971345826
0.000086971345826
0.000086971345826
0.000086971345826
0.000086971345826
0.000086971345826
0.000086971345826
0.000086971345826
0.000086971345826
0.000086971345826
0.000086971345826
0.000086971345826
0.000086971345826
0.000086971345826
0.000086971345826
0.000086971345826
0.000086971345826
0.000086971345826
0.000086971345826
0.000086971345826
0.000086971345826
0.000086971345826
0.000086971345826
0.000086971345826
0.000086971345826
0.000086971345826
0.000086971345826
0.000086971345826
0.000086971345826
0.000086971345826
0.000086971345826
0.000086971345826
0.000086971345826
0.000086971345826
0.000086971345826
0.000086971345826
0.000086971345826
0.000086971345826
0.000086971345826
0.000086971345826
0.000086971345826
0.000086971345826
0.000086971345826
0.000086971345826
0.000086971345826
0.000086971345826
0.000086971345826
0.000086971345826
0.000086971345826
0.000086971345826
0.000086971345826
0.000086971345826
0.000086971345826
0.000086971345826
0.000086971345826
0.000086971345826
0.000086971345826
0.000086971345826
0.000086971345826
0.000086971345826
0.000086971345826
0.000086971345826
0.000086971345826
0.000086971345826
0.000086971345826
0.000086971345826
0.000086971345826
0.000086971345826
0.000086971345826
0.000086971345826
0.000086971345826
0.000086971345826
0.000086971345826
0.000086971345826
0.000086971345826
0.000086971345826
0.000086971345826
0.000086971345826
0.000086971345826
0.000086971345826
0.000086971345826
0.000086971345826
0.000086971345826
0.000086971345826
0.000086971345826
0.000086971345826
0.000086971345826
0.000086971345826
0.000086971345826
0.000086971345826
0.000086971345826
0.000086971345826
0.000086971345826
