1
0.008617012200324
0.008702329152803
0.008787646105281
0.008872963057760
0.008958280010238
0.009043596962716
0.009128913915195
0.009214230867673
0.009299547820152
0.009384864772630
0.009470181725109
0.009555498677587
0.009640815630066
0.009726132582544
0.009811449535023
0.009896766487501
0.009982083439980
0.010067400392458
0.010152717344936
0.010238034297415
0.010323351249893
0.010408668202372
0.010493985154850
0.010579302107329
0.010664619059807
0.010749936012286
0.010835252964764
0.010920569917243
0.011005886869721
0.011091203822199
0.011176520774678
0.011261837727156
0.011347154679635
0.011432471632113
0.011517788584592
0.011603105537070
0.011688422489549
0.011773739442027
0.011859056394506
0.011944373346984
0.012029690299463
0.012115007251941
0.012200324204419
0.012285641156898
0.012370958109376
0.012456275061855
0.012541592014333
0.012626908966812
0.012712225919290
0.012797542871769
0.012882859824247
0.012968176776726
0.013053493729204
0.013138810681682
0.013224127634161
0.013309444586639
0.013394761539118
0.013480078491596
0.013565395444075
0.013650712396553
0.013736029349032
0.013821346301510
0.013906663253989
0.013991980206467
0.014077297158945
0.014162614111424
0.014247931063902
0.014333248016381
0.014418564968859
0.014503881921338
0.014589198873816
0.014674515826295
0.014759832778773
0.014845149731252
0.014930466683730
0.015015783636209
0.015101100588687
0.015186417541165
0.015271734493644
0.015357051446122
0.015442368398601
0.015527685351079
0.000085316952478
0.000085316952478
0.000085316952478
0.000085316952478
0.000085316952478
0.000085316952478
0.000085316952478
0.000085316952478
0.000085316952478
0.000085316952478
0.000085316952478
0.000085316952478
0.000085316952478
0.000085316952478
0.000085316952478
0.000085316952478
0.000085316952478
0.000085316952478
0.000085316952478
0.000085316952478
0.000085316952478
0.000085316952478
0.000085316952478
0.000085316952478
0.000085316952478
0.000085316952478
0.000085316952478
0.000085316952478
0.000085316952478
0.000085316952478
0.000085316952478
0.000085316952478
0.000085316952478
0.000085316952478
0.000085316952478
0.000085316952478
0.000085316952478
0.000085316952478
0.000085316952478
0.000085316952478
0.000085316952478
0.000085316952478
0.000085316952478
0.000085316952478
0.000085316952478
0.000085316952478
0.000085316952478
0.000085316952478
0.000085316952478
0.000085316952478
0.000085316952478
0.000085316952478
0.000085316952478
0.000085316952478
0.000085316952478
0.000085316952478
0.000085316952478
0.000085316952478
0.000085316952478
0.000085316952478
0.000085316952478
0.000085316952478
0.000085316952478
0.000085316952478
0.000085316952478
0.000085316952478
0.000085316952478
0.000085316952478
0.000085316952478
0.000085316952478
0.000085316952478
0.000085316952478
0.000085316952478
0.000085316952478
0.000085316952478
0.000085316952478
0.000085316952478
0.000085316952478
0.000085316952478
0.000085316952478
0.000085316952478
0.000085316952478
0.000085316952478
0.000085316952478
0.000085316952478
0.000085316952478
0.000085316952478
0.000085316952478
0.000085316952478
0.000085316952478
0.000085316952478
0.000085316952478
0.000085316952478
0.000085316952478
0.000085316952478
0.000085316952478
0.000085316952478
0.000085316952478
0.000085316952478
0.000085316952478
0.000085316952478
0.000085316952478
0.000085316952478
0.000085316952478
0.000085316952478
0.000085316952478
0.000085316952478
0.000085316952478
0.000085316952478
0.000085316952478
0.000085316952478
0.000085316952478
0.000085316952478
0.000085316952478
0.000085316952478
0.000085316952478
0.000085316952478
0.000085316952478
