1
0.008485255817861
0.008569268251701
0.008653280685541
0.008737293119382
0.008821305553222
0.008905317987062
0.008989330420902
0.009073342854743
0.009157355288583
0.009241367722423
0.009325380156263
0.009409392590103
0.009493405023944
0.009577417457784
0.009661429891624
0.009745442325464
0.009829454759304
0.009913467193145
0.009997479626985
0.010081492060825
0.010165504494665
0.010249516928505
0.010333529362346
0.010417541796186
0.010501554230026
0.010585566663866
0.010669579097706
0.010753591531547
0.010837603965387
0.010921616399227
0.011005628833067
0.011089641266908
0.011173653700748
0.011257666134588
0.011341678568428
0.011425691002268
0.011509703436109
0.011593715869949
0.011677728303789
0.011761740737629
0.011845753171469
0.011929765605310
0.012013778039150
0.012097790472990
0.012181802906830
0.012265815340670
0.012349827774511
0.012433840208351
0.012517852642191
0.012601865076031
0.012685877509871
0.012769889943712
0.012853902377552
0.012937914811392
0.013021927245232
0.013105939679073
0.013189952112913
0.013273964546753
0.013357976980593
0.013441989414433
0.013526001848274
0.013610014282114
0.013694026715954
0.013778039149794
0.013862051583634
0.013946064017475
0.014030076451315
0.014114088885155
0.014198101318995
0.014282113752835
0.014366126186676
0.014450138620516
0.014534151054356
0.014618163488196
0.014702175922036
0.014786188355877
0.014870200789717
0.014954213223557
0.015038225657397
0.015122238091238
0.015206250525078
0.015290262958918
0.015374275392758
0.000084012433840
0.000084012433840
0.000084012433840
0.000084012433840
0.000084012433840
0.000084012433840
0.000084012433840
0.000084012433840
0.000084012433840
0.000084012433840
0.000084012433840
0.000084012433840
0.000084012433840
0.000084012433840
0.000084012433840
0.000084012433840
0.000084012433840
0.000084012433840
0.000084012433840
0.000084012433840
0.000084012433840
0.000084012433840
0.000084012433840
0.000084012433840
0.000084012433840
0.000084012433840
0.000084012433840
0.000084012433840
0.000084012433840
0.000084012433840
0.000084012433840
0.000084012433840
0.000084012433840
0.000084012433840
0.000084012433840
0.000084012433840
0.000084012433840
0.000084012433840
0.000084012433840
0.000084012433840
0.000084012433840
0.000084012433840
0.000084012433840
0.000084012433840
0.000084012433840
0.000084012433840
0.000084012433840
0.000084012433840
0.000084012433840
0.000084012433840
0.000084012433840
0.000084012433840
0.000084012433840
0.000084012433840
0.000084012433840
0.000084012433840
0.000084012433840
0.000084012433840
0.000084012433840
0.000084012433840
0.000084012433840
0.000084012433840
0.000084012433840
0.000084012433840
0.000084012433840
0.000084012433840
0.000084012433840
0.000084012433840
0.000084012433840
0.000084012433840
0.000084012433840
0.000084012433840
0.000084012433840
0.000084012433840
0.000084012433840
0.000084012433840
0.000084012433840
0.000084012433840
0.000084012433840
0.000084012433840
0.000084012433840
0.000084012433840
0.000084012433840
0.000084012433840
0.000084012433840
0.000084012433840
0.000084012433840
0.000084012433840
0.000084012433840
0.000084012433840
0.000084012433840
0.000084012433840
0.000084012433840
0.000084012433840
0.000084012433840
0.000084012433840
0.000084012433840
0.000084012433840
0.000084012433840
0.000084012433840
0.000084012433840
0.000084012433840
0.000084012433840
0.000084012433840
0.000084012433840
0.000084012433840
0.000084012433840
0.000084012433840
0.000084012433840
0.000084012433840
0.000084012433840
0.000084012433840
0.000084012433840
0.000084012433840
0.000084012433840
0.000084012433840
0.000084012433840
