0.9999
0.008387496328702
0.008469710320219
0.008551916090336
0.008634113639877
0.008716302969662
0.008798484080515
0.008880656973257
0.008962821648709
0.009044978107694
0.009127126351033
0.009209266379547
0.009291398194059
0.009373521795389
0.009455637184359
0.009537744361790
0.009619843328504
0.009701934085321
0.009784016633062
0.009866090972548
0.009948157104600
0.010030215030040
0.010112264749686
0.010194306264361
0.010276339574884
0.010358364682076
0.010440381586758
0.010522390289749
0.010604390791869
0.010686383093940
0.010768367196780
0.010850343101210
0.010932310808049
0.011014270318118
0.011096221632236
0.011178164751223
0.011260099675897
0.011342026407079
0.011423944945588
0.011505855292243
0.011587757447863
0.011669651413268
0.011751537189277
0.011833414776707
0.011915284176379
0.011997145389111
0.012078998415722
0.012160843257030
0.012242679913854
0.012324508387012
0.012406328677323
0.012488140785605
0.012569944712676
0.012651740459355
0.012733528026458
0.012815307414805
0.012897078625213
0.012978841658501
0.013060596515484
0.013142343196982
0.013224081703812
0.013305812036792
0.013387534196738
0.013469248184468
0.013550954000799
0.013632651646548
0.013714341122533
0.013796022429571
0.013877695568477
0.013959360540070
0.014041017345166
0.014122665984581
0.014204306459132
0.014285938769636
0.014367562916908
0.014449178901766
0.014530786725026
0.014612386387503
0.014693977890014
0.014775561233375
0.014857136418401
0.014938703445909
0.015020262316714
0.015101813031632
0.015183355591478
0.000083052741150
0.000083052741150
0.000083052741150
0.000083052741150
0.000083052741150
0.000083052741150
0.000083052741150
0.000083052741150
0.000083052741150
0.000083052741150
0.000083052741150
0.000083052741150
0.000083052741150
0.000083052741150
0.000083052741150
0.000083052741150
0.000083052741150
0.000083052741150
0.000083052741150
0.000083052741150
0.000083052741150
0.000083052741150
0.000083052741150
0.000083052741150
0.000083052741150
0.000083052741150
0.000083052741150
0.000083052741150
0.000083052741150
0.000083052741150
0.000083052741150
0.000083052741150
0.000083052741150
0.000083052741150
0.000083052741150
0.000083052741150
0.000083052741150
0.000083052741150
0.000083052741150
0.000083052741150
0.000083052741150
0.000083052741150
0.000083052741150
0.000083052741150
0.000083052741150
0.000083052741150
0.000083052741150
0.000083052741150
0.000083052741150
0.000083052741150
0.000083052741150
0.000083052741150
0.000083052741150
0.000083052741150
0.000083052741150
0.000083052741150
0.000083052741150
0.000083052741150
0.000083052741150
0.000083052741150
0.000083052741150
0.000083052741150
0.000083052741150
0.000083052741150
0.000083052741150
0.000083052741150
0.000083052741150
0.000083052741150
0.000083052741150
0.000083052741150
0.000083052741150
0.000083052741150
0.000083052741150
0.000083052741150
0.000083052741150
0.000083052741150
0.000083052741150
0.000083052741150
0.000083052741150
0.000083052741150
0.000083052741150
0.000083052741150
0.000083052741150
0.000083052741150
0.000083052741150
0.000083052741150
0.000083052741150
0.000083052741150
0.000083052741150
0.000083052741150
0.000083052741150
0.000083052741150
0.000083052741150
0.000083052741150
0.000083052741150
0.000083052741150
0.000083052741150
0.000083052741150
0.000083052741150
0.000083052741150
0.000083052741150
0.000083052741150
0.000083052741150
0.000083052741150
0.000083052741150
0.000083052741150
0.000083052741150
0.000083052741150
0.000083052741150
0.000083052741150
0.000083052741150
0.000083052741150
0.000083052741150
0.000083052741150
0.000083052741150
0.000083052741150
