0.9999
0.008262063032347
0.008343047530394
0.008424023929991
0.008504992231948
0.008585952437076
0.008666904546182
0.008747848560078
0.008828784479573
0.008909712305475
0.008990632038595
0.009071543679741
0.009152447229724
0.009233342689351
0.009314230059433
0.009395109340777
0.009475980534193
0.009556843640490
0.009637698660477
0.009718545594961
0.009799384444752
0.009880215210658
0.009961037893487
0.010041852494048
0.010122659013149
0.010203457451598
0.010284247810204
0.010365030089773
0.010445804291114
0.010526570415036
0.010607328462345
0.010688078433849
0.010768820330356
0.010849554152673
0.010930279901608
0.011010997577968
0.011091707182561
0.011172408716193
0.011253102179672
0.011333787573804
0.011414464899397
0.011495134157258
0.011575795348193
0.011656448473008
0.011737093532511
0.011817730527508
0.011898359458806
0.011978980327211
0.012059593133528
0.012140197878565
0.012220794563128
0.012301383188022
0.012381963754053
0.012462536262028
0.012543100712753
0.012623657107032
0.012704205445672
0.012784745729477
0.012865277959255
0.012945802135809
0.013026318259946
0.013106826332470
0.013187326354188
0.013267818325903
0.013348302248420
0.013428778122546
0.013509245949084
0.013589705728840
0.013670157462617
0.013750601151221
0.013831036795457
0.013911464396127
0.013991883954038
0.014072295469993
0.014152698944797
0.014233094379252
0.014313481774165
0.014393861130338
0.014474232448575
0.014554595729681
0.014634950974458
0.014715298183711
0.014795637358243
0.014875968498858
0.014956291606358
0.015036606681548
0.000081810704350
0.000081810704350
0.000081810704350
0.000081810704350
0.000081810704350
0.000081810704350
0.000081810704350
0.000081810704350
0.000081810704350
0.000081810704350
0.000081810704350
0.000081810704350
0.000081810704350
0.000081810704350
0.000081810704350
0.000081810704350
0.000081810704350
0.000081810704350
0.000081810704350
0.000081810704350
0.000081810704350
0.000081810704350
0.000081810704350
0.000081810704350
0.000081810704350
0.000081810704350
0.000081810704350
0.000081810704350
0.000081810704350
0.000081810704350
0.000081810704350
0.000081810704350
0.000081810704350
0.000081810704350
0.000081810704350
0.000081810704350
0.000081810704350
0.000081810704350
0.000081810704350
0.000081810704350
0.000081810704350
0.000081810704350
0.000081810704350
0.000081810704350
0.000081810704350
0.000081810704350
0.000081810704350
0.000081810704350
0.000081810704350
0.000081810704350
0.000081810704350
0.000081810704350
0.000081810704350
0.000081810704350
0.000081810704350
0.000081810704350
0.000081810704350
0.000081810704350
0.000081810704350
0.000081810704350
0.000081810704350
0.000081810704350
0.000081810704350
0.000081810704350
0.000081810704350
0.000081810704350
0.000081810704350
0.000081810704350
0.000081810704350
0.000081810704350
0.000081810704350
0.000081810704350
0.000081810704350
0.000081810704350
0.000081810704350
0.000081810704350
0.000081810704350
0.000081810704350
0.000081810704350
0.000081810704350
0.000081810704350
0.000081810704350
0.000081810704350
0.000081810704350
0.000081810704350
0.000081810704350
0.000081810704350
0.000081810704350
0.000081810704350
0.000081810704350
0.000081810704350
0.000081810704350
0.000081810704350
0.000081810704350
0.000081810704350
0.000081810704350
0.000081810704350
0.000081810704350
0.000081810704350
0.000081810704350
0.000081810704350
0.000081810704350
0.000081810704350
0.000081810704350
0.000081810704350
0.000081810704350
0.000081810704350
0.000081810704350
0.000081810704350
0.000081810704350
0.000081810704350
0.000081810704350
0.000081810704350
0.000081810704350
0.000081810704350
