0.9999
0.008139682073810
0.008219466997312
0.008299243942323
0.008379012909639
0.008458773900058
0.008538526914378
0.008618271953397
0.008698009017912
0.008777738108720
0.008857459226619
0.008937172372407
0.009016877546880
0.009096574750835
0.009176263985070
0.009255945250382
0.009335618547567
0.009415283877423
0.009494941240745
0.009574590638331
0.009654232070977
0.009733865539480
0.009813491044637
0.009893108587242
0.009972718168094
0.010052319787987
0.010131913447719
0.010211499148084
0.010291076889879
0.010370646673900
0.010450208500943
0.010529762371803
0.010609308287276
0.010688846248158
0.010768376255243
0.010847898309328
0.010927412411207
0.011006918561676
0.011086416761530
0.011165907011564
0.011245389312573
0.011324863665352
0.011404330070696
0.011483788529399
0.011563239042256
0.011642681610062
0.011722116233611
0.011801542913698
0.011880961651117
0.011960372446662
0.012039775301127
0.012119170215307
0.012198557189996
0.012277936225987
0.012357307324075
0.012436670485052
0.012516025709714
0.012595372998853
0.012674712353263
0.012754043773738
0.012833367261071
0.012912682816055
0.012991990439484
0.013071290132150
0.013150581894847
0.013229865728368
0.013309141633505
0.013388409611052
0.013467669661801
0.013546921786545
0.013626165986076
0.013705402261188
0.013784630612672
0.013863851041321
0.013943063547927
0.014022268133282
0.014101464798179
0.014180653543409
0.014259834369765
0.014339007278038
0.014418172269021
0.014497329343504
0.014576478502280
0.014655619746140
0.014734753075875
0.014813878492278
0.014892995996139
0.000080598891710
0.000080598891710
0.000080598891710
0.000080598891710
0.000080598891710
0.000080598891710
0.000080598891710
0.000080598891710
0.000080598891710
0.000080598891710
0.000080598891710
0.000080598891710
0.000080598891710
0.000080598891710
0.000080598891710
0.000080598891710
0.000080598891710
0.000080598891710
0.000080598891710
0.000080598891710
0.000080598891710
0.000080598891710
0.000080598891710
0.000080598891710
0.000080598891710
0.000080598891710
0.000080598891710
0.000080598891710
0.000080598891710
0.000080598891710
0.000080598891710
0.000080598891710
0.000080598891710
0.000080598891710
0.000080598891710
0.000080598891710
0.000080598891710
0.000080598891710
0.000080598891710
0.000080598891710
0.000080598891710
0.000080598891710
0.000080598891710
0.000080598891710
0.000080598891710
0.000080598891710
0.000080598891710
0.000080598891710
0.000080598891710
0.000080598891710
0.000080598891710
0.000080598891710
0.000080598891710
0.000080598891710
0.000080598891710
0.000080598891710
0.000080598891710
0.000080598891710
0.000080598891710
0.000080598891710
0.000080598891710
0.000080598891710
0.000080598891710
0.000080598891710
0.000080598891710
0.000080598891710
0.000080598891710
0.000080598891710
0.000080598891710
0.000080598891710
0.000080598891710
0.000080598891710
0.000080598891710
0.000080598891710
0.000080598891710
0.000080598891710
0.000080598891710
0.000080598891710
0.000080598891710
0.000080598891710
0.000080598891710
0.000080598891710
0.000080598891710
0.000080598891710
0.000080598891710
0.000080598891710
0.000080598891710
0.000080598891710
0.000080598891710
0.000080598891710
0.000080598891710
0.000080598891710
0.000080598891710
0.000080598891710
0.000080598891710
0.000080598891710
0.000080598891710
0.000080598891710
0.000080598891710
0.000080598891710
0.000080598891710
0.000080598891710
0.000080598891710
0.000080598891710
0.000080598891710
0.000080598891710
0.000080598891710
0.000080598891710
0.000080598891710
0.000080598891710
0.000080598891710
0.000080598891710
0.000080598891710
0.000080598891710
