1
0.007989874218812
0.008068981884345
0.008148089549877
0.008227197215410
0.008306304880943
0.008385412546476
0.008464520212009
0.008543627877541
0.008622735543074
0.008701843208607
0.008780950874140
0.008860058539672
0.008939166205205
0.009018273870738
0.009097381536271
0.009176489201804
0.009255596867336
0.009334704532869
0.009413812198402
0.009492919863935
0.009572027529468
0.009651135195000
0.009730242860533
0.009809350526066
0.009888458191599
0.009967565857132
0.010046673522664
0.010125781188197
0.010204888853730
0.010283996519263
0.010363104184796
0.010442211850328
0.010521319515861
0.010600427181394
0.010679534846927
0.010758642512459
0.010837750177992
0.010916857843525
0.010995965509058
0.011075073174591
0.011154180840123
0.011233288505656
0.011312396171189
0.011391503836722
0.011470611502255
0.011549719167787
0.011628826833320
0.011707934498853
0.011787042164386
0.011866149829919
0.011945257495451
0.012024365160984
0.012103472826517
0.012182580492050
0.012261688157582
0.012340795823115
0.012419903488648
0.012499011154181
0.012578118819714
0.012657226485246
0.012736334150779
0.012815441816312
0.012894549481845
0.012973657147378
0.013052764812910
0.013131872478443
0.013210980143976
0.013290087809509
0.013369195475042
0.013448303140574
0.013527410806107
0.013606518471640
0.013685626137173
0.013764733802705
0.013843841468238
0.013922949133771
0.014002056799304
0.014081164464837
0.014160272130369
0.014239379795902
0.014318487461435
0.014397595126968
0.014476702792501
0.014555810458033
0.014634918123566
0.014714025789099
0.014793133454632
0.000079107665533
0.000079107665533
0.000079107665533
0.000079107665533
0.000079107665533
0.000079107665533
0.000079107665533
0.000079107665533
0.000079107665533
0.000079107665533
0.000079107665533
0.000079107665533
0.000079107665533
0.000079107665533
0.000079107665533
0.000079107665533
0.000079107665533
0.000079107665533
0.000079107665533
0.000079107665533
0.000079107665533
0.000079107665533
0.000079107665533
0.000079107665533
0.000079107665533
0.000079107665533
0.000079107665533
0.000079107665533
0.000079107665533
0.000079107665533
0.000079107665533
0.000079107665533
0.000079107665533
0.000079107665533
0.000079107665533
0.000079107665533
0.000079107665533
0.000079107665533
0.000079107665533
0.000079107665533
0.000079107665533
0.000079107665533
0.000079107665533
0.000079107665533
0.000079107665533
0.000079107665533
0.000079107665533
0.000079107665533
0.000079107665533
0.000079107665533
0.000079107665533
0.000079107665533
0.000079107665533
0.000079107665533
0.000079107665533
0.000079107665533
0.000079107665533
0.000079107665533
0.000079107665533
0.000079107665533
0.000079107665533
0.000079107665533
0.000079107665533
0.000079107665533
0.000079107665533
0.000079107665533
0.000079107665533
0.000079107665533
0.000079107665533
0.000079107665533
0.000079107665533
0.000079107665533
0.000079107665533
0.000079107665533
0.000079107665533
0.000079107665533
0.000079107665533
0.000079107665533
0.000079107665533
0.000079107665533
0.000079107665533
0.000079107665533
0.000079107665533
0.000079107665533
0.000079107665533
0.000079107665533
0.000079107665533
0.000079107665533
0.000079107665533
0.000079107665533
0.000079107665533
0.000079107665533
0.000079107665533
0.000079107665533
0.000079107665533
0.000079107665533
0.000079107665533
0.000079107665533
0.000079107665533
0.000079107665533
0.000079107665533
0.000079107665533
0.000079107665533
0.000079107665533
0.000079107665533
0.000079107665533
0.000079107665533
0.000079107665533
0.000079107665533
0.000079107665533
0.000079107665533
0.000079107665533
0.000079107665533
