0.9999
0.007903662009378
0.007981133471173
0.008058597185823
0.008136053154101
0.008213501376782
0.008290941854641
0.008368374588452
0.008445799578990
0.008523216827029
0.008600626333343
0.008678028098706
0.008755422123893
0.008832808409677
0.008910186956832
0.008987557766133
0.009064920838353
0.009142276174266
0.009219623774645
0.009296963640265
0.009374295771897
0.009451620170317
0.009528936836296
0.009606245770609
0.009683546974029
0.009760840447328
0.009838126191280
0.009915404206657
0.009992674494233
0.010069937054780
0.010147191889071
0.010224438997879
0.010301678381976
0.010378910042134
0.010456133979127
0.010533350193726
0.010610558686703
0.010687759458831
0.010764952510881
0.010842137843627
0.010919315457839
0.010996485354290
0.011073647533751
0.011150801996994
0.011227948744791
0.011305087777913
0.011382219097132
0.011459342703219
0.011536458596946
0.011613566779082
0.011690667250401
0.011767760011673
0.011844845063668
0.011921922407158
0.011998992042914
0.012076053971707
0.012153108194306
0.012230154711483
0.012307193524009
0.012384224632653
0.012461248038186
0.012538263741379
0.012615271743001
0.012692272043824
0.012769264644616
0.012846249546148
0.012923226749190
0.013000196254512
0.013077158062883
0.013154112175073
0.013231058591852
0.013307997313990
0.013384928342255
0.013461851677417
0.013538767320246
0.013615675271511
0.013692575531980
0.013769468102424
0.013846352983610
0.013923230176308
0.014000099681287
0.014076961499316
0.014153815631163
0.014230662077596
0.014307500839385
0.014384331917298
0.014461155312102
0.014537971024568
0.014614779055462
0.000078261827997
0.000078261827997
0.000078261827997
0.000078261827997
0.000078261827997
0.000078261827997
0.000078261827997
0.000078261827997
0.000078261827997
0.000078261827997
0.000078261827997
0.000078261827997
0.000078261827997
0.000078261827997
0.000078261827997
0.000078261827997
0.000078261827997
0.000078261827997
0.000078261827997
0.000078261827997
0.000078261827997
0.000078261827997
0.000078261827997
0.000078261827997
0.000078261827997
0.000078261827997
0.000078261827997
0.000078261827997
0.000078261827997
0.000078261827997
0.000078261827997
0.000078261827997
0.000078261827997
0.000078261827997
0.000078261827997
0.000078261827997
0.000078261827997
0.000078261827997
0.000078261827997
0.000078261827997
0.000078261827997
0.000078261827997
0.000078261827997
0.000078261827997
0.000078261827997
0.000078261827997
0.000078261827997
0.000078261827997
0.000078261827997
0.000078261827997
0.000078261827997
0.000078261827997
0.000078261827997
0.000078261827997
0.000078261827997
0.000078261827997
0.000078261827997
0.000078261827997
0.000078261827997
0.000078261827997
0.000078261827997
0.000078261827997
0.000078261827997
0.000078261827997
0.000078261827997
0.000078261827997
0.000078261827997
0.000078261827997
0.000078261827997
0.000078261827997
0.000078261827997
0.000078261827997
0.000078261827997
0.000078261827997
0.000078261827997
0.000078261827997
0.000078261827997
0.000078261827997
0.000078261827997
0.000078261827997
0.000078261827997
0.000078261827997
0.000078261827997
0.000078261827997
0.000078261827997
0.000078261827997
0.000078261827997
0.000078261827997
0.000078261827997
0.000078261827997
0.000078261827997
0.000078261827997
0.000078261827997
0.000078261827997
0.000078261827997
0.000078261827997
0.000078261827997
0.000078261827997
0.000078261827997
0.000078261827997
0.000078261827997
0.000078261827997
0.000078261827997
0.000078261827997
0.000078261827997
0.000078261827997
0.000078261827997
0.000078261827997
0.000078261827997
0.000078261827997
0.000078261827997
0.000078261827997
