0.9999
0.007789826796526
0.007866182448924
0.007942530465757
0.008018870847789
0.008095203595782
0.008171528710500
0.008247846192707
0.008324156043166
0.008400458262640
0.008476752851891
0.008553039811684
0.008629319142781
0.008705590845945
0.008781854921938
0.008858111371524
0.008934360195465
0.009010601394523
0.009086834969462
0.009163060921043
0.009239279250029
0.009315489957182
0.009391693043264
0.009467888509038
0.009544076355265
0.009620256582707
0.009696429192127
0.009772594184286
0.009848751559945
0.009924901319867
0.010001043464813
0.010077177995545
0.010153304912823
0.010229424217410
0.010305535910066
0.010381639991553
0.010457736462632
0.010533825324064
0.010609906576609
0.010685980221030
0.010762046258085
0.010838104688538
0.010914155513147
0.010990198732673
0.011066234347878
0.011142262359521
0.011218282768363
0.011294295575165
0.011370300780685
0.011446298385685
0.011522288390924
0.011598270797163
0.011674245605162
0.011750212815679
0.011826172429475
0.011902124447310
0.011978068869944
0.012054005698135
0.012129934932643
0.012205856574228
0.012281770623648
0.012357677081664
0.012433575949034
0.012509467226517
0.012585350914872
0.012661227014859
0.012737095527235
0.012812956452760
0.012888809792193
0.012964655546292
0.013040493715815
0.013116324301522
0.013192147304169
0.013267962724517
0.013343770563322
0.013419570821344
0.013495363499340
0.013571148598068
0.013646926118286
0.013722696060752
0.013798458426224
0.013874213215460
0.013949960429216
0.014025700068251
0.014101432133322
0.014177156625187
0.014252873544602
0.014328582892326
0.014404284669115
0.014479978875726
0.000077134635078
0.000077134635078
0.000077134635078
0.000077134635078
0.000077134635078
0.000077134635078
0.000077134635078
0.000077134635078
0.000077134635078
0.000077134635078
0.000077134635078
0.000077134635078
0.000077134635078
0.000077134635078
0.000077134635078
0.000077134635078
0.000077134635078
0.000077134635078
0.000077134635078
0.000077134635078
0.000077134635078
0.000077134635078
0.000077134635078
0.000077134635078
0.000077134635078
0.000077134635078
0.000077134635078
0.000077134635078
0.000077134635078
0.000077134635078
0.000077134635078
0.000077134635078
0.000077134635078
0.000077134635078
0.000077134635078
0.000077134635078
0.000077134635078
0.000077134635078
0.000077134635078
0.000077134635078
0.000077134635078
0.000077134635078
0.000077134635078
0.000077134635078
0.000077134635078
0.000077134635078
0.000077134635078
0.000077134635078
0.000077134635078
0.000077134635078
0.000077134635078
0.000077134635078
0.000077134635078
0.000077134635078
0.000077134635078
0.000077134635078
0.000077134635078
0.000077134635078
0.000077134635078
0.000077134635078
0.000077134635078
0.000077134635078
0.000077134635078
0.000077134635078
0.000077134635078
0.000077134635078
0.000077134635078
0.000077134635078
0.000077134635078
0.000077134635078
0.000077134635078
0.000077134635078
0.000077134635078
0.000077134635078
0.000077134635078
0.000077134635078
0.000077134635078
0.000077134635078
0.000077134635078
0.000077134635078
0.000077134635078
0.000077134635078
0.000077134635078
0.000077134635078
0.000077134635078
0.000077134635078
0.000077134635078
0.000077134635078
0.000077134635078
0.000077134635078
0.000077134635078
0.000077134635078
0.000077134635078
0.000077134635078
0.000077134635078
0.000077134635078
0.000077134635078
0.000077134635078
0.000077134635078
0.000077134635078
0.000077134635078
0.000077134635078
0.000077134635078
0.000077134635078
0.000077134635078
0.000077134635078
0.000077134635078
0.000077134635078
0.000077134635078
0.000077134635078
0.000077134635078
