0.9999
0.007678651207912
0.007753917120471
0.007829175506439
0.007904426366569
0.007979669701612
0.008054905512322
0.008130133799451
0.008205354563751
0.008280567805975
0.008355773526874
0.008430971727202
0.008506162407709
0.008581345569148
0.008656521212272
0.008731689337831
0.008806849946577
0.008882003039262
0.008957148616638
0.009032286679457
0.009107417228469
0.009182540264426
0.009257655788080
0.009332763800181
0.009407864301481
0.009482957292731
0.009558042774682
0.009633120748085
0.009708191213690
0.009783254172249
0.009858309624511
0.009933357571229
0.010008398013152
0.010083430951031
0.010158456385616
0.010233474317657
0.010308484747906
0.010383487677111
0.010458483106023
0.010533471035393
0.010608451465969
0.010683424398503
0.010758389833743
0.010833347772440
0.010908298215343
0.010983241163201
0.011058176616765
0.011133104576783
0.011208025044006
0.011282938019181
0.011357843503060
0.011432741496389
0.011507631999920
0.011582515014400
0.011657390540579
0.011732258579205
0.011807119131027
0.011881972196794
0.011956817777254
0.012031655873157
0.012106486485249
0.012181309614281
0.012256125261000
0.012330933426154
0.012405734110491
0.012480527314760
0.012555313039709
0.012630091286085
0.012704862054636
0.012779625346111
0.012854381161256
0.012929129500820
0.013003870365550
0.013078603756194
0.013153329673498
0.013228048118211
0.013302759091079
0.013377462592850
0.013452158624271
0.013526847186089
0.013601528279050
0.013676201903902
0.013750868061392
0.013825526752266
0.013900177977271
0.013974821737153
0.014049458032660
0.014124086864536
0.014198708233530
0.014273322140387
0.014347928585853
0.000076033777680
0.000076033777680
0.000076033777680
0.000076033777680
0.000076033777680
0.000076033777680
0.000076033777680
0.000076033777680
0.000076033777680
0.000076033777680
0.000076033777680
0.000076033777680
0.000076033777680
0.000076033777680
0.000076033777680
0.000076033777680
0.000076033777680
0.000076033777680
0.000076033777680
0.000076033777680
0.000076033777680
0.000076033777680
0.000076033777680
0.000076033777680
0.000076033777680
0.000076033777680
0.000076033777680
0.000076033777680
0.000076033777680
0.000076033777680
0.000076033777680
0.000076033777680
0.000076033777680
0.000076033777680
0.000076033777680
0.000076033777680
0.000076033777680
0.000076033777680
0.000076033777680
0.000076033777680
0.000076033777680
0.000076033777680
0.000076033777680
0.000076033777680
0.000076033777680
0.000076033777680
0.000076033777680
0.000076033777680
0.000076033777680
0.000076033777680
0.000076033777680
0.000076033777680
0.000076033777680
0.000076033777680
0.000076033777680
0.000076033777680
0.000076033777680
0.000076033777680
0.000076033777680
0.000076033777680
0.000076033777680
0.000076033777680
0.000076033777680
0.000076033777680
0.000076033777680
0.000076033777680
0.000076033777680
0.000076033777680
0.000076033777680
0.000076033777680
0.000076033777680
0.000076033777680
0.000076033777680
0.000076033777680
0.000076033777680
0.000076033777680
0.000076033777680
0.000076033777680
0.000076033777680
0.000076033777680
0.000076033777680
0.000076033777680
0.000076033777680
0.000076033777680
0.000076033777680
0.000076033777680
0.000076033777680
0.000076033777680
0.000076033777680
0.000076033777680
0.000076033777680
0.000076033777680
0.000076033777680
0.000076033777680
0.000076033777680
0.000076033777680
0.000076033777680
0.000076033777680
0.000076033777680
0.000076033777680
0.000076033777680
0.000076033777680
0.000076033777680
0.000076033777680
0.000076033777680
0.000076033777680
0.000076033777680
0.000076033777680
0.000076033777680
0.000076033777680
