1
0.081124497991968
0.081927710843373
0.082730923694779
0.083534136546185
0.084337349397590
0.085140562248996
0.085943775100402
0.086746987951807
0.087550200803213
0.088353413654618
0.000803212851406
0.000803212851406
0.000803212851406
0.000803212851406
0.000803212851406
0.000803212851406
0.000803212851406
0.000803212851406
0.000803212851406
0.000803212851406
0.000803212851406
0.000803212851406
0.000803212851406
0.000803212851406
0.000803212851406
0.000803212851406
0.000803212851406
0.000803212851406
0.000803212851406
0.000803212851406
0.000803212851406
0.000803212851406
0.000803212851406
0.000803212851406
0.000803212851406
0.000803212851406
0.000803212851406
0.000803212851406
0.000803212851406
0.000803212851406
0.000803212851406
0.000803212851406
0.000803212851406
0.000803212851406
0.000803212851406
0.000803212851406
0.000803212851406
0.000803212851406
0.000803212851406
0.000803212851406
0.000803212851406
0.000803212851406
0.000803212851406
0.000803212851406
0.000803212851406
0.000803212851406
0.000803212851406
0.000803212851406
0.000803212851406
0.000803212851406
0.000803212851406
0.000803212851406
0.000803212851406
0.000803212851406
0.000803212851406
0.000803212851406
0.000803212851406
0.000803212851406
0.000803212851406
0.000803212851406
0.000803212851406
0.000803212851406
0.000803212851406
0.000803212851406
0.000803212851406
0.000803212851406
0.000803212851406
0.000803212851406
0.000803212851406
0.000803212851406
0.000803212851406
0.000803212851406
0.000803212851406
0.000803212851406
0.000803212851406
0.000803212851406
0.000803212851406
0.000803212851406
0.000803212851406
0.000803212851406
0.000803212851406
0.000803212851406
0.000803212851406
0.000803212851406
0.000803212851406
0.000803212851406
0.000803212851406
0.000803212851406
0.000803212851406
0.000803212851406
0.000803212851406
0.000803212851406
0.000803212851406
0.000803212851406
0.000803212851406
0.000803212851406
0.000803212851406
0.000803212851406
0.000803212851406
0.000803212851406
0.000803212851406
0.000803212851406
0.000803212851406
0.000803212851406
0.000803212851406
0.000803212851406
0.000803212851406
0.000803212851406
0.000803212851406
0.000803212851406
0.000803212851406
0.000803212851406
0.000803212851406
0.000803212851406
0.000803212851406
0.000803212851406
0.000803212851406
0.000803212851406
0.000803212851406
0.000803212851406
0.000803212851406
0.000803212851406
0.000803212851406
0.000803212851406
0.000803212851406
0.000803212851406
0.000803212851406
0.000803212851406
0.000803212851406
0.000803212851406
0.000803212851406
0.000803212851406
0.000803212851406
0.000803212851406
0.000803212851406
0.000803212851406
0.000803212851406
0.000803212851406
0.000803212851406
0.000803212851406
0.000803212851406
0.000803212851406
0.000803212851406
0.000803212851406
0.000803212851406
0.000803212851406
0.000803212851406
0.000803212851406
0.000803212851406
0.000803212851406
0.000803212851406
0.000803212851406
0.000803212851406
0.000803212851406
0.000803212851406
0.000803212851406
0.000803212851406
0.000803212851406
0.000803212851406
0.000803212851406
0.000803212851406
0.000803212851406
0.000803212851406
0.000803212851406
0.000803212851406
0.000803212851406
0.000803212851406
0.000803212851406
0.000803212851406
0.000803212851406
0.000803212851406
0.000803212851406
0.000803212851406
0.000803212851406
0.000803212851406
0.000803212851406
0.000803212851406
0.000803212851406
0.000803212851406
0.000803212851406
0.000803212851406
0.000803212851406
0.000803212851406
0.000803212851406
0.000803212851406
0.000803212851406
0.000803212851406
0.000803212851406
0.000803212851406
0.000803212851406
