1
0.007540126913027
0.007614781634938
0.007689436356850
0.007764091078761
0.007838745800672
0.007913400522583
0.007988055244494
0.008062709966405
0.008137364688317
0.008212019410228
0.008286674132139
0.008361328854050
0.008435983575961
0.008510638297872
0.008585293019784
0.008659947741695
0.008734602463606
0.008809257185517
0.008883911907428
0.008958566629339
0.009033221351250
0.009107876073162
0.009182530795073
0.009257185516984
0.009331840238895
0.009406494960806
0.009481149682717
0.009555804404629
0.009630459126540
0.009705113848451
0.009779768570362
0.009854423292273
0.009929078014184
0.010003732736096
0.010078387458007
0.010153042179918
0.010227696901829
0.010302351623740
0.010377006345651
0.010451661067563
0.010526315789474
0.010600970511385
0.010675625233296
0.010750279955207
0.010824934677118
0.010899589399029
0.010974244120941
0.011048898842852
0.011123553564763
0.011198208286674
0.011272863008585
0.011347517730496
0.011422172452408
0.011496827174319
0.011571481896230
0.011646136618141
0.011720791340052
0.011795446061963
0.011870100783875
0.011944755505786
0.012019410227697
0.012094064949608
0.012168719671519
0.012243374393430
0.012318029115342
0.012392683837253
0.012467338559164
0.012541993281075
0.012616648002986
0.012691302724897
0.012765957446809
0.012840612168720
0.012915266890631
0.012989921612542
0.013064576334453
0.013139231056364
0.013213885778275
0.013288540500187
0.013363195222098
0.013437849944009
0.013512504665920
0.013587159387831
0.013661814109742
0.013736468831654
0.013811123553565
0.013885778275476
0.013960432997387
0.014035087719298
0.014109742441209
0.014184397163121
0.014259051885032
0.000074654721911
0.000074654721911
0.000074654721911
0.000074654721911
0.000074654721911
0.000074654721911
0.000074654721911
0.000074654721911
0.000074654721911
0.000074654721911
0.000074654721911
0.000074654721911
0.000074654721911
0.000074654721911
0.000074654721911
0.000074654721911
0.000074654721911
0.000074654721911
0.000074654721911
0.000074654721911
0.000074654721911
0.000074654721911
0.000074654721911
0.000074654721911
0.000074654721911
0.000074654721911
0.000074654721911
0.000074654721911
0.000074654721911
0.000074654721911
0.000074654721911
0.000074654721911
0.000074654721911
0.000074654721911
0.000074654721911
0.000074654721911
0.000074654721911
0.000074654721911
0.000074654721911
0.000074654721911
0.000074654721911
0.000074654721911
0.000074654721911
0.000074654721911
0.000074654721911
0.000074654721911
0.000074654721911
0.000074654721911
0.000074654721911
0.000074654721911
0.000074654721911
0.000074654721911
0.000074654721911
0.000074654721911
0.000074654721911
0.000074654721911
0.000074654721911
0.000074654721911
0.000074654721911
0.000074654721911
0.000074654721911
0.000074654721911
0.000074654721911
0.000074654721911
0.000074654721911
0.000074654721911
0.000074654721911
0.000074654721911
0.000074654721911
0.000074654721911
0.000074654721911
0.000074654721911
0.000074654721911
0.000074654721911
0.000074654721911
0.000074654721911
0.000074654721911
0.000074654721911
0.000074654721911
0.000074654721911
0.000074654721911
0.000074654721911
0.000074654721911
0.000074654721911
0.000074654721911
0.000074654721911
0.000074654721911
0.000074654721911
0.000074654721911
0.000074654721911
0.000074654721911
0.000074654721911
0.000074654721911
0.000074654721911
0.000074654721911
0.000074654721911
0.000074654721911
0.000074654721911
0.000074654721911
0.000074654721911
0.000074654721911
0.000074654721911
0.000074654721911
0.000074654721911
0.000074654721911
0.000074654721911
0.000074654721911
0.000074654721911
0.000074654721911
