0.9999
0.007463931954920
0.007537093195698
0.007610247120351
0.007683393729612
0.007756533024212
0.007829665004882
0.007902789672355
0.007975907027360
0.008049017070630
0.008122119802896
0.008195215224889
0.008268303337339
0.008341384140978
0.008414457636537
0.008487523824746
0.008560582706337
0.008633634282039
0.008706678552584
0.008779715518701
0.008852745181122
0.008925767540577
0.008998782597796
0.009071790353509
0.009144790808446
0.009217783963339
0.009290769818915
0.009363748375906
0.009436719635041
0.009509683597051
0.009582640262664
0.009655589632610
0.009728531707620
0.009801466488422
0.009874393975746
0.009947314170322
0.010020227072877
0.010093132684143
0.010166031004847
0.010238922035720
0.010311805777489
0.010384682230884
0.010457551396634
0.010530413275467
0.010603267868113
0.010676115175299
0.010748955197754
0.010821787936207
0.010894613391386
0.010967431564020
0.011040242454836
0.011113046064564
0.011185842393930
0.011258631443664
0.011331413214492
0.011404187707144
0.011476954922346
0.011549714860827
0.011622467523313
0.011695212910534
0.011767951023216
0.011840681862086
0.011913405427873
0.011986121721303
0.012058830743104
0.012131532494002
0.012204226974726
0.012276914186001
0.012349594128555
0.012422266803115
0.012494932210408
0.012567590351160
0.012640241226098
0.012712884835948
0.012785521181437
0.012858150263292
0.012930772082238
0.013003386639003
0.013075993934312
0.013148593968891
0.013221186743467
0.013293772258766
0.013366350515513
0.013438921514434
0.013511485256256
0.013584041741703
0.013656590971502
0.013729132946377
0.013801667667056
0.013874195134262
0.013946715348721
0.014019228311159
0.014091734022301
0.000073907633973
0.000073907633973
0.000073907633973
0.000073907633973
0.000073907633973
0.000073907633973
0.000073907633973
0.000073907633973
0.000073907633973
0.000073907633973
0.000073907633973
0.000073907633973
0.000073907633973
0.000073907633973
0.000073907633973
0.000073907633973
0.000073907633973
0.000073907633973
0.000073907633973
0.000073907633973
0.000073907633973
0.000073907633973
0.000073907633973
0.000073907633973
0.000073907633973
0.000073907633973
0.000073907633973
0.000073907633973
0.000073907633973
0.000073907633973
0.000073907633973
0.000073907633973
0.000073907633973
0.000073907633973
0.000073907633973
0.000073907633973
0.000073907633973
0.000073907633973
0.000073907633973
0.000073907633973
0.000073907633973
0.000073907633973
0.000073907633973
0.000073907633973
0.000073907633973
0.000073907633973
0.000073907633973
0.000073907633973
0.000073907633973
0.000073907633973
0.000073907633973
0.000073907633973
0.000073907633973
0.000073907633973
0.000073907633973
0.000073907633973
0.000073907633973
0.000073907633973
0.000073907633973
0.000073907633973
0.000073907633973
0.000073907633973
0.000073907633973
0.000073907633973
0.000073907633973
0.000073907633973
0.000073907633973
0.000073907633973
0.000073907633973
0.000073907633973
0.000073907633973
0.000073907633973
0.000073907633973
0.000073907633973
0.000073907633973
0.000073907633973
0.000073907633973
0.000073907633973
0.000073907633973
0.000073907633973
0.000073907633973
0.000073907633973
0.000073907633973
0.000073907633973
0.000073907633973
0.000073907633973
0.000073907633973
0.000073907633973
0.000073907633973
0.000073907633973
0.000073907633973
0.000073907633973
0.000073907633973
0.000073907633973
0.000073907633973
0.000073907633973
0.000073907633973
0.000073907633973
0.000073907633973
0.000073907633973
0.000073907633973
0.000073907633973
0.000073907633973
0.000073907633973
0.000073907633973
0.000073907633973
0.000073907633973
0.000073907633973
