0.9999
0.007360224007691
0.007432368706230
0.007504506190299
0.007576636460620
0.007648759517913
0.007720875362901
0.007792983996304
0.007865085418844
0.007937179631242
0.008009266634219
0.008081346428495
0.008153419014792
0.008225484393830
0.008297542566330
0.008369593533013
0.008441637294599
0.008513673851809
0.008585703205364
0.008657725355983
0.008729740304387
0.008801748051296
0.008873748597431
0.008945741943510
0.009017728090256
0.009089707038386
0.009161678788622
0.009233643341683
0.009305600698288
0.009377550859158
0.009449493825012
0.009521429596569
0.009593358174549
0.009665279559671
0.009737193752655
0.009809100754219
0.009881000565083
0.009952893185966
0.010024778617587
0.010096656860665
0.010168527915919
0.010240391784067
0.010312248465828
0.010384097961921
0.010455940273064
0.010527775399977
0.010599603343376
0.010671424103982
0.010743237682511
0.010815044079682
0.010886843296214
0.010958635332824
0.011030420190230
0.011102197869151
0.011173968370303
0.011245731694406
0.011317487842176
0.011389236814332
0.011460978611590
0.011532713234668
0.011604440684284
0.011676160961155
0.011747874065999
0.011819579999532
0.011891278762472
0.011962970355535
0.012034654779439
0.012106332034901
0.012178002122637
0.012249665043364
0.012321320797800
0.012392969386659
0.012464610810660
0.012536245070519
0.012607872166951
0.012679492100674
0.012751104872404
0.012822710482856
0.012894308932748
0.012965900222794
0.013037484353711
0.013109061326215
0.013180631141022
0.013252193798848
0.013323749300408
0.013395297646417
0.013466838837592
0.013538372874648
0.013609899758300
0.013681419489264
0.013752932068255
0.013824437495987
0.013895935773177
0.013967426900540
0.000072880720940
0.000072880720940
0.000072880720940
0.000072880720940
0.000072880720940
0.000072880720940
0.000072880720940
0.000072880720940
0.000072880720940
0.000072880720940
0.000072880720940
0.000072880720940
0.000072880720940
0.000072880720940
0.000072880720940
0.000072880720940
0.000072880720940
0.000072880720940
0.000072880720940
0.000072880720940
0.000072880720940
0.000072880720940
0.000072880720940
0.000072880720940
0.000072880720940
0.000072880720940
0.000072880720940
0.000072880720940
0.000072880720940
0.000072880720940
0.000072880720940
0.000072880720940
0.000072880720940
0.000072880720940
0.000072880720940
0.000072880720940
0.000072880720940
0.000072880720940
0.000072880720940
0.000072880720940
0.000072880720940
0.000072880720940
0.000072880720940
0.000072880720940
0.000072880720940
0.000072880720940
0.000072880720940
0.000072880720940
0.000072880720940
0.000072880720940
0.000072880720940
0.000072880720940
0.000072880720940
0.000072880720940
0.000072880720940
0.000072880720940
0.000072880720940
0.000072880720940
0.000072880720940
0.000072880720940
0.000072880720940
0.000072880720940
0.000072880720940
0.000072880720940
0.000072880720940
0.000072880720940
0.000072880720940
0.000072880720940
0.000072880720940
0.000072880720940
0.000072880720940
0.000072880720940
0.000072880720940
0.000072880720940
0.000072880720940
0.000072880720940
0.000072880720940
0.000072880720940
0.000072880720940
0.000072880720940
0.000072880720940
0.000072880720940
0.000072880720940
0.000072880720940
0.000072880720940
0.000072880720940
0.000072880720940
0.000072880720940
0.000072880720940
0.000072880720940
0.000072880720940
0.000072880720940
0.000072880720940
0.000072880720940
0.000072880720940
0.000072880720940
0.000072880720940
0.000072880720940
0.000072880720940
0.000072880720940
0.000072880720940
0.000072880720940
0.000072880720940
0.000072880720940
0.000072880720940
0.000072880720940
0.000072880720940
