1
0.007229260611266
0.007300837449002
0.007372414286737
0.007443991124472
0.007515567962207
0.007587144799943
0.007658721637678
0.007730298475413
0.007801875313149
0.007873452150884
0.007945028988619
0.008016605826355
0.008088182664090
0.008159759501825
0.008231336339561
0.008302913177296
0.008374490015031
0.008446066852766
0.008517643690502
0.008589220528237
0.008660797365972
0.008732374203708
0.008803951041443
0.008875527879178
0.008947104716914
0.009018681554649
0.009090258392384
0.009161835230120
0.009233412067855
0.009304988905590
0.009376565743325
0.009448142581061
0.009519719418796
0.009591296256531
0.009662873094267
0.009734449932002
0.009806026769737
0.009877603607473
0.009949180445208
0.010020757282943
0.010092334120679
0.010163910958414
0.010235487796149
0.010307064633884
0.010378641471620
0.010450218309355
0.010521795147090
0.010593371984826
0.010664948822561
0.010736525660296
0.010808102498032
0.010879679335767
0.010951256173502
0.011022833011238
0.011094409848973
0.011165986686708
0.011237563524443
0.011309140362179
0.011380717199914
0.011452294037649
0.011523870875385
0.011595447713120
0.011667024550855
0.011738601388591
0.011810178226326
0.011881755064061
0.011953331901797
0.012024908739532
0.012096485577267
0.012168062415003
0.012239639252738
0.012311216090473
0.012382792928208
0.012454369765944
0.012525946603679
0.012597523441414
0.012669100279150
0.012740677116885
0.012812253954620
0.012883830792356
0.012955407630091
0.013026984467826
0.013098561305562
0.013170138143297
0.013241714981032
0.013313291818767
0.013384868656503
0.013456445494238
0.013528022331973
0.013599599169709
0.013671176007444
0.013742752845179
0.013814329682915
0.013885906520650
0.000071576837735
0.000071576837735
0.000071576837735
0.000071576837735
0.000071576837735
0.000071576837735
0.000071576837735
0.000071576837735
0.000071576837735
0.000071576837735
0.000071576837735
0.000071576837735
0.000071576837735
0.000071576837735
0.000071576837735
0.000071576837735
0.000071576837735
0.000071576837735
0.000071576837735
0.000071576837735
0.000071576837735
0.000071576837735
0.000071576837735
0.000071576837735
0.000071576837735
0.000071576837735
0.000071576837735
0.000071576837735
0.000071576837735
0.000071576837735
0.000071576837735
0.000071576837735
0.000071576837735
0.000071576837735
0.000071576837735
0.000071576837735
0.000071576837735
0.000071576837735
0.000071576837735
0.000071576837735
0.000071576837735
0.000071576837735
0.000071576837735
0.000071576837735
0.000071576837735
0.000071576837735
0.000071576837735
0.000071576837735
0.000071576837735
0.000071576837735
0.000071576837735
0.000071576837735
0.000071576837735
0.000071576837735
0.000071576837735
0.000071576837735
0.000071576837735
0.000071576837735
0.000071576837735
0.000071576837735
0.000071576837735
0.000071576837735
0.000071576837735
0.000071576837735
0.000071576837735
0.000071576837735
0.000071576837735
0.000071576837735
0.000071576837735
0.000071576837735
0.000071576837735
0.000071576837735
0.000071576837735
0.000071576837735
0.000071576837735
0.000071576837735
0.000071576837735
0.000071576837735
0.000071576837735
0.000071576837735
0.000071576837735
0.000071576837735
0.000071576837735
0.000071576837735
0.000071576837735
0.000071576837735
0.000071576837735
0.000071576837735
0.000071576837735
0.000071576837735
0.000071576837735
0.000071576837735
0.000071576837735
0.000071576837735
0.000071576837735
0.000071576837735
0.000071576837735
0.000071576837735
0.000071576837735
0.000071576837735
0.000071576837735
0.000071576837735
0.000071576837735
0.000071576837735
0.000071576837735
0.000071576837735
