1
0.007130250617720
0.007200847158489
0.007271443699259
0.007342040240028
0.007412636780798
0.007483233321567
0.007553829862337
0.007624426403106
0.007695022943876
0.007765619484645
0.007836216025415
0.007906812566184
0.007977409106954
0.008048005647723
0.008118602188493
0.008189198729262
0.008259795270032
0.008330391810801
0.008400988351571
0.008471584892340
0.008542181433110
0.008612777973879
0.008683374514649
0.008753971055418
0.008824567596188
0.008895164136957
0.008965760677727
0.009036357218496
0.009106953759266
0.009177550300035
0.009248146840805
0.009318743381574
0.009389339922344
0.009459936463113
0.009530533003883
0.009601129544652
0.009671726085422
0.009742322626191
0.009812919166961
0.009883515707730
0.009954112248500
0.010024708789269
0.010095305330039
0.010165901870808
0.010236498411578
0.010307094952347
0.010377691493117
0.010448288033886
0.010518884574656
0.010589481115425
0.010660077656195
0.010730674196964
0.010801270737734
0.010871867278503
0.010942463819273
0.011013060360042
0.011083656900812
0.011154253441581
0.011224849982351
0.011295446523120
0.011366043063890
0.011436639604659
0.011507236145429
0.011577832686198
0.011648429226968
0.011719025767737
0.011789622308507
0.011860218849276
0.011930815390046
0.012001411930815
0.012072008471585
0.012142605012354
0.012213201553124
0.012283798093893
0.012354394634663
0.012424991175432
0.012495587716202
0.012566184256971
0.012636780797741
0.012707377338510
0.012777973879280
0.012848570420049
0.012919166960819
0.012989763501588
0.013060360042358
0.013130956583127
0.013201553123897
0.013272149664666
0.013342746205436
0.013413342746205
0.013483939286975
0.013554535827744
0.013625132368514
0.013695728909283
0.013766325450053
0.000070596540770
0.000070596540770
0.000070596540770
0.000070596540770
0.000070596540770
0.000070596540770
0.000070596540770
0.000070596540770
0.000070596540770
0.000070596540770
0.000070596540770
0.000070596540770
0.000070596540770
0.000070596540770
0.000070596540770
0.000070596540770
0.000070596540770
0.000070596540770
0.000070596540770
0.000070596540770
0.000070596540770
0.000070596540770
0.000070596540770
0.000070596540770
0.000070596540770
0.000070596540770
0.000070596540770
0.000070596540770
0.000070596540770
0.000070596540770
0.000070596540770
0.000070596540770
0.000070596540770
0.000070596540770
0.000070596540770
0.000070596540770
0.000070596540770
0.000070596540770
0.000070596540770
0.000070596540770
0.000070596540770
0.000070596540770
0.000070596540770
0.000070596540770
0.000070596540770
0.000070596540770
0.000070596540770
0.000070596540770
0.000070596540770
0.000070596540770
0.000070596540770
0.000070596540770
0.000070596540770
0.000070596540770
0.000070596540770
0.000070596540770
0.000070596540770
0.000070596540770
0.000070596540770
0.000070596540770
0.000070596540770
0.000070596540770
0.000070596540770
0.000070596540770
0.000070596540770
0.000070596540770
0.000070596540770
0.000070596540770
0.000070596540770
0.000070596540770
0.000070596540770
0.000070596540770
0.000070596540770
0.000070596540770
0.000070596540770
0.000070596540770
0.000070596540770
0.000070596540770
0.000070596540770
0.000070596540770
0.000070596540770
0.000070596540770
0.000070596540770
0.000070596540770
0.000070596540770
0.000070596540770
0.000070596540770
0.000070596540770
0.000070596540770
0.000070596540770
0.000070596540770
0.000070596540770
0.000070596540770
0.000070596540770
0.000070596540770
0.000070596540770
0.000070596540770
0.000070596540770
0.000070596540770
0.000070596540770
0.000070596540770
0.000070596540770
0.000070596540770
0.000070596540770
0.000070596540770
