0.9999
0.007062792078702
0.007132021358249
0.007201243714869
0.007270459149252
0.007339667662093
0.007408869254082
0.007478063925912
0.007547251678275
0.007616432511862
0.007685606427366
0.007754773425479
0.007823933506892
0.007893086672296
0.007962232922384
0.008031372257848
0.008100504679377
0.008169630187665
0.008238748783401
0.008307860467278
0.008376965239987
0.008446063102218
0.008515154054663
0.008584238098013
0.008653315232959
0.008722385460191
0.008791448780400
0.008860505194277
0.008929554702513
0.008998597305798
0.009067633004823
0.009136661800278
0.009205683692853
0.009274698683239
0.009343706772126
0.009412707960204
0.009481702248164
0.009550689636694
0.009619670126486
0.009688643718229
0.009757610412612
0.009826570210326
0.009895523112060
0.009964469118505
0.010033408230348
0.010102340448280
0.010171265772991
0.010240184205169
0.010309095745504
0.010378000394685
0.010446898153400
0.010515789022340
0.010584673002194
0.010653550093649
0.010722420297395
0.010791283614120
0.010860140044514
0.010928989589265
0.010997832249061
0.011066668024592
0.011135496916545
0.011204318925608
0.011273134052471
0.011341942297821
0.011410743662347
0.011479538146736
0.011548325751677
0.011617106477857
0.011685880325964
0.011754647296687
0.011823407390713
0.011892160608729
0.011960906951423
0.012029646419484
0.012098379013597
0.012167104734451
0.012235823582733
0.012304535559130
0.012373240664329
0.012441938899018
0.012510630263884
0.012579314759613
0.012647992386892
0.012716663146409
0.012785327038849
0.012853984064901
0.012922634225250
0.012991277520583
0.013059913951586
0.013128543518946
0.013197166223349
0.013265782065482
0.013334391046031
0.013402993165682
0.013471588425121
0.013540176825034
0.013608758366106
0.000069935558755
0.000069935558755
0.000069935558755
0.000069935558755
0.000069935558755
0.000069935558755
0.000069935558755
0.000069935558755
0.000069935558755
0.000069935558755
0.000069935558755
0.000069935558755
0.000069935558755
0.000069935558755
0.000069935558755
0.000069935558755
0.000069935558755
0.000069935558755
0.000069935558755
0.000069935558755
0.000069935558755
0.000069935558755
0.000069935558755
0.000069935558755
0.000069935558755
0.000069935558755
0.000069935558755
0.000069935558755
0.000069935558755
0.000069935558755
0.000069935558755
0.000069935558755
0.000069935558755
0.000069935558755
0.000069935558755
0.000069935558755
0.000069935558755
0.000069935558755
0.000069935558755
0.000069935558755
0.000069935558755
0.000069935558755
0.000069935558755
0.000069935558755
0.000069935558755
0.000069935558755
0.000069935558755
0.000069935558755
0.000069935558755
0.000069935558755
0.000069935558755
0.000069935558755
0.000069935558755
0.000069935558755
0.000069935558755
0.000069935558755
0.000069935558755
0.000069935558755
0.000069935558755
0.000069935558755
0.000069935558755
0.000069935558755
0.000069935558755
0.000069935558755
0.000069935558755
0.000069935558755
0.000069935558755
0.000069935558755
0.000069935558755
0.000069935558755
0.000069935558755
0.000069935558755
0.000069935558755
0.000069935558755
0.000069935558755
0.000069935558755
0.000069935558755
0.000069935558755
0.000069935558755
0.000069935558755
0.000069935558755
0.000069935558755
0.000069935558755
0.000069935558755
0.000069935558755
0.000069935558755
0.000069935558755
0.000069935558755
0.000069935558755
0.000069935558755
0.000069935558755
0.000069935558755
0.000069935558755
0.000069935558755
0.000069935558755
0.000069935558755
0.000069935558755
0.000069935558755
0.000069935558755
0.000069935558755
0.000069935558755
0.000069935558755
0.000069935558755
0.000069935558755
