0.9999
0.006967976058767
0.007036275954485
0.007104569020213
0.007172855256635
0.007241134664433
0.007309407244291
0.007377672996890
0.007445931922914
0.007514184023046
0.007582429297967
0.007650667748361
0.007718899374910
0.007787124178296
0.007855342159202
0.007923553318310
0.007991757656302
0.008059955173860
0.008128145871666
0.008196329750403
0.008264506810752
0.008332677053394
0.008400840479013
0.008468997088289
0.008537146881904
0.008605289860539
0.008673426024877
0.008741555375598
0.008809677913384
0.008877793638917
0.008945902552877
0.009014004655945
0.009082099948803
0.009150188432132
0.009218270106613
0.009286344972926
0.009354413031752
0.009422474283773
0.009490528729668
0.009558576370119
0.009626617205806
0.009694651237409
0.009762678465609
0.009830698891086
0.009898712514521
0.009966719336593
0.010034719357984
0.010102712579371
0.010170699001437
0.010238678624861
0.010306651450322
0.010374617478501
0.010442576710077
0.010510529145730
0.010578474786139
0.010646413631984
0.010714345683945
0.010782270942700
0.010850189408929
0.010918101083312
0.010986005966528
0.011053904059255
0.011121795362173
0.011189679875960
0.011257557601296
0.011325428538860
0.011393292689330
0.011461150053385
0.011529000631703
0.011596844424964
0.011664681433845
0.011732511659025
0.011800335101183
0.011868151760997
0.011935961639145
0.012003764736304
0.012071561053155
0.012139350590373
0.012207133348638
0.012274909328627
0.012342678531018
0.012410440956488
0.012478196605716
0.012545945479380
0.012613687578155
0.012681422902721
0.012749151453755
0.012816873231933
0.012884588237934
0.012952296472434
0.013019997936110
0.013087692629640
0.013155380553701
0.013223061708970
0.013290736096123
0.013358403715837
0.013426064568789
0.013493718655656
0.000068996693324
0.000068996693324
0.000068996693324
0.000068996693324
0.000068996693324
0.000068996693324
0.000068996693324
0.000068996693324
0.000068996693324
0.000068996693324
0.000068996693324
0.000068996693324
0.000068996693324
0.000068996693324
0.000068996693324
0.000068996693324
0.000068996693324
0.000068996693324
0.000068996693324
0.000068996693324
0.000068996693324
0.000068996693324
0.000068996693324
0.000068996693324
0.000068996693324
0.000068996693324
0.000068996693324
0.000068996693324
0.000068996693324
0.000068996693324
0.000068996693324
0.000068996693324
0.000068996693324
0.000068996693324
0.000068996693324
0.000068996693324
0.000068996693324
0.000068996693324
0.000068996693324
0.000068996693324
0.000068996693324
0.000068996693324
0.000068996693324
0.000068996693324
0.000068996693324
0.000068996693324
0.000068996693324
0.000068996693324
0.000068996693324
0.000068996693324
0.000068996693324
0.000068996693324
0.000068996693324
0.000068996693324
0.000068996693324
0.000068996693324
0.000068996693324
0.000068996693324
0.000068996693324
0.000068996693324
0.000068996693324
0.000068996693324
0.000068996693324
0.000068996693324
0.000068996693324
0.000068996693324
0.000068996693324
0.000068996693324
0.000068996693324
0.000068996693324
0.000068996693324
0.000068996693324
0.000068996693324
0.000068996693324
0.000068996693324
0.000068996693324
0.000068996693324
0.000068996693324
0.000068996693324
0.000068996693324
0.000068996693324
0.000068996693324
0.000068996693324
0.000068996693324
0.000068996693324
0.000068996693324
0.000068996693324
0.000068996693324
0.000068996693324
0.000068996693324
0.000068996693324
0.000068996693324
0.000068996693324
0.000068996693324
0.000068996693324
0.000068996693324
0.000068996693324
0.000068996693324
0.000068996693324
0.000068996693324
0.000068996693324
0.000068996693324
0.000068996693324
