0.9999
0.006875213144122
0.006942603780488
0.007009987677790
0.007077364836702
0.007144735257899
0.007212098942053
0.007279455889839
0.007346806101930
0.007414149579000
0.007481486321723
0.007548816330771
0.007616139606818
0.007683456150537
0.007750765962602
0.007818069043686
0.007885365394462
0.007952655015603
0.008019937907782
0.008087214071671
0.008154483507944
0.008221746217273
0.008289002200332
0.008356251457792
0.008423493990326
0.008490729798608
0.008557958883308
0.008625181245100
0.008692396884655
0.008759605802647
0.008826807999747
0.008894003476627
0.008961192233960
0.009028374272417
0.009095549592670
0.009162718195390
0.009229880081251
0.009297035250923
0.009364183705078
0.009431325444388
0.009498460469524
0.009565588781157
0.009632710379959
0.009699825266601
0.009766933441755
0.009834034906091
0.009901129660280
0.009968217704994
0.010035299040904
0.010102373668680
0.010169441588994
0.010236502802515
0.010303557309915
0.010370605111864
0.010437646209033
0.010504680602092
0.010571708291712
0.010638729278563
0.010705743563316
0.010772751146639
0.010839752029205
0.010906746211682
0.010973733694741
0.011040714479052
0.011107688565284
0.011174655954108
0.011241616646193
0.011308570642208
0.011375517942824
0.011442458548710
0.011509392460535
0.011576319678970
0.011643240204682
0.011710154038342
0.011777061180618
0.011843961632180
0.011910855393697
0.011977742465838
0.012044622849271
0.012111496544667
0.012178363552692
0.012245223874017
0.012312077509310
0.012378924459239
0.012445764724474
0.012512598305681
0.012579425203531
0.012646245418691
0.012713058951829
0.012779865803614
0.012846665974714
0.012913459465797
0.012980246277530
0.013047026410583
0.013113799865622
0.013180566643315
0.013247326744331
0.013314080169337
0.013380826919000
0.000068078157680
0.000068078157680
0.000068078157680
0.000068078157680
0.000068078157680
0.000068078157680
0.000068078157680
0.000068078157680
0.000068078157680
0.000068078157680
0.000068078157680
0.000068078157680
0.000068078157680
0.000068078157680
0.000068078157680
0.000068078157680
0.000068078157680
0.000068078157680
0.000068078157680
0.000068078157680
0.000068078157680
0.000068078157680
0.000068078157680
0.000068078157680
0.000068078157680
0.000068078157680
0.000068078157680
0.000068078157680
0.000068078157680
0.000068078157680
0.000068078157680
0.000068078157680
0.000068078157680
0.000068078157680
0.000068078157680
0.000068078157680
0.000068078157680
0.000068078157680
0.000068078157680
0.000068078157680
0.000068078157680
0.000068078157680
0.000068078157680
0.000068078157680
0.000068078157680
0.000068078157680
0.000068078157680
0.000068078157680
0.000068078157680
0.000068078157680
0.000068078157680
0.000068078157680
0.000068078157680
0.000068078157680
0.000068078157680
0.000068078157680
0.000068078157680
0.000068078157680
0.000068078157680
0.000068078157680
0.000068078157680
0.000068078157680
0.000068078157680
0.000068078157680
0.000068078157680
0.000068078157680
0.000068078157680
0.000068078157680
0.000068078157680
0.000068078157680
0.000068078157680
0.000068078157680
0.000068078157680
0.000068078157680
0.000068078157680
0.000068078157680
0.000068078157680
0.000068078157680
0.000068078157680
0.000068078157680
0.000068078157680
0.000068078157680
0.000068078157680
0.000068078157680
0.000068078157680
0.000068078157680
0.000068078157680
0.000068078157680
0.000068078157680
0.000068078157680
0.000068078157680
0.000068078157680
0.000068078157680
0.000068078157680
0.000068078157680
0.000068078157680
0.000068078157680
0.000068078157680
0.000068078157680
0.000068078157680
0.000068078157680
0.000068078157680
