1
0.006755400976523
0.006822286134707
0.006889171292890
0.006956056451074
0.007022941609257
0.007089826767440
0.007156711925624
0.007223597083807
0.007290482241991
0.007357367400174
0.007424252558357
0.007491137716541
0.007558022874724
0.007624908032907
0.007691793191091
0.007758678349274
0.007825563507458
0.007892448665641
0.007959333823824
0.008026218982008
0.008093104140191
0.008159989298375
0.008226874456558
0.008293759614741
0.008360644772925
0.008427529931108
0.008494415089292
0.008561300247475
0.008628185405658
0.008695070563842
0.008761955722025
0.008828840880209
0.008895726038392
0.008962611196575
0.009029496354759
0.009096381512942
0.009163266671126
0.009230151829309
0.009297036987492
0.009363922145676
0.009430807303859
0.009497692462043
0.009564577620226
0.009631462778409
0.009698347936593
0.009765233094776
0.009832118252960
0.009899003411143
0.009965888569326
0.010032773727510
0.010099658885693
0.010166544043877
0.010233429202060
0.010300314360243
0.010367199518427
0.010434084676610
0.010500969834794
0.010567854992977
0.010634740151160
0.010701625309344
0.010768510467527
0.010835395625711
0.010902280783894
0.010969165942077
0.011036051100261
0.011102936258444
0.011169821416628
0.011236706574811
0.011303591732994
0.011370476891178
0.011437362049361
0.011504247207545
0.011571132365728
0.011638017523911
0.011704902682095
0.011771787840278
0.011838672998462
0.011905558156645
0.011972443314828
0.012039328473012
0.012106213631195
0.012173098789379
0.012239983947562
0.012306869105745
0.012373754263929
0.012440639422112
0.012507524580296
0.012574409738479
0.012641294896662
0.012708180054846
0.012775065213029
0.012841950371213
0.012908835529396
0.012975720687579
0.013042605845763
0.013109491003946
0.013176376162130
0.013243261320313
0.013310146478496
0.000066885158183
0.000066885158183
0.000066885158183
0.000066885158183
0.000066885158183
0.000066885158183
0.000066885158183
0.000066885158183
0.000066885158183
0.000066885158183
0.000066885158183
0.000066885158183
0.000066885158183
0.000066885158183
0.000066885158183
0.000066885158183
0.000066885158183
0.000066885158183
0.000066885158183
0.000066885158183
0.000066885158183
0.000066885158183
0.000066885158183
0.000066885158183
0.000066885158183
0.000066885158183
0.000066885158183
0.000066885158183
0.000066885158183
0.000066885158183
0.000066885158183
0.000066885158183
0.000066885158183
0.000066885158183
0.000066885158183
0.000066885158183
0.000066885158183
0.000066885158183
0.000066885158183
0.000066885158183
0.000066885158183
0.000066885158183
0.000066885158183
0.000066885158183
0.000066885158183
0.000066885158183
0.000066885158183
0.000066885158183
0.000066885158183
0.000066885158183
0.000066885158183
0.000066885158183
0.000066885158183
0.000066885158183
0.000066885158183
0.000066885158183
0.000066885158183
0.000066885158183
0.000066885158183
0.000066885158183
0.000066885158183
0.000066885158183
0.000066885158183
0.000066885158183
0.000066885158183
0.000066885158183
0.000066885158183
0.000066885158183
0.000066885158183
0.000066885158183
0.000066885158183
0.000066885158183
0.000066885158183
0.000066885158183
0.000066885158183
0.000066885158183
0.000066885158183
0.000066885158183
0.000066885158183
0.000066885158183
0.000066885158183
0.000066885158183
0.000066885158183
0.000066885158183
0.000066885158183
0.000066885158183
0.000066885158183
0.000066885158183
0.000066885158183
0.000066885158183
0.000066885158183
0.000066885158183
0.000066885158183
0.000066885158183
0.000066885158183
0.000066885158183
0.000066885158183
0.000066885158183
0.000066885158183
0.000066885158183
0.000066885158183
