1
0.006666666666667
0.006732673267327
0.006798679867987
0.006864686468647
0.006930693069307
0.006996699669967
0.007062706270627
0.007128712871287
0.007194719471947
0.007260726072607
0.007326732673267
0.007392739273927
0.007458745874587
0.007524752475248
0.007590759075908
0.007656765676568
0.007722772277228
0.007788778877888
0.007854785478548
0.007920792079208
0.007986798679868
0.008052805280528
0.008118811881188
0.008184818481848
0.008250825082508
0.008316831683168
0.008382838283828
0.008448844884488
0.008514851485149
0.008580858085809
0.008646864686469
0.008712871287129
0.008778877887789
0.008844884488449
0.008910891089109
0.008976897689769
0.009042904290429
0.009108910891089
0.009174917491749
0.009240924092409
0.009306930693069
0.009372937293729
0.009438943894389
0.009504950495050
0.009570957095710
0.009636963696370
0.009702970297030
0.009768976897690
0.009834983498350
0.009900990099010
0.009966996699670
0.010033003300330
0.010099009900990
0.010165016501650
0.010231023102310
0.010297029702970
0.010363036303630
0.010429042904290
0.010495049504950
0.010561056105611
0.010627062706271
0.010693069306931
0.010759075907591
0.010825082508251
0.010891089108911
0.010957095709571
0.011023102310231
0.011089108910891
0.011155115511551
0.011221122112211
0.011287128712871
0.011353135313531
0.011419141914191
0.011485148514851
0.011551155115512
0.011617161716172
0.011683168316832
0.011749174917492
0.011815181518152
0.011881188118812
0.011947194719472
0.012013201320132
0.012079207920792
0.012145214521452
0.012211221122112
0.012277227722772
0.012343234323432
0.012409240924092
0.012475247524752
0.012541254125413
0.012607260726073
0.012673267326733
0.012739273927393
0.012805280528053
0.012871287128713
0.012937293729373
0.013003300330033
0.013069306930693
0.013135313531353
0.013201320132013
0.000066006600660
0.000066006600660
0.000066006600660
0.000066006600660
0.000066006600660
0.000066006600660
0.000066006600660
0.000066006600660
0.000066006600660
0.000066006600660
0.000066006600660
0.000066006600660
0.000066006600660
0.000066006600660
0.000066006600660
0.000066006600660
0.000066006600660
0.000066006600660
0.000066006600660
0.000066006600660
0.000066006600660
0.000066006600660
0.000066006600660
0.000066006600660
0.000066006600660
0.000066006600660
0.000066006600660
0.000066006600660
0.000066006600660
0.000066006600660
0.000066006600660
0.000066006600660
0.000066006600660
0.000066006600660
0.000066006600660
0.000066006600660
0.000066006600660
0.000066006600660
0.000066006600660
0.000066006600660
0.000066006600660
0.000066006600660
0.000066006600660
0.000066006600660
0.000066006600660
0.000066006600660
0.000066006600660
0.000066006600660
0.000066006600660
0.000066006600660
0.000066006600660
0.000066006600660
0.000066006600660
0.000066006600660
0.000066006600660
0.000066006600660
0.000066006600660
0.000066006600660
0.000066006600660
0.000066006600660
0.000066006600660
0.000066006600660
0.000066006600660
0.000066006600660
0.000066006600660
0.000066006600660
0.000066006600660
0.000066006600660
0.000066006600660
0.000066006600660
0.000066006600660
0.000066006600660
0.000066006600660
0.000066006600660
0.000066006600660
0.000066006600660
0.000066006600660
0.000066006600660
0.000066006600660
0.000066006600660
0.000066006600660
0.000066006600660
0.000066006600660
0.000066006600660
0.000066006600660
0.000066006600660
0.000066006600660
0.000066006600660
0.000066006600660
0.000066006600660
0.000066006600660
0.000066006600660
0.000066006600660
0.000066006600660
0.000066006600660
0.000066006600660
0.000066006600660
0.000066006600660
0.000066006600660
0.000066006600660
