1
0.015384615384615
0.015384615384615
0.015384615384615
0.015384615384615
0.015384615384615
0.015384615384615
0.015384615384615
0.015384615384615
0.015384615384615
0.015384615384615
0.015384615384615
0.015384615384615
0.015384615384615
0.015384615384615
0.015384615384615
0.015384615384615
0.015384615384615
0.015384615384615
0.015384615384615
0.015384615384615
0.015384615384615
0.015384615384615
0.015384615384615
0.015384615384615
0.015384615384615
0.015384615384615
0.015384615384615
0.015384615384615
0.015384615384615
0.015384615384615
0.015384615384615
0.015384615384615
0.015384615384615
0.015384615384615
0.015384615384615
0.015384615384615
0.015384615384615
0.015384615384615
0.015384615384615
0.015384615384615
0.015384615384615
0.015384615384615
0.015384615384615
0.015384615384615
0.015384615384615
0.015384615384615
0.015384615384615
0.015384615384615
0.015384615384615
0.015384615384615
0.015384615384615
0.015384615384615
0.015384615384615
0.015384615384615
0.015384615384615
0.015384615384615
0.015384615384615
0.015384615384615
0.015384615384615
0.015384615384615
0.015384615384615
0.015384615384615
0.015384615384615
0.015384615384615
0.015384615384615
