1
0.016949152542373
0.016949152542373
0.016949152542373
0.016949152542373
0.016949152542373
0.016949152542373
0.016949152542373
0.016949152542373
0.016949152542373
0.016949152542373
0.016949152542373
0.016949152542373
0.016949152542373
0.016949152542373
0.016949152542373
0.016949152542373
0.016949152542373
0.016949152542373
0.016949152542373
0.016949152542373
0.016949152542373
0.016949152542373
0.016949152542373
0.016949152542373
0.016949152542373
0.016949152542373
0.016949152542373
0.016949152542373
0.016949152542373
0.016949152542373
0.016949152542373
0.016949152542373
0.016949152542373
0.016949152542373
0.016949152542373
0.016949152542373
0.016949152542373
0.016949152542373
0.016949152542373
0.016949152542373
0.016949152542373
0.016949152542373
0.016949152542373
0.016949152542373
0.016949152542373
0.016949152542373
0.016949152542373
0.016949152542373
0.016949152542373
0.016949152542373
0.016949152542373
0.016949152542373
0.016949152542373
0.016949152542373
0.016949152542373
0.016949152542373
0.016949152542373
0.016949152542373
0.016949152542373
