1
0.011494252873563
0.011494252873563
0.011494252873563
0.011494252873563
0.011494252873563
0.011494252873563
0.011494252873563
0.011494252873563
0.011494252873563
0.011494252873563
0.011494252873563
0.011494252873563
0.011494252873563
0.011494252873563
0.011494252873563
0.011494252873563
0.011494252873563
0.011494252873563
0.011494252873563
0.011494252873563
0.011494252873563
0.011494252873563
0.011494252873563
0.011494252873563
0.011494252873563
0.011494252873563
0.011494252873563
0.011494252873563
0.011494252873563
0.011494252873563
0.011494252873563
0.011494252873563
0.011494252873563
0.011494252873563
0.011494252873563
0.011494252873563
0.011494252873563
0.011494252873563
0.011494252873563
0.011494252873563
0.011494252873563
0.011494252873563
0.011494252873563
0.011494252873563
0.011494252873563
0.011494252873563
0.011494252873563
0.011494252873563
0.011494252873563
0.011494252873563
0.011494252873563
0.011494252873563
0.011494252873563
0.011494252873563
0.011494252873563
0.011494252873563
0.011494252873563
0.011494252873563
0.011494252873563
0.011494252873563
0.011494252873563
0.011494252873563
0.011494252873563
0.011494252873563
0.011494252873563
0.011494252873563
0.011494252873563
0.011494252873563
0.011494252873563
0.011494252873563
0.011494252873563
0.011494252873563
0.011494252873563
0.011494252873563
0.011494252873563
0.011494252873563
0.011494252873563
0.011494252873563
0.011494252873563
0.011494252873563
0.011494252873563
0.011494252873563
0.011494252873563
0.011494252873563
0.011494252873563
0.011494252873563
0.011494252873563
