1
0.019230769230769
0.019230769230769
0.019230769230769
0.019230769230769
0.019230769230769
0.019230769230769
0.019230769230769
0.019230769230769
0.019230769230769
0.019230769230769
0.019230769230769
0.019230769230769
0.019230769230769
0.019230769230769
0.019230769230769
0.019230769230769
0.019230769230769
0.019230769230769
0.019230769230769
0.019230769230769
0.019230769230769
0.019230769230769
0.019230769230769
0.019230769230769
0.019230769230769
0.019230769230769
0.019230769230769
0.019230769230769
0.019230769230769
0.019230769230769
0.019230769230769
0.019230769230769
0.019230769230769
0.019230769230769
0.019230769230769
0.019230769230769
0.019230769230769
0.019230769230769
0.019230769230769
0.019230769230769
0.019230769230769
0.019230769230769
0.019230769230769
0.019230769230769
0.019230769230769
0.019230769230769
0.019230769230769
0.019230769230769
0.019230769230769
0.019230769230769
0.019230769230769
0.019230769230769
