1
0.022727272727273
0.022727272727273
0.022727272727273
0.022727272727273
0.022727272727273
0.022727272727273
0.022727272727273
0.022727272727273
0.022727272727273
0.022727272727273
0.022727272727273
0.022727272727273
0.022727272727273
0.022727272727273
0.022727272727273
0.022727272727273
0.022727272727273
0.022727272727273
0.022727272727273
0.022727272727273
0.022727272727273
0.022727272727273
0.022727272727273
0.022727272727273
0.022727272727273
0.022727272727273
0.022727272727273
0.022727272727273
0.022727272727273
0.022727272727273
0.022727272727273
0.022727272727273
0.022727272727273
0.022727272727273
0.022727272727273
0.022727272727273
0.022727272727273
0.022727272727273
0.022727272727273
0.022727272727273
0.022727272727273
0.022727272727273
0.022727272727273
0.022727272727273
