1
0.029411764705882
0.029411764705882
0.029411764705882
0.029411764705882
0.029411764705882
0.029411764705882
0.029411764705882
0.029411764705882
0.029411764705882
0.029411764705882
0.029411764705882
0.029411764705882
0.029411764705882
0.029411764705882
0.029411764705882
0.029411764705882
0.029411764705882
0.029411764705882
0.029411764705882
0.029411764705882
0.029411764705882
0.029411764705882
0.029411764705882
0.029411764705882
0.029411764705882
0.029411764705882
0.029411764705882
0.029411764705882
0.029411764705882
0.029411764705882
0.029411764705882
0.029411764705882
0.029411764705882
0.029411764705882
