1
0.015625000000000
0.015625000000000
0.015625000000000
0.015625000000000
0.015625000000000
0.015625000000000
0.015625000000000
0.015625000000000
0.015625000000000
0.015625000000000
0.015625000000000
0.015625000000000
0.015625000000000
0.015625000000000
0.015625000000000
0.015625000000000
0.015625000000000
0.015625000000000
0.015625000000000
0.015625000000000
0.015625000000000
0.015625000000000
0.015625000000000
0.015625000000000
0.015625000000000
0.015625000000000
0.015625000000000
0.015625000000000
0.015625000000000
0.015625000000000
0.015625000000000
0.015625000000000
0.015625000000000
0.015625000000000
0.015625000000000
0.015625000000000
0.015625000000000
0.015625000000000
0.015625000000000
0.015625000000000
0.015625000000000
0.015625000000000
0.015625000000000
0.015625000000000
0.015625000000000
0.015625000000000
0.015625000000000
0.015625000000000
0.015625000000000
0.015625000000000
0.015625000000000
0.015625000000000
0.015625000000000
0.015625000000000
0.015625000000000
0.015625000000000
0.015625000000000
0.015625000000000
0.015625000000000
0.015625000000000
0.015625000000000
0.015625000000000
0.015625000000000
0.015625000000000
