1
0.014084507042254
0.014084507042254
0.014084507042254
0.014084507042253
0.014084507042254
0.014084507042253
0.014084507042254
0.014084507042254
0.014084507042254
0.014084507042254
0.014084507042254
0.014084507042253
0.014084507042254
0.014084507042254
0.014084507042254
0.014084507042253
0.014084507042253
0.014084507042254
0.014084507042254
0.014084507042253
0.014084507042254
0.014084507042254
0.014084507042254
0.014084507042254
0.014084507042254
0.014084507042254
0.014084507042254
0.014084507042253
0.014084507042254
0.014084507042253
0.014084507042254
0.014084507042254
0.014084507042253
0.014084507042254
0.014084507042253
0.014084507042254
0.014084507042254
0.014084507042254
0.014084507042254
0.014084507042254
0.014084507042253
0.014084507042254
0.014084507042254
0.014084507042254
0.014084507042254
0.014084507042254
0.014084507042254
0.014084507042254
0.014084507042254
0.014084507042254
0.014084507042254
0.014084507042254
0.014084507042254
0.014084507042254
0.014084507042254
0.014084507042254
0.014084507042254
0.014084507042254
0.014084507042254
0.014084507042254
0.014084507042254
0.014084507042254
0.014084507042254
0.014084507042254
0.014084507042254
0.014084507042254
0.014084507042254
0.014084507042254
0.014084507042254
0.014084507042254
0.014084507042254
