1
0.034482758620690
0.034482758620690
0.034482758620690
0.034482758620690
0.034482758620690
0.034482758620690
0.034482758620690
0.034482758620690
0.034482758620690
0.034482758620690
0.034482758620690
0.034482758620690
0.034482758620690
0.034482758620690
0.034482758620690
0.034482758620690
0.034482758620690
0.034482758620690
0.034482758620690
0.034482758620690
0.034482758620690
0.034482758620690
0.034482758620690
0.034482758620690
0.034482758620690
0.034482758620690
0.034482758620690
0.034482758620690
0.034482758620690
