1
0.019607843137255
0.019607843137255
0.019607843137255
0.019607843137255
0.019607843137255
0.019607843137255
0.019607843137255
0.019607843137255
0.019607843137255
0.019607843137255
0.019607843137255
0.019607843137255
0.019607843137255
0.019607843137255
0.019607843137255
0.019607843137255
0.019607843137255
0.019607843137255
0.019607843137255
0.019607843137255
0.019607843137255
0.019607843137255
0.019607843137255
0.019607843137255
0.019607843137255
0.019607843137255
0.019607843137255
0.019607843137255
0.019607843137255
0.019607843137255
0.019607843137255
0.019607843137255
0.019607843137255
0.019607843137255
0.019607843137255
0.019607843137255
0.019607843137255
0.019607843137255
0.019607843137255
0.019607843137255
0.019607843137255
0.019607843137255
0.019607843137255
0.019607843137255
0.019607843137255
0.019607843137255
0.019607843137255
0.019607843137255
0.019607843137255
0.019607843137255
0.019607843137255
