1
0.012820512820513
0.012820512820513
0.012820512820513
0.012820512820513
0.012820512820513
0.012820512820513
0.012820512820513
0.012820512820513
0.012820512820513
0.012820512820513
0.012820512820513
0.012820512820513
0.012820512820513
0.012820512820513
0.012820512820513
0.012820512820513
0.012820512820513
0.012820512820513
0.012820512820513
0.012820512820513
0.012820512820513
0.012820512820513
0.012820512820513
0.012820512820513
0.012820512820513
0.012820512820513
0.012820512820513
0.012820512820513
0.012820512820513
0.012820512820513
0.012820512820513
0.012820512820513
0.012820512820513
0.012820512820513
0.012820512820513
0.012820512820513
0.012820512820513
0.012820512820513
0.012820512820513
0.012820512820513
0.012820512820513
0.012820512820513
0.012820512820513
0.012820512820513
0.012820512820513
0.012820512820513
0.012820512820513
0.012820512820513
0.012820512820513
0.012820512820513
0.012820512820513
0.012820512820513
0.012820512820513
0.012820512820513
0.012820512820513
0.012820512820513
0.012820512820513
0.012820512820513
0.012820512820513
0.012820512820513
0.012820512820513
0.012820512820513
0.012820512820513
0.012820512820513
0.012820512820513
0.012820512820513
0.012820512820513
0.012820512820513
0.012820512820513
0.012820512820513
0.012820512820513
0.012820512820513
0.012820512820513
0.012820512820513
0.012820512820513
0.012820512820513
0.012820512820513
0.012820512820513
