1
0.012195121951220
0.012195121951219
0.012195121951220
0.012195121951219
0.012195121951219
0.012195121951219
0.012195121951219
0.012195121951220
0.012195121951219
0.012195121951220
0.012195121951220
0.012195121951220
0.012195121951220
0.012195121951220
0.012195121951220
0.012195121951219
0.012195121951220
0.012195121951220
0.012195121951219
0.012195121951220
0.012195121951220
0.012195121951220
0.012195121951220
0.012195121951219
0.012195121951220
0.012195121951219
0.012195121951219
0.012195121951220
0.012195121951220
0.012195121951220
0.012195121951219
0.012195121951219
0.012195121951220
0.012195121951220
0.012195121951220
0.012195121951219
0.012195121951219
0.012195121951219
0.012195121951220
0.012195121951220
0.012195121951219
0.012195121951219
0.012195121951220
0.012195121951220
0.012195121951219
0.012195121951219
0.012195121951219
0.012195121951219
0.012195121951219
0.012195121951219
0.012195121951220
0.012195121951219
0.012195121951219
0.012195121951220
0.012195121951219
0.012195121951219
0.012195121951219
0.012195121951219
0.012195121951219
0.012195121951219
0.012195121951219
0.012195121951219
0.012195121951219
0.012195121951219
0.012195121951219
0.012195121951219
0.012195121951219
0.012195121951219
0.012195121951219
0.012195121951219
0.012195121951219
0.012195121951219
0.012195121951219
0.012195121951219
0.012195121951219
0.012195121951219
0.012195121951219
0.012195121951219
0.012195121951219
0.012195121951219
0.012195121951219
0.012195121951219
