1
0.010101010101010
0.010101010101010
0.010101010101010
0.010101010101010
0.010101010101010
0.010101010101010
0.010101010101010
0.010101010101010
0.010101010101010
0.010101010101010
0.010101010101010
0.010101010101010
0.010101010101010
0.010101010101010
0.010101010101010
0.010101010101010
0.010101010101010
0.010101010101010
0.010101010101010
0.010101010101010
0.010101010101010
0.010101010101010
0.010101010101010
0.010101010101010
0.010101010101010
0.010101010101010
0.010101010101010
0.010101010101010
0.010101010101010
0.010101010101010
0.010101010101010
0.010101010101010
0.010101010101010
0.010101010101010
0.010101010101010
0.010101010101010
0.010101010101010
0.010101010101010
0.010101010101010
0.010101010101010
0.010101010101010
0.010101010101010
0.010101010101010
0.010101010101010
0.010101010101010
0.010101010101010
0.010101010101010
0.010101010101010
0.010101010101010
0.010101010101010
0.010101010101010
0.010101010101010
0.010101010101010
0.010101010101010
0.010101010101010
0.010101010101010
0.010101010101010
0.010101010101010
0.010101010101010
0.010101010101010
0.010101010101010
0.010101010101010
0.010101010101010
0.010101010101010
0.010101010101010
0.010101010101010
0.010101010101010
0.010101010101010
0.010101010101010
0.010101010101010
0.010101010101010
0.010101010101010
0.010101010101010
0.010101010101010
0.010101010101010
0.010101010101010
0.010101010101010
0.010101010101010
0.010101010101010
0.010101010101010
0.010101010101010
0.010101010101010
0.010101010101010
0.010101010101010
0.010101010101010
0.010101010101010
0.010101010101010
0.010101010101010
0.010101010101010
0.010101010101010
0.010101010101010
0.010101010101010
0.010101010101010
0.010101010101010
0.010101010101010
0.010101010101010
0.010101010101010
0.010101010101010
0.010101010101010
