1
0.017241379310345
0.017241379310345
0.017241379310345
0.017241379310345
0.017241379310345
0.017241379310345
0.017241379310345
0.017241379310345
0.017241379310345
0.017241379310345
0.017241379310345
0.017241379310345
0.017241379310345
0.017241379310345
0.017241379310345
0.017241379310345
0.017241379310345
0.017241379310345
0.017241379310345
0.017241379310345
0.017241379310345
0.017241379310345
0.017241379310345
0.017241379310345
0.017241379310345
0.017241379310345
0.017241379310345
0.017241379310345
0.017241379310345
0.017241379310345
0.017241379310345
0.017241379310345
0.017241379310345
0.017241379310345
0.017241379310345
0.017241379310345
0.017241379310345
0.017241379310345
0.017241379310345
0.017241379310345
0.017241379310345
0.017241379310345
0.017241379310345
0.017241379310345
0.017241379310345
0.017241379310345
0.017241379310345
0.017241379310345
0.017241379310345
0.017241379310345
0.017241379310345
0.017241379310345
0.017241379310345
0.017241379310345
0.017241379310345
0.017241379310345
0.017241379310345
0.017241379310345
