1
0.011111111111111
0.011111111111111
0.011111111111111
0.011111111111111
0.011111111111111
0.011111111111111
0.011111111111111
0.011111111111111
0.011111111111111
0.011111111111111
0.011111111111111
0.011111111111111
0.011111111111111
0.011111111111111
0.011111111111111
0.011111111111111
0.011111111111111
0.011111111111111
0.011111111111111
0.011111111111111
0.011111111111111
0.011111111111111
0.011111111111111
0.011111111111111
0.011111111111111
0.011111111111111
0.011111111111111
0.011111111111111
0.011111111111111
0.011111111111111
0.011111111111111
0.011111111111111
0.011111111111111
0.011111111111111
0.011111111111111
0.011111111111111
0.011111111111111
0.011111111111111
0.011111111111111
0.011111111111111
0.011111111111111
0.011111111111111
0.011111111111111
0.011111111111111
0.011111111111111
0.011111111111111
0.011111111111111
0.011111111111111
0.011111111111111
0.011111111111111
0.011111111111111
0.011111111111111
0.011111111111111
0.011111111111111
0.011111111111111
0.011111111111111
0.011111111111111
0.011111111111111
0.011111111111111
0.011111111111111
0.011111111111111
0.011111111111111
0.011111111111111
0.011111111111111
0.011111111111111
0.011111111111111
0.011111111111111
0.011111111111111
0.011111111111111
0.011111111111111
0.011111111111111
0.011111111111111
0.011111111111111
0.011111111111111
0.011111111111111
0.011111111111111
0.011111111111111
0.011111111111111
0.011111111111111
0.011111111111111
0.011111111111111
0.011111111111111
0.011111111111111
0.011111111111111
0.011111111111111
0.011111111111111
0.011111111111111
0.011111111111111
0.011111111111111
0.011111111111111
