1
0.020833333333333
0.020833333333333
0.020833333333333
0.020833333333333
0.020833333333333
0.020833333333333
0.020833333333333
0.020833333333333
0.020833333333333
0.020833333333333
0.020833333333333
0.020833333333333
0.020833333333333
0.020833333333333
0.020833333333333
0.020833333333333
0.020833333333333
0.020833333333333
0.020833333333333
0.020833333333333
0.020833333333333
0.020833333333333
0.020833333333333
0.020833333333333
0.020833333333333
0.020833333333333
0.020833333333333
0.020833333333333
0.020833333333333
0.020833333333333
0.020833333333333
0.020833333333333
0.020833333333333
0.020833333333333
0.020833333333333
0.020833333333333
0.020833333333333
0.020833333333333
0.020833333333333
0.020833333333333
0.020833333333333
0.020833333333333
0.020833333333333
0.020833333333333
0.020833333333333
0.020833333333333
0.020833333333333
0.020833333333333
