1
0.025641025641026
0.025641025641026
0.025641025641026
0.025641025641026
0.025641025641026
0.025641025641026
0.025641025641026
0.025641025641026
0.025641025641026
0.025641025641026
0.025641025641026
0.025641025641026
0.025641025641026
0.025641025641026
0.025641025641026
0.025641025641026
0.025641025641026
0.025641025641026
0.025641025641026
0.025641025641026
0.025641025641026
0.025641025641026
0.025641025641026
0.025641025641026
0.025641025641026
0.025641025641026
0.025641025641026
0.025641025641026
0.025641025641026
0.025641025641026
0.025641025641026
0.025641025641026
0.025641025641026
0.025641025641026
0.025641025641026
0.025641025641026
0.025641025641026
0.025641025641026
0.025641025641026
