1
0.033333333333333
0.033333333333333
0.033333333333333
0.033333333333333
0.033333333333333
0.033333333333333
0.033333333333333
0.033333333333333
0.033333333333333
0.033333333333333
0.033333333333333
0.033333333333333
0.033333333333333
0.033333333333333
0.033333333333333
0.033333333333333
0.033333333333333
0.033333333333333
0.033333333333333
0.033333333333333
0.033333333333333
0.033333333333333
0.033333333333333
0.033333333333333
0.033333333333333
0.033333333333333
0.033333333333333
0.033333333333333
0.033333333333333
0.033333333333333
