0.9999
0.031250000000000
0.031250000000000
0.031250000000000
0.031250000000000
0.031250000000000
0.031250000000000
0.031250000000000
0.031250000000000
0.031250000000000
0.031250000000000
0.031250000000000
0.031250000000000
0.031250000000000
0.031250000000000
0.031250000000000
0.031250000000000
0.031250000000000
0.031250000000000
0.031250000000000
0.031250000000000
0.031250000000000
0.031250000000000
0.031250000000000
0.031250000000000
0.031250000000000
0.031250000000000
0.031250000000000
0.031250000000000
0.031250000000000
0.031250000000000
0.031250000000000
0.031250000000000
