0.9999
0.024390243902439
0.024390243902439
0.024390243902439
0.024390243902439
0.024390243902439
0.024390243902439
0.024390243902439
0.024390243902439
0.024390243902439
0.024390243902439
0.024390243902439
0.024390243902439
0.024390243902439
0.024390243902439
0.024390243902439
0.024390243902439
0.024390243902439
0.024390243902439
0.024390243902439
0.024390243902439
0.024390243902439
0.024390243902439
0.024390243902439
0.024390243902439
0.024390243902439
0.024390243902439
0.024390243902439
0.024390243902439
0.024390243902439
0.024390243902439
0.024390243902439
0.024390243902439
0.024390243902439
0.024390243902439
0.024390243902439
0.024390243902439
0.024390243902439
0.024390243902439
0.024390243902439
0.024390243902439
0.024390243902439
