0.9999
0.021276595744681
0.021276595744681
0.021276595744681
0.021276595744681
0.021276595744681
0.021276595744681
0.021276595744681
0.021276595744681
0.021276595744681
0.021276595744681
0.021276595744681
0.021276595744681
0.021276595744681
0.021276595744681
0.021276595744681
0.021276595744681
0.021276595744681
0.021276595744681
0.021276595744681
0.021276595744681
0.021276595744681
0.021276595744681
0.021276595744681
0.021276595744681
0.021276595744681
0.021276595744681
0.021276595744681
0.021276595744681
0.021276595744681
0.021276595744681
0.021276595744681
0.021276595744681
0.021276595744681
0.021276595744681
0.021276595744681
0.021276595744681
0.021276595744681
0.021276595744681
0.021276595744681
0.021276595744681
0.021276595744681
0.021276595744681
0.021276595744681
0.021276595744681
0.021276595744681
0.021276595744681
0.021276595744681
