0.9999
0.020000000000000
0.020000000000000
0.020000000000000
0.020000000000000
0.020000000000000
0.020000000000000
0.020000000000000
0.020000000000000
0.020000000000000
0.020000000000000
0.020000000000000
0.020000000000000
0.020000000000000
0.020000000000000
0.020000000000000
0.020000000000000
0.020000000000000
0.020000000000000
0.020000000000000
0.020000000000000
0.020000000000000
0.020000000000000
0.020000000000000
0.020000000000000
0.020000000000000
0.020000000000000
0.020000000000000
0.020000000000000
0.020000000000000
0.020000000000000
0.020000000000000
0.020000000000000
0.020000000000000
0.020000000000000
0.020000000000000
0.020000000000000
0.020000000000000
0.020000000000000
0.020000000000000
0.020000000000000
0.020000000000000
0.020000000000000
0.020000000000000
0.020000000000000
0.020000000000000
0.020000000000000
0.020000000000000
0.020000000000000
0.020000000000000
0.020000000000000
