0.9999
0.017543859649123
0.017543859649123
0.017543859649123
0.017543859649123
0.017543859649123
0.017543859649123
0.017543859649123
0.017543859649123
0.017543859649123
0.017543859649123
0.017543859649123
0.017543859649123
0.017543859649123
0.017543859649123
0.017543859649123
0.017543859649123
0.017543859649123
0.017543859649123
0.017543859649123
0.017543859649123
0.017543859649123
0.017543859649123
0.017543859649123
0.017543859649123
0.017543859649123
0.017543859649123
0.017543859649123
0.017543859649123
0.017543859649123
0.017543859649123
0.017543859649123
0.017543859649123
0.017543859649123
0.017543859649123
0.017543859649123
0.017543859649123
0.017543859649123
0.017543859649123
0.017543859649123
0.017543859649123
0.017543859649123
0.017543859649123
0.017543859649123
0.017543859649123
0.017543859649123
0.017543859649123
0.017543859649123
0.017543859649123
0.017543859649123
0.017543859649123
0.017543859649123
0.017543859649123
0.017543859649123
0.017543859649123
0.017543859649123
0.017543859649123
0.017543859649123
