0.9999
0.016129032258064
0.016129032258065
0.016129032258065
0.016129032258065
0.016129032258065
0.016129032258065
0.016129032258064
0.016129032258064
0.016129032258065
0.016129032258065
0.016129032258064
0.016129032258065
0.016129032258065
0.016129032258065
0.016129032258065
0.016129032258065
0.016129032258065
0.016129032258065
0.016129032258064
0.016129032258065
0.016129032258065
0.016129032258064
0.016129032258065
0.016129032258065
0.016129032258064
0.016129032258064
0.016129032258065
0.016129032258065
0.016129032258065
0.016129032258065
0.016129032258065
0.016129032258064
0.016129032258065
0.016129032258065
0.016129032258065
0.016129032258065
0.016129032258065
0.016129032258065
0.016129032258065
0.016129032258065
0.016129032258065
0.016129032258065
0.016129032258065
0.016129032258065
0.016129032258065
0.016129032258065
0.016129032258065
0.016129032258065
0.016129032258065
0.016129032258065
0.016129032258065
0.016129032258065
0.016129032258065
0.016129032258065
0.016129032258065
0.016129032258065
0.016129032258065
0.016129032258065
0.016129032258065
0.016129032258065
0.016129032258065
0.016129032258065
