0.9999
0.015873015873016
0.015873015873016
0.015873015873016
0.015873015873016
0.015873015873016
0.015873015873016
0.015873015873016
0.015873015873016
0.015873015873016
0.015873015873016
0.015873015873016
0.015873015873016
0.015873015873016
0.015873015873016
0.015873015873016
0.015873015873016
0.015873015873016
0.015873015873016
0.015873015873016
0.015873015873016
0.015873015873016
0.015873015873016
0.015873015873016
0.015873015873016
0.015873015873016
0.015873015873016
0.015873015873016
0.015873015873016
0.015873015873016
0.015873015873016
0.015873015873016
0.015873015873016
0.015873015873016
0.015873015873016
0.015873015873016
0.015873015873016
0.015873015873016
0.015873015873016
0.015873015873016
0.015873015873016
0.015873015873016
0.015873015873016
0.015873015873016
0.015873015873016
0.015873015873016
0.015873015873016
0.015873015873016
0.015873015873016
0.015873015873016
0.015873015873016
0.015873015873016
0.015873015873016
0.015873015873016
0.015873015873016
0.015873015873016
0.015873015873016
0.015873015873016
0.015873015873016
0.015873015873016
0.015873015873016
0.015873015873016
0.015873015873016
0.015873015873016
