0.9999
0.015151515151515
0.015151515151515
0.015151515151515
0.015151515151515
0.015151515151515
0.015151515151515
0.015151515151515
0.015151515151515
0.015151515151515
0.015151515151515
0.015151515151515
0.015151515151515
0.015151515151515
0.015151515151515
0.015151515151515
0.015151515151515
0.015151515151515
0.015151515151515
0.015151515151515
0.015151515151515
0.015151515151515
0.015151515151515
0.015151515151515
0.015151515151515
0.015151515151515
0.015151515151515
0.015151515151515
0.015151515151515
0.015151515151515
0.015151515151515
0.015151515151515
0.015151515151515
0.015151515151515
0.015151515151515
0.015151515151515
0.015151515151515
0.015151515151515
0.015151515151515
0.015151515151515
0.015151515151515
0.015151515151515
0.015151515151515
0.015151515151515
0.015151515151515
0.015151515151515
0.015151515151515
0.015151515151515
0.015151515151515
0.015151515151515
0.015151515151515
0.015151515151515
0.015151515151515
0.015151515151515
0.015151515151515
0.015151515151515
0.015151515151515
0.015151515151515
0.015151515151515
0.015151515151515
0.015151515151515
0.015151515151515
0.015151515151515
0.015151515151515
0.015151515151515
0.015151515151515
0.015151515151515
