0.9999
0.014925373134328
0.014925373134328
0.014925373134328
0.014925373134328
0.014925373134328
0.014925373134328
0.014925373134328
0.014925373134328
0.014925373134328
0.014925373134328
0.014925373134328
0.014925373134328
0.014925373134328
0.014925373134328
0.014925373134328
0.014925373134328
0.014925373134328
0.014925373134328
0.014925373134328
0.014925373134328
0.014925373134328
0.014925373134328
0.014925373134328
0.014925373134328
0.014925373134328
0.014925373134328
0.014925373134328
0.014925373134328
0.014925373134328
0.014925373134328
0.014925373134328
0.014925373134328
0.014925373134328
0.014925373134328
0.014925373134328
0.014925373134328
0.014925373134328
0.014925373134328
0.014925373134328
0.014925373134328
0.014925373134328
0.014925373134328
0.014925373134328
0.014925373134328
0.014925373134328
0.014925373134328
0.014925373134328
0.014925373134328
0.014925373134328
0.014925373134328
0.014925373134328
0.014925373134328
0.014925373134328
0.014925373134328
0.014925373134328
0.014925373134328
0.014925373134328
0.014925373134328
0.014925373134328
0.014925373134328
0.014925373134328
0.014925373134328
0.014925373134328
0.014925373134328
0.014925373134328
0.014925373134328
0.014925373134328
