0.9999
0.014084507042254
0.014084507042254
0.014084507042254
0.014084507042254
0.014084507042254
0.014084507042254
0.014084507042254
0.014084507042254
0.014084507042254
0.014084507042254
0.014084507042254
0.014084507042254
0.014084507042254
0.014084507042254
0.014084507042254
0.014084507042254
0.014084507042254
0.014084507042254
0.014084507042254
0.014084507042254
0.014084507042254
0.014084507042254
0.014084507042254
0.014084507042254
0.014084507042254
0.014084507042254
0.014084507042254
0.014084507042254
0.014084507042254
0.014084507042254
0.014084507042254
0.014084507042254
0.014084507042254
0.014084507042254
0.014084507042254
0.014084507042254
0.014084507042254
0.014084507042254
0.014084507042254
0.014084507042254
0.014084507042254
0.014084507042254
0.014084507042254
0.014084507042254
0.014084507042254
0.014084507042254
0.014084507042254
0.014084507042254
0.014084507042254
0.014084507042254
0.014084507042254
0.014084507042254
0.014084507042254
0.014084507042254
0.014084507042254
0.014084507042254
0.014084507042254
0.014084507042254
0.014084507042254
0.014084507042254
0.014084507042254
0.014084507042254
0.014084507042254
0.014084507042254
0.014084507042254
0.014084507042254
0.014084507042254
0.014084507042254
0.014084507042254
0.014084507042254
0.014084507042254
