0.9999
0.013698630136986
0.013698630136986
0.013698630136986
0.013698630136986
0.013698630136986
0.013698630136986
0.013698630136986
0.013698630136986
0.013698630136986
0.013698630136986
0.013698630136986
0.013698630136986
0.013698630136986
0.013698630136986
0.013698630136986
0.013698630136986
0.013698630136986
0.013698630136986
0.013698630136986
0.013698630136986
0.013698630136986
0.013698630136986
0.013698630136986
0.013698630136986
0.013698630136986
0.013698630136986
0.013698630136986
0.013698630136986
0.013698630136986
0.013698630136986
0.013698630136986
0.013698630136986
0.013698630136986
0.013698630136986
0.013698630136986
0.013698630136986
0.013698630136986
0.013698630136986
0.013698630136986
0.013698630136986
0.013698630136986
0.013698630136986
0.013698630136986
0.013698630136986
0.013698630136986
0.013698630136986
0.013698630136986
0.013698630136986
0.013698630136986
0.013698630136986
0.013698630136986
0.013698630136986
0.013698630136986
0.013698630136986
0.013698630136986
0.013698630136986
0.013698630136986
0.013698630136986
0.013698630136986
0.013698630136986
0.013698630136986
0.013698630136986
0.013698630136986
0.013698630136986
0.013698630136986
0.013698630136986
0.013698630136986
0.013698630136986
0.013698630136986
0.013698630136986
0.013698630136986
0.013698630136986
0.013698630136986
