0.9999
0.012345679012346
0.012345679012346
0.012345679012346
0.012345679012346
0.012345679012346
0.012345679012346
0.012345679012346
0.012345679012346
0.012345679012346
0.012345679012346
0.012345679012346
0.012345679012346
0.012345679012346
0.012345679012346
0.012345679012346
0.012345679012346
0.012345679012346
0.012345679012346
0.012345679012346
0.012345679012346
0.012345679012346
0.012345679012346
0.012345679012346
0.012345679012346
0.012345679012346
0.012345679012346
0.012345679012346
0.012345679012346
0.012345679012346
0.012345679012346
0.012345679012346
0.012345679012346
0.012345679012346
0.012345679012346
0.012345679012346
0.012345679012346
0.012345679012346
0.012345679012346
0.012345679012346
0.012345679012346
0.012345679012346
0.012345679012346
0.012345679012346
0.012345679012346
0.012345679012346
0.012345679012346
0.012345679012346
0.012345679012346
0.012345679012346
0.012345679012346
0.012345679012346
0.012345679012346
0.012345679012346
0.012345679012346
0.012345679012346
0.012345679012346
0.012345679012346
0.012345679012346
0.012345679012346
0.012345679012346
0.012345679012346
0.012345679012346
0.012345679012346
0.012345679012346
0.012345679012346
0.012345679012346
0.012345679012346
0.012345679012346
0.012345679012346
0.012345679012346
0.012345679012346
0.012345679012346
0.012345679012346
0.012345679012346
0.012345679012346
0.012345679012346
0.012345679012346
0.012345679012346
0.012345679012346
0.012345679012346
0.012345679012346
