0.9999
0.011235955056180
0.011235955056180
0.011235955056180
0.011235955056180
0.011235955056180
0.011235955056180
0.011235955056180
0.011235955056180
0.011235955056180
0.011235955056180
0.011235955056180
0.011235955056180
0.011235955056180
0.011235955056180
0.011235955056180
0.011235955056180
0.011235955056180
0.011235955056180
0.011235955056180
0.011235955056180
0.011235955056180
0.011235955056180
0.011235955056180
0.011235955056180
0.011235955056180
0.011235955056180
0.011235955056180
0.011235955056180
0.011235955056180
0.011235955056180
0.011235955056180
0.011235955056180
0.011235955056180
0.011235955056180
0.011235955056180
0.011235955056180
0.011235955056180
0.011235955056180
0.011235955056180
0.011235955056180
0.011235955056180
0.011235955056180
0.011235955056180
0.011235955056180
0.011235955056180
0.011235955056180
0.011235955056180
0.011235955056180
0.011235955056180
0.011235955056180
0.011235955056180
0.011235955056180
0.011235955056180
0.011235955056180
0.011235955056180
0.011235955056180
0.011235955056180
0.011235955056180
0.011235955056180
0.011235955056180
0.011235955056180
0.011235955056180
0.011235955056180
0.011235955056180
0.011235955056180
0.011235955056180
0.011235955056180
0.011235955056180
0.011235955056180
0.011235955056180
0.011235955056180
0.011235955056180
0.011235955056180
0.011235955056180
0.011235955056180
0.011235955056180
0.011235955056180
0.011235955056180
0.011235955056180
0.011235955056180
0.011235955056180
0.011235955056180
0.011235955056180
0.011235955056180
0.011235955056180
0.011235955056180
0.011235955056180
0.011235955056180
0.011235955056180
