0.9999
0.010752688172043
0.010752688172043
0.010752688172043
0.010752688172043
0.010752688172043
0.010752688172043
0.010752688172043
0.010752688172043
0.010752688172043
0.010752688172043
0.010752688172043
0.010752688172043
0.010752688172043
0.010752688172043
0.010752688172043
0.010752688172043
0.010752688172043
0.010752688172043
0.010752688172043
0.010752688172043
0.010752688172043
0.010752688172043
0.010752688172043
0.010752688172043
0.010752688172043
0.010752688172043
0.010752688172043
0.010752688172043
0.010752688172043
0.010752688172043
0.010752688172043
0.010752688172043
0.010752688172043
0.010752688172043
0.010752688172043
0.010752688172043
0.010752688172043
0.010752688172043
0.010752688172043
0.010752688172043
0.010752688172043
0.010752688172043
0.010752688172043
0.010752688172043
0.010752688172043
0.010752688172043
0.010752688172043
0.010752688172043
0.010752688172043
0.010752688172043
0.010752688172043
0.010752688172043
0.010752688172043
0.010752688172043
0.010752688172043
0.010752688172043
0.010752688172043
0.010752688172043
0.010752688172043
0.010752688172043
0.010752688172043
0.010752688172043
0.010752688172043
0.010752688172043
0.010752688172043
0.010752688172043
0.010752688172043
0.010752688172043
0.010752688172043
0.010752688172043
0.010752688172043
0.010752688172043
0.010752688172043
0.010752688172043
0.010752688172043
0.010752688172043
0.010752688172043
0.010752688172043
0.010752688172043
0.010752688172043
0.010752688172043
0.010752688172043
0.010752688172043
0.010752688172043
0.010752688172043
0.010752688172043
0.010752688172043
0.010752688172043
0.010752688172043
0.010752688172043
0.010752688172043
0.010752688172043
0.010752688172043
