0.9999
0.010416666666667
0.010416666666667
0.010416666666667
0.010416666666667
0.010416666666667
0.010416666666667
0.010416666666667
0.010416666666667
0.010416666666667
0.010416666666667
0.010416666666667
0.010416666666667
0.010416666666667
0.010416666666667
0.010416666666667
0.010416666666667
0.010416666666667
0.010416666666667
0.010416666666667
0.010416666666667
0.010416666666667
0.010416666666667
0.010416666666667
0.010416666666667
0.010416666666667
0.010416666666667
0.010416666666667
0.010416666666667
0.010416666666667
0.010416666666667
0.010416666666667
0.010416666666667
0.010416666666667
0.010416666666667
0.010416666666667
0.010416666666667
0.010416666666667
0.010416666666667
0.010416666666667
0.010416666666667
0.010416666666667
0.010416666666667
0.010416666666667
0.010416666666667
0.010416666666667
0.010416666666667
0.010416666666667
0.010416666666667
0.010416666666667
0.010416666666667
0.010416666666667
0.010416666666667
0.010416666666667
0.010416666666667
0.010416666666667
0.010416666666667
0.010416666666667
0.010416666666667
0.010416666666667
0.010416666666667
0.010416666666667
0.010416666666667
0.010416666666667
0.010416666666667
0.010416666666667
0.010416666666667
0.010416666666667
0.010416666666667
0.010416666666667
0.010416666666667
0.010416666666667
0.010416666666667
0.010416666666667
0.010416666666667
0.010416666666667
0.010416666666667
0.010416666666667
0.010416666666667
0.010416666666667
0.010416666666667
0.010416666666667
0.010416666666667
0.010416666666667
0.010416666666667
0.010416666666667
0.010416666666667
0.010416666666667
0.010416666666667
0.010416666666667
0.010416666666667
0.010416666666667
0.010416666666667
0.010416666666667
0.010416666666667
0.010416666666667
0.010416666666667
