1
0.050000000000000
0.041666666666667
0.041666666666667
0.033333333333333
0.033333333333333
0.033333333333333
0.033333333333333
0.025000000000000
0.025000000000000
0.025000000000000
0.025000000000000
0.025000000000000
0.025000000000000
0.025000000000000
0.025000000000000
0.016666666666667
0.016666666666667
0.016666666666667
0.016666666666667
0.016666666666667
0.016666666666667
0.016666666666667
0.016666666666667
0.016666666666667
0.016666666666667
0.016666666666667
0.016666666666667
0.016666666666667
0.016666666666667
0.016666666666667
0.016666666666667
0.008333333333333
0.008333333333333
0.008333333333333
0.008333333333333
0.008333333333333
0.008333333333333
0.008333333333333
0.008333333333333
0.008333333333333
0.008333333333333
0.008333333333333
0.008333333333333
0.008333333333333
0.008333333333333
0.008333333333333
0.008333333333333
0.008333333333333
0.008333333333333
0.008333333333333
0.008333333333333
0.008333333333333
0.008333333333333
0.008333333333333
0.008333333333333
0.008333333333333
0.008333333333333
0.008333333333333
0.008333333333333
0.008333333333333
0.008333333333333
0.008333333333333
0.008333333333333
