0.9999
0.196224229720284
0.096563798166171
0.096563798166171
0.046728598869184
0.046728598869184
0.046728598869184
0.046728598869184
0.021808507211525
0.021808507211525
0.021808507211525
0.021808507211525
0.021808507211525
0.021808507211525
0.021808507211525
0.021808507211525
0.009347215253500
0.009347215253500
0.009347215253500
0.009347215253500
0.009347215253500
0.009347215253500
0.009347215253500
0.009347215253500
0.009347215253500
0.009347215253500
0.009347215253500
0.009347215253500
0.009347215253500
0.009347215253500
0.009347215253500
0.009347215253500
0.003115946147576
0.003115946147576
0.003115946147576
0.003115946147576
0.003115946147576
0.003115946147576
0.003115946147576
0.003115946147576
0.003115946147576
0.003115946147576
0.003115946147576
0.003115946147576
0.003115946147576
0.003115946147576
0.003115946147576
0.003115946147576
0.003115946147576
0.003115946147576
0.003115946147576
0.003115946147576
0.003115946147576
0.003115946147576
0.003115946147576
0.003115946147576
0.003115946147576
0.003115946147576
0.003115946147576
0.003115946147576
0.003115946147576
0.003115946147576
0.003115946147576
0.003115946147576
